[22:37:16] This is prokka 1.14.6
[22:37:16] Written by Torsten Seemann <torsten.seemann@gmail.com>
[22:37:16] Homepage is https://github.com/tseemann/prokka
[22:37:16] Local time is Sun May 23 22:37:16 2021
[22:37:16] You are vinglis
[22:37:16] Operating system is linux
[22:37:16] You have BioPerl 1.007001
[22:37:16] System has 16 cores.
[22:37:16] Will use maximum of 2 cores.
[22:37:16] Annotating as >>> Bacteria <<<
[22:37:16] Generating locus_tag from 'bin.21.fa' contents.
[22:37:16] Setting --locustag JNDNEHFB from MD5 37d7e1fbefe1b9b1bd4d4c800241997c
[22:37:16] Creating new output folder: /home/vinglis/genome_analysis/GenomeAnalysis/analysis/04_annotation/D3_prokka_output/bin.21.fa_prokka_out
[22:37:16] Running: mkdir -p \/home\/vinglis\/genome_analysis\/GenomeAnalysis\/analysis\/04_annotation\/D3_prokka_output\/bin\.21\.fa_prokka_out
[22:37:16] Using filename prefix: PROKKA_05232021.XXX
[22:37:16] Setting HMMER_NCPU=1
[22:37:16] Writing log to: /home/vinglis/genome_analysis/GenomeAnalysis/analysis/04_annotation/D3_prokka_output/bin.21.fa_prokka_out/PROKKA_05232021.log
[22:37:16] Command: /sw/bioinfo/prokka/1.45-5b58020/rackham/bin/prokka --outdir /home/vinglis/genome_analysis/GenomeAnalysis/analysis/04_annotation/D3_prokka_output/bin.21.fa_prokka_out --metagenome --cpus 2 bin.21.fa
[22:37:16] Appending to PATH: /sw/bioinfo/prokka/1.45-5b58020/rackham/bin/../binaries/linux
[22:37:16] Appending to PATH: /sw/bioinfo/prokka/1.45-5b58020/rackham/bin/../binaries/linux/../common
[22:37:16] Appending to PATH: /sw/bioinfo/prokka/1.45-5b58020/rackham/bin
[22:37:16] Looking for 'aragorn' - found /sw/bioinfo/prokka/1.45-5b58020/rackham/bin/../binaries/linux/aragorn
[22:37:16] Determined aragorn version is 001002 from 'ARAGORN v1.2.38 Dean Laslett'
[22:37:16] Looking for 'barrnap' - found /sw/bioinfo/barrnap/0.8/rackham/bin/barrnap
[22:37:16] Determined barrnap version is 000008 from 'barrnap 0.8'
[22:37:16] Looking for 'blastp' - found /sw/bioinfo/blast/2.11.0+/rackham/bin/blastp
[22:37:17] Determined blastp version is 002011 from 'blastp: 2.11.0+'
[22:37:17] Looking for 'cmpress' - found /sw/bioinfo/prokka/1.45-5b58020/rackham/bin/../binaries/linux/cmpress
[22:37:17] Determined cmpress version is 001001 from '# INFERNAL 1.1.2 (July 2016)'
[22:37:17] Looking for 'cmscan' - found /sw/bioinfo/prokka/1.45-5b58020/rackham/bin/../binaries/linux/cmscan
[22:37:17] Determined cmscan version is 001001 from '# INFERNAL 1.1.2 (July 2016)'
[22:37:17] Looking for 'egrep' - found /usr/bin/egrep
[22:37:17] Looking for 'find' - found /usr/bin/find
[22:37:17] Looking for 'grep' - found /usr/bin/grep
[22:37:17] Looking for 'hmmpress' - found /sw/apps/bioinfo/hmmer/3.1b2/rackham/bin/hmmpress
[22:37:17] Determined hmmpress version is 003001 from '# HMMER 3.1b2 (February 2015); http://hmmer.org/'
[22:37:17] Looking for 'hmmscan' - found /sw/apps/bioinfo/hmmer/3.1b2/rackham/bin/hmmscan
[22:37:17] Determined hmmscan version is 003001 from '# HMMER 3.1b2 (February 2015); http://hmmer.org/'
[22:37:17] Looking for 'java' - found /usr/bin/java
[22:37:17] Looking for 'makeblastdb' - found /sw/bioinfo/blast/2.11.0+/rackham/bin/makeblastdb
[22:37:18] Determined makeblastdb version is 002011 from 'makeblastdb: 2.11.0+'
[22:37:18] Looking for 'minced' - found /sw/apps/bioinfo/minced/0.2.0/rackham/minced
[22:37:18] Determined minced version is 002000 from 'minced 0.2.0'
[22:37:18] Looking for 'parallel' - found /sw/parallel/gnuparallel/20170122/rackham/bin/parallel
[22:37:18] Determined parallel version is 20170122 from 'GNU parallel 20170122'
[22:37:18] Looking for 'prodigal' - found /sw/apps/bioinfo/prodigal/2.6.3/rackham/bin/prodigal
[22:37:18] Determined prodigal version is 002006 from 'Prodigal V2.6.3: February, 2016'
[22:37:18] Looking for 'prokka-genbank_to_fasta_db' - found /sw/bioinfo/prokka/1.45-5b58020/rackham/bin/prokka-genbank_to_fasta_db
[22:37:18] Looking for 'sed' - found /usr/bin/sed
[22:37:18] Looking for 'signalp' - found /sw/bioinfo/SignalP/4.1f/rackham/signalp
[22:37:18] Determined signalp version is 004001 from '4.1 4785068'
[22:37:18] Looking for 'tbl2asn' - found /sw/bioinfo/tbl2asn/25.8/rackham/tbl2asn
[22:37:18] Determined tbl2asn version is 025008 from 'tbl2asn 25.8   arguments:'
[22:37:18] Using genetic code table 11.
[22:37:18] Loading and checking input file: bin.21.fa
[22:37:19] Wrote 242 contigs totalling 3595589 bp.
[22:37:19] Predicting tRNAs and tmRNAs
[22:37:19] Running: aragorn -l -gc11  -w \/home\/vinglis\/genome_analysis\/GenomeAnalysis\/analysis\/04_annotation\/D3_prokka_output\/bin\.21\.fa_prokka_out\/PROKKA_05232021\.fna
[22:37:21] 1 tRNA-Thr [42932,43006] 35 (cgt)
[22:37:21] 1 tRNA-Val [3704,3777] 35 (cac)
[22:37:21] 1 tRNA-Ala [6659,6732] 34 (ggc)
[22:37:21] 1 tRNA-Arg c[213,287] 34 (cct)
[22:37:21] 1 tRNA-Asp [19671,19745] 35 (gtc)
[22:37:21] 2 tRNA-Glu c[26853,26926] 35 (ctc)
[22:37:21] 1 tRNA-Val [13354,13427] 35 (tac)
[22:37:21] 1 tRNA-His c[19048,19122] 35 (gtg)
[22:37:21] 2 tRNA-Arg [46660,46733] 35 (ccg)
[22:37:21] 1 tRNA-Asp [9799,9875] 33 (gtc)
[22:37:21] 1 tRNA-Ser c[3829,3919] 35 (gct)
[22:37:21] 1 tRNA-Arg c[1409,1482] 35 (acg)
[22:37:21] 1 tRNA-Ser c[31066,31154] 35 (tga)
[22:37:21] 1 tRNA-Trp c[15952,16025] 34 (cca)
[22:37:21] 2 tRNA-Thr c[17473,17545] 34 (ggt)
[22:37:21] 3 tRNA-Gly c[17617,17687] 33 (tcc)
[22:37:21] 4 tRNA-Tyr c[17772,17854] 35 (gta)
[22:37:21] 5 tRNA-Thr c[18061,18134] 34 (tgt)
[22:37:21] 1 tRNA-Ser [18650,18732] 32 (cga)
[22:37:21] 1 tRNA-Lys [254,328] 35 (ctt)
[22:37:22] tRNA c[22172,22260] is a pseudo/wacky gene - skipping.
[22:37:22] 1 tRNA-Glu c[3670,3742] 35 (ttc)
[22:37:22] 1 tRNA-Gly [5586,5656] 34 (gcc)
[22:37:22] 1 tRNA-Ala c[4603,4675] 34 (cgc)
[22:37:22] 1 tRNA-Leu c[54087,54169] 34 (caa)
[22:37:22] 1 tRNA-Gln [3133,3205] 34 (ttg)
[22:37:22] 1 tRNA-Gly [18445,18519] 34 (gcc)
[22:37:22] 1 tRNA-Val [20418,20491] 35 (gac)
[22:37:22] 1 tRNA-Leu c[10652,10733] 35 (tag)
[22:37:22] 2 tRNA-Arg c[27912,27985] 35 (tct)
[22:37:22] 1 tRNA-Gln c[2479,2551] 34 (ctg)
[22:37:22] 2 tRNA-Ala c[16944,17016] 34 (tgc)
[22:37:22] 3 tRNA-Ile c[17027,17100] 35 (gat)
[22:37:22] 1 tRNA-Asn [24212,24284] 33 (gtt)
[22:37:22] 1 tRNA-Gly c[19811,19883] 34 (ccc)
[22:37:22] 1 tRNA-Cys c[10402,10474] 34 (gca)
[22:37:22] 1 tRNA-Phe [14988,15061] 34 (gaa)
[22:37:22] 1 tRNA-Ser c[5367,5450] 33 (gga)
[22:37:22] 1 tRNA-Pro c[417,492] 36 (ggg)
[22:37:22] 1 tRNA-Met c[417,492] 36 (cat)
[22:37:22] 1 tRNA-Pro c[1258,1332] 36 (tgg)
[22:37:23] 2 tRNA-Ser c[6451,6541] 35 (gct)
[22:37:23] 1 tmRNA [6773,7127] 94,123 AEAQFSLAA*
[22:37:23] 1 tRNA-Met c[550,623] 35 (cat)
[22:37:23] 1 tRNA-Gly [3126,3205] 37 (gcc)
[22:37:23] 1 tRNA-Pro [28905,28980] 36 (cgg)
[22:37:23] 1 tRNA-Leu [1203,1288] 36 (cag)
[22:37:23] 2 tRNA-Lys [1398,1473] 36 (ttt)
[22:37:23] Found 47 tRNAs
[22:37:23] Predicting Ribosomal RNAs
[22:37:23] Running Barrnap with 2 threads
[22:37:27] 1 k105_96196 311 5S ribosomal RNA (partial)
[22:37:27] Found 1 rRNAs
[22:37:27] Skipping ncRNA search, enable with --rfam if desired.
[22:37:27] Total of 47 tRNA + rRNA features
[22:37:27] Searching for CRISPR repeats
[22:37:28] Found 0 CRISPRs
[22:37:28] Predicting coding sequences
[22:37:28] Contigs total 3595589 bp, so using meta mode
[22:37:28] Running: prodigal -i \/home\/vinglis\/genome_analysis\/GenomeAnalysis\/analysis\/04_annotation\/D3_prokka_output\/bin\.21\.fa_prokka_out\/PROKKA_05232021\.fna -c -m -g 11 -p meta -f sco -q
[22:37:31] Excluding CDS which overlaps existing RNA (tRNA) at k105_142907:9570..10643 on - strand
[22:37:32] Excluding CDS which overlaps existing RNA (tRNA) at k105_132161:3733..3897 on - strand
[22:37:33] Excluding CDS which overlaps existing RNA (tRNA) at k105_90238:30803..31237 on + strand
[22:37:36] Excluding CDS which overlaps existing RNA (tRNA) at k105_146065:4539..6002 on + strand
[22:37:41] Excluding CDS which overlaps existing RNA (tRNA) at k105_139619:52..825 on + strand
[22:37:43] Excluding CDS which overlaps existing RNA (tRNA) at k105_53660:1572..3572 on - strand
[22:37:43] Found 2802 CDS
[22:37:43] Connecting features back to sequences
[22:37:43] Not using genus-specific database. Try --usegenus to enable it.
[22:37:43] Annotating CDS, please be patient.
[22:37:43] Will use 2 CPUs for similarity searching.
[22:37:44] There are still 2802 unannotated CDS left (started with 2802)
[22:37:44] Will use blast to search against /sw/bioinfo/prokka/1.45-5b58020/rackham/db/kingdom/Bacteria/IS with 2 CPUs
[22:37:44] Running: cat \/home\/vinglis\/genome_analysis\/GenomeAnalysis\/analysis\/04_annotation\/D3_prokka_output\/bin\.21\.fa_prokka_out\/PROKKA_05232021\.IS\.tmp\.33788\.faa | parallel --gnu --plain -j 2 --block 267349 --recstart '>' --pipe blastp -query - -db /sw/bioinfo/prokka/1.45-5b58020/rackham/db/kingdom/Bacteria/IS -evalue 1e-30 -qcov_hsp_perc 90 -num_threads 1 -num_descriptions 1 -num_alignments 1 -seg no > \/home\/vinglis\/genome_analysis\/GenomeAnalysis\/analysis\/04_annotation\/D3_prokka_output\/bin\.21\.fa_prokka_out\/PROKKA_05232021\.IS\.tmp\.33788\.blast 2> /dev/null
[22:39:14] Deleting unwanted file: /home/vinglis/genome_analysis/GenomeAnalysis/analysis/04_annotation/D3_prokka_output/bin.21.fa_prokka_out/PROKKA_05232021.IS.tmp.33788.faa
[22:39:14] Deleting unwanted file: /home/vinglis/genome_analysis/GenomeAnalysis/analysis/04_annotation/D3_prokka_output/bin.21.fa_prokka_out/PROKKA_05232021.IS.tmp.33788.blast
[22:39:15] There are still 2800 unannotated CDS left (started with 2802)
[22:39:15] Will use blast to search against /sw/bioinfo/prokka/1.45-5b58020/rackham/db/kingdom/Bacteria/AMR with 2 CPUs
[22:39:15] Running: cat \/home\/vinglis\/genome_analysis\/GenomeAnalysis\/analysis\/04_annotation\/D3_prokka_output\/bin\.21\.fa_prokka_out\/PROKKA_05232021\.AMR\.tmp\.33788\.faa | parallel --gnu --plain -j 2 --block 267188 --recstart '>' --pipe blastp -query - -db /sw/bioinfo/prokka/1.45-5b58020/rackham/db/kingdom/Bacteria/AMR -evalue 9.99999999999999e-301 -qcov_hsp_perc 90 -num_threads 1 -num_descriptions 1 -num_alignments 1 -seg no > \/home\/vinglis\/genome_analysis\/GenomeAnalysis\/analysis\/04_annotation\/D3_prokka_output\/bin\.21\.fa_prokka_out\/PROKKA_05232021\.AMR\.tmp\.33788\.blast 2> /dev/null
[22:40:28] Deleting unwanted file: /home/vinglis/genome_analysis/GenomeAnalysis/analysis/04_annotation/D3_prokka_output/bin.21.fa_prokka_out/PROKKA_05232021.AMR.tmp.33788.faa
[22:40:28] Deleting unwanted file: /home/vinglis/genome_analysis/GenomeAnalysis/analysis/04_annotation/D3_prokka_output/bin.21.fa_prokka_out/PROKKA_05232021.AMR.tmp.33788.blast
[22:40:30] There are still 2798 unannotated CDS left (started with 2802)
[22:40:30] Will use blast to search against /sw/bioinfo/prokka/1.45-5b58020/rackham/db/kingdom/Bacteria/sprot with 2 CPUs
[22:40:30] Running: cat \/home\/vinglis\/genome_analysis\/GenomeAnalysis\/analysis\/04_annotation\/D3_prokka_output\/bin\.21\.fa_prokka_out\/PROKKA_05232021\.sprot\.tmp\.33788\.faa | parallel --gnu --plain -j 2 --block 266641 --recstart '>' --pipe blastp -query - -db /sw/bioinfo/prokka/1.45-5b58020/rackham/db/kingdom/Bacteria/sprot -evalue 1e-09 -qcov_hsp_perc 80 -num_threads 1 -num_descriptions 1 -num_alignments 1 -seg no > \/home\/vinglis\/genome_analysis\/GenomeAnalysis\/analysis\/04_annotation\/D3_prokka_output\/bin\.21\.fa_prokka_out\/PROKKA_05232021\.sprot\.tmp\.33788\.blast 2> /dev/null
[22:47:08] Modify product: Probable dual-specificity RNA methyltransferase RlmN => putative dual-specificity RNA methyltransferase RlmN
[22:47:08] Modify product: Putative heme-dependent peroxidase SA0544 => Putative heme-dependent peroxidase
[22:47:08] Modify product: Epimerase family protein Rv2216 => Epimerase family protein
[22:47:08] Modify product: Probable multidrug ABC transporter ATP-binding protein YbhF => putative multidrug ABC transporter ATP-binding protein YbhF
[22:47:08] Modify product: Uncharacterized tRNA/rRNA methyltransferase YfiF => putative tRNA/rRNA methyltransferase YfiF
[22:47:09] Modify product: Probable transcriptional regulatory protein DVU_2259 => putative transcriptional regulatory protein
[22:47:09] Modify product: Probable adenylyl-sulfate kinase => putative adenylyl-sulfate kinase
[22:47:09] Modify product: Sulfurtransferase Alvin_2599 => Sulfurtransferase
[22:47:09] Modify product: Uncharacterized glycosyltransferase sll0501 => putative glycosyltransferase
[22:47:09] Modify product: Uncharacterized metal-dependent hydrolase YcfH => putative metal-dependent hydrolase YcfH
[22:47:09] Modify product: Uncharacterized protein Rv2307c => putative protein
[22:47:09] Modify product: Uncharacterized protein Rv2008c => putative protein
[22:47:09] Modify product: Putative esterase aq_1494 => Putative esterase
[22:47:09] Modify product: Uncharacterized protein Rv2569c => putative protein
[22:47:09] Modify product: UPF0701 protein YicC => hypothetical protein
[22:47:09] Modify product: Putative glutamine amidotransferase Rv2859c => Putative glutamine amidotransferase
[22:47:09] Modify product: Uncharacterized peptidase SA1530 => putative peptidase
[22:47:09] Modify product: Probable oxidoreductase EphD => putative oxidoreductase EphD
[22:47:09] Modify product: Putative 2-hydroxyacid dehydrogenase HI_1556 => Putative 2-hydroxyacid dehydrogenase
[22:47:09] Modify product: Probable ATP-dependent DNA helicase YoaA => putative ATP-dependent DNA helicase YoaA
[22:47:09] Modify product: Probable cysteine desulfurase => putative cysteine desulfurase
[22:47:09] Modify product: Uncharacterized protein HI_1163 => putative protein
[22:47:09] Modify product: Putative esterase aq_1494 => Putative esterase
[22:47:09] Modify product: UPF0382 membrane protein YwdK => hypothetical protein
[22:47:09] Modify product: Phosphate-specific transport system accessory protein PhoU homolog => Phosphate-specific transport system accessory protein PhoU 
[22:47:09] Modify product: Uncharacterized AAA domain-containing protein Rv2559c => putative AAA domain-containing protein
[22:47:09] Modify product: Probable cytosol aminopeptidase => putative cytosol aminopeptidase
[22:47:09] Modify product: Uncharacterized protein Rv2411c => putative protein
[22:47:09] Modify product: Probable 2-phosphosulfolactate phosphatase => putative 2-phosphosulfolactate phosphatase
[22:47:10] Modify product: Probable biofilm formation methyltransferase WspC => putative biofilm formation methyltransferase WspC
[22:47:10] Modify product: Probable 2-dehydro-3-deoxygalactonokinase DgoK1 => putative 2-dehydro-3-deoxygalactonokinase DgoK1
[22:47:10] Modify product: UPF0051 protein SA0778 => hypothetical protein
[22:47:10] Modify product: Glycogen operon protein GlgX homolog => Glycogen operon protein GlgX 
[22:47:10] Modify product: Uncharacterized protein Rv1829 => putative protein
[22:47:10] Modify product: UPF0502 protein YceH => hypothetical protein
[22:47:10] Modify product: Uncharacterized oxidoreductase SA2266 => putative oxidoreductase
[22:47:10] Modify product: Uncharacterized protein HI_1163 => putative protein
[22:47:10] Modify product: Uncharacterized ABC transporter ATP-binding protein Rv0986 => putative ABC transporter ATP-binding protein
[22:47:10] Modify product: Aldo/keto reductase slr0942 => Aldo/keto reductase
[22:47:10] Modify product: Probable allantoin permease => putative allantoin permease
[22:47:10] Modify product: Uncharacterized ABC transporter ATP-binding protein TM_0288 => putative ABC transporter ATP-binding protein
[22:47:10] Modify product: Uncharacterized protein Rv2567 => putative protein
[22:47:10] Modify product: Uncharacterized PIN and TRAM-domain containing protein YacL => putative PIN and TRAM-domain containing protein YacL
[22:47:10] Modify product: Uncharacterized protein YisK => putative protein YisK
[22:47:10] Modify product: Uncharacterized oxidoreductase Rv1350 => putative oxidoreductase
[22:47:10] Modify product: Probable molybdenum cofactor guanylyltransferase => putative molybdenum cofactor guanylyltransferase
[22:47:10] Modify product: Putative multidrug export ATP-binding/permease protein SAV1866 => Putative multidrug export ATP-binding/permease protein
[22:47:10] Modify product: Uncharacterized protein M6_Spy0233 => putative protein
[22:47:10] Modify product: Putative universal stress protein SA1532 => Putative universal stress protein
[22:47:10] Modify product: Probable ribonucleotide transport ATP-binding protein mkl => putative ribonucleotide transport ATP-binding protein mkl
[22:47:10] Modify product: Probable tRNA-dihydrouridine synthase => putative tRNA-dihydrouridine synthase
[22:47:10] Modify product: Probable tRNA-dihydrouridine synthase => putative tRNA-dihydrouridine synthase
[22:47:10] Modify product: Uncharacterized SufE-like protein Rv3284 => putative SufE-like protein
[22:47:10] Modify product: Uncharacterized oxidoreductase UxuB => putative oxidoreductase UxuB
[22:47:10] Modify product: UPF0173 metal-dependent hydrolase TM_1162 => hypothetical protein
[22:47:10] Modify product: UPF0365 protein SA1402 => hypothetical protein
[22:47:10] Modify product: Uncharacterized symporter YidK => putative symporter YidK
[22:47:10] Modify product: UPF0053 inner membrane protein YfjD => hypothetical protein
[22:47:11] Modify product: UPF0365 protein SA1402 => hypothetical protein
[22:47:11] Modify product: Uncharacterized ABC transporter permease Rv0072 => putative ABC transporter permease
[22:47:11] Modify product: Uncharacterized zinc protease Rv2782c => putative zinc protease
[22:47:11] Modify product: Uncharacterized zinc protease Rv2782c => putative zinc protease
[22:47:11] Modify product: Segregation and condensation protein B homolog => Segregation and condensation protein B 
[22:47:11] Modify product: Ribonuclease TTHA0252 => Ribonuclease
[22:47:11] Modify product: Cytochrome c oxidase subunit 1 homolog, bacteroid => Cytochrome c oxidase subunit 1 , bacteroid
[22:47:11] Modify product: Bifunctional protein FolD => Bifunctional protein FolD protein
[22:47:11] Modify product: Uncharacterized oxidoreductase Rv2900c => putative oxidoreductase
[22:47:11] Modify product: Probable FMN/FAD exporter YeeO => putative FMN/FAD exporter YeeO
[22:47:11] Modify product: UPF0053 inner membrane protein YtfL => hypothetical protein
[22:47:11] Modify product: UPF0073 inner membrane protein YqfA => hypothetical protein
[22:47:11] Cleaned 70 /product names
[22:47:11] Deleting unwanted file: /home/vinglis/genome_analysis/GenomeAnalysis/analysis/04_annotation/D3_prokka_output/bin.21.fa_prokka_out/PROKKA_05232021.sprot.tmp.33788.faa
[22:47:11] Deleting unwanted file: /home/vinglis/genome_analysis/GenomeAnalysis/analysis/04_annotation/D3_prokka_output/bin.21.fa_prokka_out/PROKKA_05232021.sprot.tmp.33788.blast
[22:47:12] There are still 1840 unannotated CDS left (started with 2802)
[22:47:12] Will use hmmer3 to search against /sw/bioinfo/prokka/1.45-5b58020/rackham/db/hmm/HAMAP.hmm with 2 CPUs
[22:47:12] Running: cat \/home\/vinglis\/genome_analysis\/GenomeAnalysis\/analysis\/04_annotation\/D3_prokka_output\/bin\.21\.fa_prokka_out\/PROKKA_05232021\.HAMAP\.hmm\.tmp\.33788\.faa | parallel --gnu --plain -j 2 --block 174948 --recstart '>' --pipe hmmscan --noali --notextw --acc -E 1e-09 --cpu 1 /sw/bioinfo/prokka/1.45-5b58020/rackham/db/hmm/HAMAP.hmm /dev/stdin > \/home\/vinglis\/genome_analysis\/GenomeAnalysis\/analysis\/04_annotation\/D3_prokka_output\/bin\.21\.fa_prokka_out\/PROKKA_05232021\.HAMAP\.hmm\.tmp\.33788\.hmmer3 2> /dev/null
[22:50:04] Deleting unwanted file: /home/vinglis/genome_analysis/GenomeAnalysis/analysis/04_annotation/D3_prokka_output/bin.21.fa_prokka_out/PROKKA_05232021.HAMAP.hmm.tmp.33788.faa
[22:50:04] Deleting unwanted file: /home/vinglis/genome_analysis/GenomeAnalysis/analysis/04_annotation/D3_prokka_output/bin.21.fa_prokka_out/PROKKA_05232021.HAMAP.hmm.tmp.33788.hmmer3
[22:50:04] Labelling remaining 1541 proteins as 'hypothetical protein'
[22:50:04] Possible /pseudo 'Outer membrane protein assembly factor BamB' at k105_143026 position 3492
[22:50:04] Possible /pseudo 'Undecaprenyl phosphate-alpha-4-amino-4-deoxy-L-arabinose arabinosyl transferase' at k105_92082 position 45925
[22:50:04] Possible /pseudo 'ATP-dependent Clp protease proteolytic subunit' at k105_7150 position 20777
[22:50:04] Possible /pseudo '15-cis-phytoene synthase' at k105_117700 position 13925
[22:50:04] Possible /pseudo 'putative zinc protease' at k105_10309 position 3150
[22:50:04] Found 953 unique /gene codes.
[22:50:04] Fixed 2 duplicate /gene - ilvC_1 ilvC_2
[22:50:04] Fixed 4 duplicate /gene - lnrL_1 lnrL_2 lnrL_3 lnrL_4
[22:50:04] Fixed 2 duplicate /gene - ftsH_1 ftsH_2
[22:50:04] Fixed 5 duplicate /gene - sigW_1 sigW_2 sigW_3 sigW_4 sigW_5
[22:50:04] Fixed 2 duplicate /gene - mqnB_1 mqnB_2
[22:50:04] Fixed 2 duplicate /gene - xylA_1 xylA_2
[22:50:04] Fixed 2 duplicate /gene - punA_1 punA_2
[22:50:04] Fixed 3 duplicate /gene - csrA_1 csrA_2 csrA_3
[22:50:04] Fixed 2 duplicate /gene - dksA_1 dksA_2
[22:50:04] Fixed 2 duplicate /gene - ruvB_1 ruvB_2
[22:50:04] Fixed 3 duplicate /gene - groS_1 groS_2 groS_3
[22:50:04] Fixed 3 duplicate /gene - rluA_1 rluA_2 rluA_3
[22:50:04] Fixed 2 duplicate /gene - hss_1 hss_2
[22:50:04] Fixed 2 duplicate /gene - gmd_1 gmd_2
[22:50:04] Fixed 6 duplicate /gene - mshA_1 mshA_2 mshA_3 mshA_4 mshA_5 mshA_6
[22:50:04] Fixed 15 duplicate /gene - iolG_1 iolG_2 iolG_3 iolG_4 iolG_5 iolG_6 iolG_7 iolG_8 iolG_9 iolG_10 iolG_11 iolG_12 iolG_13 iolG_14 iolG_15
[22:50:04] Fixed 3 duplicate /gene - rpoA_1 rpoA_2 rpoA_3
[22:50:04] Fixed 2 duplicate /gene - menE_1 menE_2
[22:50:04] Fixed 2 duplicate /gene - glgC_1 glgC_2
[22:50:04] Fixed 3 duplicate /gene - ppm1_1 ppm1_2 ppm1_3
[22:50:04] Fixed 2 duplicate /gene - lnt_1 lnt_2
[22:50:04] Fixed 2 duplicate /gene - rpoD_1 rpoD_2
[22:50:04] Fixed 2 duplicate /gene - tolR_1 tolR_2
[22:50:04] Fixed 2 duplicate /gene - sodA_1 sodA_2
[22:50:04] Fixed 2 duplicate /gene - COQ5_1 COQ5_2
[22:50:04] Fixed 2 duplicate /gene - surA_1 surA_2
[22:50:04] Fixed 2 duplicate /gene - cadA_1 cadA_2
[22:50:04] Fixed 6 duplicate /gene - resA_1 resA_2 resA_3 resA_4 resA_5 resA_6
[22:50:04] Fixed 2 duplicate /gene - petC_1 petC_2
[22:50:04] Fixed 2 duplicate /gene - lpxD_1 lpxD_2
[22:50:04] Fixed 2 duplicate /gene - iscS_1 iscS_2
[22:50:04] Fixed 2 duplicate /gene - cheW_1 cheW_2
[22:50:04] Fixed 2 duplicate /gene - arnT_1 arnT_2
[22:50:04] Fixed 5 duplicate /gene - zraR_1 zraR_2 zraR_3 zraR_4 zraR_5
[22:50:04] Fixed 2 duplicate /gene - gltP_1 gltP_2
[22:50:04] Fixed 2 duplicate /gene - ndhJ_1 ndhJ_2
[22:50:04] Fixed 3 duplicate /gene - xylR_1 xylR_2 xylR_3
[22:50:04] Fixed 3 duplicate /gene - glnB_1 glnB_2 glnB_3
[22:50:04] Fixed 2 duplicate /gene - pabA_1 pabA_2
[22:50:04] Fixed 2 duplicate /gene - mshD_1 mshD_2
[22:50:04] Fixed 3 duplicate /gene - vraR_1 vraR_2 vraR_3
[22:50:04] Fixed 3 duplicate /gene - crtB_1 crtB_2 crtB_3
[22:50:04] Fixed 5 duplicate /gene - fabG_1 fabG_2 fabG_3 fabG_4 fabG_5
[22:50:04] Fixed 3 duplicate /gene - lolD_1 lolD_2 lolD_3
[22:50:04] Fixed 2 duplicate /gene - amtB_1 amtB_2
[22:50:04] Fixed 2 duplicate /gene - fusA_1 fusA_2
[22:50:04] Fixed 2 duplicate /gene - surE_1 surE_2
[22:50:04] Fixed 2 duplicate /gene - nanM_1 nanM_2
[22:50:04] Fixed 2 duplicate /gene - nnr_1 nnr_2
[22:50:04] Fixed 2 duplicate /gene - gph_1 gph_2
[22:50:04] Fixed 2 duplicate /gene - htrA_1 htrA_2
[22:50:04] Fixed 3 duplicate /gene - tolQ_1 tolQ_2 tolQ_3
[22:50:04] Fixed 2 duplicate /gene - amaB_1 amaB_2
[22:50:04] Fixed 2 duplicate /gene - hspA_1 hspA_2
[22:50:04] Fixed 7 duplicate /gene - sasA_1 sasA_2 sasA_3 sasA_4 sasA_5 sasA_6 sasA_7
[22:50:04] Fixed 2 duplicate /gene - groL1_1 groL1_2
[22:50:04] Fixed 2 duplicate /gene - kynB_1 kynB_2
[22:50:04] Fixed 3 duplicate /gene - sigA_1 sigA_2 sigA_3
[22:50:04] Fixed 3 duplicate /gene - rssB_1 rssB_2 rssB_3
[22:50:04] Fixed 2 duplicate /gene - dapA_1 dapA_2
[22:50:04] Fixed 2 duplicate /gene - norR_1 norR_2
[22:50:04] Fixed 2 duplicate /gene - atpH_1 atpH_2
[22:50:04] Fixed 5 duplicate /gene - bepA_1 bepA_2 bepA_3 bepA_4 bepA_5
[22:50:04] Fixed 2 duplicate /gene - ndhB_1 ndhB_2
[22:50:04] Fixed 2 duplicate /gene - gloB_1 gloB_2
[22:50:04] Fixed 2 duplicate /gene - iolO_1 iolO_2
[22:50:04] Fixed 3 duplicate /gene - xerC_1 xerC_2 xerC_3
[22:50:04] Fixed 2 duplicate /gene - gatA_1 gatA_2
[22:50:04] Fixed 2 duplicate /gene - clpP_1 clpP_2
[22:50:04] Fixed 2 duplicate /gene - dus_1 dus_2
[22:50:04] Fixed 2 duplicate /gene - dnaA_1 dnaA_2
[22:50:04] Fixed 3 duplicate /gene - acpP_1 acpP_2 acpP_3
[22:50:04] Fixed 2 duplicate /gene - ndhK_1 ndhK_2
[22:50:04] Fixed 2 duplicate /gene - lacZ_1 lacZ_2
[22:50:04] Fixed 2 duplicate /gene - aroE_1 aroE_2
[22:50:04] Fixed 2 duplicate /gene - egtB_1 egtB_2
[22:50:04] Fixed 2 duplicate /gene - ndhI_1 ndhI_2
[22:50:04] Fixed 2 duplicate /gene - rapA_1 rapA_2
[22:50:04] Fixed 2 duplicate /gene - rho_1 rho_2
[22:50:04] Fixed 2 duplicate /gene - gltD_1 gltD_2
[22:50:04] Fixed 2 duplicate /gene - lipM_1 lipM_2
[22:50:04] Fixed 2 duplicate /gene - COQ3_1 COQ3_2
[22:50:04] Fixed 2 duplicate /gene - lpxA_1 lpxA_2
[22:50:04] Fixed 4 duplicate /gene - aas_1 aas_2 aas_3 aas_4
[22:50:04] Fixed 2 duplicate /gene - rbn_1 rbn_2
[22:50:04] Fixed 2 duplicate /gene - fumC_1 fumC_2
[22:50:04] Fixed 2 duplicate /gene - clcA_1 clcA_2
[22:50:04] Fixed 2 duplicate /gene - pfp_1 pfp_2
[22:50:04] Fixed 2 duplicate /gene - pnp_1 pnp_2
[22:50:04] Fixed 2 duplicate /gene - ycf3_1 ycf3_2
[22:50:04] Fixed 2 duplicate /gene - gshB_1 gshB_2
[22:50:04] Fixed 2 duplicate /gene - sucD_1 sucD_2
[22:50:04] Fixed 3 duplicate /gene - apbE_1 apbE_2 apbE_3
[22:50:04] Fixed 12 duplicate /gene - bamB_1 bamB_2 bamB_3 bamB_4 bamB_5 bamB_6 bamB_7 bamB_8 bamB_9 bamB_10 bamB_11 bamB_12
[22:50:04] Fixed 3 duplicate /gene - atsA_1 atsA_2 atsA_3
[22:50:04] Fixed 2 duplicate /gene - scpB_1 scpB_2
[22:50:04] Fixed 2 duplicate /gene - pcrA_1 pcrA_2
[22:50:04] Fixed 2 duplicate /gene - glnA_1 glnA_2
[22:50:04] Fixed 2 duplicate /gene - gcvT_1 gcvT_2
[22:50:04] Fixed 2 duplicate /gene - cpoB_1 cpoB_2
[22:50:04] Fixed 2 duplicate /gene - bepE_1 bepE_2
[22:50:04] Fixed 2 duplicate /gene - tadA_1 tadA_2
[22:50:04] Fixed 2 duplicate /gene - ackA_1 ackA_2
[22:50:04] Fixed 8 duplicate /gene - btuD_1 btuD_2 btuD_3 btuD_4 btuD_5 btuD_6 btuD_7 btuD_8
[22:50:04] Fixed 3 duplicate /gene - bioF_1 bioF_2 bioF_3
[22:50:04] Fixed 3 duplicate /gene - atoC_1 atoC_2 atoC_3
[22:50:04] Fixed 5 duplicate /gene - fabF_1 fabF_2 fabF_3 fabF_4 fabF_5
[22:50:04] Fixed 2 duplicate /gene - glcK_1 glcK_2
[22:50:04] Fixed 2 duplicate /gene - cyoE_1 cyoE_2
[22:50:04] Fixed 7 duplicate /gene - cheB_1 cheB_2 cheB_3 cheB_4 cheB_5 cheB_6 cheB_7
[22:50:04] Fixed 2 duplicate /gene - prfB_1 prfB_2
[22:50:04] Fixed 16 duplicate /gene - pknD_1 pknD_2 pknD_3 pknD_4 pknD_5 pknD_6 pknD_7 pknD_8 pknD_9 pknD_10 pknD_11 pknD_12 pknD_13 pknD_14 pknD_15 pknD_16
[22:50:04] Fixed 3 duplicate /gene - rcsC_1 rcsC_2 rcsC_3
[22:50:04] Fixed 113 colliding /gene names.
[22:50:04] Adding /locus_tag identifiers
[22:50:04] Assigned 2850 locus_tags to CDS and RNA features.
[22:50:04] Writing outputs to /home/vinglis/genome_analysis/GenomeAnalysis/analysis/04_annotation/D3_prokka_output/bin.21.fa_prokka_out/
[22:50:06] Generating annotation statistics file
[22:50:06] Generating Genbank and Sequin files
[22:50:06] Running: tbl2asn -V b -a r10k -l paired-ends -M n -N 1 -y 'Annotated using prokka 1.14.6 from https://github.com/tseemann/prokka' -Z \/home\/vinglis\/genome_analysis\/GenomeAnalysis\/analysis\/04_annotation\/D3_prokka_output\/bin\.21\.fa_prokka_out\/PROKKA_05232021\.err -i \/home\/vinglis\/genome_analysis\/GenomeAnalysis\/analysis\/04_annotation\/D3_prokka_output\/bin\.21\.fa_prokka_out\/PROKKA_05232021\.fsa 2> /dev/null
[22:50:12] Deleting unwanted file: /home/vinglis/genome_analysis/GenomeAnalysis/analysis/04_annotation/D3_prokka_output/bin.21.fa_prokka_out/errorsummary.val
[22:50:12] Deleting unwanted file: /home/vinglis/genome_analysis/GenomeAnalysis/analysis/04_annotation/D3_prokka_output/bin.21.fa_prokka_out/PROKKA_05232021.dr
[22:50:12] Deleting unwanted file: /home/vinglis/genome_analysis/GenomeAnalysis/analysis/04_annotation/D3_prokka_output/bin.21.fa_prokka_out/PROKKA_05232021.fixedproducts
[22:50:12] Deleting unwanted file: /home/vinglis/genome_analysis/GenomeAnalysis/analysis/04_annotation/D3_prokka_output/bin.21.fa_prokka_out/PROKKA_05232021.ecn
[22:50:12] Deleting unwanted file: /home/vinglis/genome_analysis/GenomeAnalysis/analysis/04_annotation/D3_prokka_output/bin.21.fa_prokka_out/PROKKA_05232021.val
[22:50:12] Repairing broken .GBK output that tbl2asn produces...
[22:50:12] Running: sed 's/COORDINATES: profile/COORDINATES:profile/' < \/home\/vinglis\/genome_analysis\/GenomeAnalysis\/analysis\/04_annotation\/D3_prokka_output\/bin\.21\.fa_prokka_out\/PROKKA_05232021\.gbf > \/home\/vinglis\/genome_analysis\/GenomeAnalysis\/analysis\/04_annotation\/D3_prokka_output\/bin\.21\.fa_prokka_out\/PROKKA_05232021\.gbk
[22:50:12] Deleting unwanted file: /home/vinglis/genome_analysis/GenomeAnalysis/analysis/04_annotation/D3_prokka_output/bin.21.fa_prokka_out/PROKKA_05232021.gbf
[22:50:12] Output files:
[22:50:12] /home/vinglis/genome_analysis/GenomeAnalysis/analysis/04_annotation/D3_prokka_output/bin.21.fa_prokka_out/PROKKA_05232021.log
[22:50:12] /home/vinglis/genome_analysis/GenomeAnalysis/analysis/04_annotation/D3_prokka_output/bin.21.fa_prokka_out/PROKKA_05232021.fna
[22:50:12] /home/vinglis/genome_analysis/GenomeAnalysis/analysis/04_annotation/D3_prokka_output/bin.21.fa_prokka_out/PROKKA_05232021.gff
[22:50:12] /home/vinglis/genome_analysis/GenomeAnalysis/analysis/04_annotation/D3_prokka_output/bin.21.fa_prokka_out/PROKKA_05232021.faa
[22:50:12] /home/vinglis/genome_analysis/GenomeAnalysis/analysis/04_annotation/D3_prokka_output/bin.21.fa_prokka_out/PROKKA_05232021.ffn
[22:50:12] /home/vinglis/genome_analysis/GenomeAnalysis/analysis/04_annotation/D3_prokka_output/bin.21.fa_prokka_out/PROKKA_05232021.tbl
[22:50:12] /home/vinglis/genome_analysis/GenomeAnalysis/analysis/04_annotation/D3_prokka_output/bin.21.fa_prokka_out/PROKKA_05232021.fsa
[22:50:12] /home/vinglis/genome_analysis/GenomeAnalysis/analysis/04_annotation/D3_prokka_output/bin.21.fa_prokka_out/PROKKA_05232021.tsv
[22:50:12] /home/vinglis/genome_analysis/GenomeAnalysis/analysis/04_annotation/D3_prokka_output/bin.21.fa_prokka_out/PROKKA_05232021.txt
[22:50:12] /home/vinglis/genome_analysis/GenomeAnalysis/analysis/04_annotation/D3_prokka_output/bin.21.fa_prokka_out/PROKKA_05232021.gbk
[22:50:12] /home/vinglis/genome_analysis/GenomeAnalysis/analysis/04_annotation/D3_prokka_output/bin.21.fa_prokka_out/PROKKA_05232021.sqn
[22:50:12] /home/vinglis/genome_analysis/GenomeAnalysis/analysis/04_annotation/D3_prokka_output/bin.21.fa_prokka_out/PROKKA_05232021.err
[22:50:12] Annotation finished successfully.
[22:50:12] Walltime used: 12.93 minutes
[22:50:12] If you use this result please cite the Prokka paper:
[22:50:12] Seemann T (2014) Prokka: rapid prokaryotic genome annotation. Bioinformatics. 30(14):2068-9.
[22:50:12] Type 'prokka --citation' for more details.
[22:50:12] Thank you, come again.
