[20:06:45] This is prokka 1.14.6
[20:06:45] Written by Torsten Seemann <torsten.seemann@gmail.com>
[20:06:45] Homepage is https://github.com/tseemann/prokka
[20:06:45] Local time is Sun May 23 20:06:45 2021
[20:06:45] You are vinglis
[20:06:45] Operating system is linux
[20:06:45] You have BioPerl 1.007001
[20:06:45] System has 16 cores.
[20:06:45] Will use maximum of 2 cores.
[20:06:45] Annotating as >>> Bacteria <<<
[20:06:45] Generating locus_tag from 'bin.12.fa' contents.
[20:06:45] Setting --locustag HEHPHAEO from MD5 1e191ae8379eb554cf532ed1b1510f18
[20:06:45] Creating new output folder: /home/vinglis/genome_analysis/GenomeAnalysis/analysis/04_annotation/D1_prokka_output/bin.12.fa_prokka_out
[20:06:45] Running: mkdir -p \/home\/vinglis\/genome_analysis\/GenomeAnalysis\/analysis\/04_annotation\/D1_prokka_output\/bin\.12\.fa_prokka_out
[20:06:45] Using filename prefix: PROKKA_05232021.XXX
[20:06:45] Setting HMMER_NCPU=1
[20:06:45] Writing log to: /home/vinglis/genome_analysis/GenomeAnalysis/analysis/04_annotation/D1_prokka_output/bin.12.fa_prokka_out/PROKKA_05232021.log
[20:06:45] Command: /sw/bioinfo/prokka/1.45-5b58020/rackham/bin/prokka --outdir /home/vinglis/genome_analysis/GenomeAnalysis/analysis/04_annotation/D1_prokka_output/bin.12.fa_prokka_out --metagenome --cpus 2 bin.12.fa
[20:06:45] Appending to PATH: /sw/bioinfo/prokka/1.45-5b58020/rackham/bin/../binaries/linux
[20:06:45] Appending to PATH: /sw/bioinfo/prokka/1.45-5b58020/rackham/bin/../binaries/linux/../common
[20:06:45] Appending to PATH: /sw/bioinfo/prokka/1.45-5b58020/rackham/bin
[20:06:45] Looking for 'aragorn' - found /sw/bioinfo/prokka/1.45-5b58020/rackham/bin/../binaries/linux/aragorn
[20:06:45] Determined aragorn version is 001002 from 'ARAGORN v1.2.38 Dean Laslett'
[20:06:45] Looking for 'barrnap' - found /sw/bioinfo/barrnap/0.8/rackham/bin/barrnap
[20:06:45] Determined barrnap version is 000008 from 'barrnap 0.8'
[20:06:45] Looking for 'blastp' - found /sw/bioinfo/blast/2.11.0+/rackham/bin/blastp
[20:06:46] Determined blastp version is 002011 from 'blastp: 2.11.0+'
[20:06:46] Looking for 'cmpress' - found /sw/bioinfo/prokka/1.45-5b58020/rackham/bin/../binaries/linux/cmpress
[20:06:46] Determined cmpress version is 001001 from '# INFERNAL 1.1.2 (July 2016)'
[20:06:46] Looking for 'cmscan' - found /sw/bioinfo/prokka/1.45-5b58020/rackham/bin/../binaries/linux/cmscan
[20:06:46] Determined cmscan version is 001001 from '# INFERNAL 1.1.2 (July 2016)'
[20:06:46] Looking for 'egrep' - found /usr/bin/egrep
[20:06:46] Looking for 'find' - found /usr/bin/find
[20:06:46] Looking for 'grep' - found /usr/bin/grep
[20:06:46] Looking for 'hmmpress' - found /sw/apps/bioinfo/hmmer/3.1b2/rackham/bin/hmmpress
[20:06:46] Determined hmmpress version is 003001 from '# HMMER 3.1b2 (February 2015); http://hmmer.org/'
[20:06:46] Looking for 'hmmscan' - found /sw/apps/bioinfo/hmmer/3.1b2/rackham/bin/hmmscan
[20:06:46] Determined hmmscan version is 003001 from '# HMMER 3.1b2 (February 2015); http://hmmer.org/'
[20:06:46] Looking for 'java' - found /usr/bin/java
[20:06:46] Looking for 'makeblastdb' - found /sw/bioinfo/blast/2.11.0+/rackham/bin/makeblastdb
[20:06:47] Determined makeblastdb version is 002011 from 'makeblastdb: 2.11.0+'
[20:06:47] Looking for 'minced' - found /sw/apps/bioinfo/minced/0.2.0/rackham/minced
[20:06:47] Determined minced version is 002000 from 'minced 0.2.0'
[20:06:47] Looking for 'parallel' - found /sw/parallel/gnuparallel/20170122/rackham/bin/parallel
[20:06:47] Determined parallel version is 20170122 from 'GNU parallel 20170122'
[20:06:47] Looking for 'prodigal' - found /sw/apps/bioinfo/prodigal/2.6.3/rackham/bin/prodigal
[20:06:47] Determined prodigal version is 002006 from 'Prodigal V2.6.3: February, 2016'
[20:06:47] Looking for 'prokka-genbank_to_fasta_db' - found /sw/bioinfo/prokka/1.45-5b58020/rackham/bin/prokka-genbank_to_fasta_db
[20:06:47] Looking for 'sed' - found /usr/bin/sed
[20:06:47] Looking for 'signalp' - found /sw/bioinfo/SignalP/4.1f/rackham/signalp
[20:06:47] Determined signalp version is 004001 from '4.1 4785068'
[20:06:47] Looking for 'tbl2asn' - found /sw/bioinfo/tbl2asn/25.8/rackham/tbl2asn
[20:06:47] Determined tbl2asn version is 025008 from 'tbl2asn 25.8   arguments:'
[20:06:47] Using genetic code table 11.
[20:06:47] Loading and checking input file: bin.12.fa
[20:06:47] Wrote 54 contigs totalling 1467572 bp.
[20:06:47] Predicting tRNAs and tmRNAs
[20:06:47] Running: aragorn -l -gc11  -w \/home\/vinglis\/genome_analysis\/GenomeAnalysis\/analysis\/04_annotation\/D1_prokka_output\/bin\.12\.fa_prokka_out\/PROKKA_05232021\.fna
[20:06:48] 1 tRNA-Arg [35486,35562] 36 (tcg)
[20:06:48] 1 tRNA-Asp c[2754,2829] 35 (gtc)
[20:06:48] 2 tRNA-Arg c[5161,5238] 36 (cct)
[20:06:48] 1 tRNA-Gly c[19147,19221] 34 (gcc)
[20:06:48] 1 tRNA-Leu c[9342,9426] 35 (caa)
[20:06:48] 1 tRNA-Gly [8946,9020] 34 (tcc)
[20:06:48] 2 tRNA-Phe c[20750,20825] 34 (gaa)
[20:06:48] 1 tRNA-Leu c[12911,12995] 35 (gag)
[20:06:48] 1 tRNA-Lys c[23401,23476] 35 (ttt)
[20:06:48] 1 tRNA-Leu c[2,86] 35 (tag)
[20:06:48] 2 tRNA-Gln [23917,23992] 35 (ctg)
[20:06:48] 1 tRNA-Arg c[1832,1908] 36 (tct)
[20:06:48] 2 tRNA-Ala [3406,3482] 35 (ggc)
[20:06:48] 1 tRNA-Arg c[1428,1504] 36 (gcg)
[20:06:48] 2 tRNA-Pro c[8477,8554] 37 (ggg)
[20:06:48] 1 tRNA-Thr [6928,7004] 35 (tgt)
[20:06:48] 2 tRNA-Glu c[11398,11475] 37 (ttc)
[20:06:48] 3 tRNA-Val c[21056,21131] 34 (tac)
[20:06:48] 1 tRNA-His c[18761,18835] 34 (gtg)
[20:06:48] 2 tRNA-Glu [30561,30638] 37 (ctc)
[20:06:48] 3 tRNA-Thr c[56959,57033] 33 (ggt)
[20:06:48] 4 tRNA-Ser [57162,57247] 35 (gga)
[20:06:48] 5 tRNA-Leu [99262,99347] 36 (taa)
[20:06:48] 1 tRNA-Met c[28186,28263] 36 (cat)
[20:06:48] 1 tRNA-Thr c[8569,8644] 34 (cgt)
[20:06:48] 1 tRNA-Ala [2957,3033] 35 (tgc)
[20:06:48] 2 tRNA-Asn [13870,13945] 34 (gtt)
[20:06:48] 3 tRNA-Met [37592,37668] 35 (cat)
[20:06:48] 1 tRNA-Arg [505,581] 36 (tcg)
[20:06:48] 2 tRNA-Ser c[5159,5244] 35 (tga)
[20:06:48] 1 tRNA-Ser [14211,14295] 30 (gga)
[20:06:48] 1 tRNA-Pro c[24256,24333] 37 (tgg)
[20:06:48] 1 tRNA-Gly c[20928,21002] 34 (ccc)
[20:06:48] 1 tRNA-Cys c[54903,54976] 33 (gca)
[20:06:48] 1 tRNA-Ser [10283,10368] 35 (cga)
[20:06:48] 2 tRNA-Val c[16017,16092] 34 (cac)
[20:06:48] 1 tRNA-Ile [3287,3364] 36 (gat)
[20:06:48] 1 tRNA-Val c[72046,72121] 34 (gac)
[20:06:48] 1 tRNA-Ser c[6921,7007] 36 (gct)
[20:06:48] Found 39 tRNAs
[20:06:48] Predicting Ribosomal RNAs
[20:06:48] Running Barrnap with 2 threads
[20:06:50] 1 k105_162874 181 5S ribosomal RNA
[20:06:50] Found 1 rRNAs
[20:06:50] Skipping ncRNA search, enable with --rfam if desired.
[20:06:50] Total of 40 tRNA + rRNA features
[20:06:50] Searching for CRISPR repeats
[20:06:51] Found 0 CRISPRs
[20:06:51] Predicting coding sequences
[20:06:51] Contigs total 1467572 bp, so using meta mode
[20:06:51] Running: prodigal -i \/home\/vinglis\/genome_analysis\/GenomeAnalysis\/analysis\/04_annotation\/D1_prokka_output\/bin\.12\.fa_prokka_out\/PROKKA_05232021\.fna -c -m -g 11 -p meta -f sco -q
[20:06:58] Excluding CDS which overlaps existing RNA (tRNA) at k105_96080:20932..21099 on + strand
[20:07:04] Excluding CDS which overlaps existing RNA (tRNA) at k105_36649:13492..16590 on - strand
[20:07:10] Excluding CDS which overlaps existing RNA (rRNA) at k105_162874:93..323 on - strand
[20:07:11] Found 1264 CDS
[20:07:11] Connecting features back to sequences
[20:07:11] Not using genus-specific database. Try --usegenus to enable it.
[20:07:11] Annotating CDS, please be patient.
[20:07:11] Will use 2 CPUs for similarity searching.
[20:07:12] There are still 1264 unannotated CDS left (started with 1264)
[20:07:12] Will use blast to search against /sw/bioinfo/prokka/1.45-5b58020/rackham/db/kingdom/Bacteria/IS with 2 CPUs
[20:07:12] Running: cat \/home\/vinglis\/genome_analysis\/GenomeAnalysis\/analysis\/04_annotation\/D1_prokka_output\/bin\.12\.fa_prokka_out\/PROKKA_05232021\.IS\.tmp\.34524\.faa | parallel --gnu --plain -j 2 --block 114722 --recstart '>' --pipe blastp -query - -db /sw/bioinfo/prokka/1.45-5b58020/rackham/db/kingdom/Bacteria/IS -evalue 1e-30 -qcov_hsp_perc 90 -num_threads 1 -num_descriptions 1 -num_alignments 1 -seg no > \/home\/vinglis\/genome_analysis\/GenomeAnalysis\/analysis\/04_annotation\/D1_prokka_output\/bin\.12\.fa_prokka_out\/PROKKA_05232021\.IS\.tmp\.34524\.blast 2> /dev/null
[20:07:51] Deleting unwanted file: /home/vinglis/genome_analysis/GenomeAnalysis/analysis/04_annotation/D1_prokka_output/bin.12.fa_prokka_out/PROKKA_05232021.IS.tmp.34524.faa
[20:07:51] Deleting unwanted file: /home/vinglis/genome_analysis/GenomeAnalysis/analysis/04_annotation/D1_prokka_output/bin.12.fa_prokka_out/PROKKA_05232021.IS.tmp.34524.blast
[20:07:51] There are still 1264 unannotated CDS left (started with 1264)
[20:07:51] Will use blast to search against /sw/bioinfo/prokka/1.45-5b58020/rackham/db/kingdom/Bacteria/AMR with 2 CPUs
[20:07:51] Running: cat \/home\/vinglis\/genome_analysis\/GenomeAnalysis\/analysis\/04_annotation\/D1_prokka_output\/bin\.12\.fa_prokka_out\/PROKKA_05232021\.AMR\.tmp\.34524\.faa | parallel --gnu --plain -j 2 --block 114722 --recstart '>' --pipe blastp -query - -db /sw/bioinfo/prokka/1.45-5b58020/rackham/db/kingdom/Bacteria/AMR -evalue 9.99999999999999e-301 -qcov_hsp_perc 90 -num_threads 1 -num_descriptions 1 -num_alignments 1 -seg no > \/home\/vinglis\/genome_analysis\/GenomeAnalysis\/analysis\/04_annotation\/D1_prokka_output\/bin\.12\.fa_prokka_out\/PROKKA_05232021\.AMR\.tmp\.34524\.blast 2> /dev/null
[20:08:23] Deleting unwanted file: /home/vinglis/genome_analysis/GenomeAnalysis/analysis/04_annotation/D1_prokka_output/bin.12.fa_prokka_out/PROKKA_05232021.AMR.tmp.34524.faa
[20:08:23] Deleting unwanted file: /home/vinglis/genome_analysis/GenomeAnalysis/analysis/04_annotation/D1_prokka_output/bin.12.fa_prokka_out/PROKKA_05232021.AMR.tmp.34524.blast
[20:08:23] There are still 1264 unannotated CDS left (started with 1264)
[20:08:23] Will use blast to search against /sw/bioinfo/prokka/1.45-5b58020/rackham/db/kingdom/Bacteria/sprot with 2 CPUs
[20:08:23] Running: cat \/home\/vinglis\/genome_analysis\/GenomeAnalysis\/analysis\/04_annotation\/D1_prokka_output\/bin\.12\.fa_prokka_out\/PROKKA_05232021\.sprot\.tmp\.34524\.faa | parallel --gnu --plain -j 2 --block 114722 --recstart '>' --pipe blastp -query - -db /sw/bioinfo/prokka/1.45-5b58020/rackham/db/kingdom/Bacteria/sprot -evalue 1e-09 -qcov_hsp_perc 80 -num_threads 1 -num_descriptions 1 -num_alignments 1 -seg no > \/home\/vinglis\/genome_analysis\/GenomeAnalysis\/analysis\/04_annotation\/D1_prokka_output\/bin\.12\.fa_prokka_out\/PROKKA_05232021\.sprot\.tmp\.34524\.blast 2> /dev/null
[20:11:13] Modify product: Probable D-amino-acid oxidase => putative D-amino-acid oxidase
[20:11:13] Modify product: Probable 3-hydroxyacyl-CoA dehydrogenase => putative 3-hydroxyacyl-CoA dehydrogenase
[20:11:13] Modify product: Bifunctional protein FolD => Bifunctional protein FolD protein
[20:11:13] Modify product: Probable cysteine desulfurase => putative cysteine desulfurase
[20:11:13] Modify product: Probable aspartate aminotransferase => putative aspartate aminotransferase
[20:11:13] Modify product: Uncharacterized oxidoreductase MSMEG_2408/MSMEI_2347 => putative oxidoreductase/MSMEI_2347
[20:11:13] Modify product: Uncharacterized epimerase/dehydratase SA0511 => putative epimerase/dehydratase
[20:11:14] Modify product: Uncharacterized ABC transporter ATP-binding protein Rv0986 => putative ABC transporter ATP-binding protein
[20:11:14] Modify product: Uncharacterized acyl-CoA thioester hydrolase HI_0827 => putative acyl-CoA thioester hydrolase
[20:11:14] Modify product: Uncharacterized ABC transporter ATP-binding protein TM_0288 => putative ABC transporter ATP-binding protein
[20:11:14] Modify product: UPF0056 inner membrane protein YhgN => hypothetical protein
[20:11:14] Modify product: Putative glutamine amidotransferase Rv2859c => Putative glutamine amidotransferase
[20:11:14] Modify product: Putative glutamine amidotransferase Rv2859c => Putative glutamine amidotransferase
[20:11:14] Modify product: Probable peptidyl-prolyl cis-trans isomerase => putative peptidyl-prolyl cis-trans isomerase
[20:11:14] Modify product: Probable nicotinate-nucleotide pyrophosphorylase [carboxylating] => putative nicotinate-nucleotide pyrophosphorylase [carboxylating]
[20:11:14] Modify product: Uncharacterized ABC transporter ATP-binding protein YknY => putative ABC transporter ATP-binding protein YknY
[20:11:14] Modify product: UPF0053 protein HI_0107 => hypothetical protein
[20:11:14] Modify product: Probable adenylyltransferase/sulfurtransferase MoeZ => putative adenylyltransferase/sulfurtransferase MoeZ
[20:11:14] Modify product: Probable GTPase Rv1496 => putative GTPase
[20:11:14] Modify product: UPF0051 protein SA0778 => hypothetical protein
[20:11:14] Modify product: Uncharacterized glycosyltransferase Rv0539 => putative glycosyltransferase
[20:11:14] Modify product: UPF0145 protein BCE33L0904 => hypothetical protein
[20:11:14] Modify product: Uncharacterized protein YcgM => putative protein YcgM
[20:11:14] Modify product: Probable glycine dehydrogenase (decarboxylating) subunit 1 => putative glycine dehydrogenase (decarboxylating) subunit 1
[20:11:14] Modify product: Probable glycine dehydrogenase (decarboxylating) subunit 2 => putative glycine dehydrogenase (decarboxylating) subunit 2
[20:11:14] Modify product: UPF0176 protein lpg2838 => hypothetical protein
[20:11:14] Modify product: Uncharacterized transporter Rv2685 => putative transporter
[20:11:14] Modify product: Probable membrane transporter protein YfcA => putative membrane transporter protein YfcA
[20:11:14] Modify product: Ribonuclease TTHA0252 => Ribonuclease
[20:11:14] Cleaned 29 /product names
[20:11:14] Deleting unwanted file: /home/vinglis/genome_analysis/GenomeAnalysis/analysis/04_annotation/D1_prokka_output/bin.12.fa_prokka_out/PROKKA_05232021.sprot.tmp.34524.faa
[20:11:14] Deleting unwanted file: /home/vinglis/genome_analysis/GenomeAnalysis/analysis/04_annotation/D1_prokka_output/bin.12.fa_prokka_out/PROKKA_05232021.sprot.tmp.34524.blast
[20:11:15] There are still 912 unannotated CDS left (started with 1264)
[20:11:15] Will use hmmer3 to search against /sw/bioinfo/prokka/1.45-5b58020/rackham/db/hmm/HAMAP.hmm with 2 CPUs
[20:11:15] Running: cat \/home\/vinglis\/genome_analysis\/GenomeAnalysis\/analysis\/04_annotation\/D1_prokka_output\/bin\.12\.fa_prokka_out\/PROKKA_05232021\.HAMAP\.hmm\.tmp\.34524\.faa | parallel --gnu --plain -j 2 --block 82454 --recstart '>' --pipe hmmscan --noali --notextw --acc -E 1e-09 --cpu 1 /sw/bioinfo/prokka/1.45-5b58020/rackham/db/hmm/HAMAP.hmm /dev/stdin > \/home\/vinglis\/genome_analysis\/GenomeAnalysis\/analysis\/04_annotation\/D1_prokka_output\/bin\.12\.fa_prokka_out\/PROKKA_05232021\.HAMAP\.hmm\.tmp\.34524\.hmmer3 2> /dev/null
[20:12:43] Deleting unwanted file: /home/vinglis/genome_analysis/GenomeAnalysis/analysis/04_annotation/D1_prokka_output/bin.12.fa_prokka_out/PROKKA_05232021.HAMAP.hmm.tmp.34524.faa
[20:12:43] Deleting unwanted file: /home/vinglis/genome_analysis/GenomeAnalysis/analysis/04_annotation/D1_prokka_output/bin.12.fa_prokka_out/PROKKA_05232021.HAMAP.hmm.tmp.34524.hmmer3
[20:12:43] Labelling remaining 762 proteins as 'hypothetical protein'
[20:12:43] Possible /pseudo 'Putative glutamine amidotransferase' at k105_43291 position 9397
[20:12:43] Possible /pseudo 'DNA-directed RNA polymerase subunit beta'' at k105_156102 position 15972
[20:12:43] Possible /pseudo 'Vitamin B12 import ATP-binding protein BtuD' at k105_115842 position 10805
[20:12:43] Found 410 unique /gene codes.
[20:12:43] Fixed 2 duplicate /gene - bcp_1 bcp_2
[20:12:43] Fixed 2 duplicate /gene - rph_1 rph_2
[20:12:43] Fixed 2 duplicate /gene - paaF_1 paaF_2
[20:12:43] Fixed 2 duplicate /gene - apt_1 apt_2
[20:12:43] Fixed 3 duplicate /gene - aspC_1 aspC_2 aspC_3
[20:12:43] Fixed 6 duplicate /gene - btuD_1 btuD_2 btuD_3 btuD_4 btuD_5 btuD_6
[20:12:43] Fixed 2 duplicate /gene - obg_1 obg_2
[20:12:43] Fixed 2 duplicate /gene - actP_1 actP_2
[20:12:43] Fixed 2 duplicate /gene - alaS_1 alaS_2
[20:12:43] Fixed 2 duplicate /gene - rhlB_1 rhlB_2
[20:12:43] Fixed 2 duplicate /gene - ftsH_1 ftsH_2
[20:12:43] Fixed 2 duplicate /gene - ftsZ_1 ftsZ_2
[20:12:43] Fixed 2 duplicate /gene - acdA_1 acdA_2
[20:12:43] Fixed 2 duplicate /gene - nadB_1 nadB_2
[20:12:43] Fixed 2 duplicate /gene - dnaJ_1 dnaJ_2
[20:12:43] Fixed 2 duplicate /gene - rpoC_1 rpoC_2
[20:12:43] Fixed 2 duplicate /gene - dbpA_1 dbpA_2
[20:12:43] Fixed 2 duplicate /gene - hddA_1 hddA_2
[20:12:43] Fixed 2 duplicate /gene - dinG_1 dinG_2
[20:12:43] Fixed 2 duplicate /gene - gcvH_1 gcvH_2
[20:12:43] Fixed 2 duplicate /gene - fadA_1 fadA_2
[20:12:43] Fixed 2 duplicate /gene - mobA_1 mobA_2
[20:12:43] Fixed 2 duplicate /gene - mntR_1 mntR_2
[20:12:43] Fixed 4 duplicate /gene - rsxB_1 rsxB_2 rsxB_3 rsxB_4
[20:12:43] Fixed 2 duplicate /gene - pyrE_1 pyrE_2
[20:12:43] Fixed 3 duplicate /gene - gloB_1 gloB_2 gloB_3
[20:12:43] Fixed 3 duplicate /gene - mshA_1 mshA_2 mshA_3
[20:12:43] Fixed 2 duplicate /gene - smc_1 smc_2
[20:12:43] Fixed 2 duplicate /gene - groL_1 groL_2
[20:12:43] Fixed 2 duplicate /gene - hldE_1 hldE_2
[20:12:43] Fixed 3 duplicate /gene - tuf_1 tuf_2 tuf_3
[20:12:43] Fixed 2 duplicate /gene - thrC_1 thrC_2
[20:12:43] Fixed 2 duplicate /gene - guaA_1 guaA_2
[20:12:43] Fixed 2 duplicate /gene - glnQ_1 glnQ_2
[20:12:43] Fixed 2 duplicate /gene - pccB_1 pccB_2
[20:12:43] Fixed 2 duplicate /gene - purF_1 purF_2
[20:12:43] Fixed 36 colliding /gene names.
[20:12:43] Adding /locus_tag identifiers
[20:12:43] Assigned 1304 locus_tags to CDS and RNA features.
[20:12:43] Writing outputs to /home/vinglis/genome_analysis/GenomeAnalysis/analysis/04_annotation/D1_prokka_output/bin.12.fa_prokka_out/
[20:12:44] Generating annotation statistics file
[20:12:44] Generating Genbank and Sequin files
[20:12:44] Running: tbl2asn -V b -a r10k -l paired-ends -M n -N 1 -y 'Annotated using prokka 1.14.6 from https://github.com/tseemann/prokka' -Z \/home\/vinglis\/genome_analysis\/GenomeAnalysis\/analysis\/04_annotation\/D1_prokka_output\/bin\.12\.fa_prokka_out\/PROKKA_05232021\.err -i \/home\/vinglis\/genome_analysis\/GenomeAnalysis\/analysis\/04_annotation\/D1_prokka_output\/bin\.12\.fa_prokka_out\/PROKKA_05232021\.fsa 2> /dev/null
[20:12:46] Deleting unwanted file: /home/vinglis/genome_analysis/GenomeAnalysis/analysis/04_annotation/D1_prokka_output/bin.12.fa_prokka_out/errorsummary.val
[20:12:46] Deleting unwanted file: /home/vinglis/genome_analysis/GenomeAnalysis/analysis/04_annotation/D1_prokka_output/bin.12.fa_prokka_out/PROKKA_05232021.dr
[20:12:46] Deleting unwanted file: /home/vinglis/genome_analysis/GenomeAnalysis/analysis/04_annotation/D1_prokka_output/bin.12.fa_prokka_out/PROKKA_05232021.fixedproducts
[20:12:46] Deleting unwanted file: /home/vinglis/genome_analysis/GenomeAnalysis/analysis/04_annotation/D1_prokka_output/bin.12.fa_prokka_out/PROKKA_05232021.ecn
[20:12:46] Deleting unwanted file: /home/vinglis/genome_analysis/GenomeAnalysis/analysis/04_annotation/D1_prokka_output/bin.12.fa_prokka_out/PROKKA_05232021.val
[20:12:46] Repairing broken .GBK output that tbl2asn produces...
[20:12:46] Running: sed 's/COORDINATES: profile/COORDINATES:profile/' < \/home\/vinglis\/genome_analysis\/GenomeAnalysis\/analysis\/04_annotation\/D1_prokka_output\/bin\.12\.fa_prokka_out\/PROKKA_05232021\.gbf > \/home\/vinglis\/genome_analysis\/GenomeAnalysis\/analysis\/04_annotation\/D1_prokka_output\/bin\.12\.fa_prokka_out\/PROKKA_05232021\.gbk
[20:12:46] Deleting unwanted file: /home/vinglis/genome_analysis/GenomeAnalysis/analysis/04_annotation/D1_prokka_output/bin.12.fa_prokka_out/PROKKA_05232021.gbf
[20:12:46] Output files:
[20:12:46] /home/vinglis/genome_analysis/GenomeAnalysis/analysis/04_annotation/D1_prokka_output/bin.12.fa_prokka_out/PROKKA_05232021.log
[20:12:46] /home/vinglis/genome_analysis/GenomeAnalysis/analysis/04_annotation/D1_prokka_output/bin.12.fa_prokka_out/PROKKA_05232021.fna
[20:12:46] /home/vinglis/genome_analysis/GenomeAnalysis/analysis/04_annotation/D1_prokka_output/bin.12.fa_prokka_out/PROKKA_05232021.gff
[20:12:46] /home/vinglis/genome_analysis/GenomeAnalysis/analysis/04_annotation/D1_prokka_output/bin.12.fa_prokka_out/PROKKA_05232021.faa
[20:12:46] /home/vinglis/genome_analysis/GenomeAnalysis/analysis/04_annotation/D1_prokka_output/bin.12.fa_prokka_out/PROKKA_05232021.ffn
[20:12:46] /home/vinglis/genome_analysis/GenomeAnalysis/analysis/04_annotation/D1_prokka_output/bin.12.fa_prokka_out/PROKKA_05232021.tbl
[20:12:46] /home/vinglis/genome_analysis/GenomeAnalysis/analysis/04_annotation/D1_prokka_output/bin.12.fa_prokka_out/PROKKA_05232021.fsa
[20:12:46] /home/vinglis/genome_analysis/GenomeAnalysis/analysis/04_annotation/D1_prokka_output/bin.12.fa_prokka_out/PROKKA_05232021.tsv
[20:12:46] /home/vinglis/genome_analysis/GenomeAnalysis/analysis/04_annotation/D1_prokka_output/bin.12.fa_prokka_out/PROKKA_05232021.txt
[20:12:46] /home/vinglis/genome_analysis/GenomeAnalysis/analysis/04_annotation/D1_prokka_output/bin.12.fa_prokka_out/PROKKA_05232021.sqn
[20:12:46] /home/vinglis/genome_analysis/GenomeAnalysis/analysis/04_annotation/D1_prokka_output/bin.12.fa_prokka_out/PROKKA_05232021.gbk
[20:12:46] /home/vinglis/genome_analysis/GenomeAnalysis/analysis/04_annotation/D1_prokka_output/bin.12.fa_prokka_out/PROKKA_05232021.err
[20:12:46] Annotation finished successfully.
[20:12:46] Walltime used: 6.02 minutes
[20:12:46] If you use this result please cite the Prokka paper:
[20:12:46] Seemann T (2014) Prokka: rapid prokaryotic genome annotation. Bioinformatics. 30(14):2068-9.
[20:12:46] Type 'prokka --citation' for more details.
[20:12:46] Share and enjoy!
