[23:23:32] This is prokka 1.14.6
[23:23:32] Written by Torsten Seemann <torsten.seemann@gmail.com>
[23:23:32] Homepage is https://github.com/tseemann/prokka
[23:23:32] Local time is Sun May 23 23:23:32 2021
[23:23:32] You are vinglis
[23:23:32] Operating system is linux
[23:23:32] You have BioPerl 1.007001
[23:23:32] System has 16 cores.
[23:23:32] Will use maximum of 2 cores.
[23:23:32] Annotating as >>> Bacteria <<<
[23:23:32] Generating locus_tag from 'bin.9.fa' contents.
[23:23:32] Setting --locustag FNDHEEML from MD5 f7d1ee65ddad4cc49798dd37e7e61d55
[23:23:32] Creating new output folder: /home/vinglis/genome_analysis/GenomeAnalysis/analysis/04_annotation/D3_prokka_output/bin.9.fa_prokka_out
[23:23:32] Running: mkdir -p \/home\/vinglis\/genome_analysis\/GenomeAnalysis\/analysis\/04_annotation\/D3_prokka_output\/bin\.9\.fa_prokka_out
[23:23:32] Using filename prefix: PROKKA_05232021.XXX
[23:23:32] Setting HMMER_NCPU=1
[23:23:32] Writing log to: /home/vinglis/genome_analysis/GenomeAnalysis/analysis/04_annotation/D3_prokka_output/bin.9.fa_prokka_out/PROKKA_05232021.log
[23:23:32] Command: /sw/bioinfo/prokka/1.45-5b58020/rackham/bin/prokka --outdir /home/vinglis/genome_analysis/GenomeAnalysis/analysis/04_annotation/D3_prokka_output/bin.9.fa_prokka_out --metagenome --cpus 2 bin.9.fa
[23:23:32] Appending to PATH: /sw/bioinfo/prokka/1.45-5b58020/rackham/bin/../binaries/linux
[23:23:32] Appending to PATH: /sw/bioinfo/prokka/1.45-5b58020/rackham/bin/../binaries/linux/../common
[23:23:32] Appending to PATH: /sw/bioinfo/prokka/1.45-5b58020/rackham/bin
[23:23:32] Looking for 'aragorn' - found /sw/bioinfo/prokka/1.45-5b58020/rackham/bin/../binaries/linux/aragorn
[23:23:32] Determined aragorn version is 001002 from 'ARAGORN v1.2.38 Dean Laslett'
[23:23:32] Looking for 'barrnap' - found /sw/bioinfo/barrnap/0.8/rackham/bin/barrnap
[23:23:32] Determined barrnap version is 000008 from 'barrnap 0.8'
[23:23:32] Looking for 'blastp' - found /sw/bioinfo/blast/2.11.0+/rackham/bin/blastp
[23:23:33] Determined blastp version is 002011 from 'blastp: 2.11.0+'
[23:23:33] Looking for 'cmpress' - found /sw/bioinfo/prokka/1.45-5b58020/rackham/bin/../binaries/linux/cmpress
[23:23:33] Determined cmpress version is 001001 from '# INFERNAL 1.1.2 (July 2016)'
[23:23:33] Looking for 'cmscan' - found /sw/bioinfo/prokka/1.45-5b58020/rackham/bin/../binaries/linux/cmscan
[23:23:33] Determined cmscan version is 001001 from '# INFERNAL 1.1.2 (July 2016)'
[23:23:33] Looking for 'egrep' - found /usr/bin/egrep
[23:23:33] Looking for 'find' - found /usr/bin/find
[23:23:33] Looking for 'grep' - found /usr/bin/grep
[23:23:33] Looking for 'hmmpress' - found /sw/apps/bioinfo/hmmer/3.1b2/rackham/bin/hmmpress
[23:23:33] Determined hmmpress version is 003001 from '# HMMER 3.1b2 (February 2015); http://hmmer.org/'
[23:23:33] Looking for 'hmmscan' - found /sw/apps/bioinfo/hmmer/3.1b2/rackham/bin/hmmscan
[23:23:33] Determined hmmscan version is 003001 from '# HMMER 3.1b2 (February 2015); http://hmmer.org/'
[23:23:33] Looking for 'java' - found /usr/bin/java
[23:23:33] Looking for 'makeblastdb' - found /sw/bioinfo/blast/2.11.0+/rackham/bin/makeblastdb
[23:23:33] Determined makeblastdb version is 002011 from 'makeblastdb: 2.11.0+'
[23:23:33] Looking for 'minced' - found /sw/apps/bioinfo/minced/0.2.0/rackham/minced
[23:23:33] Determined minced version is 002000 from 'minced 0.2.0'
[23:23:33] Looking for 'parallel' - found /sw/parallel/gnuparallel/20170122/rackham/bin/parallel
[23:23:34] Determined parallel version is 20170122 from 'GNU parallel 20170122'
[23:23:34] Looking for 'prodigal' - found /sw/apps/bioinfo/prodigal/2.6.3/rackham/bin/prodigal
[23:23:34] Determined prodigal version is 002006 from 'Prodigal V2.6.3: February, 2016'
[23:23:34] Looking for 'prokka-genbank_to_fasta_db' - found /sw/bioinfo/prokka/1.45-5b58020/rackham/bin/prokka-genbank_to_fasta_db
[23:23:34] Looking for 'sed' - found /usr/bin/sed
[23:23:34] Looking for 'signalp' - found /sw/bioinfo/SignalP/4.1f/rackham/signalp
[23:23:34] Determined signalp version is 004001 from '4.1 4785068'
[23:23:34] Looking for 'tbl2asn' - found /sw/bioinfo/tbl2asn/25.8/rackham/tbl2asn
[23:23:34] Determined tbl2asn version is 025008 from 'tbl2asn 25.8   arguments:'
[23:23:34] Using genetic code table 11.
[23:23:34] Loading and checking input file: bin.9.fa
[23:23:34] Wrote 237 contigs totalling 1577146 bp.
[23:23:34] Predicting tRNAs and tmRNAs
[23:23:34] Running: aragorn -l -gc11  -w \/home\/vinglis\/genome_analysis\/GenomeAnalysis\/analysis\/04_annotation\/D3_prokka_output\/bin\.9\.fa_prokka_out\/PROKKA_05232021\.fna
[23:23:34] 1 tRNA-Ile c[287,379] 34 (gat)
[23:23:34] 1 tRNA-Asp c[8152,8226] 35 (gtc)
[23:23:34] 1 tRNA-Gln [6385,6456] 33 (ctg)
[23:23:34] 2 tRNA-Arg [6479,6553] 35 (acg)
[23:23:34] 1 tRNA-Gln c[2959,3030] 33 (ttg)
[23:23:34] 1 tRNA-Ser c[2757,2845] 37 (cga)
[23:23:34] 1 tRNA-Met [228,301] 34 (cat)
[23:23:34] 1 tRNA-Met c[2423,2496] 34 (cat)
[23:23:34] 1 tRNA-Ser [1982,2071] 35 (gct)
[23:23:34] 1 tRNA-His c[48,122] 35 (gtg)
[23:23:34] 1 tRNA-Ala [231,304] 34 (ggc)
[23:23:34] 1 tRNA-Met c[9931,10005] 35 (cat)
[23:23:34] 1 tRNA-Pro [1349,1424] 36 (cgg)
[23:23:34] 2 tRNA-Arg [5322,5396] 35 (ccg)
[23:23:34] 1 tRNA-Gly c[414,489] 34 (gcc)
[23:23:34] 1 tRNA-SeC c[13490,13583] 36 (tca)
[23:23:34] 1 tmRNA c[249,598] 90,119 ADYGYMAAA*
[23:23:34] 1 tRNA-Ser c[3101,3189] 35 (gga)
[23:23:34] 1 tRNA-Thr [3940,4013] 34 (tgt)
[23:23:34] 2 tRNA-Tyr [4073,4156] 35 (gta)
[23:23:34] 3 tRNA-Gly [4160,4231] 33 (tcc)
[23:23:34] 4 tRNA-Thr [4237,4309] 33 (ggt)
[23:23:34] 1 tRNA-Met [1623,1697] 35 (cat)
[23:23:34] 2 tRNA-Gly c[6892,6964] 34 (ccc)
[23:23:34] 1 tRNA-Leu [5671,5753] 35 (tag)
[23:23:34] 1 tRNA-Met c[613,687] 35 (cat)
[23:23:34] 2 tRNA-Leu [8303,8387] 35 (gag)
[23:23:34] 1 tRNA-Leu c[4715,4797] 35 (caa)
[23:23:34] 2 tRNA-Arg [7787,7859] 34 (cct)
[23:23:34] 1 tRNA-Gly [7137,7209] 34 (ccc)
[23:23:34] 1 tRNA-Trp c[12568,12641] 34 (cca)
[23:23:34] 1 tRNA-Asn [4833,4906] 34 (gtt)
[23:23:34] 1 tRNA-Leu c[4519,4604] 35 (taa)
[23:23:34] 1 tRNA-Val [2445,2519] 35 (gac)
[23:23:34] 1 tRNA-Pro [10265,10339] 35 (ggg)
[23:23:34] Found 35 tRNAs
[23:23:34] Predicting Ribosomal RNAs
[23:23:34] Running Barrnap with 2 threads
[23:23:36] 1 k105_40244 3580 5S ribosomal RNA
[23:23:36] Found 1 rRNAs
[23:23:36] Skipping ncRNA search, enable with --rfam if desired.
[23:23:36] Total of 35 tRNA + rRNA features
[23:23:36] Searching for CRISPR repeats
[23:23:37] Found 0 CRISPRs
[23:23:37] Predicting coding sequences
[23:23:37] Contigs total 1577146 bp, so using meta mode
[23:23:37] Running: prodigal -i \/home\/vinglis\/genome_analysis\/GenomeAnalysis\/analysis\/04_annotation\/D3_prokka_output\/bin\.9\.fa_prokka_out\/PROKKA_05232021\.fna -c -m -g 11 -p meta -f sco -q
[23:23:40] Excluding CDS which overlaps existing RNA (tRNA) at k105_166452:1280..1372 on + strand
[23:23:41] Excluding CDS which overlaps existing RNA (tRNA) at k105_170069:5574..5855 on - strand
[23:23:43] Found 1445 CDS
[23:23:43] Connecting features back to sequences
[23:23:43] Not using genus-specific database. Try --usegenus to enable it.
[23:23:43] Annotating CDS, please be patient.
[23:23:43] Will use 2 CPUs for similarity searching.

--------------------- WARNING ---------------------
MSG: Seq [k105_14562]: Terminator codon inside CDS!
---------------------------------------------------

--------------------- WARNING ---------------------
MSG: Seq [k105_14562]: Terminator codon inside CDS!
---------------------------------------------------
[23:23:43] There are still 1445 unannotated CDS left (started with 1445)
[23:23:43] Will use blast to search against /sw/bioinfo/prokka/1.45-5b58020/rackham/db/kingdom/Bacteria/IS with 2 CPUs
[23:23:43] Running: cat \/home\/vinglis\/genome_analysis\/GenomeAnalysis\/analysis\/04_annotation\/D3_prokka_output\/bin\.9\.fa_prokka_out\/PROKKA_05232021\.IS\.tmp\.55278\.faa | parallel --gnu --plain -j 2 --block 113516 --recstart '>' --pipe blastp -query - -db /sw/bioinfo/prokka/1.45-5b58020/rackham/db/kingdom/Bacteria/IS -evalue 1e-30 -qcov_hsp_perc 90 -num_threads 1 -num_descriptions 1 -num_alignments 1 -seg no > \/home\/vinglis\/genome_analysis\/GenomeAnalysis\/analysis\/04_annotation\/D3_prokka_output\/bin\.9\.fa_prokka_out\/PROKKA_05232021\.IS\.tmp\.55278\.blast 2> /dev/null
[23:24:18] Deleting unwanted file: /home/vinglis/genome_analysis/GenomeAnalysis/analysis/04_annotation/D3_prokka_output/bin.9.fa_prokka_out/PROKKA_05232021.IS.tmp.55278.faa
[23:24:18] Deleting unwanted file: /home/vinglis/genome_analysis/GenomeAnalysis/analysis/04_annotation/D3_prokka_output/bin.9.fa_prokka_out/PROKKA_05232021.IS.tmp.55278.blast

--------------------- WARNING ---------------------
MSG: Seq [k105_14562]: Terminator codon inside CDS!
---------------------------------------------------

--------------------- WARNING ---------------------
MSG: Seq [k105_14562]: Terminator codon inside CDS!
---------------------------------------------------
[23:24:19] There are still 1445 unannotated CDS left (started with 1445)
[23:24:19] Will use blast to search against /sw/bioinfo/prokka/1.45-5b58020/rackham/db/kingdom/Bacteria/AMR with 2 CPUs
[23:24:19] Running: cat \/home\/vinglis\/genome_analysis\/GenomeAnalysis\/analysis\/04_annotation\/D3_prokka_output\/bin\.9\.fa_prokka_out\/PROKKA_05232021\.AMR\.tmp\.55278\.faa | parallel --gnu --plain -j 2 --block 113516 --recstart '>' --pipe blastp -query - -db /sw/bioinfo/prokka/1.45-5b58020/rackham/db/kingdom/Bacteria/AMR -evalue 9.99999999999999e-301 -qcov_hsp_perc 90 -num_threads 1 -num_descriptions 1 -num_alignments 1 -seg no > \/home\/vinglis\/genome_analysis\/GenomeAnalysis\/analysis\/04_annotation\/D3_prokka_output\/bin\.9\.fa_prokka_out\/PROKKA_05232021\.AMR\.tmp\.55278\.blast 2> /dev/null
[23:24:49] Deleting unwanted file: /home/vinglis/genome_analysis/GenomeAnalysis/analysis/04_annotation/D3_prokka_output/bin.9.fa_prokka_out/PROKKA_05232021.AMR.tmp.55278.faa
[23:24:49] Deleting unwanted file: /home/vinglis/genome_analysis/GenomeAnalysis/analysis/04_annotation/D3_prokka_output/bin.9.fa_prokka_out/PROKKA_05232021.AMR.tmp.55278.blast

--------------------- WARNING ---------------------
MSG: Seq [k105_14562]: Terminator codon inside CDS!
---------------------------------------------------

--------------------- WARNING ---------------------
MSG: Seq [k105_14562]: Terminator codon inside CDS!
---------------------------------------------------
[23:24:49] There are still 1445 unannotated CDS left (started with 1445)
[23:24:49] Will use blast to search against /sw/bioinfo/prokka/1.45-5b58020/rackham/db/kingdom/Bacteria/sprot with 2 CPUs
[23:24:49] Running: cat \/home\/vinglis\/genome_analysis\/GenomeAnalysis\/analysis\/04_annotation\/D3_prokka_output\/bin\.9\.fa_prokka_out\/PROKKA_05232021\.sprot\.tmp\.55278\.faa | parallel --gnu --plain -j 2 --block 113516 --recstart '>' --pipe blastp -query - -db /sw/bioinfo/prokka/1.45-5b58020/rackham/db/kingdom/Bacteria/sprot -evalue 1e-09 -qcov_hsp_perc 80 -num_threads 1 -num_descriptions 1 -num_alignments 1 -seg no > \/home\/vinglis\/genome_analysis\/GenomeAnalysis\/analysis\/04_annotation\/D3_prokka_output\/bin\.9\.fa_prokka_out\/PROKKA_05232021\.sprot\.tmp\.55278\.blast 2> /dev/null
[23:27:16] Modify product: Uncharacterized spore protein YtfJ => putative spore protein YtfJ
[23:27:16] Modify product: Uncharacterized inner membrane transporter YedA => putative inner membrane transporter YedA
[23:27:16] Modify product: Uncharacterized ABC transporter ATP-binding protein YadG => putative ABC transporter ATP-binding protein YadG
[23:27:16] Modify product: Probable transcriptional regulatory protein DVU_2259 => putative transcriptional regulatory protein
[23:27:16] Modify product: Probable TonB-dependent receptor NMB0964 => putative TonB-dependent receptor
[23:27:16] Modify product: Uncharacterized protein YccU => putative protein YccU
[23:27:16] Modify product: Putative HTH-type transcriptional regulator Rv1287 => Putative HTH-type transcriptional regulator
[23:27:16] Modify product: Probable 3-hydroxyacyl-CoA dehydrogenase => putative 3-hydroxyacyl-CoA dehydrogenase
[23:27:16] Modify product: Probable acyl-CoA dehydrogenase => putative acyl-CoA dehydrogenase
[23:27:16] Modify product: Uncharacterized HTH-type transcriptional regulator YfiR => putative HTH-type transcriptional regulator YfiR
[23:27:16] Modify product: Probable iron-sulfur-binding oxidoreductase FadF => putative iron-sulfur-binding oxidoreductase FadF
[23:27:16] Modify product: Putative esterase HI_1161 => Putative esterase
[23:27:16] Modify product: Bifunctional protein FolD => Bifunctional protein FolD protein
[23:27:16] Modify product: Uncharacterized acyl-CoA thioester hydrolase HI_0827 => putative acyl-CoA thioester hydrolase
[23:27:16] Modify product: Putative peroxiredoxin Rv2521 => Putative peroxiredoxin
[23:27:16] Modify product: Uncharacterized protein Rv1480 => putative protein
[23:27:16] Modify product: UPF0301 protein VC_0467 => hypothetical protein
[23:27:16] Modify product: Probable dual-specificity RNA methyltransferase RlmN => putative dual-specificity RNA methyltransferase RlmN
[23:27:16] Modify product: Probable cysteine desulfurase => putative cysteine desulfurase
[23:27:16] Modify product: UPF0145 protein YbjQ => hypothetical protein
[23:27:16] Modify product: UPF0176 protein YceA => hypothetical protein
[23:27:16] Modify product: Uncharacterized protein TP_0956 => putative protein
[23:27:16] Modify product: Probable ATP-dependent transporter SufC => putative ATP-dependent transporter SufC
[23:27:17] Modify product: Probable chaperone CsaA => putative chaperone CsaA
[23:27:17] Modify product: Putative multidrug export ATP-binding/permease protein SAV1866 => Putative multidrug export ATP-binding/permease protein
[23:27:17] Modify product: Putative HTH-type transcriptional regulator Rv1287 => Putative HTH-type transcriptional regulator
[23:27:17] Modify product: Uncharacterized protein YfgD => putative protein YfgD
[23:27:17] Modify product: Probable peptidoglycan glycosyltransferase FtsW => putative peptidoglycan glycosyltransferase FtsW
[23:27:17] Modify product: Probable quorum-quenching lactonase YtnP => putative quorum-quenching lactonase YtnP
[23:27:17] Modify product: Uncharacterized ABC transporter ATP-binding protein YxlF => putative ABC transporter ATP-binding protein YxlF
[23:27:17] Modify product: SCO1 protein homolog => SCO1 protein 
[23:27:17] Modify product: Uncharacterized ABC transporter ATP-binding protein YknY => putative ABC transporter ATP-binding protein YknY
[23:27:17] Modify product: Uncharacterized oxidoreductase Rv0945 => putative oxidoreductase
[23:27:17] Modify product: Phosphate-specific transport system accessory protein PhoU homolog => Phosphate-specific transport system accessory protein PhoU 
[23:27:17] Modify product: Nucleoid-associated protein HI_0442 => Nucleoid-associated protein
[23:27:17] Modify product: UPF0701 protein YicC => hypothetical protein
[23:27:17] Modify product: Uncharacterized symporter YidK => putative symporter YidK
[23:27:17] Modify product: Probable molybdenum cofactor guanylyltransferase => putative molybdenum cofactor guanylyltransferase
[23:27:17] Modify product: UPF0382 membrane protein YwdK => hypothetical protein
[23:27:17] Modify product: Acetyltransferase PA3944 => Acetyltransferase
[23:27:17] Modify product: Uncharacterized symporter YidK => putative symporter YidK
[23:27:17] Cleaned 41 /product names
[23:27:17] Deleting unwanted file: /home/vinglis/genome_analysis/GenomeAnalysis/analysis/04_annotation/D3_prokka_output/bin.9.fa_prokka_out/PROKKA_05232021.sprot.tmp.55278.faa
[23:27:17] Deleting unwanted file: /home/vinglis/genome_analysis/GenomeAnalysis/analysis/04_annotation/D3_prokka_output/bin.9.fa_prokka_out/PROKKA_05232021.sprot.tmp.55278.blast

--------------------- WARNING ---------------------
MSG: Seq [k105_14562]: Terminator codon inside CDS!
---------------------------------------------------

--------------------- WARNING ---------------------
MSG: Seq [k105_14562]: Terminator codon inside CDS!
---------------------------------------------------
[23:27:17] There are still 810 unannotated CDS left (started with 1445)
[23:27:17] Will use hmmer3 to search against /sw/bioinfo/prokka/1.45-5b58020/rackham/db/hmm/HAMAP.hmm with 2 CPUs
[23:27:17] Running: cat \/home\/vinglis\/genome_analysis\/GenomeAnalysis\/analysis\/04_annotation\/D3_prokka_output\/bin\.9\.fa_prokka_out\/PROKKA_05232021\.HAMAP\.hmm\.tmp\.55278\.faa | parallel --gnu --plain -j 2 --block 60245 --recstart '>' --pipe hmmscan --noali --notextw --acc -E 1e-09 --cpu 1 /sw/bioinfo/prokka/1.45-5b58020/rackham/db/hmm/HAMAP.hmm /dev/stdin > \/home\/vinglis\/genome_analysis\/GenomeAnalysis\/analysis\/04_annotation\/D3_prokka_output\/bin\.9\.fa_prokka_out\/PROKKA_05232021\.HAMAP\.hmm\.tmp\.55278\.hmmer3 2> /dev/null
[23:28:32] Deleting unwanted file: /home/vinglis/genome_analysis/GenomeAnalysis/analysis/04_annotation/D3_prokka_output/bin.9.fa_prokka_out/PROKKA_05232021.HAMAP.hmm.tmp.55278.faa
[23:28:32] Deleting unwanted file: /home/vinglis/genome_analysis/GenomeAnalysis/analysis/04_annotation/D3_prokka_output/bin.9.fa_prokka_out/PROKKA_05232021.HAMAP.hmm.tmp.55278.hmmer3
[23:28:32] Labelling remaining 678 proteins as 'hypothetical protein'
[23:28:32] Possible /pseudo 'Lipoprotein-releasing system transmembrane protein LolE' at k105_141543 position 3647
[23:28:32] Possible /pseudo 'Bifunctional PGK/TIM' at k105_159184 position 7173
[23:28:32] Possible /pseudo 'Macrolide export ATP-binding/permease protein MacB' at k105_107146 position 3656
[23:28:32] Found 643 unique /gene codes.
[23:28:32] Fixed 6 duplicate /gene - btuB_1 btuB_2 btuB_3 btuB_4 btuB_5 btuB_6
[23:28:32] Fixed 3 duplicate /gene - sglT_1 sglT_2 sglT_3
[23:28:32] Fixed 2 duplicate /gene - queG_1 queG_2
[23:28:32] Fixed 2 duplicate /gene - lpxA_1 lpxA_2
[23:28:32] Fixed 2 duplicate /gene - glpE_1 glpE_2
[23:28:32] Fixed 2 duplicate /gene - dxr_1 dxr_2
[23:28:32] Fixed 7 duplicate /gene - cpoB_1 cpoB_2 cpoB_3 cpoB_4 cpoB_5 cpoB_6 cpoB_7
[23:28:32] Fixed 4 duplicate /gene - fabG_1 fabG_2 fabG_3 fabG_4
[23:28:32] Fixed 2 duplicate /gene - pnp_1 pnp_2
[23:28:32] Fixed 2 duplicate /gene - galK_1 galK_2
[23:28:32] Fixed 2 duplicate /gene - der_1 der_2
[23:28:32] Fixed 3 duplicate /gene - bcp_1 bcp_2 bcp_3
[23:28:32] Fixed 2 duplicate /gene - hldE_1 hldE_2
[23:28:32] Fixed 2 duplicate /gene - lrp_1 lrp_2
[23:28:32] Fixed 2 duplicate /gene - trxA_1 trxA_2
[23:28:32] Fixed 2 duplicate /gene - dsrE2_1 dsrE2_2
[23:28:32] Fixed 2 duplicate /gene - prfB_1 prfB_2
[23:28:32] Fixed 2 duplicate /gene - pepP_1 pepP_2
[23:28:32] Fixed 2 duplicate /gene - putP_1 putP_2
[23:28:32] Fixed 2 duplicate /gene - dan_1 dan_2
[23:28:32] Fixed 2 duplicate /gene - nagA_1 nagA_2
[23:28:32] Fixed 2 duplicate /gene - lacZ_1 lacZ_2
[23:28:32] Fixed 4 duplicate /gene - resA_1 resA_2 resA_3 resA_4
[23:28:32] Fixed 2 duplicate /gene - accD_1 accD_2
[23:28:32] Fixed 2 duplicate /gene - yidK_1 yidK_2
[23:28:32] Fixed 2 duplicate /gene - atpH_1 atpH_2
[23:28:32] Fixed 2 duplicate /gene - plsX_1 plsX_2
[23:28:32] Fixed 2 duplicate /gene - tadA_1 tadA_2
[23:28:32] Fixed 3 duplicate /gene - bepA_1 bepA_2 bepA_3
[23:28:32] Fixed 2 duplicate /gene - hutI_1 hutI_2
[23:28:32] Fixed 2 duplicate /gene - dapA_1 dapA_2
[23:28:32] Fixed 2 duplicate /gene - dxs_1 dxs_2
[23:28:32] Fixed 3 duplicate /gene - bamA_1 bamA_2 bamA_3
[23:28:32] Fixed 3 duplicate /gene - tolQ_1 tolQ_2 tolQ_3
[23:28:32] Fixed 2 duplicate /gene - sufS_1 sufS_2
[23:28:32] Fixed 3 duplicate /gene - carB_1 carB_2 carB_3
[23:28:32] Fixed 2 duplicate /gene - ggt_1 ggt_2
[23:28:32] Fixed 2 duplicate /gene - iolG_1 iolG_2
[23:28:32] Fixed 2 duplicate /gene - dapE_1 dapE_2
[23:28:32] Fixed 2 duplicate /gene - fabH_1 fabH_2
[23:28:32] Fixed 2 duplicate /gene - algC_1 algC_2
[23:28:32] Fixed 2 duplicate /gene - scpA_1 scpA_2
[23:28:32] Fixed 2 duplicate /gene - macB_1 macB_2
[23:28:32] Fixed 2 duplicate /gene - pgsA_1 pgsA_2
[23:28:32] Fixed 3 duplicate /gene - hcf136_1 hcf136_2 hcf136_3
[23:28:32] Fixed 4 duplicate /gene - tolB_1 tolB_2 tolB_3 tolB_4
[23:28:32] Fixed 2 duplicate /gene - coxN_1 coxN_2
[23:28:32] Fixed 2 duplicate /gene - lolE_1 lolE_2
[23:28:32] Fixed 2 duplicate /gene - pgk/tpi_1 pgk/tpi_2
[23:28:32] Fixed 2 duplicate /gene - petB_1 petB_2
[23:28:32] Fixed 2 duplicate /gene - xerD_1 xerD_2
[23:28:32] Fixed 51 colliding /gene names.
[23:28:32] Adding /locus_tag identifiers
[23:28:32] Assigned 1481 locus_tags to CDS and RNA features.
[23:28:32] Writing outputs to /home/vinglis/genome_analysis/GenomeAnalysis/analysis/04_annotation/D3_prokka_output/bin.9.fa_prokka_out/

--------------------- WARNING ---------------------
MSG: Seq [FNDHEEML_00652]: Terminator codon inside CDS!
---------------------------------------------------

--------------------- WARNING ---------------------
MSG: Seq [FNDHEEML_00655]: Terminator codon inside CDS!
---------------------------------------------------
[23:28:33] Generating annotation statistics file
[23:28:33] Generating Genbank and Sequin files
[23:28:33] Running: tbl2asn -V b -a r10k -l paired-ends -M n -N 1 -y 'Annotated using prokka 1.14.6 from https://github.com/tseemann/prokka' -Z \/home\/vinglis\/genome_analysis\/GenomeAnalysis\/analysis\/04_annotation\/D3_prokka_output\/bin\.9\.fa_prokka_out\/PROKKA_05232021\.err -i \/home\/vinglis\/genome_analysis\/GenomeAnalysis\/analysis\/04_annotation\/D3_prokka_output\/bin\.9\.fa_prokka_out\/PROKKA_05232021\.fsa 2> /dev/null
[23:28:36] Deleting unwanted file: /home/vinglis/genome_analysis/GenomeAnalysis/analysis/04_annotation/D3_prokka_output/bin.9.fa_prokka_out/errorsummary.val
[23:28:36] Deleting unwanted file: /home/vinglis/genome_analysis/GenomeAnalysis/analysis/04_annotation/D3_prokka_output/bin.9.fa_prokka_out/PROKKA_05232021.dr
[23:28:36] Deleting unwanted file: /home/vinglis/genome_analysis/GenomeAnalysis/analysis/04_annotation/D3_prokka_output/bin.9.fa_prokka_out/PROKKA_05232021.fixedproducts
[23:28:36] Deleting unwanted file: /home/vinglis/genome_analysis/GenomeAnalysis/analysis/04_annotation/D3_prokka_output/bin.9.fa_prokka_out/PROKKA_05232021.ecn
[23:28:36] Deleting unwanted file: /home/vinglis/genome_analysis/GenomeAnalysis/analysis/04_annotation/D3_prokka_output/bin.9.fa_prokka_out/PROKKA_05232021.val
[23:28:36] Repairing broken .GBK output that tbl2asn produces...
[23:28:36] Running: sed 's/COORDINATES: profile/COORDINATES:profile/' < \/home\/vinglis\/genome_analysis\/GenomeAnalysis\/analysis\/04_annotation\/D3_prokka_output\/bin\.9\.fa_prokka_out\/PROKKA_05232021\.gbf > \/home\/vinglis\/genome_analysis\/GenomeAnalysis\/analysis\/04_annotation\/D3_prokka_output\/bin\.9\.fa_prokka_out\/PROKKA_05232021\.gbk
[23:28:36] Deleting unwanted file: /home/vinglis/genome_analysis/GenomeAnalysis/analysis/04_annotation/D3_prokka_output/bin.9.fa_prokka_out/PROKKA_05232021.gbf
[23:28:36] Output files:
[23:28:36] /home/vinglis/genome_analysis/GenomeAnalysis/analysis/04_annotation/D3_prokka_output/bin.9.fa_prokka_out/PROKKA_05232021.log
[23:28:36] /home/vinglis/genome_analysis/GenomeAnalysis/analysis/04_annotation/D3_prokka_output/bin.9.fa_prokka_out/PROKKA_05232021.fna
[23:28:36] /home/vinglis/genome_analysis/GenomeAnalysis/analysis/04_annotation/D3_prokka_output/bin.9.fa_prokka_out/PROKKA_05232021.gff
[23:28:36] /home/vinglis/genome_analysis/GenomeAnalysis/analysis/04_annotation/D3_prokka_output/bin.9.fa_prokka_out/PROKKA_05232021.faa
[23:28:36] /home/vinglis/genome_analysis/GenomeAnalysis/analysis/04_annotation/D3_prokka_output/bin.9.fa_prokka_out/PROKKA_05232021.ffn
[23:28:36] /home/vinglis/genome_analysis/GenomeAnalysis/analysis/04_annotation/D3_prokka_output/bin.9.fa_prokka_out/PROKKA_05232021.tbl
[23:28:36] /home/vinglis/genome_analysis/GenomeAnalysis/analysis/04_annotation/D3_prokka_output/bin.9.fa_prokka_out/PROKKA_05232021.fsa
[23:28:36] /home/vinglis/genome_analysis/GenomeAnalysis/analysis/04_annotation/D3_prokka_output/bin.9.fa_prokka_out/PROKKA_05232021.tsv
[23:28:36] /home/vinglis/genome_analysis/GenomeAnalysis/analysis/04_annotation/D3_prokka_output/bin.9.fa_prokka_out/PROKKA_05232021.txt
[23:28:36] /home/vinglis/genome_analysis/GenomeAnalysis/analysis/04_annotation/D3_prokka_output/bin.9.fa_prokka_out/PROKKA_05232021.gbk
[23:28:36] /home/vinglis/genome_analysis/GenomeAnalysis/analysis/04_annotation/D3_prokka_output/bin.9.fa_prokka_out/PROKKA_05232021.sqn
[23:28:36] /home/vinglis/genome_analysis/GenomeAnalysis/analysis/04_annotation/D3_prokka_output/bin.9.fa_prokka_out/PROKKA_05232021.err
[23:28:36] Annotation finished successfully.
[23:28:36] Walltime used: 5.07 minutes
[23:28:36] If you use this result please cite the Prokka paper:
[23:28:36] Seemann T (2014) Prokka: rapid prokaryotic genome annotation. Bioinformatics. 30(14):2068-9.
[23:28:36] Type 'prokka --citation' for more details.
[23:28:36] Thank you, come again.
