[22:00:29] This is prokka 1.14.6
[22:00:29] Written by Torsten Seemann <torsten.seemann@gmail.com>
[22:00:29] Homepage is https://github.com/tseemann/prokka
[22:00:29] Local time is Sun May 23 22:00:29 2021
[22:00:29] You are vinglis
[22:00:29] Operating system is linux
[22:00:29] You have BioPerl 1.007001
[22:00:29] System has 16 cores.
[22:00:29] Will use maximum of 2 cores.
[22:00:29] Annotating as >>> Bacteria <<<
[22:00:29] Generating locus_tag from 'bin.15.fa' contents.
[22:00:29] Setting --locustag MGDGBLCM from MD5 60d0b5c6d5c7f08a76a77490ec3aa151
[22:00:29] Creating new output folder: /home/vinglis/genome_analysis/GenomeAnalysis/analysis/04_annotation/D3_prokka_output/bin.15.fa_prokka_out
[22:00:29] Running: mkdir -p \/home\/vinglis\/genome_analysis\/GenomeAnalysis\/analysis\/04_annotation\/D3_prokka_output\/bin\.15\.fa_prokka_out
[22:00:29] Using filename prefix: PROKKA_05232021.XXX
[22:00:29] Setting HMMER_NCPU=1
[22:00:29] Writing log to: /home/vinglis/genome_analysis/GenomeAnalysis/analysis/04_annotation/D3_prokka_output/bin.15.fa_prokka_out/PROKKA_05232021.log
[22:00:29] Command: /sw/bioinfo/prokka/1.45-5b58020/rackham/bin/prokka --outdir /home/vinglis/genome_analysis/GenomeAnalysis/analysis/04_annotation/D3_prokka_output/bin.15.fa_prokka_out --metagenome --cpus 2 bin.15.fa
[22:00:29] Appending to PATH: /sw/bioinfo/prokka/1.45-5b58020/rackham/bin/../binaries/linux
[22:00:29] Appending to PATH: /sw/bioinfo/prokka/1.45-5b58020/rackham/bin/../binaries/linux/../common
[22:00:29] Appending to PATH: /sw/bioinfo/prokka/1.45-5b58020/rackham/bin
[22:00:29] Looking for 'aragorn' - found /sw/bioinfo/prokka/1.45-5b58020/rackham/bin/../binaries/linux/aragorn
[22:00:29] Determined aragorn version is 001002 from 'ARAGORN v1.2.38 Dean Laslett'
[22:00:29] Looking for 'barrnap' - found /sw/bioinfo/barrnap/0.8/rackham/bin/barrnap
[22:00:29] Determined barrnap version is 000008 from 'barrnap 0.8'
[22:00:29] Looking for 'blastp' - found /sw/bioinfo/blast/2.11.0+/rackham/bin/blastp
[22:00:30] Determined blastp version is 002011 from 'blastp: 2.11.0+'
[22:00:30] Looking for 'cmpress' - found /sw/bioinfo/prokka/1.45-5b58020/rackham/bin/../binaries/linux/cmpress
[22:00:30] Determined cmpress version is 001001 from '# INFERNAL 1.1.2 (July 2016)'
[22:00:30] Looking for 'cmscan' - found /sw/bioinfo/prokka/1.45-5b58020/rackham/bin/../binaries/linux/cmscan
[22:00:30] Determined cmscan version is 001001 from '# INFERNAL 1.1.2 (July 2016)'
[22:00:30] Looking for 'egrep' - found /usr/bin/egrep
[22:00:30] Looking for 'find' - found /usr/bin/find
[22:00:30] Looking for 'grep' - found /usr/bin/grep
[22:00:30] Looking for 'hmmpress' - found /sw/apps/bioinfo/hmmer/3.1b2/rackham/bin/hmmpress
[22:00:30] Determined hmmpress version is 003001 from '# HMMER 3.1b2 (February 2015); http://hmmer.org/'
[22:00:30] Looking for 'hmmscan' - found /sw/apps/bioinfo/hmmer/3.1b2/rackham/bin/hmmscan
[22:00:30] Determined hmmscan version is 003001 from '# HMMER 3.1b2 (February 2015); http://hmmer.org/'
[22:00:30] Looking for 'java' - found /usr/bin/java
[22:00:30] Looking for 'makeblastdb' - found /sw/bioinfo/blast/2.11.0+/rackham/bin/makeblastdb
[22:00:31] Determined makeblastdb version is 002011 from 'makeblastdb: 2.11.0+'
[22:00:31] Looking for 'minced' - found /sw/apps/bioinfo/minced/0.2.0/rackham/minced
[22:00:31] Determined minced version is 002000 from 'minced 0.2.0'
[22:00:31] Looking for 'parallel' - found /sw/parallel/gnuparallel/20170122/rackham/bin/parallel
[22:00:31] Determined parallel version is 20170122 from 'GNU parallel 20170122'
[22:00:31] Looking for 'prodigal' - found /sw/apps/bioinfo/prodigal/2.6.3/rackham/bin/prodigal
[22:00:31] Determined prodigal version is 002006 from 'Prodigal V2.6.3: February, 2016'
[22:00:31] Looking for 'prokka-genbank_to_fasta_db' - found /sw/bioinfo/prokka/1.45-5b58020/rackham/bin/prokka-genbank_to_fasta_db
[22:00:31] Looking for 'sed' - found /usr/bin/sed
[22:00:31] Looking for 'signalp' - found /sw/bioinfo/SignalP/4.1f/rackham/signalp
[22:00:32] Determined signalp version is 004001 from '4.1 4785068'
[22:00:32] Looking for 'tbl2asn' - found /sw/bioinfo/tbl2asn/25.8/rackham/tbl2asn
[22:00:32] Determined tbl2asn version is 025008 from 'tbl2asn 25.8   arguments:'
[22:00:32] Using genetic code table 11.
[22:00:32] Loading and checking input file: bin.15.fa
[22:00:32] Wrote 81 contigs totalling 272083 bp.
[22:00:32] Predicting tRNAs and tmRNAs
[22:00:32] Running: aragorn -l -gc11  -w \/home\/vinglis\/genome_analysis\/GenomeAnalysis\/analysis\/04_annotation\/D3_prokka_output\/bin\.15\.fa_prokka_out\/PROKKA_05232021\.fna
[22:00:32] 1 tRNA-Gly [1445,1517] 34 (ccc)
[22:00:32] 1 tRNA-Glu c[1856,1930] 35 (ctc)
[22:00:32] 2 tRNA-Gln c[2005,2076] 34 (ctg)
[22:00:32] 1 tRNA-Ala c[2570,2642] 34 (tgc)
[22:00:32] Found 4 tRNAs
[22:00:32] Predicting Ribosomal RNAs
[22:00:32] Running Barrnap with 2 threads
[22:00:32] Found 0 rRNAs
[22:00:32] Skipping ncRNA search, enable with --rfam if desired.
[22:00:32] Total of 4 tRNA + rRNA features
[22:00:32] Searching for CRISPR repeats
[22:00:33] Found 0 CRISPRs
[22:00:33] Predicting coding sequences
[22:00:33] Contigs total 272083 bp, so using meta mode
[22:00:33] Running: prodigal -i \/home\/vinglis\/genome_analysis\/GenomeAnalysis\/analysis\/04_annotation\/D3_prokka_output\/bin\.15\.fa_prokka_out\/PROKKA_05232021\.fna -c -m -g 11 -p meta -f sco -q
[22:00:33] Found 313 CDS
[22:00:33] Connecting features back to sequences
[22:00:33] Not using genus-specific database. Try --usegenus to enable it.
[22:00:33] Annotating CDS, please be patient.
[22:00:33] Will use 2 CPUs for similarity searching.
[22:00:34] There are still 313 unannotated CDS left (started with 313)
[22:00:34] Will use blast to search against /sw/bioinfo/prokka/1.45-5b58020/rackham/db/kingdom/Bacteria/IS with 2 CPUs
[22:00:34] Running: cat \/home\/vinglis\/genome_analysis\/GenomeAnalysis\/analysis\/04_annotation\/D3_prokka_output\/bin\.15\.fa_prokka_out\/PROKKA_05232021\.IS\.tmp\.18674\.faa | parallel --gnu --plain -j 2 --block 19333 --recstart '>' --pipe blastp -query - -db /sw/bioinfo/prokka/1.45-5b58020/rackham/db/kingdom/Bacteria/IS -evalue 1e-30 -qcov_hsp_perc 90 -num_threads 1 -num_descriptions 1 -num_alignments 1 -seg no > \/home\/vinglis\/genome_analysis\/GenomeAnalysis\/analysis\/04_annotation\/D3_prokka_output\/bin\.15\.fa_prokka_out\/PROKKA_05232021\.IS\.tmp\.18674\.blast 2> /dev/null
[22:00:42] Deleting unwanted file: /home/vinglis/genome_analysis/GenomeAnalysis/analysis/04_annotation/D3_prokka_output/bin.15.fa_prokka_out/PROKKA_05232021.IS.tmp.18674.faa
[22:00:42] Deleting unwanted file: /home/vinglis/genome_analysis/GenomeAnalysis/analysis/04_annotation/D3_prokka_output/bin.15.fa_prokka_out/PROKKA_05232021.IS.tmp.18674.blast
[22:00:42] There are still 313 unannotated CDS left (started with 313)
[22:00:42] Will use blast to search against /sw/bioinfo/prokka/1.45-5b58020/rackham/db/kingdom/Bacteria/AMR with 2 CPUs
[22:00:42] Running: cat \/home\/vinglis\/genome_analysis\/GenomeAnalysis\/analysis\/04_annotation\/D3_prokka_output\/bin\.15\.fa_prokka_out\/PROKKA_05232021\.AMR\.tmp\.18674\.faa | parallel --gnu --plain -j 2 --block 19333 --recstart '>' --pipe blastp -query - -db /sw/bioinfo/prokka/1.45-5b58020/rackham/db/kingdom/Bacteria/AMR -evalue 9.99999999999999e-301 -qcov_hsp_perc 90 -num_threads 1 -num_descriptions 1 -num_alignments 1 -seg no > \/home\/vinglis\/genome_analysis\/GenomeAnalysis\/analysis\/04_annotation\/D3_prokka_output\/bin\.15\.fa_prokka_out\/PROKKA_05232021\.AMR\.tmp\.18674\.blast 2> /dev/null
[22:00:50] Deleting unwanted file: /home/vinglis/genome_analysis/GenomeAnalysis/analysis/04_annotation/D3_prokka_output/bin.15.fa_prokka_out/PROKKA_05232021.AMR.tmp.18674.faa
[22:00:50] Deleting unwanted file: /home/vinglis/genome_analysis/GenomeAnalysis/analysis/04_annotation/D3_prokka_output/bin.15.fa_prokka_out/PROKKA_05232021.AMR.tmp.18674.blast
[22:00:50] There are still 313 unannotated CDS left (started with 313)
[22:00:50] Will use blast to search against /sw/bioinfo/prokka/1.45-5b58020/rackham/db/kingdom/Bacteria/sprot with 2 CPUs
[22:00:50] Running: cat \/home\/vinglis\/genome_analysis\/GenomeAnalysis\/analysis\/04_annotation\/D3_prokka_output\/bin\.15\.fa_prokka_out\/PROKKA_05232021\.sprot\.tmp\.18674\.faa | parallel --gnu --plain -j 2 --block 19333 --recstart '>' --pipe blastp -query - -db /sw/bioinfo/prokka/1.45-5b58020/rackham/db/kingdom/Bacteria/sprot -evalue 1e-09 -qcov_hsp_perc 80 -num_threads 1 -num_descriptions 1 -num_alignments 1 -seg no > \/home\/vinglis\/genome_analysis\/GenomeAnalysis\/analysis\/04_annotation\/D3_prokka_output\/bin\.15\.fa_prokka_out\/PROKKA_05232021\.sprot\.tmp\.18674\.blast 2> /dev/null
[22:01:21] Modify product: Probable glycine dehydrogenase (decarboxylating) => putative glycine dehydrogenase (decarboxylating)
[22:01:21] Modify product: Uncharacterized ABC transporter ATP-binding protein TM_0288 => putative ABC transporter ATP-binding protein
[22:01:21] Modify product: Uncharacterized ABC transporter ATP-binding protein TM_0288 => putative ABC transporter ATP-binding protein
[22:01:21] Modify product: Uncharacterized FAD-linked oxidoreductase Rv2280 => putative FAD-linked oxidoreductase
[22:01:21] Modify product: Uncharacterized HIT-like protein HP_0404 => putative HIT-like protein
[22:01:21] Modify product: Uncharacterized protein YqeY => putative protein YqeY
[22:01:21] Modify product: Epimerase family protein Rv2216 => Epimerase family protein
[22:01:21] Modify product: Uncharacterized protein YciH => putative protein YciH
[22:01:21] Modify product: Probable transaldolase => putative transaldolase
[22:01:21] Modify product: Probable protein kinase UbiB => putative protein kinase UbiB
[22:01:21] Cleaned 10 /product names
[22:01:21] Deleting unwanted file: /home/vinglis/genome_analysis/GenomeAnalysis/analysis/04_annotation/D3_prokka_output/bin.15.fa_prokka_out/PROKKA_05232021.sprot.tmp.18674.faa
[22:01:21] Deleting unwanted file: /home/vinglis/genome_analysis/GenomeAnalysis/analysis/04_annotation/D3_prokka_output/bin.15.fa_prokka_out/PROKKA_05232021.sprot.tmp.18674.blast
[22:01:21] There are still 181 unannotated CDS left (started with 313)
[22:01:21] Will use hmmer3 to search against /sw/bioinfo/prokka/1.45-5b58020/rackham/db/hmm/HAMAP.hmm with 2 CPUs
[22:01:21] Running: cat \/home\/vinglis\/genome_analysis\/GenomeAnalysis\/analysis\/04_annotation\/D3_prokka_output\/bin\.15\.fa_prokka_out\/PROKKA_05232021\.HAMAP\.hmm\.tmp\.18674\.faa | parallel --gnu --plain -j 2 --block 9015 --recstart '>' --pipe hmmscan --noali --notextw --acc -E 1e-09 --cpu 1 /sw/bioinfo/prokka/1.45-5b58020/rackham/db/hmm/HAMAP.hmm /dev/stdin > \/home\/vinglis\/genome_analysis\/GenomeAnalysis\/analysis\/04_annotation\/D3_prokka_output\/bin\.15\.fa_prokka_out\/PROKKA_05232021\.HAMAP\.hmm\.tmp\.18674\.hmmer3 2> /dev/null
[22:01:37] Modify product: Uncharacterized Nudix hydrolase NudL => putative Nudix hydrolase NudL
[22:01:37] Cleaned 1 /product names
[22:01:37] Deleting unwanted file: /home/vinglis/genome_analysis/GenomeAnalysis/analysis/04_annotation/D3_prokka_output/bin.15.fa_prokka_out/PROKKA_05232021.HAMAP.hmm.tmp.18674.faa
[22:01:37] Deleting unwanted file: /home/vinglis/genome_analysis/GenomeAnalysis/analysis/04_annotation/D3_prokka_output/bin.15.fa_prokka_out/PROKKA_05232021.HAMAP.hmm.tmp.18674.hmmer3
[22:01:37] Labelling remaining 158 proteins as 'hypothetical protein'
[22:01:37] Possible /pseudo 'putative ABC transporter ATP-binding protein' at k105_59369 position 3955
[22:01:37] Found 144 unique /gene codes.
[22:01:37] Fixed 2 duplicate /gene - entS_1 entS_2
[22:01:37] Fixed 1 colliding /gene names.
[22:01:37] Adding /locus_tag identifiers
[22:01:37] Assigned 317 locus_tags to CDS and RNA features.
[22:01:37] Writing outputs to /home/vinglis/genome_analysis/GenomeAnalysis/analysis/04_annotation/D3_prokka_output/bin.15.fa_prokka_out/
[22:01:38] Generating annotation statistics file
[22:01:38] Generating Genbank and Sequin files
[22:01:38] Running: tbl2asn -V b -a r10k -l paired-ends -M n -N 1 -y 'Annotated using prokka 1.14.6 from https://github.com/tseemann/prokka' -Z \/home\/vinglis\/genome_analysis\/GenomeAnalysis\/analysis\/04_annotation\/D3_prokka_output\/bin\.15\.fa_prokka_out\/PROKKA_05232021\.err -i \/home\/vinglis\/genome_analysis\/GenomeAnalysis\/analysis\/04_annotation\/D3_prokka_output\/bin\.15\.fa_prokka_out\/PROKKA_05232021\.fsa 2> /dev/null
[22:01:39] Deleting unwanted file: /home/vinglis/genome_analysis/GenomeAnalysis/analysis/04_annotation/D3_prokka_output/bin.15.fa_prokka_out/errorsummary.val
[22:01:39] Deleting unwanted file: /home/vinglis/genome_analysis/GenomeAnalysis/analysis/04_annotation/D3_prokka_output/bin.15.fa_prokka_out/PROKKA_05232021.dr
[22:01:39] Deleting unwanted file: /home/vinglis/genome_analysis/GenomeAnalysis/analysis/04_annotation/D3_prokka_output/bin.15.fa_prokka_out/PROKKA_05232021.fixedproducts
[22:01:39] Deleting unwanted file: /home/vinglis/genome_analysis/GenomeAnalysis/analysis/04_annotation/D3_prokka_output/bin.15.fa_prokka_out/PROKKA_05232021.ecn
[22:01:39] Deleting unwanted file: /home/vinglis/genome_analysis/GenomeAnalysis/analysis/04_annotation/D3_prokka_output/bin.15.fa_prokka_out/PROKKA_05232021.val
[22:01:39] Repairing broken .GBK output that tbl2asn produces...
[22:01:39] Running: sed 's/COORDINATES: profile/COORDINATES:profile/' < \/home\/vinglis\/genome_analysis\/GenomeAnalysis\/analysis\/04_annotation\/D3_prokka_output\/bin\.15\.fa_prokka_out\/PROKKA_05232021\.gbf > \/home\/vinglis\/genome_analysis\/GenomeAnalysis\/analysis\/04_annotation\/D3_prokka_output\/bin\.15\.fa_prokka_out\/PROKKA_05232021\.gbk
[22:01:39] Deleting unwanted file: /home/vinglis/genome_analysis/GenomeAnalysis/analysis/04_annotation/D3_prokka_output/bin.15.fa_prokka_out/PROKKA_05232021.gbf
[22:01:39] Output files:
[22:01:39] /home/vinglis/genome_analysis/GenomeAnalysis/analysis/04_annotation/D3_prokka_output/bin.15.fa_prokka_out/PROKKA_05232021.log
[22:01:39] /home/vinglis/genome_analysis/GenomeAnalysis/analysis/04_annotation/D3_prokka_output/bin.15.fa_prokka_out/PROKKA_05232021.fna
[22:01:39] /home/vinglis/genome_analysis/GenomeAnalysis/analysis/04_annotation/D3_prokka_output/bin.15.fa_prokka_out/PROKKA_05232021.gff
[22:01:39] /home/vinglis/genome_analysis/GenomeAnalysis/analysis/04_annotation/D3_prokka_output/bin.15.fa_prokka_out/PROKKA_05232021.faa
[22:01:39] /home/vinglis/genome_analysis/GenomeAnalysis/analysis/04_annotation/D3_prokka_output/bin.15.fa_prokka_out/PROKKA_05232021.ffn
[22:01:39] /home/vinglis/genome_analysis/GenomeAnalysis/analysis/04_annotation/D3_prokka_output/bin.15.fa_prokka_out/PROKKA_05232021.tbl
[22:01:39] /home/vinglis/genome_analysis/GenomeAnalysis/analysis/04_annotation/D3_prokka_output/bin.15.fa_prokka_out/PROKKA_05232021.fsa
[22:01:39] /home/vinglis/genome_analysis/GenomeAnalysis/analysis/04_annotation/D3_prokka_output/bin.15.fa_prokka_out/PROKKA_05232021.tsv
[22:01:39] /home/vinglis/genome_analysis/GenomeAnalysis/analysis/04_annotation/D3_prokka_output/bin.15.fa_prokka_out/PROKKA_05232021.txt
[22:01:39] /home/vinglis/genome_analysis/GenomeAnalysis/analysis/04_annotation/D3_prokka_output/bin.15.fa_prokka_out/PROKKA_05232021.sqn
[22:01:39] /home/vinglis/genome_analysis/GenomeAnalysis/analysis/04_annotation/D3_prokka_output/bin.15.fa_prokka_out/PROKKA_05232021.gbk
[22:01:39] /home/vinglis/genome_analysis/GenomeAnalysis/analysis/04_annotation/D3_prokka_output/bin.15.fa_prokka_out/PROKKA_05232021.err
[22:01:39] Annotation finished successfully.
[22:01:39] Walltime used: 1.17 minutes
[22:01:39] If you use this result please cite the Prokka paper:
[22:01:39] Seemann T (2014) Prokka: rapid prokaryotic genome annotation. Bioinformatics. 30(14):2068-9.
[22:01:39] Type 'prokka --citation' for more details.
[22:01:39] Thank you, come again.
