[22:59:46] This is prokka 1.14.6
[22:59:46] Written by Torsten Seemann <torsten.seemann@gmail.com>
[22:59:46] Homepage is https://github.com/tseemann/prokka
[22:59:46] Local time is Sun May 23 22:59:46 2021
[22:59:46] You are vinglis
[22:59:46] Operating system is linux
[22:59:46] You have BioPerl 1.007001
[22:59:46] System has 16 cores.
[22:59:46] Will use maximum of 2 cores.
[22:59:46] Annotating as >>> Bacteria <<<
[22:59:46] Generating locus_tag from 'bin.4.fa' contents.
[22:59:46] Setting --locustag AAJBEEMI from MD5 aa3bee6291c7eb1b720a0fb1fa78ef46
[22:59:46] Creating new output folder: /home/vinglis/genome_analysis/GenomeAnalysis/analysis/04_annotation/D3_prokka_output/bin.4.fa_prokka_out
[22:59:46] Running: mkdir -p \/home\/vinglis\/genome_analysis\/GenomeAnalysis\/analysis\/04_annotation\/D3_prokka_output\/bin\.4\.fa_prokka_out
[22:59:46] Using filename prefix: PROKKA_05232021.XXX
[22:59:46] Setting HMMER_NCPU=1
[22:59:46] Writing log to: /home/vinglis/genome_analysis/GenomeAnalysis/analysis/04_annotation/D3_prokka_output/bin.4.fa_prokka_out/PROKKA_05232021.log
[22:59:46] Command: /sw/bioinfo/prokka/1.45-5b58020/rackham/bin/prokka --outdir /home/vinglis/genome_analysis/GenomeAnalysis/analysis/04_annotation/D3_prokka_output/bin.4.fa_prokka_out --metagenome --cpus 2 bin.4.fa
[22:59:46] Appending to PATH: /sw/bioinfo/prokka/1.45-5b58020/rackham/bin/../binaries/linux
[22:59:46] Appending to PATH: /sw/bioinfo/prokka/1.45-5b58020/rackham/bin/../binaries/linux/../common
[22:59:46] Appending to PATH: /sw/bioinfo/prokka/1.45-5b58020/rackham/bin
[22:59:46] Looking for 'aragorn' - found /sw/bioinfo/prokka/1.45-5b58020/rackham/bin/../binaries/linux/aragorn
[22:59:46] Determined aragorn version is 001002 from 'ARAGORN v1.2.38 Dean Laslett'
[22:59:46] Looking for 'barrnap' - found /sw/bioinfo/barrnap/0.8/rackham/bin/barrnap
[22:59:46] Determined barrnap version is 000008 from 'barrnap 0.8'
[22:59:46] Looking for 'blastp' - found /sw/bioinfo/blast/2.11.0+/rackham/bin/blastp
[22:59:47] Determined blastp version is 002011 from 'blastp: 2.11.0+'
[22:59:47] Looking for 'cmpress' - found /sw/bioinfo/prokka/1.45-5b58020/rackham/bin/../binaries/linux/cmpress
[22:59:47] Determined cmpress version is 001001 from '# INFERNAL 1.1.2 (July 2016)'
[22:59:47] Looking for 'cmscan' - found /sw/bioinfo/prokka/1.45-5b58020/rackham/bin/../binaries/linux/cmscan
[22:59:47] Determined cmscan version is 001001 from '# INFERNAL 1.1.2 (July 2016)'
[22:59:47] Looking for 'egrep' - found /usr/bin/egrep
[22:59:47] Looking for 'find' - found /usr/bin/find
[22:59:47] Looking for 'grep' - found /usr/bin/grep
[22:59:47] Looking for 'hmmpress' - found /sw/apps/bioinfo/hmmer/3.1b2/rackham/bin/hmmpress
[22:59:47] Determined hmmpress version is 003001 from '# HMMER 3.1b2 (February 2015); http://hmmer.org/'
[22:59:47] Looking for 'hmmscan' - found /sw/apps/bioinfo/hmmer/3.1b2/rackham/bin/hmmscan
[22:59:47] Determined hmmscan version is 003001 from '# HMMER 3.1b2 (February 2015); http://hmmer.org/'
[22:59:47] Looking for 'java' - found /usr/bin/java
[22:59:47] Looking for 'makeblastdb' - found /sw/bioinfo/blast/2.11.0+/rackham/bin/makeblastdb
[22:59:48] Determined makeblastdb version is 002011 from 'makeblastdb: 2.11.0+'
[22:59:48] Looking for 'minced' - found /sw/apps/bioinfo/minced/0.2.0/rackham/minced
[22:59:48] Determined minced version is 002000 from 'minced 0.2.0'
[22:59:48] Looking for 'parallel' - found /sw/parallel/gnuparallel/20170122/rackham/bin/parallel
[22:59:48] Determined parallel version is 20170122 from 'GNU parallel 20170122'
[22:59:48] Looking for 'prodigal' - found /sw/apps/bioinfo/prodigal/2.6.3/rackham/bin/prodigal
[22:59:48] Determined prodigal version is 002006 from 'Prodigal V2.6.3: February, 2016'
[22:59:48] Looking for 'prokka-genbank_to_fasta_db' - found /sw/bioinfo/prokka/1.45-5b58020/rackham/bin/prokka-genbank_to_fasta_db
[22:59:48] Looking for 'sed' - found /usr/bin/sed
[22:59:48] Looking for 'signalp' - found /sw/bioinfo/SignalP/4.1f/rackham/signalp
[22:59:48] Determined signalp version is 004001 from '4.1 4785068'
[22:59:48] Looking for 'tbl2asn' - found /sw/bioinfo/tbl2asn/25.8/rackham/tbl2asn
[22:59:48] Determined tbl2asn version is 025008 from 'tbl2asn 25.8   arguments:'
[22:59:48] Using genetic code table 11.
[22:59:48] Loading and checking input file: bin.4.fa
[22:59:49] Wrote 198 contigs totalling 1173401 bp.
[22:59:49] Predicting tRNAs and tmRNAs
[22:59:49] Running: aragorn -l -gc11  -w \/home\/vinglis\/genome_analysis\/GenomeAnalysis\/analysis\/04_annotation\/D3_prokka_output\/bin\.4\.fa_prokka_out\/PROKKA_05232021\.fna
[22:59:49] 1 tRNA-Asp c[2232,2309] 36 (gtc)
[22:59:49] 1 tRNA-Val c[8480,8556] 35 (gac)
[22:59:49] 1 tRNA-Asn [1251,1326] 34 (gtt)
[22:59:49] 1 tRNA-Ser [5419,5509] 35 (gct)
[22:59:49] 1 tRNA-Leu [2021,2105] 35 (tag)
[22:59:49] 1 tRNA-Pro [4994,5068] 35 (ggg)
[22:59:49] 1 tRNA-Glu c[4637,4712] 35 (ttc)
[22:59:49] 1 tRNA-Leu c[10860,10946] 35 (taa)
[22:59:49] 1 tRNA-Arg c[5384,5460] 35 (cct)
[22:59:49] 1 tRNA-Leu c[7643,7725] 36 (gag)
[22:59:49] 1 tRNA-Ser [425,514] 35 (tga)
[22:59:49] 1 tRNA-Gln [8679,8753] 33 (ttg)
[22:59:49] 1 tRNA-Met c[6449,6525] 35 (cat)
[22:59:49] 1 tRNA-Arg c[1840,1932] 38 (tct)
[22:59:49] 1 tRNA-Lys c[296,371] 34 (ttt)
[22:59:49] 1 tRNA-Met [2760,2836] 35 (cat)
[22:59:49] 1 tRNA-Cys [5311,5382] 33 (gca)
[22:59:49] 2 tRNA-Leu [5391,5477] 35 (taa)
[22:59:49] Found 18 tRNAs
[22:59:49] Predicting Ribosomal RNAs
[22:59:49] Running Barrnap with 2 threads
[22:59:50] Found 0 rRNAs
[22:59:50] Skipping ncRNA search, enable with --rfam if desired.
[22:59:50] Total of 18 tRNA + rRNA features
[22:59:50] Searching for CRISPR repeats
[22:59:51] Found 0 CRISPRs
[22:59:51] Predicting coding sequences
[22:59:51] Contigs total 1173401 bp, so using meta mode
[22:59:51] Running: prodigal -i \/home\/vinglis\/genome_analysis\/GenomeAnalysis\/analysis\/04_annotation\/D3_prokka_output\/bin\.4\.fa_prokka_out\/PROKKA_05232021\.fna -c -m -g 11 -p meta -f sco -q
[22:59:54] Excluding CDS which overlaps existing RNA (tRNA) at k105_84480:1197..2204 on - strand
[22:59:55] Found 1083 CDS
[22:59:55] Connecting features back to sequences
[22:59:55] Not using genus-specific database. Try --usegenus to enable it.
[22:59:55] Annotating CDS, please be patient.
[22:59:55] Will use 2 CPUs for similarity searching.
[22:59:55] There are still 1083 unannotated CDS left (started with 1083)
[22:59:55] Will use blast to search against /sw/bioinfo/prokka/1.45-5b58020/rackham/db/kingdom/Bacteria/IS with 2 CPUs
[22:59:55] Running: cat \/home\/vinglis\/genome_analysis\/GenomeAnalysis\/analysis\/04_annotation\/D3_prokka_output\/bin\.4\.fa_prokka_out\/PROKKA_05232021\.IS\.tmp\.43717\.faa | parallel --gnu --plain -j 2 --block 84744 --recstart '>' --pipe blastp -query - -db /sw/bioinfo/prokka/1.45-5b58020/rackham/db/kingdom/Bacteria/IS -evalue 1e-30 -qcov_hsp_perc 90 -num_threads 1 -num_descriptions 1 -num_alignments 1 -seg no > \/home\/vinglis\/genome_analysis\/GenomeAnalysis\/analysis\/04_annotation\/D3_prokka_output\/bin\.4\.fa_prokka_out\/PROKKA_05232021\.IS\.tmp\.43717\.blast 2> /dev/null
[23:00:22] Deleting unwanted file: /home/vinglis/genome_analysis/GenomeAnalysis/analysis/04_annotation/D3_prokka_output/bin.4.fa_prokka_out/PROKKA_05232021.IS.tmp.43717.faa
[23:00:22] Deleting unwanted file: /home/vinglis/genome_analysis/GenomeAnalysis/analysis/04_annotation/D3_prokka_output/bin.4.fa_prokka_out/PROKKA_05232021.IS.tmp.43717.blast
[23:00:23] There are still 1083 unannotated CDS left (started with 1083)
[23:00:23] Will use blast to search against /sw/bioinfo/prokka/1.45-5b58020/rackham/db/kingdom/Bacteria/AMR with 2 CPUs
[23:00:23] Running: cat \/home\/vinglis\/genome_analysis\/GenomeAnalysis\/analysis\/04_annotation\/D3_prokka_output\/bin\.4\.fa_prokka_out\/PROKKA_05232021\.AMR\.tmp\.43717\.faa | parallel --gnu --plain -j 2 --block 84744 --recstart '>' --pipe blastp -query - -db /sw/bioinfo/prokka/1.45-5b58020/rackham/db/kingdom/Bacteria/AMR -evalue 9.99999999999999e-301 -qcov_hsp_perc 90 -num_threads 1 -num_descriptions 1 -num_alignments 1 -seg no > \/home\/vinglis\/genome_analysis\/GenomeAnalysis\/analysis\/04_annotation\/D3_prokka_output\/bin\.4\.fa_prokka_out\/PROKKA_05232021\.AMR\.tmp\.43717\.blast 2> /dev/null
[23:00:46] Deleting unwanted file: /home/vinglis/genome_analysis/GenomeAnalysis/analysis/04_annotation/D3_prokka_output/bin.4.fa_prokka_out/PROKKA_05232021.AMR.tmp.43717.faa
[23:00:46] Deleting unwanted file: /home/vinglis/genome_analysis/GenomeAnalysis/analysis/04_annotation/D3_prokka_output/bin.4.fa_prokka_out/PROKKA_05232021.AMR.tmp.43717.blast
[23:00:46] There are still 1083 unannotated CDS left (started with 1083)
[23:00:46] Will use blast to search against /sw/bioinfo/prokka/1.45-5b58020/rackham/db/kingdom/Bacteria/sprot with 2 CPUs
[23:00:46] Running: cat \/home\/vinglis\/genome_analysis\/GenomeAnalysis\/analysis\/04_annotation\/D3_prokka_output\/bin\.4\.fa_prokka_out\/PROKKA_05232021\.sprot\.tmp\.43717\.faa | parallel --gnu --plain -j 2 --block 84744 --recstart '>' --pipe blastp -query - -db /sw/bioinfo/prokka/1.45-5b58020/rackham/db/kingdom/Bacteria/sprot -evalue 1e-09 -qcov_hsp_perc 80 -num_threads 1 -num_descriptions 1 -num_alignments 1 -seg no > \/home\/vinglis\/genome_analysis\/GenomeAnalysis\/analysis\/04_annotation\/D3_prokka_output\/bin\.4\.fa_prokka_out\/PROKKA_05232021\.sprot\.tmp\.43717\.blast 2> /dev/null
[23:02:39] Modify product: Acetyltransferase SACOL1063 => Acetyltransferase
[23:02:39] Modify product: Uncharacterized transporter Rv2685 => putative transporter
[23:02:39] Modify product: Probable enoyl-CoA hydratase 1 => putative enoyl-CoA hydratase 1
[23:02:39] Modify product: Probable enoyl-CoA hydratase => putative enoyl-CoA hydratase
[23:02:39] Modify product: Uncharacterized symporter YjmB => putative symporter YjmB
[23:02:39] Modify product: Peroxiredoxin sll1621 => Peroxiredoxin
[23:02:39] Modify product: UPF0111 protein HI_1603 => hypothetical protein
[23:02:39] Modify product: Uncharacterized ABC transporter ATP-binding protein YknY => putative ABC transporter ATP-binding protein YknY
[23:02:39] Modify product: Probable HTH-type transcriptional repressor ExuR => putative HTH-type transcriptional repressor ExuR
[23:02:39] Modify product: Probable TonB-dependent receptor BfrD => putative TonB-dependent receptor BfrD
[23:02:39] Modify product: Probable ATP-dependent transporter SufC => putative ATP-dependent transporter SufC
[23:02:39] Modify product: Uncharacterized oxidoreductase YohF => putative oxidoreductase YohF
[23:02:39] Modify product: Putative transport protein Rv1101c => Putative transport protein
[23:02:39] Modify product: Uncharacterized FAD-linked oxidoreductase Rv2280 => putative FAD-linked oxidoreductase
[23:02:39] Modify product: Glutathione peroxidase homolog BsaA => Glutathione peroxidase BsaA
[23:02:39] Modify product: Probable multidrug ABC transporter permease YbhS => putative multidrug ABC transporter permease YbhS
[23:02:39] Modify product: Probable iron export permease protein FetB => putative iron export permease protein FetB
[23:02:39] Modify product: Uncharacterized oxidoreductase Rv2900c => putative oxidoreductase
[23:02:39] Modify product: Peroxiredoxin sll1621 => Peroxiredoxin
[23:02:39] Modify product: Probable L-galactonate transporter => putative L-galactonate transporter
[23:02:39] Modify product: Probable transcriptional regulatory protein CBU_1566 => putative transcriptional regulatory protein
[23:02:39] Modify product: Uncharacterized protein Rv0036c => putative protein
[23:02:39] Modify product: Probable propionyl-CoA carboxylase beta chain 5 => putative propionyl-CoA carboxylase beta chain 5
[23:02:39] Modify product: Probable lipid II flippase MurJ => putative lipid II flippase MurJ
[23:02:40] Modify product: UPF0070 protein HI_0370 => hypothetical protein
[23:02:40] Modify product: Monocarboxylate 2-oxoacid-binding periplasmic protein all3028 => Monocarboxylate 2-oxoacid-binding periplasmic protein
[23:02:40] Modify product: Probable enoyl-CoA hydratase 1 => putative enoyl-CoA hydratase 1
[23:02:40] Modify product: Probable enoyl-CoA hydratase echA8 => putative enoyl-CoA hydratase echA8
[23:02:40] Modify product: Segregation and condensation protein B homolog => Segregation and condensation protein B 
[23:02:40] Modify product: Uncharacterized oxidoreductase YciK => putative oxidoreductase YciK
[23:02:40] Modify product: Putative low molecular weight protein-tyrosine-phosphatase slr0328 => Putative low molecular weight protein-tyrosine-phosphatase
[23:02:40] Modify product: Uncharacterized protein YfgD => putative protein YfgD
[23:02:40] Modify product: Uncharacterized protein Rv2915c => putative protein
[23:02:40] Modify product: Uncharacterized peptidase SA1530 => putative peptidase
[23:02:40] Modify product: Probable enoyl-CoA hydratase 1 => putative enoyl-CoA hydratase 1
[23:02:40] Modify product: Acetyltransferase SACOL1063 => Acetyltransferase
[23:02:40] Cleaned 36 /product names
[23:02:40] Deleting unwanted file: /home/vinglis/genome_analysis/GenomeAnalysis/analysis/04_annotation/D3_prokka_output/bin.4.fa_prokka_out/PROKKA_05232021.sprot.tmp.43717.faa
[23:02:40] Deleting unwanted file: /home/vinglis/genome_analysis/GenomeAnalysis/analysis/04_annotation/D3_prokka_output/bin.4.fa_prokka_out/PROKKA_05232021.sprot.tmp.43717.blast
[23:02:40] There are still 475 unannotated CDS left (started with 1083)
[23:02:40] Will use hmmer3 to search against /sw/bioinfo/prokka/1.45-5b58020/rackham/db/hmm/HAMAP.hmm with 2 CPUs
[23:02:40] Running: cat \/home\/vinglis\/genome_analysis\/GenomeAnalysis\/analysis\/04_annotation\/D3_prokka_output\/bin\.4\.fa_prokka_out\/PROKKA_05232021\.HAMAP\.hmm\.tmp\.43717\.faa | parallel --gnu --plain -j 2 --block 31786 --recstart '>' --pipe hmmscan --noali --notextw --acc -E 1e-09 --cpu 1 /sw/bioinfo/prokka/1.45-5b58020/rackham/db/hmm/HAMAP.hmm /dev/stdin > \/home\/vinglis\/genome_analysis\/GenomeAnalysis\/analysis\/04_annotation\/D3_prokka_output\/bin\.4\.fa_prokka_out\/PROKKA_05232021\.HAMAP\.hmm\.tmp\.43717\.hmmer3 2> /dev/null
[23:03:23] Modify product: Uncharacterized MFS-type transporter YcaD => putative MFS-type transporter YcaD
[23:03:23] Modify product: Uncharacterized Nudix hydrolase NudL => putative Nudix hydrolase NudL
[23:03:23] Cleaned 2 /product names
[23:03:23] Deleting unwanted file: /home/vinglis/genome_analysis/GenomeAnalysis/analysis/04_annotation/D3_prokka_output/bin.4.fa_prokka_out/PROKKA_05232021.HAMAP.hmm.tmp.43717.faa
[23:03:23] Deleting unwanted file: /home/vinglis/genome_analysis/GenomeAnalysis/analysis/04_annotation/D3_prokka_output/bin.4.fa_prokka_out/PROKKA_05232021.HAMAP.hmm.tmp.43717.hmmer3
[23:03:23] Labelling remaining 383 proteins as 'hypothetical protein'
[23:03:23] Possible /pseudo 'Macrolide export ATP-binding/permease protein MacB' at k105_89441 position 21337
[23:03:23] Possible /pseudo 'L-lactate transporter' at k105_14906 position 1162
[23:03:23] Possible /pseudo 'Methionine--tRNA ligase' at k105_171419 position 12188
[23:03:23] Found 522 unique /gene codes.
[23:03:23] Fixed 2 duplicate /gene - cysS_1 cysS_2
[23:03:23] Fixed 2 duplicate /gene - spuE_1 spuE_2
[23:03:23] Fixed 2 duplicate /gene - sspA_1 sspA_2
[23:03:23] Fixed 2 duplicate /gene - nicF_1 nicF_2
[23:03:23] Fixed 2 duplicate /gene - hisI_1 hisI_2
[23:03:23] Fixed 3 duplicate /gene - bepA_1 bepA_2 bepA_3
[23:03:23] Fixed 2 duplicate /gene - mepA_1 mepA_2
[23:03:23] Fixed 2 duplicate /gene - puuB_1 puuB_2
[23:03:23] Fixed 2 duplicate /gene - mnmA_1 mnmA_2
[23:03:23] Fixed 2 duplicate /gene - acn_1 acn_2
[23:03:23] Fixed 3 duplicate /gene - COQ5_1 COQ5_2 COQ5_3
[23:03:23] Fixed 2 duplicate /gene - erpA_1 erpA_2
[23:03:23] Fixed 2 duplicate /gene - pmbA_1 pmbA_2
[23:03:23] Fixed 2 duplicate /gene - korA_1 korA_2
[23:03:23] Fixed 3 duplicate /gene - allB_1 allB_2 allB_3
[23:03:23] Fixed 2 duplicate /gene - gltB_1 gltB_2
[23:03:23] Fixed 2 duplicate /gene - lipA_1 lipA_2
[23:03:23] Fixed 2 duplicate /gene - lptE_1 lptE_2
[23:03:23] Fixed 2 duplicate /gene - purE_1 purE_2
[23:03:23] Fixed 2 duplicate /gene - tauD_1 tauD_2
[23:03:23] Fixed 2 duplicate /gene - fyuA_1 fyuA_2
[23:03:23] Fixed 2 duplicate /gene - pntB_1 pntB_2
[23:03:23] Fixed 2 duplicate /gene - gpuA_1 gpuA_2
[23:03:23] Fixed 2 duplicate /gene - aspC_1 aspC_2
[23:03:23] Fixed 2 duplicate /gene - rpiA_1 rpiA_2
[23:03:23] Fixed 3 duplicate /gene - ruvB_1 ruvB_2 ruvB_3
[23:03:23] Fixed 2 duplicate /gene - leuS_1 leuS_2
[23:03:23] Fixed 2 duplicate /gene - lipB_1 lipB_2
[23:03:23] Fixed 2 duplicate /gene - linB_1 linB_2
[23:03:23] Fixed 2 duplicate /gene - ydcV_1 ydcV_2
[23:03:23] Fixed 2 duplicate /gene - tatD_1 tatD_2
[23:03:23] Fixed 2 duplicate /gene - leuC_1 leuC_2
[23:03:23] Fixed 2 duplicate /gene - pgsA_1 pgsA_2
[23:03:23] Fixed 2 duplicate /gene - nagZ_1 nagZ_2
[23:03:23] Fixed 2 duplicate /gene - apaH_1 apaH_2
[23:03:23] Fixed 4 duplicate /gene - menH_1 menH_2 menH_3 menH_4
[23:03:23] Fixed 3 duplicate /gene - dctM_1 dctM_2 dctM_3
[23:03:23] Fixed 2 duplicate /gene - purC_1 purC_2
[23:03:23] Fixed 2 duplicate /gene - murU_1 murU_2
[23:03:23] Fixed 2 duplicate /gene - thrC_1 thrC_2
[23:03:23] Fixed 2 duplicate /gene - hisC_1 hisC_2
[23:03:23] Fixed 2 duplicate /gene - purB_1 purB_2
[23:03:23] Fixed 2 duplicate /gene - leuD1_1 leuD1_2
[23:03:23] Fixed 2 duplicate /gene - tldD_1 tldD_2
[23:03:23] Fixed 2 duplicate /gene - fumC_1 fumC_2
[23:03:23] Fixed 2 duplicate /gene - mfd_1 mfd_2
[23:03:23] Fixed 2 duplicate /gene - apc3_1 apc3_2
[23:03:23] Fixed 2 duplicate /gene - fadJ_1 fadJ_2
[23:03:23] Fixed 2 duplicate /gene - tyrA_1 tyrA_2
[23:03:23] Fixed 2 duplicate /gene - torD_1 torD_2
[23:03:23] Fixed 2 duplicate /gene - lgt_1 lgt_2
[23:03:23] Fixed 2 duplicate /gene - dmdC_1 dmdC_2
[23:03:23] Fixed 2 duplicate /gene - mscS_1 mscS_2
[23:03:23] Fixed 2 duplicate /gene - idi_1 idi_2
[23:03:23] Fixed 3 duplicate /gene - apc4_1 apc4_2 apc4_3
[23:03:23] Fixed 4 duplicate /gene - nanT_1 nanT_2 nanT_3 nanT_4
[23:03:23] Fixed 2 duplicate /gene - pntAA_1 pntAA_2
[23:03:23] Fixed 2 duplicate /gene - tolQ_1 tolQ_2
[23:03:23] Fixed 2 duplicate /gene - rplM_1 rplM_2
[23:03:23] Fixed 2 duplicate /gene - amiC_1 amiC_2
[23:03:23] Fixed 2 duplicate /gene - vgb_1 vgb_2
[23:03:23] Fixed 2 duplicate /gene - rppH_1 rppH_2
[23:03:23] Fixed 3 duplicate /gene - smtB_1 smtB_2 smtB_3
[23:03:23] Fixed 2 duplicate /gene - curA_1 curA_2
[23:03:23] Fixed 2 duplicate /gene - aceB_1 aceB_2
[23:03:23] Fixed 3 duplicate /gene - ilvE_1 ilvE_2 ilvE_3
[23:03:23] Fixed 2 duplicate /gene - potH_1 potH_2
[23:03:23] Fixed 2 duplicate /gene - amgK_1 amgK_2
[23:03:23] Fixed 5 duplicate /gene - nfdA_1 nfdA_2 nfdA_3 nfdA_4 nfdA_5
[23:03:23] Fixed 2 duplicate /gene - pccB_1 pccB_2
[23:03:23] Fixed 2 duplicate /gene - ubiD_1 ubiD_2
[23:03:23] Fixed 2 duplicate /gene - rpsI_1 rpsI_2
[23:03:23] Fixed 2 duplicate /gene - dnaQ_1 dnaQ_2
[23:03:23] Fixed 2 duplicate /gene - pdxJ_1 pdxJ_2
[23:03:23] Fixed 2 duplicate /gene - recR_1 recR_2
[23:03:23] Fixed 2 duplicate /gene - sfrB_1 sfrB_2
[23:03:23] Fixed 2 duplicate /gene - gltA_1 gltA_2
[23:03:23] Fixed 2 duplicate /gene - pdxA_1 pdxA_2
[23:03:23] Fixed 3 duplicate /gene - dhmA_1 dhmA_2 dhmA_3
[23:03:23] Fixed 2 duplicate /gene - galK_1 galK_2
[23:03:23] Fixed 2 duplicate /gene - tmk_1 tmk_2
[23:03:23] Fixed 2 duplicate /gene - pntA_1 pntA_2
[23:03:23] Fixed 2 duplicate /gene - metC_1 metC_2
[23:03:23] Fixed 2 duplicate /gene - lolD_1 lolD_2
[23:03:23] Fixed 2 duplicate /gene - lptD_1 lptD_2
[23:03:23] Fixed 2 duplicate /gene - glmU_1 glmU_2
[23:03:23] Fixed 2 duplicate /gene - metG_1 metG_2
[23:03:23] Fixed 2 duplicate /gene - nit1_1 nit1_2
[23:03:23] Fixed 2 duplicate /gene - dpaL_1 dpaL_2
[23:03:23] Fixed 2 duplicate /gene - trmB_1 trmB_2
[23:03:23] Fixed 2 duplicate /gene - macB_1 macB_2
[23:03:23] Fixed 3 duplicate /gene - glpE_1 glpE_2 glpE_3
[23:03:23] Fixed 2 duplicate /gene - serA_1 serA_2
[23:03:23] Fixed 2 duplicate /gene - rpoH_1 rpoH_2
[23:03:23] Fixed 3 duplicate /gene - surA_1 surA_2 surA_3
[23:03:23] Fixed 2 duplicate /gene - sufE_1 sufE_2
[23:03:23] Fixed 2 duplicate /gene - fgd_1 fgd_2
[23:03:23] Fixed 2 duplicate /gene - aceA_1 aceA_2
[23:03:23] Fixed 2 duplicate /gene - rsmA_1 rsmA_2
[23:03:23] Fixed 2 duplicate /gene - rpe_1 rpe_2
[23:03:23] Fixed 2 duplicate /gene - acsA_1 acsA_2
[23:03:23] Fixed 12 duplicate /gene - btuB_1 btuB_2 btuB_3 btuB_4 btuB_5 btuB_6 btuB_7 btuB_8 btuB_9 btuB_10 btuB_11 btuB_12
[23:03:23] Fixed 2 duplicate /gene - rsgA_1 rsgA_2
[23:03:23] Fixed 2 duplicate /gene - pepP_1 pepP_2
[23:03:23] Fixed 2 duplicate /gene - dld_1 dld_2
[23:03:23] Fixed 2 duplicate /gene - hutI_1 hutI_2
[23:03:23] Fixed 2 duplicate /gene - selO_1 selO_2
[23:03:23] Fixed 2 duplicate /gene - rocD_1 rocD_2
[23:03:23] Fixed 108 colliding /gene names.
[23:03:23] Adding /locus_tag identifiers
[23:03:23] Assigned 1101 locus_tags to CDS and RNA features.
[23:03:23] Writing outputs to /home/vinglis/genome_analysis/GenomeAnalysis/analysis/04_annotation/D3_prokka_output/bin.4.fa_prokka_out/
[23:03:24] Generating annotation statistics file
[23:03:24] Generating Genbank and Sequin files
[23:03:24] Running: tbl2asn -V b -a r10k -l paired-ends -M n -N 1 -y 'Annotated using prokka 1.14.6 from https://github.com/tseemann/prokka' -Z \/home\/vinglis\/genome_analysis\/GenomeAnalysis\/analysis\/04_annotation\/D3_prokka_output\/bin\.4\.fa_prokka_out\/PROKKA_05232021\.err -i \/home\/vinglis\/genome_analysis\/GenomeAnalysis\/analysis\/04_annotation\/D3_prokka_output\/bin\.4\.fa_prokka_out\/PROKKA_05232021\.fsa 2> /dev/null
[23:03:27] Deleting unwanted file: /home/vinglis/genome_analysis/GenomeAnalysis/analysis/04_annotation/D3_prokka_output/bin.4.fa_prokka_out/errorsummary.val
[23:03:27] Deleting unwanted file: /home/vinglis/genome_analysis/GenomeAnalysis/analysis/04_annotation/D3_prokka_output/bin.4.fa_prokka_out/PROKKA_05232021.dr
[23:03:27] Deleting unwanted file: /home/vinglis/genome_analysis/GenomeAnalysis/analysis/04_annotation/D3_prokka_output/bin.4.fa_prokka_out/PROKKA_05232021.fixedproducts
[23:03:27] Deleting unwanted file: /home/vinglis/genome_analysis/GenomeAnalysis/analysis/04_annotation/D3_prokka_output/bin.4.fa_prokka_out/PROKKA_05232021.ecn
[23:03:27] Deleting unwanted file: /home/vinglis/genome_analysis/GenomeAnalysis/analysis/04_annotation/D3_prokka_output/bin.4.fa_prokka_out/PROKKA_05232021.val
[23:03:27] Repairing broken .GBK output that tbl2asn produces...
[23:03:27] Running: sed 's/COORDINATES: profile/COORDINATES:profile/' < \/home\/vinglis\/genome_analysis\/GenomeAnalysis\/analysis\/04_annotation\/D3_prokka_output\/bin\.4\.fa_prokka_out\/PROKKA_05232021\.gbf > \/home\/vinglis\/genome_analysis\/GenomeAnalysis\/analysis\/04_annotation\/D3_prokka_output\/bin\.4\.fa_prokka_out\/PROKKA_05232021\.gbk
[23:03:27] Deleting unwanted file: /home/vinglis/genome_analysis/GenomeAnalysis/analysis/04_annotation/D3_prokka_output/bin.4.fa_prokka_out/PROKKA_05232021.gbf
[23:03:27] Output files:
[23:03:27] /home/vinglis/genome_analysis/GenomeAnalysis/analysis/04_annotation/D3_prokka_output/bin.4.fa_prokka_out/PROKKA_05232021.log
[23:03:27] /home/vinglis/genome_analysis/GenomeAnalysis/analysis/04_annotation/D3_prokka_output/bin.4.fa_prokka_out/PROKKA_05232021.fna
[23:03:27] /home/vinglis/genome_analysis/GenomeAnalysis/analysis/04_annotation/D3_prokka_output/bin.4.fa_prokka_out/PROKKA_05232021.gff
[23:03:27] /home/vinglis/genome_analysis/GenomeAnalysis/analysis/04_annotation/D3_prokka_output/bin.4.fa_prokka_out/PROKKA_05232021.faa
[23:03:27] /home/vinglis/genome_analysis/GenomeAnalysis/analysis/04_annotation/D3_prokka_output/bin.4.fa_prokka_out/PROKKA_05232021.ffn
[23:03:27] /home/vinglis/genome_analysis/GenomeAnalysis/analysis/04_annotation/D3_prokka_output/bin.4.fa_prokka_out/PROKKA_05232021.tbl
[23:03:27] /home/vinglis/genome_analysis/GenomeAnalysis/analysis/04_annotation/D3_prokka_output/bin.4.fa_prokka_out/PROKKA_05232021.fsa
[23:03:27] /home/vinglis/genome_analysis/GenomeAnalysis/analysis/04_annotation/D3_prokka_output/bin.4.fa_prokka_out/PROKKA_05232021.tsv
[23:03:27] /home/vinglis/genome_analysis/GenomeAnalysis/analysis/04_annotation/D3_prokka_output/bin.4.fa_prokka_out/PROKKA_05232021.txt
[23:03:27] /home/vinglis/genome_analysis/GenomeAnalysis/analysis/04_annotation/D3_prokka_output/bin.4.fa_prokka_out/PROKKA_05232021.gbk
[23:03:27] /home/vinglis/genome_analysis/GenomeAnalysis/analysis/04_annotation/D3_prokka_output/bin.4.fa_prokka_out/PROKKA_05232021.sqn
[23:03:27] /home/vinglis/genome_analysis/GenomeAnalysis/analysis/04_annotation/D3_prokka_output/bin.4.fa_prokka_out/PROKKA_05232021.err
[23:03:27] Annotation finished successfully.
[23:03:27] Walltime used: 3.68 minutes
[23:03:27] If you use this result please cite the Prokka paper:
[23:03:27] Seemann T (2014) Prokka: rapid prokaryotic genome annotation. Bioinformatics. 30(14):2068-9.
[23:03:27] Type 'prokka --citation' for more details.
[23:03:27] Share and enjoy!
