[23:03:27] This is prokka 1.14.6
[23:03:27] Written by Torsten Seemann <torsten.seemann@gmail.com>
[23:03:27] Homepage is https://github.com/tseemann/prokka
[23:03:27] Local time is Sun May 23 23:03:27 2021
[23:03:27] You are vinglis
[23:03:27] Operating system is linux
[23:03:27] You have BioPerl 1.007001
[23:03:27] System has 16 cores.
[23:03:27] Will use maximum of 2 cores.
[23:03:27] Annotating as >>> Bacteria <<<
[23:03:27] Generating locus_tag from 'bin.5.fa' contents.
[23:03:27] Setting --locustag HKBFEILL from MD5 14bfe255ec318a767dc97fd129bd8e0f
[23:03:27] Creating new output folder: /home/vinglis/genome_analysis/GenomeAnalysis/analysis/04_annotation/D3_prokka_output/bin.5.fa_prokka_out
[23:03:27] Running: mkdir -p \/home\/vinglis\/genome_analysis\/GenomeAnalysis\/analysis\/04_annotation\/D3_prokka_output\/bin\.5\.fa_prokka_out
[23:03:27] Using filename prefix: PROKKA_05232021.XXX
[23:03:27] Setting HMMER_NCPU=1
[23:03:27] Writing log to: /home/vinglis/genome_analysis/GenomeAnalysis/analysis/04_annotation/D3_prokka_output/bin.5.fa_prokka_out/PROKKA_05232021.log
[23:03:27] Command: /sw/bioinfo/prokka/1.45-5b58020/rackham/bin/prokka --outdir /home/vinglis/genome_analysis/GenomeAnalysis/analysis/04_annotation/D3_prokka_output/bin.5.fa_prokka_out --metagenome --cpus 2 bin.5.fa
[23:03:27] Appending to PATH: /sw/bioinfo/prokka/1.45-5b58020/rackham/bin/../binaries/linux
[23:03:27] Appending to PATH: /sw/bioinfo/prokka/1.45-5b58020/rackham/bin/../binaries/linux/../common
[23:03:27] Appending to PATH: /sw/bioinfo/prokka/1.45-5b58020/rackham/bin
[23:03:27] Looking for 'aragorn' - found /sw/bioinfo/prokka/1.45-5b58020/rackham/bin/../binaries/linux/aragorn
[23:03:27] Determined aragorn version is 001002 from 'ARAGORN v1.2.38 Dean Laslett'
[23:03:27] Looking for 'barrnap' - found /sw/bioinfo/barrnap/0.8/rackham/bin/barrnap
[23:03:27] Determined barrnap version is 000008 from 'barrnap 0.8'
[23:03:27] Looking for 'blastp' - found /sw/bioinfo/blast/2.11.0+/rackham/bin/blastp
[23:03:28] Determined blastp version is 002011 from 'blastp: 2.11.0+'
[23:03:28] Looking for 'cmpress' - found /sw/bioinfo/prokka/1.45-5b58020/rackham/bin/../binaries/linux/cmpress
[23:03:28] Determined cmpress version is 001001 from '# INFERNAL 1.1.2 (July 2016)'
[23:03:28] Looking for 'cmscan' - found /sw/bioinfo/prokka/1.45-5b58020/rackham/bin/../binaries/linux/cmscan
[23:03:28] Determined cmscan version is 001001 from '# INFERNAL 1.1.2 (July 2016)'
[23:03:28] Looking for 'egrep' - found /usr/bin/egrep
[23:03:28] Looking for 'find' - found /usr/bin/find
[23:03:28] Looking for 'grep' - found /usr/bin/grep
[23:03:28] Looking for 'hmmpress' - found /sw/apps/bioinfo/hmmer/3.1b2/rackham/bin/hmmpress
[23:03:28] Determined hmmpress version is 003001 from '# HMMER 3.1b2 (February 2015); http://hmmer.org/'
[23:03:28] Looking for 'hmmscan' - found /sw/apps/bioinfo/hmmer/3.1b2/rackham/bin/hmmscan
[23:03:28] Determined hmmscan version is 003001 from '# HMMER 3.1b2 (February 2015); http://hmmer.org/'
[23:03:28] Looking for 'java' - found /usr/bin/java
[23:03:28] Looking for 'makeblastdb' - found /sw/bioinfo/blast/2.11.0+/rackham/bin/makeblastdb
[23:03:28] Determined makeblastdb version is 002011 from 'makeblastdb: 2.11.0+'
[23:03:28] Looking for 'minced' - found /sw/apps/bioinfo/minced/0.2.0/rackham/minced
[23:03:28] Determined minced version is 002000 from 'minced 0.2.0'
[23:03:28] Looking for 'parallel' - found /sw/parallel/gnuparallel/20170122/rackham/bin/parallel
[23:03:29] Determined parallel version is 20170122 from 'GNU parallel 20170122'
[23:03:29] Looking for 'prodigal' - found /sw/apps/bioinfo/prodigal/2.6.3/rackham/bin/prodigal
[23:03:29] Determined prodigal version is 002006 from 'Prodigal V2.6.3: February, 2016'
[23:03:29] Looking for 'prokka-genbank_to_fasta_db' - found /sw/bioinfo/prokka/1.45-5b58020/rackham/bin/prokka-genbank_to_fasta_db
[23:03:29] Looking for 'sed' - found /usr/bin/sed
[23:03:29] Looking for 'signalp' - found /sw/bioinfo/SignalP/4.1f/rackham/signalp
[23:03:29] Determined signalp version is 004001 from '4.1 4785068'
[23:03:29] Looking for 'tbl2asn' - found /sw/bioinfo/tbl2asn/25.8/rackham/tbl2asn
[23:03:29] Determined tbl2asn version is 025008 from 'tbl2asn 25.8   arguments:'
[23:03:29] Using genetic code table 11.
[23:03:29] Loading and checking input file: bin.5.fa
[23:03:29] Wrote 82 contigs totalling 275608 bp.
[23:03:29] Predicting tRNAs and tmRNAs
[23:03:29] Running: aragorn -l -gc11  -w \/home\/vinglis\/genome_analysis\/GenomeAnalysis\/analysis\/04_annotation\/D3_prokka_output\/bin\.5\.fa_prokka_out\/PROKKA_05232021\.fna
[23:03:29] 1 tRNA-Thr [542,616] 34 (cgt)
[23:03:29] 1 tRNA-Arg [1951,2026] 36 (tcg)
[23:03:29] 1 tRNA-Leu [2782,2868] 37 (tag)
[23:03:29] 1 tRNA-Phe c[853,927] 34 (gaa)
[23:03:29] 1 tRNA-Ser c[2620,2704] 35 (tga)
[23:03:29] 1 tRNA-Gln c[696,768] 35 (ttg)
[23:03:29] 1 tRNA-Asp c[14,89] 35 (gtc)
[23:03:29] 2 tRNA-Arg c[3279,3355] 35 (cct)
[23:03:29] 1 tRNA-Gln [1285,1358] 35 (ctg)
[23:03:29] Found 9 tRNAs
[23:03:29] Predicting Ribosomal RNAs
[23:03:29] Running Barrnap with 2 threads
[23:03:29] Found 0 rRNAs
[23:03:29] Skipping ncRNA search, enable with --rfam if desired.
[23:03:29] Total of 9 tRNA + rRNA features
[23:03:29] Searching for CRISPR repeats
[23:03:30] Found 0 CRISPRs
[23:03:30] Predicting coding sequences
[23:03:30] Contigs total 275608 bp, so using meta mode
[23:03:30] Running: prodigal -i \/home\/vinglis\/genome_analysis\/GenomeAnalysis\/analysis\/04_annotation\/D3_prokka_output\/bin\.5\.fa_prokka_out\/PROKKA_05232021\.fna -c -m -g 11 -p meta -f sco -q
[23:03:31] Excluding CDS which overlaps existing RNA (tRNA) at k105_122933:1686..2795 on - strand
[23:03:31] Excluding CDS which overlaps existing RNA (tRNA) at k105_122933:2839..3294 on - strand
[23:03:31] Excluding CDS which overlaps existing RNA (tRNA) at k105_144371:799..936 on + strand
[23:03:31] Excluding CDS which overlaps existing RNA (tRNA) at k105_168468:270..698 on + strand
[23:03:31] Excluding CDS which overlaps existing RNA (tRNA) at k105_138544:3265..3858 on - strand
[23:03:32] Found 284 CDS
[23:03:32] Connecting features back to sequences
[23:03:32] Not using genus-specific database. Try --usegenus to enable it.
[23:03:32] Annotating CDS, please be patient.
[23:03:32] Will use 2 CPUs for similarity searching.
[23:03:32] There are still 284 unannotated CDS left (started with 284)
[23:03:32] Will use blast to search against /sw/bioinfo/prokka/1.45-5b58020/rackham/db/kingdom/Bacteria/IS with 2 CPUs
[23:03:32] Running: cat \/home\/vinglis\/genome_analysis\/GenomeAnalysis\/analysis\/04_annotation\/D3_prokka_output\/bin\.5\.fa_prokka_out\/PROKKA_05232021\.IS\.tmp\.45221\.faa | parallel --gnu --plain -j 2 --block 19510 --recstart '>' --pipe blastp -query - -db /sw/bioinfo/prokka/1.45-5b58020/rackham/db/kingdom/Bacteria/IS -evalue 1e-30 -qcov_hsp_perc 90 -num_threads 1 -num_descriptions 1 -num_alignments 1 -seg no > \/home\/vinglis\/genome_analysis\/GenomeAnalysis\/analysis\/04_annotation\/D3_prokka_output\/bin\.5\.fa_prokka_out\/PROKKA_05232021\.IS\.tmp\.45221\.blast 2> /dev/null
[23:03:40] Deleting unwanted file: /home/vinglis/genome_analysis/GenomeAnalysis/analysis/04_annotation/D3_prokka_output/bin.5.fa_prokka_out/PROKKA_05232021.IS.tmp.45221.faa
[23:03:40] Deleting unwanted file: /home/vinglis/genome_analysis/GenomeAnalysis/analysis/04_annotation/D3_prokka_output/bin.5.fa_prokka_out/PROKKA_05232021.IS.tmp.45221.blast
[23:03:40] There are still 284 unannotated CDS left (started with 284)
[23:03:40] Will use blast to search against /sw/bioinfo/prokka/1.45-5b58020/rackham/db/kingdom/Bacteria/AMR with 2 CPUs
[23:03:40] Running: cat \/home\/vinglis\/genome_analysis\/GenomeAnalysis\/analysis\/04_annotation\/D3_prokka_output\/bin\.5\.fa_prokka_out\/PROKKA_05232021\.AMR\.tmp\.45221\.faa | parallel --gnu --plain -j 2 --block 19510 --recstart '>' --pipe blastp -query - -db /sw/bioinfo/prokka/1.45-5b58020/rackham/db/kingdom/Bacteria/AMR -evalue 9.99999999999999e-301 -qcov_hsp_perc 90 -num_threads 1 -num_descriptions 1 -num_alignments 1 -seg no > \/home\/vinglis\/genome_analysis\/GenomeAnalysis\/analysis\/04_annotation\/D3_prokka_output\/bin\.5\.fa_prokka_out\/PROKKA_05232021\.AMR\.tmp\.45221\.blast 2> /dev/null
[23:03:48] Deleting unwanted file: /home/vinglis/genome_analysis/GenomeAnalysis/analysis/04_annotation/D3_prokka_output/bin.5.fa_prokka_out/PROKKA_05232021.AMR.tmp.45221.faa
[23:03:48] Deleting unwanted file: /home/vinglis/genome_analysis/GenomeAnalysis/analysis/04_annotation/D3_prokka_output/bin.5.fa_prokka_out/PROKKA_05232021.AMR.tmp.45221.blast
[23:03:48] There are still 284 unannotated CDS left (started with 284)
[23:03:48] Will use blast to search against /sw/bioinfo/prokka/1.45-5b58020/rackham/db/kingdom/Bacteria/sprot with 2 CPUs
[23:03:48] Running: cat \/home\/vinglis\/genome_analysis\/GenomeAnalysis\/analysis\/04_annotation\/D3_prokka_output\/bin\.5\.fa_prokka_out\/PROKKA_05232021\.sprot\.tmp\.45221\.faa | parallel --gnu --plain -j 2 --block 19510 --recstart '>' --pipe blastp -query - -db /sw/bioinfo/prokka/1.45-5b58020/rackham/db/kingdom/Bacteria/sprot -evalue 1e-09 -qcov_hsp_perc 80 -num_threads 1 -num_descriptions 1 -num_alignments 1 -seg no > \/home\/vinglis\/genome_analysis\/GenomeAnalysis\/analysis\/04_annotation\/D3_prokka_output\/bin\.5\.fa_prokka_out\/PROKKA_05232021\.sprot\.tmp\.45221\.blast 2> /dev/null
[23:04:17] Modify product: Probable xanthine dehydrogenase subunit A => putative xanthine dehydrogenase subunit A
[23:04:17] Modify product: GTP cyclohydrolase 1 type 2 homolog => GTP cyclohydrolase 1 type 2 
[23:04:17] Modify product: UPF0051 protein SA0778 => hypothetical protein
[23:04:17] Modify product: UPF0051 protein Rv1462 => hypothetical protein
[23:04:17] Modify product: Probable cysteine desulfurase => putative cysteine desulfurase
[23:04:17] Modify product: Uncharacterized protein M6_Spy0233 => putative protein
[23:04:17] Cleaned 6 /product names
[23:04:17] Deleting unwanted file: /home/vinglis/genome_analysis/GenomeAnalysis/analysis/04_annotation/D3_prokka_output/bin.5.fa_prokka_out/PROKKA_05232021.sprot.tmp.45221.faa
[23:04:17] Deleting unwanted file: /home/vinglis/genome_analysis/GenomeAnalysis/analysis/04_annotation/D3_prokka_output/bin.5.fa_prokka_out/PROKKA_05232021.sprot.tmp.45221.blast
[23:04:17] There are still 226 unannotated CDS left (started with 284)
[23:04:17] Will use hmmer3 to search against /sw/bioinfo/prokka/1.45-5b58020/rackham/db/hmm/HAMAP.hmm with 2 CPUs
[23:04:17] Running: cat \/home\/vinglis\/genome_analysis\/GenomeAnalysis\/analysis\/04_annotation\/D3_prokka_output\/bin\.5\.fa_prokka_out\/PROKKA_05232021\.HAMAP\.hmm\.tmp\.45221\.faa | parallel --gnu --plain -j 2 --block 14956 --recstart '>' --pipe hmmscan --noali --notextw --acc -E 1e-09 --cpu 1 /sw/bioinfo/prokka/1.45-5b58020/rackham/db/hmm/HAMAP.hmm /dev/stdin > \/home\/vinglis\/genome_analysis\/GenomeAnalysis\/analysis\/04_annotation\/D3_prokka_output\/bin\.5\.fa_prokka_out\/PROKKA_05232021\.HAMAP\.hmm\.tmp\.45221\.hmmer3 2> /dev/null
[23:04:37] Deleting unwanted file: /home/vinglis/genome_analysis/GenomeAnalysis/analysis/04_annotation/D3_prokka_output/bin.5.fa_prokka_out/PROKKA_05232021.HAMAP.hmm.tmp.45221.faa
[23:04:37] Deleting unwanted file: /home/vinglis/genome_analysis/GenomeAnalysis/analysis/04_annotation/D3_prokka_output/bin.5.fa_prokka_out/PROKKA_05232021.HAMAP.hmm.tmp.45221.hmmer3
[23:04:37] Labelling remaining 201 proteins as 'hypothetical protein'
[23:04:37] Found 76 unique /gene codes.
[23:04:37] Fixed 2 duplicate /gene - ftsZ_1 ftsZ_2
[23:04:37] Fixed 2 duplicate /gene - purL_1 purL_2
[23:04:37] Fixed 2 colliding /gene names.
[23:04:37] Adding /locus_tag identifiers
[23:04:37] Assigned 293 locus_tags to CDS and RNA features.
[23:04:37] Writing outputs to /home/vinglis/genome_analysis/GenomeAnalysis/analysis/04_annotation/D3_prokka_output/bin.5.fa_prokka_out/
[23:04:37] Generating annotation statistics file
[23:04:37] Generating Genbank and Sequin files
[23:04:37] Running: tbl2asn -V b -a r10k -l paired-ends -M n -N 1 -y 'Annotated using prokka 1.14.6 from https://github.com/tseemann/prokka' -Z \/home\/vinglis\/genome_analysis\/GenomeAnalysis\/analysis\/04_annotation\/D3_prokka_output\/bin\.5\.fa_prokka_out\/PROKKA_05232021\.err -i \/home\/vinglis\/genome_analysis\/GenomeAnalysis\/analysis\/04_annotation\/D3_prokka_output\/bin\.5\.fa_prokka_out\/PROKKA_05232021\.fsa 2> /dev/null
[23:04:38] Deleting unwanted file: /home/vinglis/genome_analysis/GenomeAnalysis/analysis/04_annotation/D3_prokka_output/bin.5.fa_prokka_out/errorsummary.val
[23:04:38] Deleting unwanted file: /home/vinglis/genome_analysis/GenomeAnalysis/analysis/04_annotation/D3_prokka_output/bin.5.fa_prokka_out/PROKKA_05232021.dr
[23:04:38] Deleting unwanted file: /home/vinglis/genome_analysis/GenomeAnalysis/analysis/04_annotation/D3_prokka_output/bin.5.fa_prokka_out/PROKKA_05232021.fixedproducts
[23:04:38] Deleting unwanted file: /home/vinglis/genome_analysis/GenomeAnalysis/analysis/04_annotation/D3_prokka_output/bin.5.fa_prokka_out/PROKKA_05232021.ecn
[23:04:38] Deleting unwanted file: /home/vinglis/genome_analysis/GenomeAnalysis/analysis/04_annotation/D3_prokka_output/bin.5.fa_prokka_out/PROKKA_05232021.val
[23:04:38] Repairing broken .GBK output that tbl2asn produces...
[23:04:38] Running: sed 's/COORDINATES: profile/COORDINATES:profile/' < \/home\/vinglis\/genome_analysis\/GenomeAnalysis\/analysis\/04_annotation\/D3_prokka_output\/bin\.5\.fa_prokka_out\/PROKKA_05232021\.gbf > \/home\/vinglis\/genome_analysis\/GenomeAnalysis\/analysis\/04_annotation\/D3_prokka_output\/bin\.5\.fa_prokka_out\/PROKKA_05232021\.gbk
[23:04:38] Deleting unwanted file: /home/vinglis/genome_analysis/GenomeAnalysis/analysis/04_annotation/D3_prokka_output/bin.5.fa_prokka_out/PROKKA_05232021.gbf
[23:04:38] Output files:
[23:04:38] /home/vinglis/genome_analysis/GenomeAnalysis/analysis/04_annotation/D3_prokka_output/bin.5.fa_prokka_out/PROKKA_05232021.log
[23:04:38] /home/vinglis/genome_analysis/GenomeAnalysis/analysis/04_annotation/D3_prokka_output/bin.5.fa_prokka_out/PROKKA_05232021.fna
[23:04:38] /home/vinglis/genome_analysis/GenomeAnalysis/analysis/04_annotation/D3_prokka_output/bin.5.fa_prokka_out/PROKKA_05232021.gff
[23:04:38] /home/vinglis/genome_analysis/GenomeAnalysis/analysis/04_annotation/D3_prokka_output/bin.5.fa_prokka_out/PROKKA_05232021.faa
[23:04:38] /home/vinglis/genome_analysis/GenomeAnalysis/analysis/04_annotation/D3_prokka_output/bin.5.fa_prokka_out/PROKKA_05232021.ffn
[23:04:38] /home/vinglis/genome_analysis/GenomeAnalysis/analysis/04_annotation/D3_prokka_output/bin.5.fa_prokka_out/PROKKA_05232021.tbl
[23:04:38] /home/vinglis/genome_analysis/GenomeAnalysis/analysis/04_annotation/D3_prokka_output/bin.5.fa_prokka_out/PROKKA_05232021.fsa
[23:04:38] /home/vinglis/genome_analysis/GenomeAnalysis/analysis/04_annotation/D3_prokka_output/bin.5.fa_prokka_out/PROKKA_05232021.tsv
[23:04:38] /home/vinglis/genome_analysis/GenomeAnalysis/analysis/04_annotation/D3_prokka_output/bin.5.fa_prokka_out/PROKKA_05232021.txt
[23:04:38] /home/vinglis/genome_analysis/GenomeAnalysis/analysis/04_annotation/D3_prokka_output/bin.5.fa_prokka_out/PROKKA_05232021.gbk
[23:04:38] /home/vinglis/genome_analysis/GenomeAnalysis/analysis/04_annotation/D3_prokka_output/bin.5.fa_prokka_out/PROKKA_05232021.sqn
[23:04:38] /home/vinglis/genome_analysis/GenomeAnalysis/analysis/04_annotation/D3_prokka_output/bin.5.fa_prokka_out/PROKKA_05232021.err
[23:04:38] Annotation finished successfully.
[23:04:38] Walltime used: 1.18 minutes
[23:04:38] If you use this result please cite the Prokka paper:
[23:04:38] Seemann T (2014) Prokka: rapid prokaryotic genome annotation. Bioinformatics. 30(14):2068-9.
[23:04:38] Type 'prokka --citation' for more details.
[23:04:38] Share and enjoy!
