[20:40:01] This is prokka 1.14.6
[20:40:01] Written by Torsten Seemann <torsten.seemann@gmail.com>
[20:40:01] Homepage is https://github.com/tseemann/prokka
[20:40:01] Local time is Sun May 23 20:40:01 2021
[20:40:01] You are vinglis
[20:40:01] Operating system is linux
[20:40:01] You have BioPerl 1.007001
[20:40:01] System has 16 cores.
[20:40:01] Will use maximum of 2 cores.
[20:40:01] Annotating as >>> Bacteria <<<
[20:40:01] Generating locus_tag from 'bin.6.fa' contents.
[20:40:01] Setting --locustag CHJAGGFN from MD5 c13a00f71d3d9da78d0978ad1c4226c1
[20:40:01] Creating new output folder: /home/vinglis/genome_analysis/GenomeAnalysis/analysis/04_annotation/D1_prokka_output/bin.6.fa_prokka_out
[20:40:01] Running: mkdir -p \/home\/vinglis\/genome_analysis\/GenomeAnalysis\/analysis\/04_annotation\/D1_prokka_output\/bin\.6\.fa_prokka_out
[20:40:01] Using filename prefix: PROKKA_05232021.XXX
[20:40:01] Setting HMMER_NCPU=1
[20:40:01] Writing log to: /home/vinglis/genome_analysis/GenomeAnalysis/analysis/04_annotation/D1_prokka_output/bin.6.fa_prokka_out/PROKKA_05232021.log
[20:40:01] Command: /sw/bioinfo/prokka/1.45-5b58020/rackham/bin/prokka --outdir /home/vinglis/genome_analysis/GenomeAnalysis/analysis/04_annotation/D1_prokka_output/bin.6.fa_prokka_out --metagenome --cpus 2 bin.6.fa
[20:40:01] Appending to PATH: /sw/bioinfo/prokka/1.45-5b58020/rackham/bin/../binaries/linux
[20:40:01] Appending to PATH: /sw/bioinfo/prokka/1.45-5b58020/rackham/bin/../binaries/linux/../common
[20:40:01] Appending to PATH: /sw/bioinfo/prokka/1.45-5b58020/rackham/bin
[20:40:01] Looking for 'aragorn' - found /sw/bioinfo/prokka/1.45-5b58020/rackham/bin/../binaries/linux/aragorn
[20:40:01] Determined aragorn version is 001002 from 'ARAGORN v1.2.38 Dean Laslett'
[20:40:01] Looking for 'barrnap' - found /sw/bioinfo/barrnap/0.8/rackham/bin/barrnap
[20:40:01] Determined barrnap version is 000008 from 'barrnap 0.8'
[20:40:01] Looking for 'blastp' - found /sw/bioinfo/blast/2.11.0+/rackham/bin/blastp
[20:40:02] Determined blastp version is 002011 from 'blastp: 2.11.0+'
[20:40:02] Looking for 'cmpress' - found /sw/bioinfo/prokka/1.45-5b58020/rackham/bin/../binaries/linux/cmpress
[20:40:02] Determined cmpress version is 001001 from '# INFERNAL 1.1.2 (July 2016)'
[20:40:02] Looking for 'cmscan' - found /sw/bioinfo/prokka/1.45-5b58020/rackham/bin/../binaries/linux/cmscan
[20:40:02] Determined cmscan version is 001001 from '# INFERNAL 1.1.2 (July 2016)'
[20:40:02] Looking for 'egrep' - found /usr/bin/egrep
[20:40:02] Looking for 'find' - found /usr/bin/find
[20:40:02] Looking for 'grep' - found /usr/bin/grep
[20:40:02] Looking for 'hmmpress' - found /sw/apps/bioinfo/hmmer/3.1b2/rackham/bin/hmmpress
[20:40:02] Determined hmmpress version is 003001 from '# HMMER 3.1b2 (February 2015); http://hmmer.org/'
[20:40:02] Looking for 'hmmscan' - found /sw/apps/bioinfo/hmmer/3.1b2/rackham/bin/hmmscan
[20:40:02] Determined hmmscan version is 003001 from '# HMMER 3.1b2 (February 2015); http://hmmer.org/'
[20:40:02] Looking for 'java' - found /usr/bin/java
[20:40:02] Looking for 'makeblastdb' - found /sw/bioinfo/blast/2.11.0+/rackham/bin/makeblastdb
[20:40:03] Determined makeblastdb version is 002011 from 'makeblastdb: 2.11.0+'
[20:40:03] Looking for 'minced' - found /sw/apps/bioinfo/minced/0.2.0/rackham/minced
[20:40:03] Determined minced version is 002000 from 'minced 0.2.0'
[20:40:03] Looking for 'parallel' - found /sw/parallel/gnuparallel/20170122/rackham/bin/parallel
[20:40:03] Determined parallel version is 20170122 from 'GNU parallel 20170122'
[20:40:03] Looking for 'prodigal' - found /sw/apps/bioinfo/prodigal/2.6.3/rackham/bin/prodigal
[20:40:03] Determined prodigal version is 002006 from 'Prodigal V2.6.3: February, 2016'
[20:40:03] Looking for 'prokka-genbank_to_fasta_db' - found /sw/bioinfo/prokka/1.45-5b58020/rackham/bin/prokka-genbank_to_fasta_db
[20:40:03] Looking for 'sed' - found /usr/bin/sed
[20:40:03] Looking for 'signalp' - found /sw/bioinfo/SignalP/4.1f/rackham/signalp
[20:40:03] Determined signalp version is 004001 from '4.1 4785068'
[20:40:03] Looking for 'tbl2asn' - found /sw/bioinfo/tbl2asn/25.8/rackham/tbl2asn
[20:40:03] Determined tbl2asn version is 025008 from 'tbl2asn 25.8   arguments:'
[20:40:03] Using genetic code table 11.
[20:40:03] Loading and checking input file: bin.6.fa
[20:40:03] Wrote 70 contigs totalling 243017 bp.
[20:40:03] Predicting tRNAs and tmRNAs
[20:40:03] Running: aragorn -l -gc11  -w \/home\/vinglis\/genome_analysis\/GenomeAnalysis\/analysis\/04_annotation\/D1_prokka_output\/bin\.6\.fa_prokka_out\/PROKKA_05232021\.fna
[20:40:03] Found 0 tRNAs
[20:40:03] Predicting Ribosomal RNAs
[20:40:03] Running Barrnap with 2 threads
[20:40:03] Found 0 rRNAs
[20:40:03] Skipping ncRNA search, enable with --rfam if desired.
[20:40:03] Total of 0 tRNA + rRNA features
[20:40:03] Searching for CRISPR repeats
[20:40:04] Found 0 CRISPRs
[20:40:04] Predicting coding sequences
[20:40:04] Contigs total 243017 bp, so using meta mode
[20:40:04] Running: prodigal -i \/home\/vinglis\/genome_analysis\/GenomeAnalysis\/analysis\/04_annotation\/D1_prokka_output\/bin\.6\.fa_prokka_out\/PROKKA_05232021\.fna -c -m -g 11 -p meta -f sco -q
[20:40:05] Found 230 CDS
[20:40:05] Connecting features back to sequences
[20:40:05] Not using genus-specific database. Try --usegenus to enable it.
[20:40:05] Annotating CDS, please be patient.
[20:40:05] Will use 2 CPUs for similarity searching.

--------------------- WARNING ---------------------
MSG: Seq [k105_114402]: Terminator codon inside CDS!
---------------------------------------------------

--------------------- WARNING ---------------------
MSG: Seq [k105_114402]: Terminator codon inside CDS!
---------------------------------------------------

--------------------- WARNING ---------------------
MSG: Seq [k105_16431]: Terminator codon inside CDS!
---------------------------------------------------

--------------------- WARNING ---------------------
MSG: Seq [k105_16431]: Terminator codon inside CDS!
---------------------------------------------------

--------------------- WARNING ---------------------
MSG: Seq [k105_161440]: Terminator codon inside CDS!
---------------------------------------------------

--------------------- WARNING ---------------------
MSG: Seq [k105_161440]: Terminator codon inside CDS!
---------------------------------------------------
[20:40:05] There are still 230 unannotated CDS left (started with 230)
[20:40:05] Will use blast to search against /sw/bioinfo/prokka/1.45-5b58020/rackham/db/kingdom/Bacteria/IS with 2 CPUs
[20:40:05] Running: cat \/home\/vinglis\/genome_analysis\/GenomeAnalysis\/analysis\/04_annotation\/D1_prokka_output\/bin\.6\.fa_prokka_out\/PROKKA_05232021\.IS\.tmp\.49654\.faa | parallel --gnu --plain -j 2 --block 14756 --recstart '>' --pipe blastp -query - -db /sw/bioinfo/prokka/1.45-5b58020/rackham/db/kingdom/Bacteria/IS -evalue 1e-30 -qcov_hsp_perc 90 -num_threads 1 -num_descriptions 1 -num_alignments 1 -seg no > \/home\/vinglis\/genome_analysis\/GenomeAnalysis\/analysis\/04_annotation\/D1_prokka_output\/bin\.6\.fa_prokka_out\/PROKKA_05232021\.IS\.tmp\.49654\.blast 2> /dev/null
[20:40:12] Deleting unwanted file: /home/vinglis/genome_analysis/GenomeAnalysis/analysis/04_annotation/D1_prokka_output/bin.6.fa_prokka_out/PROKKA_05232021.IS.tmp.49654.faa
[20:40:12] Deleting unwanted file: /home/vinglis/genome_analysis/GenomeAnalysis/analysis/04_annotation/D1_prokka_output/bin.6.fa_prokka_out/PROKKA_05232021.IS.tmp.49654.blast

--------------------- WARNING ---------------------
MSG: Seq [k105_114402]: Terminator codon inside CDS!
---------------------------------------------------

--------------------- WARNING ---------------------
MSG: Seq [k105_114402]: Terminator codon inside CDS!
---------------------------------------------------

--------------------- WARNING ---------------------
MSG: Seq [k105_16431]: Terminator codon inside CDS!
---------------------------------------------------

--------------------- WARNING ---------------------
MSG: Seq [k105_16431]: Terminator codon inside CDS!
---------------------------------------------------

--------------------- WARNING ---------------------
MSG: Seq [k105_161440]: Terminator codon inside CDS!
---------------------------------------------------

--------------------- WARNING ---------------------
MSG: Seq [k105_161440]: Terminator codon inside CDS!
---------------------------------------------------
[20:40:12] There are still 230 unannotated CDS left (started with 230)
[20:40:12] Will use blast to search against /sw/bioinfo/prokka/1.45-5b58020/rackham/db/kingdom/Bacteria/AMR with 2 CPUs
[20:40:12] Running: cat \/home\/vinglis\/genome_analysis\/GenomeAnalysis\/analysis\/04_annotation\/D1_prokka_output\/bin\.6\.fa_prokka_out\/PROKKA_05232021\.AMR\.tmp\.49654\.faa | parallel --gnu --plain -j 2 --block 14756 --recstart '>' --pipe blastp -query - -db /sw/bioinfo/prokka/1.45-5b58020/rackham/db/kingdom/Bacteria/AMR -evalue 9.99999999999999e-301 -qcov_hsp_perc 90 -num_threads 1 -num_descriptions 1 -num_alignments 1 -seg no > \/home\/vinglis\/genome_analysis\/GenomeAnalysis\/analysis\/04_annotation\/D1_prokka_output\/bin\.6\.fa_prokka_out\/PROKKA_05232021\.AMR\.tmp\.49654\.blast 2> /dev/null
[20:40:18] Deleting unwanted file: /home/vinglis/genome_analysis/GenomeAnalysis/analysis/04_annotation/D1_prokka_output/bin.6.fa_prokka_out/PROKKA_05232021.AMR.tmp.49654.faa
[20:40:18] Deleting unwanted file: /home/vinglis/genome_analysis/GenomeAnalysis/analysis/04_annotation/D1_prokka_output/bin.6.fa_prokka_out/PROKKA_05232021.AMR.tmp.49654.blast

--------------------- WARNING ---------------------
MSG: Seq [k105_114402]: Terminator codon inside CDS!
---------------------------------------------------

--------------------- WARNING ---------------------
MSG: Seq [k105_114402]: Terminator codon inside CDS!
---------------------------------------------------

--------------------- WARNING ---------------------
MSG: Seq [k105_16431]: Terminator codon inside CDS!
---------------------------------------------------

--------------------- WARNING ---------------------
MSG: Seq [k105_16431]: Terminator codon inside CDS!
---------------------------------------------------

--------------------- WARNING ---------------------
MSG: Seq [k105_161440]: Terminator codon inside CDS!
---------------------------------------------------

--------------------- WARNING ---------------------
MSG: Seq [k105_161440]: Terminator codon inside CDS!
---------------------------------------------------
[20:40:18] There are still 230 unannotated CDS left (started with 230)
[20:40:18] Will use blast to search against /sw/bioinfo/prokka/1.45-5b58020/rackham/db/kingdom/Bacteria/sprot with 2 CPUs
[20:40:18] Running: cat \/home\/vinglis\/genome_analysis\/GenomeAnalysis\/analysis\/04_annotation\/D1_prokka_output\/bin\.6\.fa_prokka_out\/PROKKA_05232021\.sprot\.tmp\.49654\.faa | parallel --gnu --plain -j 2 --block 14756 --recstart '>' --pipe blastp -query - -db /sw/bioinfo/prokka/1.45-5b58020/rackham/db/kingdom/Bacteria/sprot -evalue 1e-09 -qcov_hsp_perc 80 -num_threads 1 -num_descriptions 1 -num_alignments 1 -seg no > \/home\/vinglis\/genome_analysis\/GenomeAnalysis\/analysis\/04_annotation\/D1_prokka_output\/bin\.6\.fa_prokka_out\/PROKKA_05232021\.sprot\.tmp\.49654\.blast 2> /dev/null
[20:40:40] Modify product: Probable peptidoglycan glycosyltransferase FtsW => putative peptidoglycan glycosyltransferase FtsW
[20:40:40] Modify product: Phosphate-specific transport system accessory protein PhoU homolog => Phosphate-specific transport system accessory protein PhoU 
[20:40:40] Modify product: Putative esterase aq_1494 => Putative esterase
[20:40:40] Modify product: Probable GTPase Rv1496 => putative GTPase
[20:40:40] Modify product: Epimerase family protein Rv2216 => Epimerase family protein
[20:40:40] Modify product: UPF0234 protein HI_1034 => hypothetical protein
[20:40:40] Cleaned 6 /product names
[20:40:40] Deleting unwanted file: /home/vinglis/genome_analysis/GenomeAnalysis/analysis/04_annotation/D1_prokka_output/bin.6.fa_prokka_out/PROKKA_05232021.sprot.tmp.49654.faa
[20:40:40] Deleting unwanted file: /home/vinglis/genome_analysis/GenomeAnalysis/analysis/04_annotation/D1_prokka_output/bin.6.fa_prokka_out/PROKKA_05232021.sprot.tmp.49654.blast

--------------------- WARNING ---------------------
MSG: Seq [k105_114402]: Terminator codon inside CDS!
---------------------------------------------------

--------------------- WARNING ---------------------
MSG: Seq [k105_114402]: Terminator codon inside CDS!
---------------------------------------------------

--------------------- WARNING ---------------------
MSG: Seq [k105_16431]: Terminator codon inside CDS!
---------------------------------------------------

--------------------- WARNING ---------------------
MSG: Seq [k105_16431]: Terminator codon inside CDS!
---------------------------------------------------

--------------------- WARNING ---------------------
MSG: Seq [k105_161440]: Terminator codon inside CDS!
---------------------------------------------------

--------------------- WARNING ---------------------
MSG: Seq [k105_161440]: Terminator codon inside CDS!
---------------------------------------------------
[20:40:40] There are still 156 unannotated CDS left (started with 230)
[20:40:40] Will use hmmer3 to search against /sw/bioinfo/prokka/1.45-5b58020/rackham/db/hmm/HAMAP.hmm with 2 CPUs
[20:40:40] Running: cat \/home\/vinglis\/genome_analysis\/GenomeAnalysis\/analysis\/04_annotation\/D1_prokka_output\/bin\.6\.fa_prokka_out\/PROKKA_05232021\.HAMAP\.hmm\.tmp\.49654\.faa | parallel --gnu --plain -j 2 --block 9045 --recstart '>' --pipe hmmscan --noali --notextw --acc -E 1e-09 --cpu 1 /sw/bioinfo/prokka/1.45-5b58020/rackham/db/hmm/HAMAP.hmm /dev/stdin > \/home\/vinglis\/genome_analysis\/GenomeAnalysis\/analysis\/04_annotation\/D1_prokka_output\/bin\.6\.fa_prokka_out\/PROKKA_05232021\.HAMAP\.hmm\.tmp\.49654\.hmmer3 2> /dev/null
[20:40:55] Deleting unwanted file: /home/vinglis/genome_analysis/GenomeAnalysis/analysis/04_annotation/D1_prokka_output/bin.6.fa_prokka_out/PROKKA_05232021.HAMAP.hmm.tmp.49654.faa
[20:40:55] Deleting unwanted file: /home/vinglis/genome_analysis/GenomeAnalysis/analysis/04_annotation/D1_prokka_output/bin.6.fa_prokka_out/PROKKA_05232021.HAMAP.hmm.tmp.49654.hmmer3
[20:40:55] Labelling remaining 140 proteins as 'hypothetical protein'
[20:40:55] Found 79 unique /gene codes.
[20:40:55] Fixed 2 duplicate /gene - lptB_1 lptB_2
[20:40:55] Fixed 2 duplicate /gene - araQ_1 araQ_2
[20:40:55] Fixed 2 duplicate /gene - livH_1 livH_2
[20:40:55] Fixed 2 duplicate /gene - melD_1 melD_2
[20:40:55] Fixed 4 colliding /gene names.
[20:40:55] Adding /locus_tag identifiers
[20:40:55] Assigned 230 locus_tags to CDS and RNA features.
[20:40:55] Writing outputs to /home/vinglis/genome_analysis/GenomeAnalysis/analysis/04_annotation/D1_prokka_output/bin.6.fa_prokka_out/

--------------------- WARNING ---------------------
MSG: Seq [CHJAGGFN_00027]: Terminator codon inside CDS!
---------------------------------------------------

--------------------- WARNING ---------------------
MSG: Seq [CHJAGGFN_00028]: Terminator codon inside CDS!
---------------------------------------------------

--------------------- WARNING ---------------------
MSG: Seq [CHJAGGFN_00129]: Terminator codon inside CDS!
---------------------------------------------------

--------------------- WARNING ---------------------
MSG: Seq [CHJAGGFN_00130]: Terminator codon inside CDS!
---------------------------------------------------

--------------------- WARNING ---------------------
MSG: Seq [CHJAGGFN_00178]: Terminator codon inside CDS!
---------------------------------------------------

--------------------- WARNING ---------------------
MSG: Seq [CHJAGGFN_00179]: Terminator codon inside CDS!
---------------------------------------------------
[20:40:55] Generating annotation statistics file
[20:40:55] Generating Genbank and Sequin files
[20:40:55] Running: tbl2asn -V b -a r10k -l paired-ends -M n -N 1 -y 'Annotated using prokka 1.14.6 from https://github.com/tseemann/prokka' -Z \/home\/vinglis\/genome_analysis\/GenomeAnalysis\/analysis\/04_annotation\/D1_prokka_output\/bin\.6\.fa_prokka_out\/PROKKA_05232021\.err -i \/home\/vinglis\/genome_analysis\/GenomeAnalysis\/analysis\/04_annotation\/D1_prokka_output\/bin\.6\.fa_prokka_out\/PROKKA_05232021\.fsa 2> /dev/null
[20:40:56] Deleting unwanted file: /home/vinglis/genome_analysis/GenomeAnalysis/analysis/04_annotation/D1_prokka_output/bin.6.fa_prokka_out/errorsummary.val
[20:40:56] Deleting unwanted file: /home/vinglis/genome_analysis/GenomeAnalysis/analysis/04_annotation/D1_prokka_output/bin.6.fa_prokka_out/PROKKA_05232021.dr
[20:40:56] Deleting unwanted file: /home/vinglis/genome_analysis/GenomeAnalysis/analysis/04_annotation/D1_prokka_output/bin.6.fa_prokka_out/PROKKA_05232021.fixedproducts
[20:40:56] Deleting unwanted file: /home/vinglis/genome_analysis/GenomeAnalysis/analysis/04_annotation/D1_prokka_output/bin.6.fa_prokka_out/PROKKA_05232021.ecn
[20:40:56] Deleting unwanted file: /home/vinglis/genome_analysis/GenomeAnalysis/analysis/04_annotation/D1_prokka_output/bin.6.fa_prokka_out/PROKKA_05232021.val
[20:40:56] Repairing broken .GBK output that tbl2asn produces...
[20:40:56] Running: sed 's/COORDINATES: profile/COORDINATES:profile/' < \/home\/vinglis\/genome_analysis\/GenomeAnalysis\/analysis\/04_annotation\/D1_prokka_output\/bin\.6\.fa_prokka_out\/PROKKA_05232021\.gbf > \/home\/vinglis\/genome_analysis\/GenomeAnalysis\/analysis\/04_annotation\/D1_prokka_output\/bin\.6\.fa_prokka_out\/PROKKA_05232021\.gbk
[20:40:56] Deleting unwanted file: /home/vinglis/genome_analysis/GenomeAnalysis/analysis/04_annotation/D1_prokka_output/bin.6.fa_prokka_out/PROKKA_05232021.gbf
[20:40:56] Output files:
[20:40:56] /home/vinglis/genome_analysis/GenomeAnalysis/analysis/04_annotation/D1_prokka_output/bin.6.fa_prokka_out/PROKKA_05232021.log
[20:40:56] /home/vinglis/genome_analysis/GenomeAnalysis/analysis/04_annotation/D1_prokka_output/bin.6.fa_prokka_out/PROKKA_05232021.fna
[20:40:56] /home/vinglis/genome_analysis/GenomeAnalysis/analysis/04_annotation/D1_prokka_output/bin.6.fa_prokka_out/PROKKA_05232021.gff
[20:40:56] /home/vinglis/genome_analysis/GenomeAnalysis/analysis/04_annotation/D1_prokka_output/bin.6.fa_prokka_out/PROKKA_05232021.faa
[20:40:56] /home/vinglis/genome_analysis/GenomeAnalysis/analysis/04_annotation/D1_prokka_output/bin.6.fa_prokka_out/PROKKA_05232021.ffn
[20:40:56] /home/vinglis/genome_analysis/GenomeAnalysis/analysis/04_annotation/D1_prokka_output/bin.6.fa_prokka_out/PROKKA_05232021.tbl
[20:40:56] /home/vinglis/genome_analysis/GenomeAnalysis/analysis/04_annotation/D1_prokka_output/bin.6.fa_prokka_out/PROKKA_05232021.fsa
[20:40:56] /home/vinglis/genome_analysis/GenomeAnalysis/analysis/04_annotation/D1_prokka_output/bin.6.fa_prokka_out/PROKKA_05232021.tsv
[20:40:56] /home/vinglis/genome_analysis/GenomeAnalysis/analysis/04_annotation/D1_prokka_output/bin.6.fa_prokka_out/PROKKA_05232021.txt
[20:40:56] /home/vinglis/genome_analysis/GenomeAnalysis/analysis/04_annotation/D1_prokka_output/bin.6.fa_prokka_out/PROKKA_05232021.sqn
[20:40:56] /home/vinglis/genome_analysis/GenomeAnalysis/analysis/04_annotation/D1_prokka_output/bin.6.fa_prokka_out/PROKKA_05232021.gbk
[20:40:56] /home/vinglis/genome_analysis/GenomeAnalysis/analysis/04_annotation/D1_prokka_output/bin.6.fa_prokka_out/PROKKA_05232021.err
[20:40:56] Annotation finished successfully.
[20:40:56] Walltime used: 0.92 minutes
[20:40:56] If you use this result please cite the Prokka paper:
[20:40:56] Seemann T (2014) Prokka: rapid prokaryotic genome annotation. Bioinformatics. 30(14):2068-9.
[20:40:56] Type 'prokka --citation' for more details.
[20:40:56] Share and enjoy!
