[20:38:27] This is prokka 1.14.6
[20:38:27] Written by Torsten Seemann <torsten.seemann@gmail.com>
[20:38:27] Homepage is https://github.com/tseemann/prokka
[20:38:27] Local time is Sun May 23 20:38:27 2021
[20:38:27] You are vinglis
[20:38:27] Operating system is linux
[20:38:27] You have BioPerl 1.007001
[20:38:27] System has 16 cores.
[20:38:27] Will use maximum of 2 cores.
[20:38:27] Annotating as >>> Bacteria <<<
[20:38:27] Generating locus_tag from 'bin.5.fa' contents.
[20:38:27] Setting --locustag PAJJMOIK from MD5 9a33682433f4bc426280b13a1e6b96ef
[20:38:27] Creating new output folder: /home/vinglis/genome_analysis/GenomeAnalysis/analysis/04_annotation/D1_prokka_output/bin.5.fa_prokka_out
[20:38:27] Running: mkdir -p \/home\/vinglis\/genome_analysis\/GenomeAnalysis\/analysis\/04_annotation\/D1_prokka_output\/bin\.5\.fa_prokka_out
[20:38:27] Using filename prefix: PROKKA_05232021.XXX
[20:38:27] Setting HMMER_NCPU=1
[20:38:27] Writing log to: /home/vinglis/genome_analysis/GenomeAnalysis/analysis/04_annotation/D1_prokka_output/bin.5.fa_prokka_out/PROKKA_05232021.log
[20:38:27] Command: /sw/bioinfo/prokka/1.45-5b58020/rackham/bin/prokka --outdir /home/vinglis/genome_analysis/GenomeAnalysis/analysis/04_annotation/D1_prokka_output/bin.5.fa_prokka_out --metagenome --cpus 2 bin.5.fa
[20:38:27] Appending to PATH: /sw/bioinfo/prokka/1.45-5b58020/rackham/bin/../binaries/linux
[20:38:27] Appending to PATH: /sw/bioinfo/prokka/1.45-5b58020/rackham/bin/../binaries/linux/../common
[20:38:27] Appending to PATH: /sw/bioinfo/prokka/1.45-5b58020/rackham/bin
[20:38:27] Looking for 'aragorn' - found /sw/bioinfo/prokka/1.45-5b58020/rackham/bin/../binaries/linux/aragorn
[20:38:27] Determined aragorn version is 001002 from 'ARAGORN v1.2.38 Dean Laslett'
[20:38:27] Looking for 'barrnap' - found /sw/bioinfo/barrnap/0.8/rackham/bin/barrnap
[20:38:27] Determined barrnap version is 000008 from 'barrnap 0.8'
[20:38:27] Looking for 'blastp' - found /sw/bioinfo/blast/2.11.0+/rackham/bin/blastp
[20:38:28] Determined blastp version is 002011 from 'blastp: 2.11.0+'
[20:38:28] Looking for 'cmpress' - found /sw/bioinfo/prokka/1.45-5b58020/rackham/bin/../binaries/linux/cmpress
[20:38:28] Determined cmpress version is 001001 from '# INFERNAL 1.1.2 (July 2016)'
[20:38:28] Looking for 'cmscan' - found /sw/bioinfo/prokka/1.45-5b58020/rackham/bin/../binaries/linux/cmscan
[20:38:28] Determined cmscan version is 001001 from '# INFERNAL 1.1.2 (July 2016)'
[20:38:28] Looking for 'egrep' - found /usr/bin/egrep
[20:38:28] Looking for 'find' - found /usr/bin/find
[20:38:28] Looking for 'grep' - found /usr/bin/grep
[20:38:28] Looking for 'hmmpress' - found /sw/apps/bioinfo/hmmer/3.1b2/rackham/bin/hmmpress
[20:38:28] Determined hmmpress version is 003001 from '# HMMER 3.1b2 (February 2015); http://hmmer.org/'
[20:38:28] Looking for 'hmmscan' - found /sw/apps/bioinfo/hmmer/3.1b2/rackham/bin/hmmscan
[20:38:28] Determined hmmscan version is 003001 from '# HMMER 3.1b2 (February 2015); http://hmmer.org/'
[20:38:28] Looking for 'java' - found /usr/bin/java
[20:38:28] Looking for 'makeblastdb' - found /sw/bioinfo/blast/2.11.0+/rackham/bin/makeblastdb
[20:38:29] Determined makeblastdb version is 002011 from 'makeblastdb: 2.11.0+'
[20:38:29] Looking for 'minced' - found /sw/apps/bioinfo/minced/0.2.0/rackham/minced
[20:38:29] Determined minced version is 002000 from 'minced 0.2.0'
[20:38:29] Looking for 'parallel' - found /sw/parallel/gnuparallel/20170122/rackham/bin/parallel
[20:38:29] Determined parallel version is 20170122 from 'GNU parallel 20170122'
[20:38:29] Looking for 'prodigal' - found /sw/apps/bioinfo/prodigal/2.6.3/rackham/bin/prodigal
[20:38:29] Determined prodigal version is 002006 from 'Prodigal V2.6.3: February, 2016'
[20:38:29] Looking for 'prokka-genbank_to_fasta_db' - found /sw/bioinfo/prokka/1.45-5b58020/rackham/bin/prokka-genbank_to_fasta_db
[20:38:29] Looking for 'sed' - found /usr/bin/sed
[20:38:29] Looking for 'signalp' - found /sw/bioinfo/SignalP/4.1f/rackham/signalp
[20:38:29] Determined signalp version is 004001 from '4.1 4785068'
[20:38:29] Looking for 'tbl2asn' - found /sw/bioinfo/tbl2asn/25.8/rackham/tbl2asn
[20:38:29] Determined tbl2asn version is 025008 from 'tbl2asn 25.8   arguments:'
[20:38:29] Using genetic code table 11.
[20:38:29] Loading and checking input file: bin.5.fa
[20:38:29] Wrote 128 contigs totalling 452509 bp.
[20:38:29] Predicting tRNAs and tmRNAs
[20:38:29] Running: aragorn -l -gc11  -w \/home\/vinglis\/genome_analysis\/GenomeAnalysis\/analysis\/04_annotation\/D1_prokka_output\/bin\.5\.fa_prokka_out\/PROKKA_05232021\.fna
[20:38:30] 1 tRNA-Trp c[3444,3519] 34 (cca)
[20:38:30] 2 tRNA-Thr c[3746,3820] 33 (ggt)
[20:38:30] 3 tRNA-Tyr c[3835,3920] 35 (gta)
[20:38:30] 4 tRNA-Thr c[3926,4001] 34 (tgt)
[20:38:30] 1 tRNA-Ser c[443,532] 35 (tga)
[20:38:30] Found 5 tRNAs
[20:38:30] Predicting Ribosomal RNAs
[20:38:30] Running Barrnap with 2 threads
[20:38:30] Found 0 rRNAs
[20:38:30] Skipping ncRNA search, enable with --rfam if desired.
[20:38:30] Total of 5 tRNA + rRNA features
[20:38:30] Searching for CRISPR repeats
[20:38:31] Found 0 CRISPRs
[20:38:31] Predicting coding sequences
[20:38:31] Contigs total 452509 bp, so using meta mode
[20:38:31] Running: prodigal -i \/home\/vinglis\/genome_analysis\/GenomeAnalysis\/analysis\/04_annotation\/D1_prokka_output\/bin\.5\.fa_prokka_out\/PROKKA_05232021\.fna -c -m -g 11 -p meta -f sco -q
[20:38:33] Found 449 CDS
[20:38:33] Connecting features back to sequences
[20:38:33] Not using genus-specific database. Try --usegenus to enable it.
[20:38:33] Annotating CDS, please be patient.
[20:38:33] Will use 2 CPUs for similarity searching.
[20:38:33] There are still 449 unannotated CDS left (started with 449)
[20:38:33] Will use blast to search against /sw/bioinfo/prokka/1.45-5b58020/rackham/db/kingdom/Bacteria/IS with 2 CPUs
[20:38:33] Running: cat \/home\/vinglis\/genome_analysis\/GenomeAnalysis\/analysis\/04_annotation\/D1_prokka_output\/bin\.5\.fa_prokka_out\/PROKKA_05232021\.IS\.tmp\.49025\.faa | parallel --gnu --plain -j 2 --block 28522 --recstart '>' --pipe blastp -query - -db /sw/bioinfo/prokka/1.45-5b58020/rackham/db/kingdom/Bacteria/IS -evalue 1e-30 -qcov_hsp_perc 90 -num_threads 1 -num_descriptions 1 -num_alignments 1 -seg no > \/home\/vinglis\/genome_analysis\/GenomeAnalysis\/analysis\/04_annotation\/D1_prokka_output\/bin\.5\.fa_prokka_out\/PROKKA_05232021\.IS\.tmp\.49025\.blast 2> /dev/null
[20:38:45] Deleting unwanted file: /home/vinglis/genome_analysis/GenomeAnalysis/analysis/04_annotation/D1_prokka_output/bin.5.fa_prokka_out/PROKKA_05232021.IS.tmp.49025.faa
[20:38:45] Deleting unwanted file: /home/vinglis/genome_analysis/GenomeAnalysis/analysis/04_annotation/D1_prokka_output/bin.5.fa_prokka_out/PROKKA_05232021.IS.tmp.49025.blast
[20:38:45] There are still 449 unannotated CDS left (started with 449)
[20:38:45] Will use blast to search against /sw/bioinfo/prokka/1.45-5b58020/rackham/db/kingdom/Bacteria/AMR with 2 CPUs
[20:38:45] Running: cat \/home\/vinglis\/genome_analysis\/GenomeAnalysis\/analysis\/04_annotation\/D1_prokka_output\/bin\.5\.fa_prokka_out\/PROKKA_05232021\.AMR\.tmp\.49025\.faa | parallel --gnu --plain -j 2 --block 28522 --recstart '>' --pipe blastp -query - -db /sw/bioinfo/prokka/1.45-5b58020/rackham/db/kingdom/Bacteria/AMR -evalue 9.99999999999999e-301 -qcov_hsp_perc 90 -num_threads 1 -num_descriptions 1 -num_alignments 1 -seg no > \/home\/vinglis\/genome_analysis\/GenomeAnalysis\/analysis\/04_annotation\/D1_prokka_output\/bin\.5\.fa_prokka_out\/PROKKA_05232021\.AMR\.tmp\.49025\.blast 2> /dev/null
[20:38:54] Deleting unwanted file: /home/vinglis/genome_analysis/GenomeAnalysis/analysis/04_annotation/D1_prokka_output/bin.5.fa_prokka_out/PROKKA_05232021.AMR.tmp.49025.faa
[20:38:54] Deleting unwanted file: /home/vinglis/genome_analysis/GenomeAnalysis/analysis/04_annotation/D1_prokka_output/bin.5.fa_prokka_out/PROKKA_05232021.AMR.tmp.49025.blast
[20:38:55] There are still 449 unannotated CDS left (started with 449)
[20:38:55] Will use blast to search against /sw/bioinfo/prokka/1.45-5b58020/rackham/db/kingdom/Bacteria/sprot with 2 CPUs
[20:38:55] Running: cat \/home\/vinglis\/genome_analysis\/GenomeAnalysis\/analysis\/04_annotation\/D1_prokka_output\/bin\.5\.fa_prokka_out\/PROKKA_05232021\.sprot\.tmp\.49025\.faa | parallel --gnu --plain -j 2 --block 28522 --recstart '>' --pipe blastp -query - -db /sw/bioinfo/prokka/1.45-5b58020/rackham/db/kingdom/Bacteria/sprot -evalue 1e-09 -qcov_hsp_perc 80 -num_threads 1 -num_descriptions 1 -num_alignments 1 -seg no > \/home\/vinglis\/genome_analysis\/GenomeAnalysis\/analysis\/04_annotation\/D1_prokka_output\/bin\.5\.fa_prokka_out\/PROKKA_05232021\.sprot\.tmp\.49025\.blast 2> /dev/null
[20:39:35] Modify product: Putative glutamine amidotransferase Rv2859c => Putative glutamine amidotransferase
[20:39:35] Modify product: UPF0056 inner membrane protein YhgN => hypothetical protein
[20:39:35] Modify product: Probable iron-sulfur-binding oxidoreductase FadF => putative iron-sulfur-binding oxidoreductase FadF
[20:39:36] Modify product: Uncharacterized protein HI_1163 => putative protein
[20:39:36] Modify product: UPF0394 membrane protein XF_0766 => hypothetical protein
[20:39:36] Modify product: Putative formate dehydrogenase SA2102 => Putative formate dehydrogenase
[20:39:36] Modify product: Probable D-xylose utilization operon transcriptional repressor => putative D-xylose utilization operon transcriptional repressor
[20:39:36] Modify product: Probable dipeptidase PepE => putative dipeptidase PepE
[20:39:36] Modify product: Uncharacterized oxidoreductase YdhV => putative oxidoreductase YdhV
[20:39:36] Modify product: UPF0047 protein Rv2556c => hypothetical protein
[20:39:36] Modify product: Probable N-methylproline demethylase => putative N-methylproline demethylase
[20:39:36] Modify product: Probable N-methylproline demethylase => putative N-methylproline demethylase
[20:39:36] Modify product: Probable acyltransferase YihG => putative acyltransferase YihG
[20:39:36] Modify product: Probable D-xylose utilization operon transcriptional repressor => putative D-xylose utilization operon transcriptional repressor
[20:39:36] Modify product: Probable D,D-dipeptide-binding periplasmic protein DdpA => putative D,D-dipeptide-binding periplasmic protein DdpA
[20:39:36] Modify product: UPF0102 protein RPA0323 => hypothetical protein
[20:39:36] Cleaned 16 /product names
[20:39:36] Deleting unwanted file: /home/vinglis/genome_analysis/GenomeAnalysis/analysis/04_annotation/D1_prokka_output/bin.5.fa_prokka_out/PROKKA_05232021.sprot.tmp.49025.faa
[20:39:36] Deleting unwanted file: /home/vinglis/genome_analysis/GenomeAnalysis/analysis/04_annotation/D1_prokka_output/bin.5.fa_prokka_out/PROKKA_05232021.sprot.tmp.49025.blast
[20:39:36] There are still 254 unannotated CDS left (started with 449)
[20:39:36] Will use hmmer3 to search against /sw/bioinfo/prokka/1.45-5b58020/rackham/db/hmm/HAMAP.hmm with 2 CPUs
[20:39:36] Running: cat \/home\/vinglis\/genome_analysis\/GenomeAnalysis\/analysis\/04_annotation\/D1_prokka_output\/bin\.5\.fa_prokka_out\/PROKKA_05232021\.HAMAP\.hmm\.tmp\.49025\.faa | parallel --gnu --plain -j 2 --block 13696 --recstart '>' --pipe hmmscan --noali --notextw --acc -E 1e-09 --cpu 1 /sw/bioinfo/prokka/1.45-5b58020/rackham/db/hmm/HAMAP.hmm /dev/stdin > \/home\/vinglis\/genome_analysis\/GenomeAnalysis\/analysis\/04_annotation\/D1_prokka_output\/bin\.5\.fa_prokka_out\/PROKKA_05232021\.HAMAP\.hmm\.tmp\.49025\.hmmer3 2> /dev/null
[20:39:59] Deleting unwanted file: /home/vinglis/genome_analysis/GenomeAnalysis/analysis/04_annotation/D1_prokka_output/bin.5.fa_prokka_out/PROKKA_05232021.HAMAP.hmm.tmp.49025.faa
[20:39:59] Deleting unwanted file: /home/vinglis/genome_analysis/GenomeAnalysis/analysis/04_annotation/D1_prokka_output/bin.5.fa_prokka_out/PROKKA_05232021.HAMAP.hmm.tmp.49025.hmmer3
[20:39:59] Labelling remaining 234 proteins as 'hypothetical protein'
[20:39:59] Possible /pseudo 'Transcriptional regulatory protein OmpR' at k105_32995 position 2218
[20:39:59] Possible /pseudo 'UvrABC system protein C' at k105_138387 position 2011
[20:39:59] Possible /pseudo 'putative N-methylproline demethylase' at k105_8262 position 2085
[20:39:59] Found 195 unique /gene codes.
[20:39:59] Fixed 2 duplicate /gene - ompR_1 ompR_2
[20:39:59] Fixed 2 duplicate /gene - livH_1 livH_2
[20:39:59] Fixed 2 duplicate /gene - gntR_1 gntR_2
[20:39:59] Fixed 2 duplicate /gene - uvrC_1 uvrC_2
[20:39:59] Fixed 2 duplicate /gene - stcD_1 stcD_2
[20:39:59] Fixed 3 duplicate /gene - fabG_1 fabG_2 fabG_3
[20:39:59] Fixed 6 colliding /gene names.
[20:39:59] Adding /locus_tag identifiers
[20:39:59] Assigned 454 locus_tags to CDS and RNA features.
[20:39:59] Writing outputs to /home/vinglis/genome_analysis/GenomeAnalysis/analysis/04_annotation/D1_prokka_output/bin.5.fa_prokka_out/
[20:39:59] Generating annotation statistics file
[20:39:59] Generating Genbank and Sequin files
[20:39:59] Running: tbl2asn -V b -a r10k -l paired-ends -M n -N 1 -y 'Annotated using prokka 1.14.6 from https://github.com/tseemann/prokka' -Z \/home\/vinglis\/genome_analysis\/GenomeAnalysis\/analysis\/04_annotation\/D1_prokka_output\/bin\.5\.fa_prokka_out\/PROKKA_05232021\.err -i \/home\/vinglis\/genome_analysis\/GenomeAnalysis\/analysis\/04_annotation\/D1_prokka_output\/bin\.5\.fa_prokka_out\/PROKKA_05232021\.fsa 2> /dev/null
[20:40:01] Deleting unwanted file: /home/vinglis/genome_analysis/GenomeAnalysis/analysis/04_annotation/D1_prokka_output/bin.5.fa_prokka_out/errorsummary.val
[20:40:01] Deleting unwanted file: /home/vinglis/genome_analysis/GenomeAnalysis/analysis/04_annotation/D1_prokka_output/bin.5.fa_prokka_out/PROKKA_05232021.dr
[20:40:01] Deleting unwanted file: /home/vinglis/genome_analysis/GenomeAnalysis/analysis/04_annotation/D1_prokka_output/bin.5.fa_prokka_out/PROKKA_05232021.fixedproducts
[20:40:01] Deleting unwanted file: /home/vinglis/genome_analysis/GenomeAnalysis/analysis/04_annotation/D1_prokka_output/bin.5.fa_prokka_out/PROKKA_05232021.ecn
[20:40:01] Deleting unwanted file: /home/vinglis/genome_analysis/GenomeAnalysis/analysis/04_annotation/D1_prokka_output/bin.5.fa_prokka_out/PROKKA_05232021.val
[20:40:01] Repairing broken .GBK output that tbl2asn produces...
[20:40:01] Running: sed 's/COORDINATES: profile/COORDINATES:profile/' < \/home\/vinglis\/genome_analysis\/GenomeAnalysis\/analysis\/04_annotation\/D1_prokka_output\/bin\.5\.fa_prokka_out\/PROKKA_05232021\.gbf > \/home\/vinglis\/genome_analysis\/GenomeAnalysis\/analysis\/04_annotation\/D1_prokka_output\/bin\.5\.fa_prokka_out\/PROKKA_05232021\.gbk
[20:40:01] Deleting unwanted file: /home/vinglis/genome_analysis/GenomeAnalysis/analysis/04_annotation/D1_prokka_output/bin.5.fa_prokka_out/PROKKA_05232021.gbf
[20:40:01] Output files:
[20:40:01] /home/vinglis/genome_analysis/GenomeAnalysis/analysis/04_annotation/D1_prokka_output/bin.5.fa_prokka_out/PROKKA_05232021.log
[20:40:01] /home/vinglis/genome_analysis/GenomeAnalysis/analysis/04_annotation/D1_prokka_output/bin.5.fa_prokka_out/PROKKA_05232021.fna
[20:40:01] /home/vinglis/genome_analysis/GenomeAnalysis/analysis/04_annotation/D1_prokka_output/bin.5.fa_prokka_out/PROKKA_05232021.gff
[20:40:01] /home/vinglis/genome_analysis/GenomeAnalysis/analysis/04_annotation/D1_prokka_output/bin.5.fa_prokka_out/PROKKA_05232021.faa
[20:40:01] /home/vinglis/genome_analysis/GenomeAnalysis/analysis/04_annotation/D1_prokka_output/bin.5.fa_prokka_out/PROKKA_05232021.ffn
[20:40:01] /home/vinglis/genome_analysis/GenomeAnalysis/analysis/04_annotation/D1_prokka_output/bin.5.fa_prokka_out/PROKKA_05232021.tbl
[20:40:01] /home/vinglis/genome_analysis/GenomeAnalysis/analysis/04_annotation/D1_prokka_output/bin.5.fa_prokka_out/PROKKA_05232021.fsa
[20:40:01] /home/vinglis/genome_analysis/GenomeAnalysis/analysis/04_annotation/D1_prokka_output/bin.5.fa_prokka_out/PROKKA_05232021.tsv
[20:40:01] /home/vinglis/genome_analysis/GenomeAnalysis/analysis/04_annotation/D1_prokka_output/bin.5.fa_prokka_out/PROKKA_05232021.txt
[20:40:01] /home/vinglis/genome_analysis/GenomeAnalysis/analysis/04_annotation/D1_prokka_output/bin.5.fa_prokka_out/PROKKA_05232021.gbk
[20:40:01] /home/vinglis/genome_analysis/GenomeAnalysis/analysis/04_annotation/D1_prokka_output/bin.5.fa_prokka_out/PROKKA_05232021.sqn
[20:40:01] /home/vinglis/genome_analysis/GenomeAnalysis/analysis/04_annotation/D1_prokka_output/bin.5.fa_prokka_out/PROKKA_05232021.err
[20:40:01] Annotation finished successfully.
[20:40:01] Walltime used: 1.57 minutes
[20:40:01] If you use this result please cite the Prokka paper:
[20:40:01] Seemann T (2014) Prokka: rapid prokaryotic genome annotation. Bioinformatics. 30(14):2068-9.
[20:40:01] Type 'prokka --citation' for more details.
[20:40:01] Thank you, come again.
