[20:48:18] This is prokka 1.14.6
[20:48:18] Written by Torsten Seemann <torsten.seemann@gmail.com>
[20:48:18] Homepage is https://github.com/tseemann/prokka
[20:48:18] Local time is Sun May 23 20:48:18 2021
[20:48:18] You are vinglis
[20:48:18] Operating system is linux
[20:48:18] You have BioPerl 1.007001
[20:48:18] System has 16 cores.
[20:48:18] Will use maximum of 2 cores.
[20:48:18] Annotating as >>> Bacteria <<<
[20:48:18] Generating locus_tag from 'bin.8.fa' contents.
[20:48:18] Setting --locustag NADILNJA from MD5 7ad2573abe224a5148fbe0e3ea32921b
[20:48:18] Creating new output folder: /home/vinglis/genome_analysis/GenomeAnalysis/analysis/04_annotation/D1_prokka_output/bin.8.fa_prokka_out
[20:48:18] Running: mkdir -p \/home\/vinglis\/genome_analysis\/GenomeAnalysis\/analysis\/04_annotation\/D1_prokka_output\/bin\.8\.fa_prokka_out
[20:48:18] Using filename prefix: PROKKA_05232021.XXX
[20:48:18] Setting HMMER_NCPU=1
[20:48:18] Writing log to: /home/vinglis/genome_analysis/GenomeAnalysis/analysis/04_annotation/D1_prokka_output/bin.8.fa_prokka_out/PROKKA_05232021.log
[20:48:18] Command: /sw/bioinfo/prokka/1.45-5b58020/rackham/bin/prokka --outdir /home/vinglis/genome_analysis/GenomeAnalysis/analysis/04_annotation/D1_prokka_output/bin.8.fa_prokka_out --metagenome --cpus 2 bin.8.fa
[20:48:18] Appending to PATH: /sw/bioinfo/prokka/1.45-5b58020/rackham/bin/../binaries/linux
[20:48:18] Appending to PATH: /sw/bioinfo/prokka/1.45-5b58020/rackham/bin/../binaries/linux/../common
[20:48:18] Appending to PATH: /sw/bioinfo/prokka/1.45-5b58020/rackham/bin
[20:48:18] Looking for 'aragorn' - found /sw/bioinfo/prokka/1.45-5b58020/rackham/bin/../binaries/linux/aragorn
[20:48:18] Determined aragorn version is 001002 from 'ARAGORN v1.2.38 Dean Laslett'
[20:48:18] Looking for 'barrnap' - found /sw/bioinfo/barrnap/0.8/rackham/bin/barrnap
[20:48:18] Determined barrnap version is 000008 from 'barrnap 0.8'
[20:48:18] Looking for 'blastp' - found /sw/bioinfo/blast/2.11.0+/rackham/bin/blastp
[20:48:18] Determined blastp version is 002011 from 'blastp: 2.11.0+'
[20:48:18] Looking for 'cmpress' - found /sw/bioinfo/prokka/1.45-5b58020/rackham/bin/../binaries/linux/cmpress
[20:48:18] Determined cmpress version is 001001 from '# INFERNAL 1.1.2 (July 2016)'
[20:48:18] Looking for 'cmscan' - found /sw/bioinfo/prokka/1.45-5b58020/rackham/bin/../binaries/linux/cmscan
[20:48:18] Determined cmscan version is 001001 from '# INFERNAL 1.1.2 (July 2016)'
[20:48:18] Looking for 'egrep' - found /usr/bin/egrep
[20:48:18] Looking for 'find' - found /usr/bin/find
[20:48:18] Looking for 'grep' - found /usr/bin/grep
[20:48:18] Looking for 'hmmpress' - found /sw/apps/bioinfo/hmmer/3.1b2/rackham/bin/hmmpress
[20:48:18] Determined hmmpress version is 003001 from '# HMMER 3.1b2 (February 2015); http://hmmer.org/'
[20:48:18] Looking for 'hmmscan' - found /sw/apps/bioinfo/hmmer/3.1b2/rackham/bin/hmmscan
[20:48:18] Determined hmmscan version is 003001 from '# HMMER 3.1b2 (February 2015); http://hmmer.org/'
[20:48:18] Looking for 'java' - found /usr/bin/java
[20:48:18] Looking for 'makeblastdb' - found /sw/bioinfo/blast/2.11.0+/rackham/bin/makeblastdb
[20:48:19] Determined makeblastdb version is 002011 from 'makeblastdb: 2.11.0+'
[20:48:19] Looking for 'minced' - found /sw/apps/bioinfo/minced/0.2.0/rackham/minced
[20:48:19] Determined minced version is 002000 from 'minced 0.2.0'
[20:48:19] Looking for 'parallel' - found /sw/parallel/gnuparallel/20170122/rackham/bin/parallel
[20:48:19] Determined parallel version is 20170122 from 'GNU parallel 20170122'
[20:48:19] Looking for 'prodigal' - found /sw/apps/bioinfo/prodigal/2.6.3/rackham/bin/prodigal
[20:48:19] Determined prodigal version is 002006 from 'Prodigal V2.6.3: February, 2016'
[20:48:19] Looking for 'prokka-genbank_to_fasta_db' - found /sw/bioinfo/prokka/1.45-5b58020/rackham/bin/prokka-genbank_to_fasta_db
[20:48:19] Looking for 'sed' - found /usr/bin/sed
[20:48:19] Looking for 'signalp' - found /sw/bioinfo/SignalP/4.1f/rackham/signalp
[20:48:20] Determined signalp version is 004001 from '4.1 4785068'
[20:48:20] Looking for 'tbl2asn' - found /sw/bioinfo/tbl2asn/25.8/rackham/tbl2asn
[20:48:20] Determined tbl2asn version is 025008 from 'tbl2asn 25.8   arguments:'
[20:48:20] Using genetic code table 11.
[20:48:20] Loading and checking input file: bin.8.fa
[20:48:20] Wrote 183 contigs totalling 714639 bp.
[20:48:20] Predicting tRNAs and tmRNAs
[20:48:20] Running: aragorn -l -gc11  -w \/home\/vinglis\/genome_analysis\/GenomeAnalysis\/analysis\/04_annotation\/D1_prokka_output\/bin\.8\.fa_prokka_out\/PROKKA_05232021\.fna
[20:48:20] 1 tRNA-Pro [2133,2209] 35 (cgg)
[20:48:20] 1 tRNA-Arg [4247,4321] 34 (ccg)
[20:48:20] 1 tRNA-Ala c[196,270] 35 (tgc)
[20:48:20] 2 tRNA-Ile c[5470,5544] 35 (gat)
[20:48:20] 1 tRNA-Thr c[2121,2193] 33 (cgt)
[20:48:20] 1 tRNA-Ser [539,629] 35 (gga)
[20:48:20] 2 tRNA-Ser c[1104,1193] 35 (cga)
[20:48:20] 1 tRNA-Arg [362,435] 34 (cct)
[20:48:20] 1 tRNA-Gly [1198,1269] 33 (ccc)
[20:48:20] 1 tRNA-Lys c[5214,5287] 34 (ttt)
[20:48:20] 1 tRNA-SeC [1286,1381] 36 (tca)
[20:48:20] 1 tRNA-Trp c[800,874] 35 (cca)
[20:48:20] 2 tRNA-Met c[1996,2072] 35 (cat)
[20:48:20] 3 tRNA-Thr c[2087,2160] 34 (ggt)
[20:48:20] Found 14 tRNAs
[20:48:20] Predicting Ribosomal RNAs
[20:48:20] Running Barrnap with 2 threads
[20:48:21] Found 0 rRNAs
[20:48:21] Skipping ncRNA search, enable with --rfam if desired.
[20:48:21] Total of 14 tRNA + rRNA features
[20:48:21] Searching for CRISPR repeats
[20:48:22] Found 0 CRISPRs
[20:48:22] Predicting coding sequences
[20:48:22] Contigs total 714639 bp, so using meta mode
[20:48:22] Running: prodigal -i \/home\/vinglis\/genome_analysis\/GenomeAnalysis\/analysis\/04_annotation\/D1_prokka_output\/bin\.8\.fa_prokka_out\/PROKKA_05232021\.fna -c -m -g 11 -p meta -f sco -q
[20:48:22] Excluding CDS which overlaps existing RNA (tRNA) at k105_21483:2088..2549 on - strand
[20:48:24] Excluding CDS which overlaps existing RNA (tRNA) at k105_98054:629..1075 on + strand
[20:48:26] Found 707 CDS
[20:48:26] Connecting features back to sequences
[20:48:26] Not using genus-specific database. Try --usegenus to enable it.
[20:48:26] Annotating CDS, please be patient.
[20:48:26] Will use 2 CPUs for similarity searching.
[20:48:26] There are still 707 unannotated CDS left (started with 707)
[20:48:26] Will use blast to search against /sw/bioinfo/prokka/1.45-5b58020/rackham/db/kingdom/Bacteria/IS with 2 CPUs
[20:48:26] Running: cat \/home\/vinglis\/genome_analysis\/GenomeAnalysis\/analysis\/04_annotation\/D1_prokka_output\/bin\.8\.fa_prokka_out\/PROKKA_05232021\.IS\.tmp\.53661\.faa | parallel --gnu --plain -j 2 --block 47331 --recstart '>' --pipe blastp -query - -db /sw/bioinfo/prokka/1.45-5b58020/rackham/db/kingdom/Bacteria/IS -evalue 1e-30 -qcov_hsp_perc 90 -num_threads 1 -num_descriptions 1 -num_alignments 1 -seg no > \/home\/vinglis\/genome_analysis\/GenomeAnalysis\/analysis\/04_annotation\/D1_prokka_output\/bin\.8\.fa_prokka_out\/PROKKA_05232021\.IS\.tmp\.53661\.blast 2> /dev/null
[20:48:43] Deleting unwanted file: /home/vinglis/genome_analysis/GenomeAnalysis/analysis/04_annotation/D1_prokka_output/bin.8.fa_prokka_out/PROKKA_05232021.IS.tmp.53661.faa
[20:48:43] Deleting unwanted file: /home/vinglis/genome_analysis/GenomeAnalysis/analysis/04_annotation/D1_prokka_output/bin.8.fa_prokka_out/PROKKA_05232021.IS.tmp.53661.blast
[20:48:44] There are still 707 unannotated CDS left (started with 707)
[20:48:44] Will use blast to search against /sw/bioinfo/prokka/1.45-5b58020/rackham/db/kingdom/Bacteria/AMR with 2 CPUs
[20:48:44] Running: cat \/home\/vinglis\/genome_analysis\/GenomeAnalysis\/analysis\/04_annotation\/D1_prokka_output\/bin\.8\.fa_prokka_out\/PROKKA_05232021\.AMR\.tmp\.53661\.faa | parallel --gnu --plain -j 2 --block 47331 --recstart '>' --pipe blastp -query - -db /sw/bioinfo/prokka/1.45-5b58020/rackham/db/kingdom/Bacteria/AMR -evalue 9.99999999999999e-301 -qcov_hsp_perc 90 -num_threads 1 -num_descriptions 1 -num_alignments 1 -seg no > \/home\/vinglis\/genome_analysis\/GenomeAnalysis\/analysis\/04_annotation\/D1_prokka_output\/bin\.8\.fa_prokka_out\/PROKKA_05232021\.AMR\.tmp\.53661\.blast 2> /dev/null
[20:48:58] Deleting unwanted file: /home/vinglis/genome_analysis/GenomeAnalysis/analysis/04_annotation/D1_prokka_output/bin.8.fa_prokka_out/PROKKA_05232021.AMR.tmp.53661.faa
[20:48:58] Deleting unwanted file: /home/vinglis/genome_analysis/GenomeAnalysis/analysis/04_annotation/D1_prokka_output/bin.8.fa_prokka_out/PROKKA_05232021.AMR.tmp.53661.blast
[20:48:59] There are still 707 unannotated CDS left (started with 707)
[20:48:59] Will use blast to search against /sw/bioinfo/prokka/1.45-5b58020/rackham/db/kingdom/Bacteria/sprot with 2 CPUs
[20:48:59] Running: cat \/home\/vinglis\/genome_analysis\/GenomeAnalysis\/analysis\/04_annotation\/D1_prokka_output\/bin\.8\.fa_prokka_out\/PROKKA_05232021\.sprot\.tmp\.53661\.faa | parallel --gnu --plain -j 2 --block 47331 --recstart '>' --pipe blastp -query - -db /sw/bioinfo/prokka/1.45-5b58020/rackham/db/kingdom/Bacteria/sprot -evalue 1e-09 -qcov_hsp_perc 80 -num_threads 1 -num_descriptions 1 -num_alignments 1 -seg no > \/home\/vinglis\/genome_analysis\/GenomeAnalysis\/analysis\/04_annotation\/D1_prokka_output\/bin\.8\.fa_prokka_out\/PROKKA_05232021\.sprot\.tmp\.53661\.blast 2> /dev/null
[20:50:09] Modify product: UPF0051 protein SA0778 => hypothetical protein
[20:50:09] Modify product: Uncharacterized protein SA1069 => putative protein
[20:50:09] Modify product: Uncharacterized protein YqeY => putative protein YqeY
[20:50:09] Modify product: Uncharacterized protein Rv2913c => putative protein
[20:50:09] Modify product: Phosphatase Rv3376 => Phosphatase
[20:50:09] Modify product: Probable tRNA-dihydrouridine synthase => putative tRNA-dihydrouridine synthase
[20:50:09] Modify product: Epimerase family protein Rv2216 => Epimerase family protein
[20:50:09] Modify product: Uncharacterized oxidoreductase Rv1144 => putative oxidoreductase
[20:50:09] Modify product: Uncharacterized ABC transporter ATP-binding protein Rv0986 => putative ABC transporter ATP-binding protein
[20:50:09] Modify product: Uncharacterized oxidoreductase YjmC => putative oxidoreductase YjmC
[20:50:09] Modify product: Multifunctional alkaline phosphatase superfamily protein pRL90232 => Multifunctional alkaline phosphatase superfamily protein
[20:50:09] Modify product: Uncharacterized protein Rv0036c => putative protein
[20:50:09] Modify product: UPF0053 protein Rv2366c => hypothetical protein
[20:50:09] Modify product: Putative coenzyme F420-dependent oxidoreductase Rv3520c => Putative coenzyme F420-dependent oxidoreductase
[20:50:09] Modify product: Uncharacterized protein Rv0940c => putative protein
[20:50:09] Modify product: UPF0324 inner membrane protein YeiH => hypothetical protein
[20:50:09] Modify product: Uncharacterized protein Rv1360 => putative protein
[20:50:09] Modify product: Uncharacterized protein Rv0953c => putative protein
[20:50:09] Modify product: Probable enoyl-CoA hydratase echA8 => putative enoyl-CoA hydratase echA8
[20:50:09] Modify product: Putative coenzyme F420-dependent oxidoreductase Rv3520c => Putative coenzyme F420-dependent oxidoreductase
[20:50:09] Modify product: Nucleotide-binding protein SA0720 => Nucleotide-binding protein
[20:50:09] Modify product: Putative coenzyme F420-dependent oxidoreductase Rv3520c => Putative coenzyme F420-dependent oxidoreductase
[20:50:09] Modify product: Purine-binding protein BAB2_0673 => Purine-binding protein
[20:50:09] Modify product: UPF0053 protein Rv1842c => hypothetical protein
[20:50:09] Modify product: Uncharacterized protein Rv1841c => putative protein
[20:50:09] Modify product: Probable enoyl-CoA hydratase echA8 => putative enoyl-CoA hydratase echA8
[20:50:09] Modify product: Probable sensor histidine kinase pdtaS => putative sensor histidine kinase pdtaS
[20:50:09] Modify product: Probable 3-hydroxyacyl-CoA dehydrogenase => putative 3-hydroxyacyl-CoA dehydrogenase
[20:50:09] Modify product: Probable enoyl-CoA hydratase echA8 => putative enoyl-CoA hydratase echA8
[20:50:09] Modify product: Probable multidrug resistance protein EmrY => putative multidrug resistance protein EmrY
[20:50:09] Modify product: Uncharacterized protein Rv0940c => putative protein
[20:50:09] Modify product: Uncharacterized HTH-type transcriptional regulator Rv3095 => putative HTH-type transcriptional regulator
[20:50:09] Modify product: Uncharacterized protein Rv0959 => putative protein
[20:50:09] Modify product: Uncharacterized protein Rv2913c => putative protein
[20:50:09] Modify product: Uncharacterized protein Rv0953c => putative protein
[20:50:09] Modify product: Uncharacterized metal-dependent hydrolase YcfH => putative metal-dependent hydrolase YcfH
[20:50:09] Modify product: Probable methylmalonyl-CoA mutase large subunit => putative methylmalonyl-CoA mutase large subunit
[20:50:09] Modify product: Probable GTPase Rv1496 => putative GTPase
[20:50:09] Modify product: Uncharacterized ABC transporter ATP-binding protein YheS => putative ABC transporter ATP-binding protein YheS
[20:50:09] Modify product: F420H(2)-dependent reductase Rv1155 => F420H(2)-dependent reductase
[20:50:09] Modify product: Putative short-chain type dehydrogenase/reductase Rv0148 => Putative short-chain type dehydrogenase/reductase
[20:50:09] Modify product: Phosphorylated carbohydrates phosphatase TM_1254 => Phosphorylated carbohydrates phosphatase
[20:50:09] Modify product: Thioredoxin-like reductase Rv2466c => Thioredoxin-like reductase
[20:50:09] Modify product: Probable GTPase Rv1496 => putative GTPase
[20:50:09] Modify product: Uncharacterized protein Rv0953c => putative protein
[20:50:09] Cleaned 45 /product names
[20:50:09] Deleting unwanted file: /home/vinglis/genome_analysis/GenomeAnalysis/analysis/04_annotation/D1_prokka_output/bin.8.fa_prokka_out/PROKKA_05232021.sprot.tmp.53661.faa
[20:50:09] Deleting unwanted file: /home/vinglis/genome_analysis/GenomeAnalysis/analysis/04_annotation/D1_prokka_output/bin.8.fa_prokka_out/PROKKA_05232021.sprot.tmp.53661.blast
[20:50:09] There are still 362 unannotated CDS left (started with 707)
[20:50:09] Will use hmmer3 to search against /sw/bioinfo/prokka/1.45-5b58020/rackham/db/hmm/HAMAP.hmm with 2 CPUs
[20:50:09] Running: cat \/home\/vinglis\/genome_analysis\/GenomeAnalysis\/analysis\/04_annotation\/D1_prokka_output\/bin\.8\.fa_prokka_out\/PROKKA_05232021\.HAMAP\.hmm\.tmp\.53661\.faa | parallel --gnu --plain -j 2 --block 19933 --recstart '>' --pipe hmmscan --noali --notextw --acc -E 1e-09 --cpu 1 /sw/bioinfo/prokka/1.45-5b58020/rackham/db/hmm/HAMAP.hmm /dev/stdin > \/home\/vinglis\/genome_analysis\/GenomeAnalysis\/analysis\/04_annotation\/D1_prokka_output\/bin\.8\.fa_prokka_out\/PROKKA_05232021\.HAMAP\.hmm\.tmp\.53661\.hmmer3 2> /dev/null
[20:50:42] Deleting unwanted file: /home/vinglis/genome_analysis/GenomeAnalysis/analysis/04_annotation/D1_prokka_output/bin.8.fa_prokka_out/PROKKA_05232021.HAMAP.hmm.tmp.53661.faa
[20:50:42] Deleting unwanted file: /home/vinglis/genome_analysis/GenomeAnalysis/analysis/04_annotation/D1_prokka_output/bin.8.fa_prokka_out/PROKKA_05232021.HAMAP.hmm.tmp.53661.hmmer3
[20:50:42] Labelling remaining 305 proteins as 'hypothetical protein'
[20:50:42] Possible /pseudo 'D-inositol-3-phosphate glycosyltransferase' at k105_10399 position 1502
[20:50:42] Possible /pseudo '2-succinyl-6-hydroxy-2,4-cyclohexadiene-1-carboxylate synthase' at k105_161056 position 2718
[20:50:42] Found 299 unique /gene codes.
[20:50:42] Fixed 3 duplicate /gene - luxA_1 luxA_2 luxA_3
[20:50:42] Fixed 2 duplicate /gene - ndhC_1 ndhC_2
[20:50:42] Fixed 2 duplicate /gene - ephA_1 ephA_2
[20:50:42] Fixed 2 duplicate /gene - fadA5_1 fadA5_2
[20:50:42] Fixed 2 duplicate /gene - cutL_1 cutL_2
[20:50:42] Fixed 4 duplicate /gene - fgd_1 fgd_2 fgd_3 fgd_4
[20:50:42] Fixed 2 duplicate /gene - paaG_1 paaG_2
[20:50:42] Fixed 3 duplicate /gene - bbsF_1 bbsF_2 bbsF_3
[20:50:42] Fixed 2 duplicate /gene - menB_1 menB_2
[20:50:42] Fixed 2 duplicate /gene - flhA_1 flhA_2
[20:50:42] Fixed 2 duplicate /gene - arnC_1 arnC_2
[20:50:42] Fixed 2 duplicate /gene - nuoJ_1 nuoJ_2
[20:50:42] Fixed 2 duplicate /gene - ndhI_1 ndhI_2
[20:50:42] Fixed 4 duplicate /gene - menH_1 menH_2 menH_3 menH_4
[20:50:42] Fixed 5 duplicate /gene - yfdE_1 yfdE_2 yfdE_3 yfdE_4 yfdE_5
[20:50:42] Fixed 3 duplicate /gene - echA8_1 echA8_2 echA8_3
[20:50:42] Fixed 2 duplicate /gene - livH_1 livH_2
[20:50:42] Fixed 2 duplicate /gene - atpH_1 atpH_2
[20:50:42] Fixed 2 duplicate /gene - crt_1 crt_2
[20:50:42] Fixed 4 duplicate /gene - frc_1 frc_2 frc_3 frc_4
[20:50:42] Fixed 2 duplicate /gene - mcm_1 mcm_2
[20:50:42] Fixed 2 duplicate /gene - caiA_1 caiA_2
[20:50:42] Fixed 2 duplicate /gene - whiB_1 whiB_2
[20:50:42] Fixed 2 duplicate /gene - pccB_1 pccB_2
[20:50:42] Fixed 2 duplicate /gene - nuoL_1 nuoL_2
[20:50:42] Fixed 4 duplicate /gene - mshA_1 mshA_2 mshA_3 mshA_4
[20:50:42] Fixed 3 duplicate /gene - caiD_1 caiD_2 caiD_3
[20:50:42] Fixed 3 duplicate /gene - smtB_1 smtB_2 smtB_3
[20:50:42] Fixed 2 duplicate /gene - sgaA_1 sgaA_2
[20:50:42] Fixed 29 colliding /gene names.
[20:50:42] Adding /locus_tag identifiers
[20:50:42] Assigned 721 locus_tags to CDS and RNA features.
[20:50:42] Writing outputs to /home/vinglis/genome_analysis/GenomeAnalysis/analysis/04_annotation/D1_prokka_output/bin.8.fa_prokka_out/
[20:50:43] Generating annotation statistics file
[20:50:43] Generating Genbank and Sequin files
[20:50:43] Running: tbl2asn -V b -a r10k -l paired-ends -M n -N 1 -y 'Annotated using prokka 1.14.6 from https://github.com/tseemann/prokka' -Z \/home\/vinglis\/genome_analysis\/GenomeAnalysis\/analysis\/04_annotation\/D1_prokka_output\/bin\.8\.fa_prokka_out\/PROKKA_05232021\.err -i \/home\/vinglis\/genome_analysis\/GenomeAnalysis\/analysis\/04_annotation\/D1_prokka_output\/bin\.8\.fa_prokka_out\/PROKKA_05232021\.fsa 2> /dev/null
[20:50:44] Deleting unwanted file: /home/vinglis/genome_analysis/GenomeAnalysis/analysis/04_annotation/D1_prokka_output/bin.8.fa_prokka_out/errorsummary.val
[20:50:44] Deleting unwanted file: /home/vinglis/genome_analysis/GenomeAnalysis/analysis/04_annotation/D1_prokka_output/bin.8.fa_prokka_out/PROKKA_05232021.dr
[20:50:44] Deleting unwanted file: /home/vinglis/genome_analysis/GenomeAnalysis/analysis/04_annotation/D1_prokka_output/bin.8.fa_prokka_out/PROKKA_05232021.fixedproducts
[20:50:44] Deleting unwanted file: /home/vinglis/genome_analysis/GenomeAnalysis/analysis/04_annotation/D1_prokka_output/bin.8.fa_prokka_out/PROKKA_05232021.ecn
[20:50:44] Deleting unwanted file: /home/vinglis/genome_analysis/GenomeAnalysis/analysis/04_annotation/D1_prokka_output/bin.8.fa_prokka_out/PROKKA_05232021.val
[20:50:44] Repairing broken .GBK output that tbl2asn produces...
[20:50:44] Running: sed 's/COORDINATES: profile/COORDINATES:profile/' < \/home\/vinglis\/genome_analysis\/GenomeAnalysis\/analysis\/04_annotation\/D1_prokka_output\/bin\.8\.fa_prokka_out\/PROKKA_05232021\.gbf > \/home\/vinglis\/genome_analysis\/GenomeAnalysis\/analysis\/04_annotation\/D1_prokka_output\/bin\.8\.fa_prokka_out\/PROKKA_05232021\.gbk
[20:50:44] Deleting unwanted file: /home/vinglis/genome_analysis/GenomeAnalysis/analysis/04_annotation/D1_prokka_output/bin.8.fa_prokka_out/PROKKA_05232021.gbf
[20:50:44] Output files:
[20:50:44] /home/vinglis/genome_analysis/GenomeAnalysis/analysis/04_annotation/D1_prokka_output/bin.8.fa_prokka_out/PROKKA_05232021.log
[20:50:44] /home/vinglis/genome_analysis/GenomeAnalysis/analysis/04_annotation/D1_prokka_output/bin.8.fa_prokka_out/PROKKA_05232021.fna
[20:50:44] /home/vinglis/genome_analysis/GenomeAnalysis/analysis/04_annotation/D1_prokka_output/bin.8.fa_prokka_out/PROKKA_05232021.gff
[20:50:44] /home/vinglis/genome_analysis/GenomeAnalysis/analysis/04_annotation/D1_prokka_output/bin.8.fa_prokka_out/PROKKA_05232021.faa
[20:50:44] /home/vinglis/genome_analysis/GenomeAnalysis/analysis/04_annotation/D1_prokka_output/bin.8.fa_prokka_out/PROKKA_05232021.ffn
[20:50:44] /home/vinglis/genome_analysis/GenomeAnalysis/analysis/04_annotation/D1_prokka_output/bin.8.fa_prokka_out/PROKKA_05232021.tbl
[20:50:44] /home/vinglis/genome_analysis/GenomeAnalysis/analysis/04_annotation/D1_prokka_output/bin.8.fa_prokka_out/PROKKA_05232021.fsa
[20:50:44] /home/vinglis/genome_analysis/GenomeAnalysis/analysis/04_annotation/D1_prokka_output/bin.8.fa_prokka_out/PROKKA_05232021.tsv
[20:50:44] /home/vinglis/genome_analysis/GenomeAnalysis/analysis/04_annotation/D1_prokka_output/bin.8.fa_prokka_out/PROKKA_05232021.txt
[20:50:44] /home/vinglis/genome_analysis/GenomeAnalysis/analysis/04_annotation/D1_prokka_output/bin.8.fa_prokka_out/PROKKA_05232021.gbk
[20:50:44] /home/vinglis/genome_analysis/GenomeAnalysis/analysis/04_annotation/D1_prokka_output/bin.8.fa_prokka_out/PROKKA_05232021.sqn
[20:50:44] /home/vinglis/genome_analysis/GenomeAnalysis/analysis/04_annotation/D1_prokka_output/bin.8.fa_prokka_out/PROKKA_05232021.err
[20:50:44] Annotation finished successfully.
[20:50:44] Walltime used: 2.43 minutes
[20:50:44] If you use this result please cite the Prokka paper:
[20:50:44] Seemann T (2014) Prokka: rapid prokaryotic genome annotation. Bioinformatics. 30(14):2068-9.
[20:50:44] Type 'prokka --citation' for more details.
[20:50:44] Thank you, come again.
