[22:34:02] This is prokka 1.14.6
[22:34:02] Written by Torsten Seemann <torsten.seemann@gmail.com>
[22:34:02] Homepage is https://github.com/tseemann/prokka
[22:34:02] Local time is Sun May 23 22:34:02 2021
[22:34:02] You are vinglis
[22:34:02] Operating system is linux
[22:34:02] You have BioPerl 1.007001
[22:34:02] System has 16 cores.
[22:34:02] Will use maximum of 2 cores.
[22:34:02] Annotating as >>> Bacteria <<<
[22:34:02] Generating locus_tag from 'bin.20.fa' contents.
[22:34:02] Setting --locustag AIPKPAAK from MD5 a2949aa4ca70d37360bd0ee50f52ab8b
[22:34:02] Creating new output folder: /home/vinglis/genome_analysis/GenomeAnalysis/analysis/04_annotation/D3_prokka_output/bin.20.fa_prokka_out
[22:34:02] Running: mkdir -p \/home\/vinglis\/genome_analysis\/GenomeAnalysis\/analysis\/04_annotation\/D3_prokka_output\/bin\.20\.fa_prokka_out
[22:34:02] Using filename prefix: PROKKA_05232021.XXX
[22:34:02] Setting HMMER_NCPU=1
[22:34:02] Writing log to: /home/vinglis/genome_analysis/GenomeAnalysis/analysis/04_annotation/D3_prokka_output/bin.20.fa_prokka_out/PROKKA_05232021.log
[22:34:02] Command: /sw/bioinfo/prokka/1.45-5b58020/rackham/bin/prokka --outdir /home/vinglis/genome_analysis/GenomeAnalysis/analysis/04_annotation/D3_prokka_output/bin.20.fa_prokka_out --metagenome --cpus 2 bin.20.fa
[22:34:02] Appending to PATH: /sw/bioinfo/prokka/1.45-5b58020/rackham/bin/../binaries/linux
[22:34:02] Appending to PATH: /sw/bioinfo/prokka/1.45-5b58020/rackham/bin/../binaries/linux/../common
[22:34:02] Appending to PATH: /sw/bioinfo/prokka/1.45-5b58020/rackham/bin
[22:34:02] Looking for 'aragorn' - found /sw/bioinfo/prokka/1.45-5b58020/rackham/bin/../binaries/linux/aragorn
[22:34:02] Determined aragorn version is 001002 from 'ARAGORN v1.2.38 Dean Laslett'
[22:34:02] Looking for 'barrnap' - found /sw/bioinfo/barrnap/0.8/rackham/bin/barrnap
[22:34:02] Determined barrnap version is 000008 from 'barrnap 0.8'
[22:34:02] Looking for 'blastp' - found /sw/bioinfo/blast/2.11.0+/rackham/bin/blastp
[22:34:03] Determined blastp version is 002011 from 'blastp: 2.11.0+'
[22:34:03] Looking for 'cmpress' - found /sw/bioinfo/prokka/1.45-5b58020/rackham/bin/../binaries/linux/cmpress
[22:34:03] Determined cmpress version is 001001 from '# INFERNAL 1.1.2 (July 2016)'
[22:34:03] Looking for 'cmscan' - found /sw/bioinfo/prokka/1.45-5b58020/rackham/bin/../binaries/linux/cmscan
[22:34:03] Determined cmscan version is 001001 from '# INFERNAL 1.1.2 (July 2016)'
[22:34:03] Looking for 'egrep' - found /usr/bin/egrep
[22:34:03] Looking for 'find' - found /usr/bin/find
[22:34:03] Looking for 'grep' - found /usr/bin/grep
[22:34:03] Looking for 'hmmpress' - found /sw/apps/bioinfo/hmmer/3.1b2/rackham/bin/hmmpress
[22:34:03] Determined hmmpress version is 003001 from '# HMMER 3.1b2 (February 2015); http://hmmer.org/'
[22:34:03] Looking for 'hmmscan' - found /sw/apps/bioinfo/hmmer/3.1b2/rackham/bin/hmmscan
[22:34:03] Determined hmmscan version is 003001 from '# HMMER 3.1b2 (February 2015); http://hmmer.org/'
[22:34:03] Looking for 'java' - found /usr/bin/java
[22:34:03] Looking for 'makeblastdb' - found /sw/bioinfo/blast/2.11.0+/rackham/bin/makeblastdb
[22:34:04] Determined makeblastdb version is 002011 from 'makeblastdb: 2.11.0+'
[22:34:04] Looking for 'minced' - found /sw/apps/bioinfo/minced/0.2.0/rackham/minced
[22:34:04] Determined minced version is 002000 from 'minced 0.2.0'
[22:34:04] Looking for 'parallel' - found /sw/parallel/gnuparallel/20170122/rackham/bin/parallel
[22:34:04] Determined parallel version is 20170122 from 'GNU parallel 20170122'
[22:34:04] Looking for 'prodigal' - found /sw/apps/bioinfo/prodigal/2.6.3/rackham/bin/prodigal
[22:34:04] Determined prodigal version is 002006 from 'Prodigal V2.6.3: February, 2016'
[22:34:04] Looking for 'prokka-genbank_to_fasta_db' - found /sw/bioinfo/prokka/1.45-5b58020/rackham/bin/prokka-genbank_to_fasta_db
[22:34:04] Looking for 'sed' - found /usr/bin/sed
[22:34:04] Looking for 'signalp' - found /sw/bioinfo/SignalP/4.1f/rackham/signalp
[22:34:04] Determined signalp version is 004001 from '4.1 4785068'
[22:34:04] Looking for 'tbl2asn' - found /sw/bioinfo/tbl2asn/25.8/rackham/tbl2asn
[22:34:04] Determined tbl2asn version is 025008 from 'tbl2asn 25.8   arguments:'
[22:34:04] Using genetic code table 11.
[22:34:04] Loading and checking input file: bin.20.fa
[22:34:04] Wrote 229 contigs totalling 938219 bp.
[22:34:04] Predicting tRNAs and tmRNAs
[22:34:04] Running: aragorn -l -gc11  -w \/home\/vinglis\/genome_analysis\/GenomeAnalysis\/analysis\/04_annotation\/D3_prokka_output\/bin\.20\.fa_prokka_out\/PROKKA_05232021\.fna
[22:34:05] 1 tRNA-Thr [187,262] 34 (cgt)
[22:34:05] 1 tRNA-Lys [2320,2395] 34 (ttt)
[22:34:05] 1 tRNA-Met c[4290,4366] 35 (cat)
[22:34:05] 1 tRNA-Gln [4625,4699] 33 (ttg)
[22:34:05] 1 tRNA-Leu [3842,3928] 35 (cag)
[22:34:05] 1 tRNA-Leu c[2645,2736] 31 (cag)
[22:34:05] 1 tRNA-Pro c[3570,3646] 35 (cgg)
[22:34:05] 1 tRNA-Met c[10,86] 35 (cat)
[22:34:05] 2 tRNA-Leu c[2834,2919] 35 (gag)
[22:34:05] Found 9 tRNAs
[22:34:05] Predicting Ribosomal RNAs
[22:34:05] Running Barrnap with 2 threads
[22:34:06] Found 0 rRNAs
[22:34:06] Skipping ncRNA search, enable with --rfam if desired.
[22:34:06] Total of 9 tRNA + rRNA features
[22:34:06] Searching for CRISPR repeats
[22:34:07] Found 0 CRISPRs
[22:34:07] Predicting coding sequences
[22:34:07] Contigs total 938219 bp, so using meta mode
[22:34:07] Running: prodigal -i \/home\/vinglis\/genome_analysis\/GenomeAnalysis\/analysis\/04_annotation\/D3_prokka_output\/bin\.20\.fa_prokka_out\/PROKKA_05232021\.fna -c -m -g 11 -p meta -f sco -q
[22:34:12] Excluding CDS which overlaps existing RNA (tRNA) at k105_105569:1907..2707 on + strand
[22:34:13] Found 955 CDS
[22:34:13] Connecting features back to sequences
[22:34:13] Not using genus-specific database. Try --usegenus to enable it.
[22:34:13] Annotating CDS, please be patient.
[22:34:13] Will use 2 CPUs for similarity searching.
[22:34:14] There are still 955 unannotated CDS left (started with 955)
[22:34:14] Will use blast to search against /sw/bioinfo/prokka/1.45-5b58020/rackham/db/kingdom/Bacteria/IS with 2 CPUs
[22:34:14] Running: cat \/home\/vinglis\/genome_analysis\/GenomeAnalysis\/analysis\/04_annotation\/D3_prokka_output\/bin\.20\.fa_prokka_out\/PROKKA_05232021\.IS\.tmp\.32173\.faa | parallel --gnu --plain -j 2 --block 65383 --recstart '>' --pipe blastp -query - -db /sw/bioinfo/prokka/1.45-5b58020/rackham/db/kingdom/Bacteria/IS -evalue 1e-30 -qcov_hsp_perc 90 -num_threads 1 -num_descriptions 1 -num_alignments 1 -seg no > \/home\/vinglis\/genome_analysis\/GenomeAnalysis\/analysis\/04_annotation\/D3_prokka_output\/bin\.20\.fa_prokka_out\/PROKKA_05232021\.IS\.tmp\.32173\.blast 2> /dev/null
[22:34:37] Deleting unwanted file: /home/vinglis/genome_analysis/GenomeAnalysis/analysis/04_annotation/D3_prokka_output/bin.20.fa_prokka_out/PROKKA_05232021.IS.tmp.32173.faa
[22:34:37] Deleting unwanted file: /home/vinglis/genome_analysis/GenomeAnalysis/analysis/04_annotation/D3_prokka_output/bin.20.fa_prokka_out/PROKKA_05232021.IS.tmp.32173.blast
[22:34:37] There are still 955 unannotated CDS left (started with 955)
[22:34:37] Will use blast to search against /sw/bioinfo/prokka/1.45-5b58020/rackham/db/kingdom/Bacteria/AMR with 2 CPUs
[22:34:37] Running: cat \/home\/vinglis\/genome_analysis\/GenomeAnalysis\/analysis\/04_annotation\/D3_prokka_output\/bin\.20\.fa_prokka_out\/PROKKA_05232021\.AMR\.tmp\.32173\.faa | parallel --gnu --plain -j 2 --block 65383 --recstart '>' --pipe blastp -query - -db /sw/bioinfo/prokka/1.45-5b58020/rackham/db/kingdom/Bacteria/AMR -evalue 9.99999999999999e-301 -qcov_hsp_perc 90 -num_threads 1 -num_descriptions 1 -num_alignments 1 -seg no > \/home\/vinglis\/genome_analysis\/GenomeAnalysis\/analysis\/04_annotation\/D3_prokka_output\/bin\.20\.fa_prokka_out\/PROKKA_05232021\.AMR\.tmp\.32173\.blast 2> /dev/null
[22:34:56] Deleting unwanted file: /home/vinglis/genome_analysis/GenomeAnalysis/analysis/04_annotation/D3_prokka_output/bin.20.fa_prokka_out/PROKKA_05232021.AMR.tmp.32173.faa
[22:34:56] Deleting unwanted file: /home/vinglis/genome_analysis/GenomeAnalysis/analysis/04_annotation/D3_prokka_output/bin.20.fa_prokka_out/PROKKA_05232021.AMR.tmp.32173.blast
[22:34:57] There are still 955 unannotated CDS left (started with 955)
[22:34:57] Will use blast to search against /sw/bioinfo/prokka/1.45-5b58020/rackham/db/kingdom/Bacteria/sprot with 2 CPUs
[22:34:57] Running: cat \/home\/vinglis\/genome_analysis\/GenomeAnalysis\/analysis\/04_annotation\/D3_prokka_output\/bin\.20\.fa_prokka_out\/PROKKA_05232021\.sprot\.tmp\.32173\.faa | parallel --gnu --plain -j 2 --block 65383 --recstart '>' --pipe blastp -query - -db /sw/bioinfo/prokka/1.45-5b58020/rackham/db/kingdom/Bacteria/sprot -evalue 1e-09 -qcov_hsp_perc 80 -num_threads 1 -num_descriptions 1 -num_alignments 1 -seg no > \/home\/vinglis\/genome_analysis\/GenomeAnalysis\/analysis\/04_annotation\/D3_prokka_output\/bin\.20\.fa_prokka_out\/PROKKA_05232021\.sprot\.tmp\.32173\.blast 2> /dev/null
[22:36:29] Modify product: Probable intracellular septation protein A => putative intracellular septation protein A
[22:36:29] Modify product: Uncharacterized protein YciO => putative protein YciO
[22:36:29] Modify product: Uncharacterized oxidoreductase Rv1144 => putative oxidoreductase
[22:36:29] Modify product: Probable protease SohB => putative protease SohB
[22:36:29] Modify product: Probable sulfate transporter Rv1739c => putative sulfate transporter
[22:36:29] Modify product: Probable metallo-hydrolase BURPS1710b_2304 => putative metallo-hydrolase
[22:36:29] Modify product: UPF0701 protein HI_0467 => hypothetical protein
[22:36:29] Modify product: Uncharacterized protein YfgD => putative protein YfgD
[22:36:29] Modify product: Uncharacterized MFS-type transporter YcaD => putative MFS-type transporter YcaD
[22:36:29] Modify product: Uncharacterized oxidoreductase Rv0769 => putative oxidoreductase
[22:36:29] Modify product: Probable protein kinase UbiB => putative protein kinase UbiB
[22:36:29] Modify product: Dihydroorotate dehydrogenase B (NAD(+)), electron transfer subunit homolog => Dihydroorotate dehydrogenase B (NAD(+)), electron transfer subunit 
[22:36:29] Modify product: Putative short-chain type dehydrogenase/reductase Rv0148 => Putative short-chain type dehydrogenase/reductase
[22:36:29] Modify product: Probable enoyl-CoA hydratase 1 => putative enoyl-CoA hydratase 1
[22:36:30] Modify product: Probable peptidoglycan glycosyltransferase FtsW => putative peptidoglycan glycosyltransferase FtsW
[22:36:30] Modify product: UPF0070 protein HI_0370 => hypothetical protein
[22:36:30] Modify product: Putative trans-acting enoyl reductase Rv2449c => Putative trans-acting enoyl reductase
[22:36:30] Modify product: Probable GTP-binding protein EngB => putative GTP-binding protein EngB
[22:36:30] Modify product: Putative coenzyme F420-dependent oxidoreductase Rv3520c => Putative coenzyme F420-dependent oxidoreductase
[22:36:30] Modify product: Uncharacterized protein Rv2913c => putative protein
[22:36:30] Modify product: Uncharacterized ABC transporter ATP-binding protein YadG => putative ABC transporter ATP-binding protein YadG
[22:36:30] Modify product: UPF0102 protein RPA0323 => hypothetical protein
[22:36:30] Modify product: UPF0434 protein PFL_1779 => hypothetical protein
[22:36:30] Modify product: UPF0153 protein YeiW => hypothetical protein
[22:36:30] Modify product: RNA-binding protein HI_1333 => RNA-binding protein
[22:36:30] Modify product: UPF0053 protein Rv2366c => hypothetical protein
[22:36:30] Modify product: Probable acyl-CoA dehydrogenase fadE25 => putative acyl-CoA dehydrogenase fadE25
[22:36:30] Modify product: Putative trans-acting enoyl reductase Rv2449c => Putative trans-acting enoyl reductase
[22:36:30] Modify product: Uncharacterized protein YibN => putative protein YibN
[22:36:30] Modify product: GTP-binding protein TypA/BipA homolog => GTP-binding protein TypA/BipA 
[22:36:30] Modify product: Probable FKBP-type peptidyl-prolyl cis-trans isomerase FkpA => putative FKBP-type peptidyl-prolyl cis-trans isomerase FkpA
[22:36:30] Modify product: UPF0213 protein BH0048 => hypothetical protein
[22:36:30] Modify product: Peroxiredoxin sll1621 => Peroxiredoxin
[22:36:30] Modify product: Uncharacterized oxidoreductase Rv0927c => putative oxidoreductase
[22:36:30] Modify product: UPF0307 protein YjgA => hypothetical protein
[22:36:30] Modify product: Epimerase family protein SA0724 => Epimerase family protein
[22:36:30] Modify product: Uncharacterized metal-dependent hydrolase YcfH => putative metal-dependent hydrolase YcfH
[22:36:30] Modify product: UPF0125 protein HI_0395 => hypothetical protein
[22:36:30] Cleaned 38 /product names
[22:36:30] Deleting unwanted file: /home/vinglis/genome_analysis/GenomeAnalysis/analysis/04_annotation/D3_prokka_output/bin.20.fa_prokka_out/PROKKA_05232021.sprot.tmp.32173.faa
[22:36:30] Deleting unwanted file: /home/vinglis/genome_analysis/GenomeAnalysis/analysis/04_annotation/D3_prokka_output/bin.20.fa_prokka_out/PROKKA_05232021.sprot.tmp.32173.blast
[22:36:30] There are still 481 unannotated CDS left (started with 955)
[22:36:30] Will use hmmer3 to search against /sw/bioinfo/prokka/1.45-5b58020/rackham/db/hmm/HAMAP.hmm with 2 CPUs
[22:36:30] Running: cat \/home\/vinglis\/genome_analysis\/GenomeAnalysis\/analysis\/04_annotation\/D3_prokka_output\/bin\.20\.fa_prokka_out\/PROKKA_05232021\.HAMAP\.hmm\.tmp\.32173\.faa | parallel --gnu --plain -j 2 --block 26857 --recstart '>' --pipe hmmscan --noali --notextw --acc -E 1e-09 --cpu 1 /sw/bioinfo/prokka/1.45-5b58020/rackham/db/hmm/HAMAP.hmm /dev/stdin > \/home\/vinglis\/genome_analysis\/GenomeAnalysis\/analysis\/04_annotation\/D3_prokka_output\/bin\.20\.fa_prokka_out\/PROKKA_05232021\.HAMAP\.hmm\.tmp\.32173\.hmmer3 2> /dev/null
[22:37:13] Deleting unwanted file: /home/vinglis/genome_analysis/GenomeAnalysis/analysis/04_annotation/D3_prokka_output/bin.20.fa_prokka_out/PROKKA_05232021.HAMAP.hmm.tmp.32173.faa
[22:37:13] Deleting unwanted file: /home/vinglis/genome_analysis/GenomeAnalysis/analysis/04_annotation/D3_prokka_output/bin.20.fa_prokka_out/PROKKA_05232021.HAMAP.hmm.tmp.32173.hmmer3
[22:37:13] Labelling remaining 425 proteins as 'hypothetical protein'
[22:37:13] Possible /pseudo 'Tol-Pal system protein TolR' at k105_36775 position 1806
[22:37:13] Found 458 unique /gene codes.
[22:37:13] Fixed 2 duplicate /gene - prmA_1 prmA_2
[22:37:13] Fixed 2 duplicate /gene - acdA_1 acdA_2
[22:37:13] Fixed 2 duplicate /gene - yfmJ_1 yfmJ_2
[22:37:13] Fixed 3 duplicate /gene - linC_1 linC_2 linC_3
[22:37:13] Fixed 2 duplicate /gene - mmgC_1 mmgC_2
[22:37:13] Fixed 2 duplicate /gene - nicF_1 nicF_2
[22:37:13] Fixed 2 duplicate /gene - trpB_1 trpB_2
[22:37:13] Fixed 2 duplicate /gene - syrM1_1 syrM1_2
[22:37:13] Fixed 2 duplicate /gene - alsT_1 alsT_2
[22:37:13] Fixed 2 duplicate /gene - oxyR_1 oxyR_2
[22:37:13] Fixed 2 duplicate /gene - accC_1 accC_2
[22:37:13] Fixed 2 duplicate /gene - ribBA_1 ribBA_2
[22:37:13] Fixed 2 duplicate /gene - leuS_1 leuS_2
[22:37:13] Fixed 3 duplicate /gene - tolR_1 tolR_2 tolR_3
[22:37:13] Fixed 2 duplicate /gene - fabG_1 fabG_2
[22:37:13] Fixed 2 duplicate /gene - btuB_1 btuB_2
[22:37:13] Fixed 2 duplicate /gene - bicA_1 bicA_2
[22:37:13] Fixed 2 duplicate /gene - tolQ_1 tolQ_2
[22:37:13] Fixed 2 duplicate /gene - ftsA_1 ftsA_2
[22:37:13] Fixed 2 duplicate /gene - mdh_1 mdh_2
[22:37:13] Fixed 4 duplicate /gene - bepA_1 bepA_2 bepA_3 bepA_4
[22:37:13] Fixed 21 colliding /gene names.
[22:37:13] Adding /locus_tag identifiers
[22:37:13] Assigned 964 locus_tags to CDS and RNA features.
[22:37:13] Writing outputs to /home/vinglis/genome_analysis/GenomeAnalysis/analysis/04_annotation/D3_prokka_output/bin.20.fa_prokka_out/
[22:37:14] Generating annotation statistics file
[22:37:14] Generating Genbank and Sequin files
[22:37:14] Running: tbl2asn -V b -a r10k -l paired-ends -M n -N 1 -y 'Annotated using prokka 1.14.6 from https://github.com/tseemann/prokka' -Z \/home\/vinglis\/genome_analysis\/GenomeAnalysis\/analysis\/04_annotation\/D3_prokka_output\/bin\.20\.fa_prokka_out\/PROKKA_05232021\.err -i \/home\/vinglis\/genome_analysis\/GenomeAnalysis\/analysis\/04_annotation\/D3_prokka_output\/bin\.20\.fa_prokka_out\/PROKKA_05232021\.fsa 2> /dev/null
[22:37:16] Deleting unwanted file: /home/vinglis/genome_analysis/GenomeAnalysis/analysis/04_annotation/D3_prokka_output/bin.20.fa_prokka_out/errorsummary.val
[22:37:16] Deleting unwanted file: /home/vinglis/genome_analysis/GenomeAnalysis/analysis/04_annotation/D3_prokka_output/bin.20.fa_prokka_out/PROKKA_05232021.dr
[22:37:16] Deleting unwanted file: /home/vinglis/genome_analysis/GenomeAnalysis/analysis/04_annotation/D3_prokka_output/bin.20.fa_prokka_out/PROKKA_05232021.fixedproducts
[22:37:16] Deleting unwanted file: /home/vinglis/genome_analysis/GenomeAnalysis/analysis/04_annotation/D3_prokka_output/bin.20.fa_prokka_out/PROKKA_05232021.ecn
[22:37:16] Deleting unwanted file: /home/vinglis/genome_analysis/GenomeAnalysis/analysis/04_annotation/D3_prokka_output/bin.20.fa_prokka_out/PROKKA_05232021.val
[22:37:16] Repairing broken .GBK output that tbl2asn produces...
[22:37:16] Running: sed 's/COORDINATES: profile/COORDINATES:profile/' < \/home\/vinglis\/genome_analysis\/GenomeAnalysis\/analysis\/04_annotation\/D3_prokka_output\/bin\.20\.fa_prokka_out\/PROKKA_05232021\.gbf > \/home\/vinglis\/genome_analysis\/GenomeAnalysis\/analysis\/04_annotation\/D3_prokka_output\/bin\.20\.fa_prokka_out\/PROKKA_05232021\.gbk
[22:37:16] Deleting unwanted file: /home/vinglis/genome_analysis/GenomeAnalysis/analysis/04_annotation/D3_prokka_output/bin.20.fa_prokka_out/PROKKA_05232021.gbf
[22:37:16] Output files:
[22:37:16] /home/vinglis/genome_analysis/GenomeAnalysis/analysis/04_annotation/D3_prokka_output/bin.20.fa_prokka_out/PROKKA_05232021.log
[22:37:16] /home/vinglis/genome_analysis/GenomeAnalysis/analysis/04_annotation/D3_prokka_output/bin.20.fa_prokka_out/PROKKA_05232021.fna
[22:37:16] /home/vinglis/genome_analysis/GenomeAnalysis/analysis/04_annotation/D3_prokka_output/bin.20.fa_prokka_out/PROKKA_05232021.gff
[22:37:16] /home/vinglis/genome_analysis/GenomeAnalysis/analysis/04_annotation/D3_prokka_output/bin.20.fa_prokka_out/PROKKA_05232021.faa
[22:37:16] /home/vinglis/genome_analysis/GenomeAnalysis/analysis/04_annotation/D3_prokka_output/bin.20.fa_prokka_out/PROKKA_05232021.ffn
[22:37:16] /home/vinglis/genome_analysis/GenomeAnalysis/analysis/04_annotation/D3_prokka_output/bin.20.fa_prokka_out/PROKKA_05232021.tbl
[22:37:16] /home/vinglis/genome_analysis/GenomeAnalysis/analysis/04_annotation/D3_prokka_output/bin.20.fa_prokka_out/PROKKA_05232021.fsa
[22:37:16] /home/vinglis/genome_analysis/GenomeAnalysis/analysis/04_annotation/D3_prokka_output/bin.20.fa_prokka_out/PROKKA_05232021.tsv
[22:37:16] /home/vinglis/genome_analysis/GenomeAnalysis/analysis/04_annotation/D3_prokka_output/bin.20.fa_prokka_out/PROKKA_05232021.txt
[22:37:16] /home/vinglis/genome_analysis/GenomeAnalysis/analysis/04_annotation/D3_prokka_output/bin.20.fa_prokka_out/PROKKA_05232021.gbk
[22:37:16] /home/vinglis/genome_analysis/GenomeAnalysis/analysis/04_annotation/D3_prokka_output/bin.20.fa_prokka_out/PROKKA_05232021.sqn
[22:37:16] /home/vinglis/genome_analysis/GenomeAnalysis/analysis/04_annotation/D3_prokka_output/bin.20.fa_prokka_out/PROKKA_05232021.err
[22:37:16] Annotation finished successfully.
[22:37:16] Walltime used: 3.23 minutes
[22:37:16] If you use this result please cite the Prokka paper:
[22:37:16] Seemann T (2014) Prokka: rapid prokaryotic genome annotation. Bioinformatics. 30(14):2068-9.
[22:37:16] Type 'prokka --citation' for more details.
[22:37:16] Thank you, come again.
