--------------------------------------------------------------------------------------------------------------------------------------------------------
  Bin Id   Marker lineage   # genomes   # markers   # marker sets   0     1    2    3    4    5+   Completeness   Contamination   Strain heterogeneity
--------------------------------------------------------------------------------------------------------------------------------------------------------
  bin.3       Bacteria         5449        104            58        1    103   0    0    0    0       98.28            0.00               0.00
  bin.21      Bacteria         5449        104            58        1    103   0    0    0    0       98.28            0.00               0.00
  bin.12      Bacteria         5449        104            58        1     2    5    13   27   56      98.28           321.30              4.45
  bin.13      Bacteria         5449        104            58        3     18   54   28   1    0       94.83           96.30              50.69
  bin.14      Bacteria         5449        104            58        7     96   1    0    0    0       89.66            0.86              100.00
  bin.1       Bacteria         5449        104            58        20    83   1    0    0    0       89.66            1.72               0.00
  bin.9       Bacteria         5449        104            58        12    90   2    0    0    0       84.01            3.45              50.00
  bin.16      Bacteria         5449        104            58        27    77   0    0    0    0       77.43            0.00               0.00
  bin.8       Bacteria         5449        104            58        17    87   0    0    0    0       77.27            0.00               0.00
  bin.17      Bacteria         5449        104            58        17    87   0    0    0    0       75.52            0.00               0.00
  bin.11      Bacteria         5449        104            58        18    65   18   3    0    0       72.41           22.55               7.41
  bin.4       Bacteria         5449        104            58        67    32   5    0    0    0       55.17            6.90              80.00
  bin.7       Bacteria         5449        104            58        50    54   0    0    0    0       51.96            0.00               0.00
  bin.19      Bacteria         5449        104            58        45    49   10   0    0    0       51.88            6.11              30.00
  bin.20      Bacteria         5449        104            58        78    24   2    0    0    0       37.93            3.45              50.00
  bin.10      Bacteria         5449        104            58        47    10   17   17   5    8       36.10           73.34              39.33
  bin.18      Bacteria         5449        104            58        63    38   2    1    0    0       27.22            2.04              40.00
  bin.15      Bacteria         5449        104            58        74    30   0    0    0    0       26.96            0.00               0.00
  bin.6       Bacteria         5449        104            58        88    16   0    0    0    0       16.16            0.00               0.00
  bin.2       Bacteria         5449        104            58        78    25   1    0    0    0       15.45            0.86               0.00
  bin.5       Bacteria         5449        104            58        98    6    0    0    0    0        5.62            0.00               0.00
--------------------------------------------------------------------------------------------------------------------------------------------------------

