[22:25:02] This is prokka 1.14.6
[22:25:02] Written by Torsten Seemann <torsten.seemann@gmail.com>
[22:25:02] Homepage is https://github.com/tseemann/prokka
[22:25:02] Local time is Sun May 23 22:25:02 2021
[22:25:02] You are vinglis
[22:25:02] Operating system is linux
[22:25:02] You have BioPerl 1.007001
[22:25:02] System has 16 cores.
[22:25:02] Will use maximum of 2 cores.
[22:25:02] Annotating as >>> Bacteria <<<
[22:25:02] Generating locus_tag from 'bin.1.fa' contents.
[22:25:02] Setting --locustag DLDAJEOL from MD5 d5da3e85c36c4e65839ffd8465fd7892
[22:25:02] Creating new output folder: /home/vinglis/genome_analysis/GenomeAnalysis/analysis/04_annotation/D3_prokka_output/bin.1.fa_prokka_out
[22:25:02] Running: mkdir -p \/home\/vinglis\/genome_analysis\/GenomeAnalysis\/analysis\/04_annotation\/D3_prokka_output\/bin\.1\.fa_prokka_out
[22:25:02] Using filename prefix: PROKKA_05232021.XXX
[22:25:02] Setting HMMER_NCPU=1
[22:25:02] Writing log to: /home/vinglis/genome_analysis/GenomeAnalysis/analysis/04_annotation/D3_prokka_output/bin.1.fa_prokka_out/PROKKA_05232021.log
[22:25:02] Command: /sw/bioinfo/prokka/1.45-5b58020/rackham/bin/prokka --outdir /home/vinglis/genome_analysis/GenomeAnalysis/analysis/04_annotation/D3_prokka_output/bin.1.fa_prokka_out --metagenome --cpus 2 bin.1.fa
[22:25:02] Appending to PATH: /sw/bioinfo/prokka/1.45-5b58020/rackham/bin/../binaries/linux
[22:25:02] Appending to PATH: /sw/bioinfo/prokka/1.45-5b58020/rackham/bin/../binaries/linux/../common
[22:25:02] Appending to PATH: /sw/bioinfo/prokka/1.45-5b58020/rackham/bin
[22:25:02] Looking for 'aragorn' - found /sw/bioinfo/prokka/1.45-5b58020/rackham/bin/../binaries/linux/aragorn
[22:25:02] Determined aragorn version is 001002 from 'ARAGORN v1.2.38 Dean Laslett'
[22:25:02] Looking for 'barrnap' - found /sw/bioinfo/barrnap/0.8/rackham/bin/barrnap
[22:25:02] Determined barrnap version is 000008 from 'barrnap 0.8'
[22:25:02] Looking for 'blastp' - found /sw/bioinfo/blast/2.11.0+/rackham/bin/blastp
[22:25:02] Determined blastp version is 002011 from 'blastp: 2.11.0+'
[22:25:02] Looking for 'cmpress' - found /sw/bioinfo/prokka/1.45-5b58020/rackham/bin/../binaries/linux/cmpress
[22:25:02] Determined cmpress version is 001001 from '# INFERNAL 1.1.2 (July 2016)'
[22:25:02] Looking for 'cmscan' - found /sw/bioinfo/prokka/1.45-5b58020/rackham/bin/../binaries/linux/cmscan
[22:25:02] Determined cmscan version is 001001 from '# INFERNAL 1.1.2 (July 2016)'
[22:25:02] Looking for 'egrep' - found /usr/bin/egrep
[22:25:02] Looking for 'find' - found /usr/bin/find
[22:25:02] Looking for 'grep' - found /usr/bin/grep
[22:25:02] Looking for 'hmmpress' - found /sw/apps/bioinfo/hmmer/3.1b2/rackham/bin/hmmpress
[22:25:02] Determined hmmpress version is 003001 from '# HMMER 3.1b2 (February 2015); http://hmmer.org/'
[22:25:02] Looking for 'hmmscan' - found /sw/apps/bioinfo/hmmer/3.1b2/rackham/bin/hmmscan
[22:25:02] Determined hmmscan version is 003001 from '# HMMER 3.1b2 (February 2015); http://hmmer.org/'
[22:25:02] Looking for 'java' - found /usr/bin/java
[22:25:02] Looking for 'makeblastdb' - found /sw/bioinfo/blast/2.11.0+/rackham/bin/makeblastdb
[22:25:03] Determined makeblastdb version is 002011 from 'makeblastdb: 2.11.0+'
[22:25:03] Looking for 'minced' - found /sw/apps/bioinfo/minced/0.2.0/rackham/minced
[22:25:03] Determined minced version is 002000 from 'minced 0.2.0'
[22:25:03] Looking for 'parallel' - found /sw/parallel/gnuparallel/20170122/rackham/bin/parallel
[22:25:03] Determined parallel version is 20170122 from 'GNU parallel 20170122'
[22:25:03] Looking for 'prodigal' - found /sw/apps/bioinfo/prodigal/2.6.3/rackham/bin/prodigal
[22:25:04] Determined prodigal version is 002006 from 'Prodigal V2.6.3: February, 2016'
[22:25:04] Looking for 'prokka-genbank_to_fasta_db' - found /sw/bioinfo/prokka/1.45-5b58020/rackham/bin/prokka-genbank_to_fasta_db
[22:25:04] Looking for 'sed' - found /usr/bin/sed
[22:25:04] Looking for 'signalp' - found /sw/bioinfo/SignalP/4.1f/rackham/signalp
[22:25:04] Determined signalp version is 004001 from '4.1 4785068'
[22:25:04] Looking for 'tbl2asn' - found /sw/bioinfo/tbl2asn/25.8/rackham/tbl2asn
[22:25:04] Determined tbl2asn version is 025008 from 'tbl2asn 25.8   arguments:'
[22:25:04] Using genetic code table 11.
[22:25:04] Loading and checking input file: bin.1.fa
[22:25:04] Wrote 48 contigs totalling 2472681 bp.
[22:25:04] Predicting tRNAs and tmRNAs
[22:25:04] Running: aragorn -l -gc11  -w \/home\/vinglis\/genome_analysis\/GenomeAnalysis\/analysis\/04_annotation\/D3_prokka_output\/bin\.1\.fa_prokka_out\/PROKKA_05232021\.fna
[22:25:06] 1 tRNA-Gln c[1526,1600] 33 (ttg)
[22:25:06] 2 tRNA-Phe c[142311,142386] 34 (gaa)
[22:25:06] 3 tRNA-Gly c[144834,144907] 33 (ccc)
[22:25:06] 1 tRNA-Arg [39137,39213] 35 (ccg)
[22:25:06] 1 tRNA-His c[27578,27653] 34 (gtg)
[22:25:06] 2 tRNA-Arg c[27683,27759] 35 (tct)
[22:25:06] 3 tRNA-Pro c[27799,27875] 35 (tgg)
[22:25:06] 4 tRNA-Arg [93240,93316] 35 (cct)
[22:25:06] 5 tRNA-Thr [225171,225246] 34 (cgt)
[22:25:06] 6 tRNA-Pro [248373,248449] 35 (cgg)
[22:25:06] 1 tRNA-Ala [28130,28205] 34 (ggc)
[22:25:06] 2 tRNA-Glu [28227,28302] 35 (ttc)
[22:25:06] 3 tRNA-Leu [33430,33517] 35 (taa)
[22:25:06] 1 tRNA-Lys c[2353,2428] 34 (ttt)
[22:25:06] 1 tRNA-Ser [43490,43580] 35 (gga)
[22:25:06] 2 tRNA-Ser [43643,43732] 35 (cga)
[22:25:06] 3 tRNA-Leu [64790,64876] 35 (caa)
[22:25:06] 4 tRNA-Met c[135355,135431] 35 (cat)
[22:25:06] 5 tRNA-Leu c[150076,150160] 35 (gag)
[22:25:06] 6 tRNA-Leu [207972,208058] 35 (cag)
[22:25:06] 1 tRNA-Ser [9144,9236] 35 (gct)
[22:25:06] 2 tRNA-Arg [9311,9387] 35 (acg)
[22:25:06] 1 tRNA-Pro c[798,874] 35 (ggg)
[22:25:06] 2 tRNA-Val c[16112,16188] 35 (gac)
[22:25:06] 3 tRNA-Asn [20250,20324] 33 (gtt)
[22:25:06] 4 tRNA-Asp c[35328,35404] 35 (gtc)
[22:25:06] 5 tRNA-Val c[35411,35486] 34 (tac)
[22:25:06] 6 tRNA-Asp c[35596,35672] 35 (gtc)
[22:25:06] 7 tRNA-Val c[35679,35754] 34 (tac)
[22:25:06] 8 tRNA-Leu c[42446,42530] 35 (tag)
[22:25:06] 1 tRNA-Tyr [7890,7974] 35 (gta)
[22:25:06] 2 tRNA-Gly [8358,8431] 33 (tcc)
[22:25:06] 3 tRNA-Thr [8472,8547] 34 (ggt)
[22:25:06] 1 tRNA-Gln c[172260,172350] 31 (ctg)
[22:25:06] 1 tRNA-Ala c[1278,1353] 34 (tgc)
[22:25:06] 2 tRNA-Ile c[1384,1460] 35 (gat)
[22:25:06] 3 tRNA-Met [59429,59505] 35 (cat)
[22:25:06] 1 tmRNA c[15767,16146] 93,128 ANDDNYALAA**
[22:25:06] 2 tRNA-Ser [62463,62553] 35 (tga)
[22:25:06] 3 tRNA-Gly [73826,73901] 34 (gcc)
[22:25:06] 4 tRNA-Cys [73978,74051] 33 (gca)
[22:25:06] 1 tRNA-Met [4271,4347] 35 (cat)
[22:25:06] Found 42 tRNAs
[22:25:06] Predicting Ribosomal RNAs
[22:25:06] Running Barrnap with 2 threads
[22:25:09] 1 k105_107023 1523 16S ribosomal RNA
[22:25:09] Found 1 rRNAs
[22:25:09] Skipping ncRNA search, enable with --rfam if desired.
[22:25:09] Total of 42 tRNA + rRNA features
[22:25:09] Searching for CRISPR repeats
[22:25:10] Found 0 CRISPRs
[22:25:10] Predicting coding sequences
[22:25:10] Contigs total 2472681 bp, so using meta mode
[22:25:10] Running: prodigal -i \/home\/vinglis\/genome_analysis\/GenomeAnalysis\/analysis\/04_annotation\/D3_prokka_output\/bin\.1\.fa_prokka_out\/PROKKA_05232021\.fna -c -m -g 11 -p meta -f sco -q
[22:25:16] Excluding CDS which overlaps existing RNA (tRNA) at k105_33210:39119..39325 on - strand
[22:25:40] Excluding CDS which overlaps existing RNA (tRNA) at k105_82975:172045..172437 on + strand
[22:25:46] Found 2426 CDS
[22:25:46] Connecting features back to sequences
[22:25:46] Not using genus-specific database. Try --usegenus to enable it.
[22:25:46] Annotating CDS, please be patient.
[22:25:46] Will use 2 CPUs for similarity searching.
[22:25:47] There are still 2426 unannotated CDS left (started with 2426)
[22:25:47] Will use blast to search against /sw/bioinfo/prokka/1.45-5b58020/rackham/db/kingdom/Bacteria/IS with 2 CPUs
[22:25:47] Running: cat \/home\/vinglis\/genome_analysis\/GenomeAnalysis\/analysis\/04_annotation\/D3_prokka_output\/bin\.1\.fa_prokka_out\/PROKKA_05232021\.IS\.tmp\.29004\.faa | parallel --gnu --plain -j 2 --block 188907 --recstart '>' --pipe blastp -query - -db /sw/bioinfo/prokka/1.45-5b58020/rackham/db/kingdom/Bacteria/IS -evalue 1e-30 -qcov_hsp_perc 90 -num_threads 1 -num_descriptions 1 -num_alignments 1 -seg no > \/home\/vinglis\/genome_analysis\/GenomeAnalysis\/analysis\/04_annotation\/D3_prokka_output\/bin\.1\.fa_prokka_out\/PROKKA_05232021\.IS\.tmp\.29004\.blast 2> /dev/null
[22:26:49] Deleting unwanted file: /home/vinglis/genome_analysis/GenomeAnalysis/analysis/04_annotation/D3_prokka_output/bin.1.fa_prokka_out/PROKKA_05232021.IS.tmp.29004.faa
[22:26:49] Deleting unwanted file: /home/vinglis/genome_analysis/GenomeAnalysis/analysis/04_annotation/D3_prokka_output/bin.1.fa_prokka_out/PROKKA_05232021.IS.tmp.29004.blast
[22:26:50] There are still 2422 unannotated CDS left (started with 2426)
[22:26:50] Will use blast to search against /sw/bioinfo/prokka/1.45-5b58020/rackham/db/kingdom/Bacteria/AMR with 2 CPUs
[22:26:50] Running: cat \/home\/vinglis\/genome_analysis\/GenomeAnalysis\/analysis\/04_annotation\/D3_prokka_output\/bin\.1\.fa_prokka_out\/PROKKA_05232021\.AMR\.tmp\.29004\.faa | parallel --gnu --plain -j 2 --block 188632 --recstart '>' --pipe blastp -query - -db /sw/bioinfo/prokka/1.45-5b58020/rackham/db/kingdom/Bacteria/AMR -evalue 9.99999999999999e-301 -qcov_hsp_perc 90 -num_threads 1 -num_descriptions 1 -num_alignments 1 -seg no > \/home\/vinglis\/genome_analysis\/GenomeAnalysis\/analysis\/04_annotation\/D3_prokka_output\/bin\.1\.fa_prokka_out\/PROKKA_05232021\.AMR\.tmp\.29004\.blast 2> /dev/null
[22:27:41] Deleting unwanted file: /home/vinglis/genome_analysis/GenomeAnalysis/analysis/04_annotation/D3_prokka_output/bin.1.fa_prokka_out/PROKKA_05232021.AMR.tmp.29004.faa
[22:27:41] Deleting unwanted file: /home/vinglis/genome_analysis/GenomeAnalysis/analysis/04_annotation/D3_prokka_output/bin.1.fa_prokka_out/PROKKA_05232021.AMR.tmp.29004.blast
[22:27:42] There are still 2422 unannotated CDS left (started with 2426)
[22:27:42] Will use blast to search against /sw/bioinfo/prokka/1.45-5b58020/rackham/db/kingdom/Bacteria/sprot with 2 CPUs
[22:27:42] Running: cat \/home\/vinglis\/genome_analysis\/GenomeAnalysis\/analysis\/04_annotation\/D3_prokka_output\/bin\.1\.fa_prokka_out\/PROKKA_05232021\.sprot\.tmp\.29004\.faa | parallel --gnu --plain -j 2 --block 188632 --recstart '>' --pipe blastp -query - -db /sw/bioinfo/prokka/1.45-5b58020/rackham/db/kingdom/Bacteria/sprot -evalue 1e-09 -qcov_hsp_perc 80 -num_threads 1 -num_descriptions 1 -num_alignments 1 -seg no > \/home\/vinglis\/genome_analysis\/GenomeAnalysis\/analysis\/04_annotation\/D3_prokka_output\/bin\.1\.fa_prokka_out\/PROKKA_05232021\.sprot\.tmp\.29004\.blast 2> /dev/null
[22:32:08] Modify product: UPF0716 protein FxsA => hypothetical protein
[22:32:09] Modify product: UPF0276 protein CCNA_03000 => hypothetical protein
[22:32:09] Modify product: Probable siderophore transport system ATP-binding protein YusV => putative siderophore transport system ATP-binding protein YusV
[22:32:09] Modify product: Phosphate-specific transport system accessory protein PhoU homolog => Phosphate-specific transport system accessory protein PhoU 
[22:32:09] Modify product: Probable cytochrome c oxidase subunit 3 => putative cytochrome c oxidase subunit 3
[22:32:09] Modify product: Uncharacterized protease YhbU => putative protease YhbU
[22:32:09] Modify product: Probable ABC transporter permease protein NosY => putative ABC transporter permease protein NosY
[22:32:09] Modify product: Probable ABC transporter binding protein NosD => putative ABC transporter binding protein NosD
[22:32:09] Modify product: Probable ABC transporter binding protein NosD => putative ABC transporter binding protein NosD
[22:32:09] Modify product: Putative anti-sigma factor antagonist TM_1442 => Putative anti-sigma factor antagonist
[22:32:09] Modify product: Probable Fe(2+)-trafficking protein => putative Fe(2+)-trafficking protein
[22:32:09] Modify product: Probable iron export permease protein FetB => putative iron export permease protein FetB
[22:32:09] Modify product: GTP cyclohydrolase 1 type 2 homolog => GTP cyclohydrolase 1 type 2 
[22:32:09] Modify product: Probable nicotinate-nucleotide adenylyltransferase => putative nicotinate-nucleotide adenylyltransferase
[22:32:09] Modify product: Universal stress protein A homolog 2 => Universal stress protein A 
[22:32:09] Modify product: UPF0701 protein YicC => hypothetical protein
[22:32:09] Modify product: Probable membrane transporter protein YfcA => putative membrane transporter protein YfcA
[22:32:09] Modify product: UPF0758 protein YsxA => hypothetical protein
[22:32:09] Modify product: UPF0301 protein AlgH => hypothetical protein
[22:32:09] Modify product: Uncharacterized protein NMB1437 => putative protein
[22:32:09] Modify product: Probable adenylyltransferase/sulfurtransferase MoeZ => putative adenylyltransferase/sulfurtransferase MoeZ
[22:32:09] Modify product: Bifunctional protein FolD => Bifunctional protein FolD protein
[22:32:09] Modify product: Uncharacterized protein NMB0928 => putative protein
[22:32:09] Modify product: Probable membrane transporter protein YfcA => putative membrane transporter protein YfcA
[22:32:09] Modify product: Phosphate-specific transport system accessory protein PhoU homolog => Phosphate-specific transport system accessory protein PhoU 
[22:32:09] Modify product: Uncharacterized protein YfgD => putative protein YfgD
[22:32:09] Modify product: Putative transport protein Rv0205 => Putative transport protein
[22:32:09] Modify product: Uncharacterized HTH-type transcriptional regulator YxaF => putative HTH-type transcriptional regulator YxaF
[22:32:09] Modify product: UPF0178 protein YaiI => hypothetical protein
[22:32:09] Modify product: Probable lipid II flippase MurJ => putative lipid II flippase MurJ
[22:32:09] Modify product: Universal stress protein A homolog 2 => Universal stress protein A 
[22:32:09] Modify product: Cyclic di-GMP phosphodiesterase PA4108 => Cyclic di-GMP phosphodiesterase
[22:32:09] Modify product: Uncharacterized metal-dependent hydrolase YcfH => putative metal-dependent hydrolase YcfH
[22:32:09] Modify product: UPF0394 inner membrane protein YeeE => hypothetical protein
[22:32:10] Modify product: Probable sulfoacetate transporter SauU => putative sulfoacetate transporter SauU
[22:32:10] Modify product: Probable peptidoglycan glycosyltransferase FtsW => putative peptidoglycan glycosyltransferase FtsW
[22:32:10] Modify product: Uncharacterized FAD-linked oxidoreductase Rv2280 => putative FAD-linked oxidoreductase
[22:32:10] Modify product: Probable tautomerase HP_0924 => putative tautomerase
[22:32:10] Modify product: Probable D-xylose utilization operon transcriptional repressor => putative D-xylose utilization operon transcriptional repressor
[22:32:10] Modify product: Uncharacterized protein Rv2004c => putative protein
[22:32:10] Modify product: Probable membrane transporter protein YfcA => putative membrane transporter protein YfcA
[22:32:10] Modify product: Uncharacterized oxidoreductase YciK => putative oxidoreductase YciK
[22:32:10] Modify product: Uncharacterized ABC transporter ATP-binding protein YknY => putative ABC transporter ATP-binding protein YknY
[22:32:10] Modify product: Uncharacterized protein M6_Spy0233 => putative protein
[22:32:10] Modify product: Probable ketoamine kinase HMPREF0351_12196 => putative ketoamine kinase
[22:32:10] Modify product: Uncharacterized ABC transporter ATP-binding protein YheS => putative ABC transporter ATP-binding protein YheS
[22:32:10] Modify product: Uncharacterized protein YcbX => putative protein YcbX
[22:32:10] Modify product: UPF0382 membrane protein YwdK => hypothetical protein
[22:32:10] Modify product: Probable glycine dehydrogenase (decarboxylating) subunit 2 => putative glycine dehydrogenase (decarboxylating) subunit 2
[22:32:10] Modify product: Probable glycine dehydrogenase (decarboxylating) subunit 1 => putative glycine dehydrogenase (decarboxylating) subunit 1
[22:32:10] Modify product: Probable binding protein component of ABC iron transporter PA5217 => putative binding protein component of ABC iron transporter
[22:32:10] Modify product: Uncharacterized ABC transporter ATP-binding protein YadG => putative ABC transporter ATP-binding protein YadG
[22:32:10] Modify product: Probable membrane transporter protein YfcA => putative membrane transporter protein YfcA
[22:32:10] Modify product: Uncharacterized FAD-linked oxidoreductase Rv2280 => putative FAD-linked oxidoreductase
[22:32:10] Modify product: Probable Ni/Fe-hydrogenase B-type cytochrome subunit => putative Ni/Fe-hydrogenase B-type cytochrome subunit
[22:32:10] Modify product: UPF0053 inner membrane protein YfjD => hypothetical protein
[22:32:10] Modify product: Probable ATP-dependent DNA helicase YoaA => putative ATP-dependent DNA helicase YoaA
[22:32:10] Modify product: Probable cation-transporting ATPase F => putative cation-transporting ATPase F
[22:32:10] Modify product: Sulfurtransferase Alvin_2599 => Sulfurtransferase
[22:32:10] Modify product: PKHD-type hydroxylase Sbal_3634 => PKHD-type hydroxylase
[22:32:10] Modify product: Uncharacterized protein Rv1276c => putative protein
[22:32:10] Modify product: Probable FKBP-type peptidyl-prolyl cis-trans isomerase FkpA => putative FKBP-type peptidyl-prolyl cis-trans isomerase FkpA
[22:32:10] Modify product: Probable lipoprotein YiaD => putative lipoprotein YiaD
[22:32:10] Modify product: Probable copper-importing P-type ATPase A => putative copper-importing P-type ATPase A
[22:32:10] Modify product: Uncharacterized zinc protease Rv2782c => putative zinc protease
[22:32:11] Modify product: Uncharacterized ABC transporter ATP-binding protein YknY => putative ABC transporter ATP-binding protein YknY
[22:32:11] Modify product: Uncharacterized signaling protein CC_0091 => putative signaling protein
[22:32:11] Modify product: Uncharacterized ABC transporter ATP-binding protein Rv1281c => putative ABC transporter ATP-binding protein
[22:32:11] Modify product: UPF0070 protein HI_0370 => hypothetical protein
[22:32:11] Modify product: Probable GTP-binding protein EngB => putative GTP-binding protein EngB
[22:32:11] Modify product: Probable tautomerase HP_0924 => putative tautomerase
[22:32:11] Modify product: Probable protein kinase UbiB => putative protein kinase UbiB
[22:32:11] Modify product: Uncharacterized protein HI_0755 => putative protein
[22:32:11] Modify product: Uncharacterized protein YibN => putative protein YibN
[22:32:11] Modify product: Probable chromosome-partitioning protein ParB => putative chromosome-partitioning protein ParB
[22:32:11] Modify product: UPF0701 protein HI_0467 => hypothetical protein
[22:32:11] Modify product: Protein aq_1857 => Protein
[22:32:11] Modify product: Probable glycerol-3-phosphate acyltransferase => putative glycerol-3-phosphate acyltransferase
[22:32:11] Modify product: Probable sugar-binding periplasmic protein => putative sugar-binding periplasmic protein
[22:32:11] Modify product: Uncharacterized protein YqeY => putative protein YqeY
[22:32:11] Modify product: Putative formate dehydrogenase SA2102 => Putative formate dehydrogenase
[22:32:11] Modify product: Probable copper-importing P-type ATPase A => putative copper-importing P-type ATPase A
[22:32:11] Modify product: UPF0225 protein YchJ => hypothetical protein
[22:32:11] Modify product: Putative multidrug export ATP-binding/permease protein SAV1866 => Putative multidrug export ATP-binding/permease protein
[22:32:11] Modify product: UPF0125 protein HI_0395 => hypothetical protein
[22:32:11] Modify product: Acetyltransferase SACOL1063 => Acetyltransferase
[22:32:11] Modify product: UPF0434 protein CV_3345 => hypothetical protein
[22:32:11] Modify product: Putative low molecular weight protein-tyrosine-phosphatase slr0328 => Putative low molecular weight protein-tyrosine-phosphatase
[22:32:11] Modify product: Uncharacterized protein Rv2232 => putative protein
[22:32:11] Modify product: UPF0307 protein PSPTO_4464 => hypothetical protein
[22:32:11] Modify product: Monocarboxylate 2-oxoacid-binding periplasmic protein all3028 => Monocarboxylate 2-oxoacid-binding periplasmic protein
[22:32:11] Modify product: Uncharacterized ABC transporter ATP-binding protein Rv0986 => putative ABC transporter ATP-binding protein
[22:32:11] Modify product: Uncharacterized protein YciO => putative protein YciO
[22:32:11] Modify product: Probable DNA endonuclease SmrA => putative DNA endonuclease SmrA
[22:32:11] Modify product: Uncharacterized metal-dependent hydrolase YjjV => putative metal-dependent hydrolase YjjV
[22:32:11] Cleaned 95 /product names
[22:32:11] Deleting unwanted file: /home/vinglis/genome_analysis/GenomeAnalysis/analysis/04_annotation/D3_prokka_output/bin.1.fa_prokka_out/PROKKA_05232021.sprot.tmp.29004.faa
[22:32:11] Deleting unwanted file: /home/vinglis/genome_analysis/GenomeAnalysis/analysis/04_annotation/D3_prokka_output/bin.1.fa_prokka_out/PROKKA_05232021.sprot.tmp.29004.blast
[22:32:12] There are still 1080 unannotated CDS left (started with 2426)
[22:32:12] Will use hmmer3 to search against /sw/bioinfo/prokka/1.45-5b58020/rackham/db/hmm/HAMAP.hmm with 2 CPUs
[22:32:12] Running: cat \/home\/vinglis\/genome_analysis\/GenomeAnalysis\/analysis\/04_annotation\/D3_prokka_output\/bin\.1\.fa_prokka_out\/PROKKA_05232021\.HAMAP\.hmm\.tmp\.29004\.faa | parallel --gnu --plain -j 2 --block 74338 --recstart '>' --pipe hmmscan --noali --notextw --acc -E 1e-09 --cpu 1 /sw/bioinfo/prokka/1.45-5b58020/rackham/db/hmm/HAMAP.hmm /dev/stdin > \/home\/vinglis\/genome_analysis\/GenomeAnalysis\/analysis\/04_annotation\/D3_prokka_output\/bin\.1\.fa_prokka_out\/PROKKA_05232021\.HAMAP\.hmm\.tmp\.29004\.hmmer3 2> /dev/null
[22:33:55] Deleting unwanted file: /home/vinglis/genome_analysis/GenomeAnalysis/analysis/04_annotation/D3_prokka_output/bin.1.fa_prokka_out/PROKKA_05232021.HAMAP.hmm.tmp.29004.faa
[22:33:55] Deleting unwanted file: /home/vinglis/genome_analysis/GenomeAnalysis/analysis/04_annotation/D3_prokka_output/bin.1.fa_prokka_out/PROKKA_05232021.HAMAP.hmm.tmp.29004.hmmer3
[22:33:55] Labelling remaining 932 proteins as 'hypothetical protein'
[22:33:55] Possible /pseudo 'Twitching mobility protein' at k105_33210 position 48080
[22:33:55] Possible /pseudo 'Carbon dioxide-concentrating mechanism protein CcmK' at k105_37072 position 215426
[22:33:55] Possible /pseudo 'Macrolide export ATP-binding/permease protein MacB' at k105_126624 position 23008
[22:33:55] Found 1246 unique /gene codes.
[22:33:55] Fixed 2 duplicate /gene - ppsR_1 ppsR_2
[22:33:55] Fixed 2 duplicate /gene - trxA_1 trxA_2
[22:33:55] Fixed 2 duplicate /gene - wecA_1 wecA_2
[22:33:55] Fixed 2 duplicate /gene - ctaE_1 ctaE_2
[22:33:55] Fixed 4 duplicate /gene - yfcA_1 yfcA_2 yfcA_3 yfcA_4
[22:33:55] Fixed 4 duplicate /gene - dctM_1 dctM_2 dctM_3 dctM_4
[22:33:55] Fixed 2 duplicate /gene - ppsA_1 ppsA_2
[22:33:55] Fixed 2 duplicate /gene - hypE_1 hypE_2
[22:33:55] Fixed 2 duplicate /gene - lptB_1 lptB_2
[22:33:55] Fixed 5 duplicate /gene - btuD_1 btuD_2 btuD_3 btuD_4 btuD_5
[22:33:55] Fixed 3 duplicate /gene - bepA_1 bepA_2 bepA_3
[22:33:55] Fixed 2 duplicate /gene - lpxL_1 lpxL_2
[22:33:55] Fixed 2 duplicate /gene - macB_1 macB_2
[22:33:55] Fixed 4 duplicate /gene - tusE_1 tusE_2 tusE_3 tusE_4
[22:33:55] Fixed 3 duplicate /gene - slyD_1 slyD_2 slyD_3
[22:33:55] Fixed 2 duplicate /gene - cnoX_1 cnoX_2
[22:33:55] Fixed 2 duplicate /gene - fabG_1 fabG_2
[22:33:55] Fixed 2 duplicate /gene - mlaF_1 mlaF_2
[22:33:55] Fixed 2 duplicate /gene - rsmA_1 rsmA_2
[22:33:55] Fixed 9 duplicate /gene - sasA_1 sasA_2 sasA_3 sasA_4 sasA_5 sasA_6 sasA_7 sasA_8 sasA_9
[22:33:55] Fixed 2 duplicate /gene - hypB_1 hypB_2
[22:33:55] Fixed 2 duplicate /gene - mdh_1 mdh_2
[22:33:55] Fixed 3 duplicate /gene - tusA_1 tusA_2 tusA_3
[22:33:55] Fixed 2 duplicate /gene - pdxA_1 pdxA_2
[22:33:55] Fixed 2 duplicate /gene - ccoN1_1 ccoN1_2
[22:33:55] Fixed 2 duplicate /gene - fieF_1 fieF_2
[22:33:55] Fixed 2 duplicate /gene - dksA_1 dksA_2
[22:33:55] Fixed 3 duplicate /gene - cc4_1 cc4_2 cc4_3
[22:33:55] Fixed 2 duplicate /gene - thiE_1 thiE_2
[22:33:55] Fixed 3 duplicate /gene - lon_1 lon_2 lon_3
[22:33:55] Fixed 5 duplicate /gene - resA_1 resA_2 resA_3 resA_4 resA_5
[22:33:55] Fixed 2 duplicate /gene - pabB_1 pabB_2
[22:33:55] Fixed 2 duplicate /gene - smc_1 smc_2
[22:33:55] Fixed 2 duplicate /gene - fdx_1 fdx_2
[22:33:55] Fixed 2 duplicate /gene - soxA_1 soxA_2
[22:33:55] Fixed 2 duplicate /gene - folP_1 folP_2
[22:33:55] Fixed 4 duplicate /gene - pal_1 pal_2 pal_3 pal_4
[22:33:55] Fixed 2 duplicate /gene - pgsA_1 pgsA_2
[22:33:55] Fixed 2 duplicate /gene - livH_1 livH_2
[22:33:55] Fixed 2 duplicate /gene - glpE_1 glpE_2
[22:33:55] Fixed 2 duplicate /gene - cntI_1 cntI_2
[22:33:55] Fixed 2 duplicate /gene - hypD_1 hypD_2
[22:33:55] Fixed 2 duplicate /gene - btuE_1 btuE_2
[22:33:55] Fixed 2 duplicate /gene - cysQ_1 cysQ_2
[22:33:55] Fixed 2 duplicate /gene - btuB_1 btuB_2
[22:33:55] Fixed 2 duplicate /gene - menA_1 menA_2
[22:33:55] Fixed 2 duplicate /gene - ccmK_1 ccmK_2
[22:33:55] Fixed 2 duplicate /gene - rssB_1 rssB_2
[22:33:55] Fixed 2 duplicate /gene - ahcY_1 ahcY_2
[22:33:55] Fixed 2 duplicate /gene - atpE_1 atpE_2
[22:33:55] Fixed 2 duplicate /gene - rnr_1 rnr_2
[22:33:55] Fixed 2 duplicate /gene - lcfB_1 lcfB_2
[22:33:55] Fixed 2 duplicate /gene - hybF_1 hybF_2
[22:33:55] Fixed 2 duplicate /gene - trpD_1 trpD_2
[22:33:55] Fixed 2 duplicate /gene - mntB_1 mntB_2
[22:33:55] Fixed 7 duplicate /gene - mshA_1 mshA_2 mshA_3 mshA_4 mshA_5 mshA_6 mshA_7
[22:33:55] Fixed 2 duplicate /gene - mdtC_1 mdtC_2
[22:33:55] Fixed 2 duplicate /gene - napH_1 napH_2
[22:33:55] Fixed 2 duplicate /gene - exbD_1 exbD_2
[22:33:55] Fixed 2 duplicate /gene - recF_1 recF_2
[22:33:55] Fixed 2 duplicate /gene - rhaR_1 rhaR_2
[22:33:55] Fixed 2 duplicate /gene - nirQ_1 nirQ_2
[22:33:55] Fixed 2 duplicate /gene - fccB_1 fccB_2
[22:33:55] Fixed 3 duplicate /gene - pilT_1 pilT_2 pilT_3
[22:33:55] Fixed 2 duplicate /gene - hoxL_1 hoxL_2
[22:33:55] Fixed 3 duplicate /gene - phoU_1 phoU_2 phoU_3
[22:33:55] Fixed 2 duplicate /gene - folK_1 folK_2
[22:33:55] Fixed 2 duplicate /gene - amtB_1 amtB_2
[22:33:55] Fixed 2 duplicate /gene - narL_1 narL_2
[22:33:55] Fixed 2 duplicate /gene - atpC_1 atpC_2
[22:33:55] Fixed 2 duplicate /gene - hupR1_1 hupR1_2
[22:33:55] Fixed 2 duplicate /gene - fbp_1 fbp_2
[22:33:55] Fixed 2 duplicate /gene - fccA_1 fccA_2
[22:33:55] Fixed 2 duplicate /gene - alaS_1 alaS_2
[22:33:55] Fixed 2 duplicate /gene - trpB_1 trpB_2
[22:33:55] Fixed 2 duplicate /gene - glpC_1 glpC_2
[22:33:55] Fixed 2 duplicate /gene - napG_1 napG_2
[22:33:55] Fixed 3 duplicate /gene - esiB_1 esiB_2 esiB_3
[22:33:55] Fixed 2 duplicate /gene - cheB_1 cheB_2
[22:33:55] Fixed 2 duplicate /gene - wbgU_1 wbgU_2
[22:33:55] Fixed 3 duplicate /gene - gloB_1 gloB_2 gloB_3
[22:33:55] Fixed 2 duplicate /gene - pgi_1 pgi_2
[22:33:55] Fixed 2 duplicate /gene - ftsA_1 ftsA_2
[22:33:55] Fixed 2 duplicate /gene - cysC_1 cysC_2
[22:33:55] Fixed 2 duplicate /gene - livF_1 livF_2
[22:33:55] Fixed 3 duplicate /gene - atoC_1 atoC_2 atoC_3
[22:33:55] Fixed 2 duplicate /gene - ctaB_1 ctaB_2
[22:33:55] Fixed 2 duplicate /gene - hoxK_1 hoxK_2
[22:33:55] Fixed 3 duplicate /gene - asnB_1 asnB_2 asnB_3
[22:33:55] Fixed 3 duplicate /gene - nirS_1 nirS_2 nirS_3
[22:33:55] Fixed 2 duplicate /gene - bcp_1 bcp_2
[22:33:55] Fixed 3 duplicate /gene - kefC_1 kefC_2 kefC_3
[22:33:55] Fixed 2 duplicate /gene - sphX_1 sphX_2
[22:33:55] Fixed 2 duplicate /gene - ubiJ_1 ubiJ_2
[22:33:55] Fixed 2 duplicate /gene - mdtB_1 mdtB_2
[22:33:55] Fixed 2 duplicate /gene - selD_1 selD_2
[22:33:55] Fixed 2 duplicate /gene - purC_1 purC_2
[22:33:55] Fixed 3 duplicate /gene - pcm_1 pcm_2 pcm_3
[22:33:55] Fixed 2 duplicate /gene - queE_1 queE_2
[22:33:55] Fixed 5 duplicate /gene - mdtA_1 mdtA_2 mdtA_3 mdtA_4 mdtA_5
[22:33:55] Fixed 2 duplicate /gene - thrS_1 thrS_2
[22:33:55] Fixed 2 duplicate /gene - ppk2_1 ppk2_2
[22:33:55] Fixed 2 duplicate /gene - fmt_1 fmt_2
[22:33:55] Fixed 2 duplicate /gene - cca_1 cca_2
[22:33:55] Fixed 2 duplicate /gene - copA_1 copA_2
[22:33:55] Fixed 2 duplicate /gene - tolQ_1 tolQ_2
[22:33:55] Fixed 2 duplicate /gene - nosD_1 nosD_2
[22:33:55] Fixed 3 duplicate /gene - cmpR_1 cmpR_2 cmpR_3
[22:33:55] Fixed 2 duplicate /gene - lapB_1 lapB_2
[22:33:55] Fixed 2 duplicate /gene - glnQ_1 glnQ_2
[22:33:55] Fixed 2 duplicate /gene - fdhD_1 fdhD_2
[22:33:55] Fixed 2 duplicate /gene - atpA_1 atpA_2
[22:33:55] Fixed 2 duplicate /gene - uspA2_1 uspA2_2
[22:33:55] Fixed 3 duplicate /gene - glmM_1 glmM_2 glmM_3
[22:33:55] Fixed 6 duplicate /gene - rcsC_1 rcsC_2 rcsC_3 rcsC_4 rcsC_5 rcsC_6
[22:33:55] Fixed 2 duplicate /gene - fnr_1 fnr_2
[22:33:55] Fixed 2 duplicate /gene - acsA_1 acsA_2
[22:33:55] Fixed 2 duplicate /gene - lutA_1 lutA_2
[22:33:55] Fixed 2 duplicate /gene - mltF_1 mltF_2
[22:33:55] Fixed 2 duplicate /gene - rlpA_1 rlpA_2
[22:33:55] Fixed 2 duplicate /gene - ascD_1 ascD_2
[22:33:55] Fixed 2 duplicate /gene - yknY_1 yknY_2
[22:33:55] Fixed 2 duplicate /gene - maeB_1 maeB_2
[22:33:55] Fixed 123 colliding /gene names.
[22:33:55] Adding /locus_tag identifiers
[22:33:55] Assigned 2469 locus_tags to CDS and RNA features.
[22:33:55] Writing outputs to /home/vinglis/genome_analysis/GenomeAnalysis/analysis/04_annotation/D3_prokka_output/bin.1.fa_prokka_out/
[22:33:57] Generating annotation statistics file
[22:33:57] Generating Genbank and Sequin files
[22:33:57] Running: tbl2asn -V b -a r10k -l paired-ends -M n -N 1 -y 'Annotated using prokka 1.14.6 from https://github.com/tseemann/prokka' -Z \/home\/vinglis\/genome_analysis\/GenomeAnalysis\/analysis\/04_annotation\/D3_prokka_output\/bin\.1\.fa_prokka_out\/PROKKA_05232021\.err -i \/home\/vinglis\/genome_analysis\/GenomeAnalysis\/analysis\/04_annotation\/D3_prokka_output\/bin\.1\.fa_prokka_out\/PROKKA_05232021\.fsa 2> /dev/null
[22:34:02] Deleting unwanted file: /home/vinglis/genome_analysis/GenomeAnalysis/analysis/04_annotation/D3_prokka_output/bin.1.fa_prokka_out/errorsummary.val
[22:34:02] Deleting unwanted file: /home/vinglis/genome_analysis/GenomeAnalysis/analysis/04_annotation/D3_prokka_output/bin.1.fa_prokka_out/PROKKA_05232021.dr
[22:34:02] Deleting unwanted file: /home/vinglis/genome_analysis/GenomeAnalysis/analysis/04_annotation/D3_prokka_output/bin.1.fa_prokka_out/PROKKA_05232021.fixedproducts
[22:34:02] Deleting unwanted file: /home/vinglis/genome_analysis/GenomeAnalysis/analysis/04_annotation/D3_prokka_output/bin.1.fa_prokka_out/PROKKA_05232021.ecn
[22:34:02] Deleting unwanted file: /home/vinglis/genome_analysis/GenomeAnalysis/analysis/04_annotation/D3_prokka_output/bin.1.fa_prokka_out/PROKKA_05232021.val
[22:34:02] Repairing broken .GBK output that tbl2asn produces...
[22:34:02] Running: sed 's/COORDINATES: profile/COORDINATES:profile/' < \/home\/vinglis\/genome_analysis\/GenomeAnalysis\/analysis\/04_annotation\/D3_prokka_output\/bin\.1\.fa_prokka_out\/PROKKA_05232021\.gbf > \/home\/vinglis\/genome_analysis\/GenomeAnalysis\/analysis\/04_annotation\/D3_prokka_output\/bin\.1\.fa_prokka_out\/PROKKA_05232021\.gbk
[22:34:02] Deleting unwanted file: /home/vinglis/genome_analysis/GenomeAnalysis/analysis/04_annotation/D3_prokka_output/bin.1.fa_prokka_out/PROKKA_05232021.gbf
[22:34:02] Output files:
[22:34:02] /home/vinglis/genome_analysis/GenomeAnalysis/analysis/04_annotation/D3_prokka_output/bin.1.fa_prokka_out/PROKKA_05232021.log
[22:34:02] /home/vinglis/genome_analysis/GenomeAnalysis/analysis/04_annotation/D3_prokka_output/bin.1.fa_prokka_out/PROKKA_05232021.fna
[22:34:02] /home/vinglis/genome_analysis/GenomeAnalysis/analysis/04_annotation/D3_prokka_output/bin.1.fa_prokka_out/PROKKA_05232021.gff
[22:34:02] /home/vinglis/genome_analysis/GenomeAnalysis/analysis/04_annotation/D3_prokka_output/bin.1.fa_prokka_out/PROKKA_05232021.faa
[22:34:02] /home/vinglis/genome_analysis/GenomeAnalysis/analysis/04_annotation/D3_prokka_output/bin.1.fa_prokka_out/PROKKA_05232021.ffn
[22:34:02] /home/vinglis/genome_analysis/GenomeAnalysis/analysis/04_annotation/D3_prokka_output/bin.1.fa_prokka_out/PROKKA_05232021.tbl
[22:34:02] /home/vinglis/genome_analysis/GenomeAnalysis/analysis/04_annotation/D3_prokka_output/bin.1.fa_prokka_out/PROKKA_05232021.fsa
[22:34:02] /home/vinglis/genome_analysis/GenomeAnalysis/analysis/04_annotation/D3_prokka_output/bin.1.fa_prokka_out/PROKKA_05232021.tsv
[22:34:02] /home/vinglis/genome_analysis/GenomeAnalysis/analysis/04_annotation/D3_prokka_output/bin.1.fa_prokka_out/PROKKA_05232021.txt
[22:34:02] /home/vinglis/genome_analysis/GenomeAnalysis/analysis/04_annotation/D3_prokka_output/bin.1.fa_prokka_out/PROKKA_05232021.gbk
[22:34:02] /home/vinglis/genome_analysis/GenomeAnalysis/analysis/04_annotation/D3_prokka_output/bin.1.fa_prokka_out/PROKKA_05232021.sqn
[22:34:02] /home/vinglis/genome_analysis/GenomeAnalysis/analysis/04_annotation/D3_prokka_output/bin.1.fa_prokka_out/PROKKA_05232021.err
[22:34:02] Annotation finished successfully.
[22:34:02] Walltime used: 9.00 minutes
[22:34:02] If you use this result please cite the Prokka paper:
[22:34:02] Seemann T (2014) Prokka: rapid prokaryotic genome annotation. Bioinformatics. 30(14):2068-9.
[22:34:02] Type 'prokka --citation' for more details.
[22:34:02] Thank you, come again.
