[23:04:38] This is prokka 1.14.6
[23:04:38] Written by Torsten Seemann <torsten.seemann@gmail.com>
[23:04:38] Homepage is https://github.com/tseemann/prokka
[23:04:38] Local time is Sun May 23 23:04:38 2021
[23:04:38] You are vinglis
[23:04:38] Operating system is linux
[23:04:38] You have BioPerl 1.007001
[23:04:38] System has 16 cores.
[23:04:38] Will use maximum of 2 cores.
[23:04:38] Annotating as >>> Bacteria <<<
[23:04:38] Generating locus_tag from 'bin.6.fa' contents.
[23:04:38] Setting --locustag GECPLDIP from MD5 0ec95d293b92b47ca5f5fcf96e551682
[23:04:38] Creating new output folder: /home/vinglis/genome_analysis/GenomeAnalysis/analysis/04_annotation/D3_prokka_output/bin.6.fa_prokka_out
[23:04:38] Running: mkdir -p \/home\/vinglis\/genome_analysis\/GenomeAnalysis\/analysis\/04_annotation\/D3_prokka_output\/bin\.6\.fa_prokka_out
[23:04:38] Using filename prefix: PROKKA_05232021.XXX
[23:04:38] Setting HMMER_NCPU=1
[23:04:38] Writing log to: /home/vinglis/genome_analysis/GenomeAnalysis/analysis/04_annotation/D3_prokka_output/bin.6.fa_prokka_out/PROKKA_05232021.log
[23:04:38] Command: /sw/bioinfo/prokka/1.45-5b58020/rackham/bin/prokka --outdir /home/vinglis/genome_analysis/GenomeAnalysis/analysis/04_annotation/D3_prokka_output/bin.6.fa_prokka_out --metagenome --cpus 2 bin.6.fa
[23:04:38] Appending to PATH: /sw/bioinfo/prokka/1.45-5b58020/rackham/bin/../binaries/linux
[23:04:38] Appending to PATH: /sw/bioinfo/prokka/1.45-5b58020/rackham/bin/../binaries/linux/../common
[23:04:38] Appending to PATH: /sw/bioinfo/prokka/1.45-5b58020/rackham/bin
[23:04:38] Looking for 'aragorn' - found /sw/bioinfo/prokka/1.45-5b58020/rackham/bin/../binaries/linux/aragorn
[23:04:38] Determined aragorn version is 001002 from 'ARAGORN v1.2.38 Dean Laslett'
[23:04:38] Looking for 'barrnap' - found /sw/bioinfo/barrnap/0.8/rackham/bin/barrnap
[23:04:38] Determined barrnap version is 000008 from 'barrnap 0.8'
[23:04:38] Looking for 'blastp' - found /sw/bioinfo/blast/2.11.0+/rackham/bin/blastp
[23:04:39] Determined blastp version is 002011 from 'blastp: 2.11.0+'
[23:04:39] Looking for 'cmpress' - found /sw/bioinfo/prokka/1.45-5b58020/rackham/bin/../binaries/linux/cmpress
[23:04:39] Determined cmpress version is 001001 from '# INFERNAL 1.1.2 (July 2016)'
[23:04:39] Looking for 'cmscan' - found /sw/bioinfo/prokka/1.45-5b58020/rackham/bin/../binaries/linux/cmscan
[23:04:39] Determined cmscan version is 001001 from '# INFERNAL 1.1.2 (July 2016)'
[23:04:39] Looking for 'egrep' - found /usr/bin/egrep
[23:04:39] Looking for 'find' - found /usr/bin/find
[23:04:39] Looking for 'grep' - found /usr/bin/grep
[23:04:39] Looking for 'hmmpress' - found /sw/apps/bioinfo/hmmer/3.1b2/rackham/bin/hmmpress
[23:04:39] Determined hmmpress version is 003001 from '# HMMER 3.1b2 (February 2015); http://hmmer.org/'
[23:04:39] Looking for 'hmmscan' - found /sw/apps/bioinfo/hmmer/3.1b2/rackham/bin/hmmscan
[23:04:39] Determined hmmscan version is 003001 from '# HMMER 3.1b2 (February 2015); http://hmmer.org/'
[23:04:39] Looking for 'java' - found /usr/bin/java
[23:04:39] Looking for 'makeblastdb' - found /sw/bioinfo/blast/2.11.0+/rackham/bin/makeblastdb
[23:04:40] Determined makeblastdb version is 002011 from 'makeblastdb: 2.11.0+'
[23:04:40] Looking for 'minced' - found /sw/apps/bioinfo/minced/0.2.0/rackham/minced
[23:04:40] Determined minced version is 002000 from 'minced 0.2.0'
[23:04:40] Looking for 'parallel' - found /sw/parallel/gnuparallel/20170122/rackham/bin/parallel
[23:04:40] Determined parallel version is 20170122 from 'GNU parallel 20170122'
[23:04:40] Looking for 'prodigal' - found /sw/apps/bioinfo/prodigal/2.6.3/rackham/bin/prodigal
[23:04:40] Determined prodigal version is 002006 from 'Prodigal V2.6.3: February, 2016'
[23:04:40] Looking for 'prokka-genbank_to_fasta_db' - found /sw/bioinfo/prokka/1.45-5b58020/rackham/bin/prokka-genbank_to_fasta_db
[23:04:40] Looking for 'sed' - found /usr/bin/sed
[23:04:40] Looking for 'signalp' - found /sw/bioinfo/SignalP/4.1f/rackham/signalp
[23:04:40] Determined signalp version is 004001 from '4.1 4785068'
[23:04:40] Looking for 'tbl2asn' - found /sw/bioinfo/tbl2asn/25.8/rackham/tbl2asn
[23:04:40] Determined tbl2asn version is 025008 from 'tbl2asn 25.8   arguments:'
[23:04:40] Using genetic code table 11.
[23:04:40] Loading and checking input file: bin.6.fa
[23:04:40] Wrote 248 contigs totalling 965718 bp.
[23:04:40] Predicting tRNAs and tmRNAs
[23:04:40] Running: aragorn -l -gc11  -w \/home\/vinglis\/genome_analysis\/GenomeAnalysis\/analysis\/04_annotation\/D3_prokka_output\/bin\.6\.fa_prokka_out\/PROKKA_05232021\.fna
[23:04:41] 1 tRNA-Asn c[4181,4256] 34 (gtt)
[23:04:41] Found 1 tRNAs
[23:04:41] Predicting Ribosomal RNAs
[23:04:41] Running Barrnap with 2 threads
[23:04:42] Found 0 rRNAs
[23:04:42] Skipping ncRNA search, enable with --rfam if desired.
[23:04:42] Total of 1 tRNA + rRNA features
[23:04:42] Searching for CRISPR repeats
[23:04:43] Found 0 CRISPRs
[23:04:43] Predicting coding sequences
[23:04:43] Contigs total 965718 bp, so using meta mode
[23:04:43] Running: prodigal -i \/home\/vinglis\/genome_analysis\/GenomeAnalysis\/analysis\/04_annotation\/D3_prokka_output\/bin\.6\.fa_prokka_out\/PROKKA_05232021\.fna -c -m -g 11 -p meta -f sco -q
[23:04:50] Found 955 CDS
[23:04:50] Connecting features back to sequences
[23:04:50] Not using genus-specific database. Try --usegenus to enable it.
[23:04:50] Annotating CDS, please be patient.
[23:04:50] Will use 2 CPUs for similarity searching.
[23:04:50] There are still 955 unannotated CDS left (started with 955)
[23:04:50] Will use blast to search against /sw/bioinfo/prokka/1.45-5b58020/rackham/db/kingdom/Bacteria/IS with 2 CPUs
[23:04:50] Running: cat \/home\/vinglis\/genome_analysis\/GenomeAnalysis\/analysis\/04_annotation\/D3_prokka_output\/bin\.6\.fa_prokka_out\/PROKKA_05232021\.IS\.tmp\.45948\.faa | parallel --gnu --plain -j 2 --block 67486 --recstart '>' --pipe blastp -query - -db /sw/bioinfo/prokka/1.45-5b58020/rackham/db/kingdom/Bacteria/IS -evalue 1e-30 -qcov_hsp_perc 90 -num_threads 1 -num_descriptions 1 -num_alignments 1 -seg no > \/home\/vinglis\/genome_analysis\/GenomeAnalysis\/analysis\/04_annotation\/D3_prokka_output\/bin\.6\.fa_prokka_out\/PROKKA_05232021\.IS\.tmp\.45948\.blast 2> /dev/null
[23:05:13] Deleting unwanted file: /home/vinglis/genome_analysis/GenomeAnalysis/analysis/04_annotation/D3_prokka_output/bin.6.fa_prokka_out/PROKKA_05232021.IS.tmp.45948.faa
[23:05:13] Deleting unwanted file: /home/vinglis/genome_analysis/GenomeAnalysis/analysis/04_annotation/D3_prokka_output/bin.6.fa_prokka_out/PROKKA_05232021.IS.tmp.45948.blast
[23:05:13] There are still 955 unannotated CDS left (started with 955)
[23:05:13] Will use blast to search against /sw/bioinfo/prokka/1.45-5b58020/rackham/db/kingdom/Bacteria/AMR with 2 CPUs
[23:05:13] Running: cat \/home\/vinglis\/genome_analysis\/GenomeAnalysis\/analysis\/04_annotation\/D3_prokka_output\/bin\.6\.fa_prokka_out\/PROKKA_05232021\.AMR\.tmp\.45948\.faa | parallel --gnu --plain -j 2 --block 67486 --recstart '>' --pipe blastp -query - -db /sw/bioinfo/prokka/1.45-5b58020/rackham/db/kingdom/Bacteria/AMR -evalue 9.99999999999999e-301 -qcov_hsp_perc 90 -num_threads 1 -num_descriptions 1 -num_alignments 1 -seg no > \/home\/vinglis\/genome_analysis\/GenomeAnalysis\/analysis\/04_annotation\/D3_prokka_output\/bin\.6\.fa_prokka_out\/PROKKA_05232021\.AMR\.tmp\.45948\.blast 2> /dev/null
[23:05:33] Deleting unwanted file: /home/vinglis/genome_analysis/GenomeAnalysis/analysis/04_annotation/D3_prokka_output/bin.6.fa_prokka_out/PROKKA_05232021.AMR.tmp.45948.faa
[23:05:33] Deleting unwanted file: /home/vinglis/genome_analysis/GenomeAnalysis/analysis/04_annotation/D3_prokka_output/bin.6.fa_prokka_out/PROKKA_05232021.AMR.tmp.45948.blast
[23:05:33] There are still 955 unannotated CDS left (started with 955)
[23:05:33] Will use blast to search against /sw/bioinfo/prokka/1.45-5b58020/rackham/db/kingdom/Bacteria/sprot with 2 CPUs
[23:05:33] Running: cat \/home\/vinglis\/genome_analysis\/GenomeAnalysis\/analysis\/04_annotation\/D3_prokka_output\/bin\.6\.fa_prokka_out\/PROKKA_05232021\.sprot\.tmp\.45948\.faa | parallel --gnu --plain -j 2 --block 67486 --recstart '>' --pipe blastp -query - -db /sw/bioinfo/prokka/1.45-5b58020/rackham/db/kingdom/Bacteria/sprot -evalue 1e-09 -qcov_hsp_perc 80 -num_threads 1 -num_descriptions 1 -num_alignments 1 -seg no > \/home\/vinglis\/genome_analysis\/GenomeAnalysis\/analysis\/04_annotation\/D3_prokka_output\/bin\.6\.fa_prokka_out\/PROKKA_05232021\.sprot\.tmp\.45948\.blast 2> /dev/null
[23:07:08] Modify product: Uncharacterized oxidoreductase Rv0769 => putative oxidoreductase
[23:07:08] Modify product: Probable GTP-binding protein EngB => putative GTP-binding protein EngB
[23:07:08] Modify product: Uncharacterized FAD-linked oxidoreductase Rv2280 => putative FAD-linked oxidoreductase
[23:07:08] Modify product: Probable Fe(2+)-trafficking protein => putative Fe(2+)-trafficking protein
[23:07:08] Modify product: Uncharacterized protein YisK => putative protein YisK
[23:07:08] Modify product: Uncharacterized protein Rv1367c => putative protein
[23:07:08] Modify product: UPF0234 protein XC_3703 => hypothetical protein
[23:07:08] Modify product: UPF0758 protein YsxA => hypothetical protein
[23:07:08] Modify product: UPF0307 protein YjgA => hypothetical protein
[23:07:08] Modify product: Probable protease SohB => putative protease SohB
[23:07:08] Modify product: Probable enoyl-CoA hydratase 1 => putative enoyl-CoA hydratase 1
[23:07:08] Modify product: Probable protein kinase UbiB => putative protein kinase UbiB
[23:07:08] Modify product: Probable N-octanoylanthranilate hydrolase AqdA1 => putative N-octanoylanthranilate hydrolase AqdA1
[23:07:08] Modify product: UPF0701 protein YicC => hypothetical protein
[23:07:08] Modify product: Uncharacterized ABC transporter ATP-binding protein YadG => putative ABC transporter ATP-binding protein YadG
[23:07:08] Modify product: Solute-binding protein RD1_1052 => Solute-binding protein
[23:07:08] Modify product: Monocarboxylate 2-oxoacid-binding periplasmic protein all3028 => Monocarboxylate 2-oxoacid-binding periplasmic protein
[23:07:08] Modify product: Probable chromosome-partitioning protein ParB => putative chromosome-partitioning protein ParB
[23:07:08] Modify product: Glycine betaine/proline/choline transporter VP1723 => Glycine betaine/proline/choline transporter
[23:07:08] Modify product: Uncharacterized protein YbiI => putative protein YbiI
[23:07:08] Modify product: Probable ketoamine kinase HMPREF0351_12196 => putative ketoamine kinase
[23:07:08] Modify product: Uncharacterized protein Rv0897c => putative protein
[23:07:08] Modify product: Uncharacterized ABC transporter ATP-binding protein YlmA => putative ABC transporter ATP-binding protein YlmA
[23:07:08] Modify product: Probable glycine dehydrogenase (decarboxylating) subunit 1 => putative glycine dehydrogenase (decarboxylating) subunit 1
[23:07:08] Modify product: Uncharacterized protein HI_0755 => putative protein
[23:07:08] Modify product: Probable CtpA-like serine protease => putative CtpA-like serine protease
[23:07:09] Modify product: Probable sulfoacetate--CoA ligase => putative sulfoacetate--CoA ligase
[23:07:09] Modify product: Uncharacterized protein Rv2715 => putative protein
[23:07:09] Modify product: Probable 3-hydroxyacyl-CoA dehydrogenase => putative 3-hydroxyacyl-CoA dehydrogenase
[23:07:09] Modify product: Bifunctional protein FolD => Bifunctional protein FolD protein
[23:07:09] Modify product: UPF0301 protein VC_0467 => hypothetical protein
[23:07:09] Cleaned 31 /product names
[23:07:09] Deleting unwanted file: /home/vinglis/genome_analysis/GenomeAnalysis/analysis/04_annotation/D3_prokka_output/bin.6.fa_prokka_out/PROKKA_05232021.sprot.tmp.45948.faa
[23:07:09] Deleting unwanted file: /home/vinglis/genome_analysis/GenomeAnalysis/analysis/04_annotation/D3_prokka_output/bin.6.fa_prokka_out/PROKKA_05232021.sprot.tmp.45948.blast
[23:07:09] There are still 507 unannotated CDS left (started with 955)
[23:07:09] Will use hmmer3 to search against /sw/bioinfo/prokka/1.45-5b58020/rackham/db/hmm/HAMAP.hmm with 2 CPUs
[23:07:09] Running: cat \/home\/vinglis\/genome_analysis\/GenomeAnalysis\/analysis\/04_annotation\/D3_prokka_output\/bin\.6\.fa_prokka_out\/PROKKA_05232021\.HAMAP\.hmm\.tmp\.45948\.faa | parallel --gnu --plain -j 2 --block 29214 --recstart '>' --pipe hmmscan --noali --notextw --acc -E 1e-09 --cpu 1 /sw/bioinfo/prokka/1.45-5b58020/rackham/db/hmm/HAMAP.hmm /dev/stdin > \/home\/vinglis\/genome_analysis\/GenomeAnalysis\/analysis\/04_annotation\/D3_prokka_output\/bin\.6\.fa_prokka_out\/PROKKA_05232021\.HAMAP\.hmm\.tmp\.45948\.hmmer3 2> /dev/null
[23:07:52] Modify product: Uncharacterized MFS-type transporter YcaD => putative MFS-type transporter YcaD
[23:07:52] Cleaned 1 /product names
[23:07:52] Deleting unwanted file: /home/vinglis/genome_analysis/GenomeAnalysis/analysis/04_annotation/D3_prokka_output/bin.6.fa_prokka_out/PROKKA_05232021.HAMAP.hmm.tmp.45948.faa
[23:07:52] Deleting unwanted file: /home/vinglis/genome_analysis/GenomeAnalysis/analysis/04_annotation/D3_prokka_output/bin.6.fa_prokka_out/PROKKA_05232021.HAMAP.hmm.tmp.45948.hmmer3
[23:07:52] Labelling remaining 452 proteins as 'hypothetical protein'
[23:07:52] Possible /pseudo 'Glycine betaine methyltransferase' at k105_28788 position 604
[23:07:52] Possible /pseudo 'Twitching mobility protein' at k105_94310 position 866
[23:07:52] Possible /pseudo 'Protein YceI' at k105_138596 position 2118
[23:07:52] Possible /pseudo 'Lipoprotein-releasing system transmembrane protein LolE' at k105_149764 position 737
[23:07:52] Possible /pseudo 'D-glucosaminate-6-phosphate ammonia lyase' at k105_75677 position 1828
[23:07:52] Found 431 unique /gene codes.
[23:07:52] Fixed 3 duplicate /gene - fabG_1 fabG_2 fabG_3
[23:07:52] Fixed 2 duplicate /gene - ggt_1 ggt_2
[23:07:52] Fixed 2 duplicate /gene - nfdA_1 nfdA_2
[23:07:52] Fixed 2 duplicate /gene - acyII_1 acyII_2
[23:07:52] Fixed 2 duplicate /gene - yceI_1 yceI_2
[23:07:52] Fixed 2 duplicate /gene - tolB_1 tolB_2
[23:07:52] Fixed 2 duplicate /gene - dgaE_1 dgaE_2
[23:07:52] Fixed 2 duplicate /gene - glnK_1 glnK_2
[23:07:52] Fixed 3 duplicate /gene - bepA_1 bepA_2 bepA_3
[23:07:52] Fixed 3 duplicate /gene - cocE_1 cocE_2 cocE_3
[23:07:52] Fixed 2 duplicate /gene - dctM_1 dctM_2
[23:07:52] Fixed 2 duplicate /gene - dpp5_1 dpp5_2
[23:07:52] Fixed 2 duplicate /gene - sldA_1 sldA_2
[23:07:52] Fixed 2 duplicate /gene - nagR_1 nagR_2
[23:07:52] Fixed 2 duplicate /gene - norM_1 norM_2
[23:07:52] Fixed 2 duplicate /gene - vldW_1 vldW_2
[23:07:52] Fixed 2 duplicate /gene - tldD_1 tldD_2
[23:07:52] Fixed 2 duplicate /gene - atpH_1 atpH_2
[23:07:52] Fixed 2 duplicate /gene - pilT_1 pilT_2
[23:07:52] Fixed 2 duplicate /gene - pepA_1 pepA_2
[23:07:52] Fixed 2 duplicate /gene - aspC_1 aspC_2
[23:07:52] Fixed 3 duplicate /gene - gcvT_1 gcvT_2 gcvT_3
[23:07:52] Fixed 2 duplicate /gene - polA_1 polA_2
[23:07:52] Fixed 2 duplicate /gene - dacC_1 dacC_2
[23:07:52] Fixed 2 duplicate /gene - hutG_1 hutG_2
[23:07:52] Fixed 2 duplicate /gene - abo_1 abo_2
[23:07:52] Fixed 2 duplicate /gene - lolE_1 lolE_2
[23:07:52] Fixed 2 duplicate /gene - mtgB_1 mtgB_2
[23:07:52] Fixed 2 duplicate /gene - pal_1 pal_2
[23:07:52] Fixed 2 duplicate /gene - nicF_1 nicF_2
[23:07:52] Fixed 30 colliding /gene names.
[23:07:52] Adding /locus_tag identifiers
[23:07:52] Assigned 956 locus_tags to CDS and RNA features.
[23:07:52] Writing outputs to /home/vinglis/genome_analysis/GenomeAnalysis/analysis/04_annotation/D3_prokka_output/bin.6.fa_prokka_out/
[23:07:53] Generating annotation statistics file
[23:07:53] Generating Genbank and Sequin files
[23:07:53] Running: tbl2asn -V b -a r10k -l paired-ends -M n -N 1 -y 'Annotated using prokka 1.14.6 from https://github.com/tseemann/prokka' -Z \/home\/vinglis\/genome_analysis\/GenomeAnalysis\/analysis\/04_annotation\/D3_prokka_output\/bin\.6\.fa_prokka_out\/PROKKA_05232021\.err -i \/home\/vinglis\/genome_analysis\/GenomeAnalysis\/analysis\/04_annotation\/D3_prokka_output\/bin\.6\.fa_prokka_out\/PROKKA_05232021\.fsa 2> /dev/null
[23:07:55] Deleting unwanted file: /home/vinglis/genome_analysis/GenomeAnalysis/analysis/04_annotation/D3_prokka_output/bin.6.fa_prokka_out/errorsummary.val
[23:07:55] Deleting unwanted file: /home/vinglis/genome_analysis/GenomeAnalysis/analysis/04_annotation/D3_prokka_output/bin.6.fa_prokka_out/PROKKA_05232021.dr
[23:07:55] Deleting unwanted file: /home/vinglis/genome_analysis/GenomeAnalysis/analysis/04_annotation/D3_prokka_output/bin.6.fa_prokka_out/PROKKA_05232021.fixedproducts
[23:07:55] Deleting unwanted file: /home/vinglis/genome_analysis/GenomeAnalysis/analysis/04_annotation/D3_prokka_output/bin.6.fa_prokka_out/PROKKA_05232021.ecn
[23:07:55] Deleting unwanted file: /home/vinglis/genome_analysis/GenomeAnalysis/analysis/04_annotation/D3_prokka_output/bin.6.fa_prokka_out/PROKKA_05232021.val
[23:07:55] Repairing broken .GBK output that tbl2asn produces...
[23:07:55] Running: sed 's/COORDINATES: profile/COORDINATES:profile/' < \/home\/vinglis\/genome_analysis\/GenomeAnalysis\/analysis\/04_annotation\/D3_prokka_output\/bin\.6\.fa_prokka_out\/PROKKA_05232021\.gbf > \/home\/vinglis\/genome_analysis\/GenomeAnalysis\/analysis\/04_annotation\/D3_prokka_output\/bin\.6\.fa_prokka_out\/PROKKA_05232021\.gbk
[23:07:55] Deleting unwanted file: /home/vinglis/genome_analysis/GenomeAnalysis/analysis/04_annotation/D3_prokka_output/bin.6.fa_prokka_out/PROKKA_05232021.gbf
[23:07:55] Output files:
[23:07:55] /home/vinglis/genome_analysis/GenomeAnalysis/analysis/04_annotation/D3_prokka_output/bin.6.fa_prokka_out/PROKKA_05232021.log
[23:07:55] /home/vinglis/genome_analysis/GenomeAnalysis/analysis/04_annotation/D3_prokka_output/bin.6.fa_prokka_out/PROKKA_05232021.fna
[23:07:55] /home/vinglis/genome_analysis/GenomeAnalysis/analysis/04_annotation/D3_prokka_output/bin.6.fa_prokka_out/PROKKA_05232021.gff
[23:07:55] /home/vinglis/genome_analysis/GenomeAnalysis/analysis/04_annotation/D3_prokka_output/bin.6.fa_prokka_out/PROKKA_05232021.faa
[23:07:55] /home/vinglis/genome_analysis/GenomeAnalysis/analysis/04_annotation/D3_prokka_output/bin.6.fa_prokka_out/PROKKA_05232021.ffn
[23:07:55] /home/vinglis/genome_analysis/GenomeAnalysis/analysis/04_annotation/D3_prokka_output/bin.6.fa_prokka_out/PROKKA_05232021.tbl
[23:07:55] /home/vinglis/genome_analysis/GenomeAnalysis/analysis/04_annotation/D3_prokka_output/bin.6.fa_prokka_out/PROKKA_05232021.fsa
[23:07:55] /home/vinglis/genome_analysis/GenomeAnalysis/analysis/04_annotation/D3_prokka_output/bin.6.fa_prokka_out/PROKKA_05232021.tsv
[23:07:55] /home/vinglis/genome_analysis/GenomeAnalysis/analysis/04_annotation/D3_prokka_output/bin.6.fa_prokka_out/PROKKA_05232021.txt
[23:07:55] /home/vinglis/genome_analysis/GenomeAnalysis/analysis/04_annotation/D3_prokka_output/bin.6.fa_prokka_out/PROKKA_05232021.gbk
[23:07:55] /home/vinglis/genome_analysis/GenomeAnalysis/analysis/04_annotation/D3_prokka_output/bin.6.fa_prokka_out/PROKKA_05232021.sqn
[23:07:55] /home/vinglis/genome_analysis/GenomeAnalysis/analysis/04_annotation/D3_prokka_output/bin.6.fa_prokka_out/PROKKA_05232021.err
[23:07:55] Annotation finished successfully.
[23:07:55] Walltime used: 3.28 minutes
[23:07:55] If you use this result please cite the Prokka paper:
[23:07:55] Seemann T (2014) Prokka: rapid prokaryotic genome annotation. Bioinformatics. 30(14):2068-9.
[23:07:55] Type 'prokka --citation' for more details.
[23:07:55] Share and enjoy!
