[21:38:00] This is prokka 1.14.6
[21:38:00] Written by Torsten Seemann <torsten.seemann@gmail.com>
[21:38:00] Homepage is https://github.com/tseemann/prokka
[21:38:00] Local time is Sun May 23 21:38:00 2021
[21:38:00] You are vinglis
[21:38:00] Operating system is linux
[21:38:00] You have BioPerl 1.007001
[21:38:00] System has 16 cores.
[21:38:00] Will use maximum of 2 cores.
[21:38:00] Annotating as >>> Bacteria <<<
[21:38:00] Generating locus_tag from 'bin.13.fa' contents.
[21:38:00] Setting --locustag EHCKBOLH from MD5 e1c4b851f3b36bc17c95f75159f671b9
[21:38:00] Creating new output folder: /home/vinglis/genome_analysis/GenomeAnalysis/analysis/04_annotation/D3_prokka_output/bin.13.fa_prokka_out
[21:38:00] Running: mkdir -p \/home\/vinglis\/genome_analysis\/GenomeAnalysis\/analysis\/04_annotation\/D3_prokka_output\/bin\.13\.fa_prokka_out
[21:38:00] Using filename prefix: PROKKA_05232021.XXX
[21:38:00] Setting HMMER_NCPU=1
[21:38:00] Writing log to: /home/vinglis/genome_analysis/GenomeAnalysis/analysis/04_annotation/D3_prokka_output/bin.13.fa_prokka_out/PROKKA_05232021.log
[21:38:00] Command: /sw/bioinfo/prokka/1.45-5b58020/rackham/bin/prokka --outdir /home/vinglis/genome_analysis/GenomeAnalysis/analysis/04_annotation/D3_prokka_output/bin.13.fa_prokka_out --metagenome --cpus 2 bin.13.fa
[21:38:00] Appending to PATH: /sw/bioinfo/prokka/1.45-5b58020/rackham/bin/../binaries/linux
[21:38:00] Appending to PATH: /sw/bioinfo/prokka/1.45-5b58020/rackham/bin/../binaries/linux/../common
[21:38:00] Appending to PATH: /sw/bioinfo/prokka/1.45-5b58020/rackham/bin
[21:38:00] Looking for 'aragorn' - found /sw/bioinfo/prokka/1.45-5b58020/rackham/bin/../binaries/linux/aragorn
[21:38:00] Determined aragorn version is 001002 from 'ARAGORN v1.2.38 Dean Laslett'
[21:38:00] Looking for 'barrnap' - found /sw/bioinfo/barrnap/0.8/rackham/bin/barrnap
[21:38:00] Determined barrnap version is 000008 from 'barrnap 0.8'
[21:38:00] Looking for 'blastp' - found /sw/bioinfo/blast/2.11.0+/rackham/bin/blastp
[21:38:01] Determined blastp version is 002011 from 'blastp: 2.11.0+'
[21:38:01] Looking for 'cmpress' - found /sw/bioinfo/prokka/1.45-5b58020/rackham/bin/../binaries/linux/cmpress
[21:38:01] Determined cmpress version is 001001 from '# INFERNAL 1.1.2 (July 2016)'
[21:38:01] Looking for 'cmscan' - found /sw/bioinfo/prokka/1.45-5b58020/rackham/bin/../binaries/linux/cmscan
[21:38:01] Determined cmscan version is 001001 from '# INFERNAL 1.1.2 (July 2016)'
[21:38:01] Looking for 'egrep' - found /usr/bin/egrep
[21:38:01] Looking for 'find' - found /usr/bin/find
[21:38:01] Looking for 'grep' - found /usr/bin/grep
[21:38:01] Looking for 'hmmpress' - found /sw/apps/bioinfo/hmmer/3.1b2/rackham/bin/hmmpress
[21:38:01] Determined hmmpress version is 003001 from '# HMMER 3.1b2 (February 2015); http://hmmer.org/'
[21:38:01] Looking for 'hmmscan' - found /sw/apps/bioinfo/hmmer/3.1b2/rackham/bin/hmmscan
[21:38:01] Determined hmmscan version is 003001 from '# HMMER 3.1b2 (February 2015); http://hmmer.org/'
[21:38:01] Looking for 'java' - found /usr/bin/java
[21:38:01] Looking for 'makeblastdb' - found /sw/bioinfo/blast/2.11.0+/rackham/bin/makeblastdb
[21:38:01] Determined makeblastdb version is 002011 from 'makeblastdb: 2.11.0+'
[21:38:01] Looking for 'minced' - found /sw/apps/bioinfo/minced/0.2.0/rackham/minced
[21:38:02] Determined minced version is 002000 from 'minced 0.2.0'
[21:38:02] Looking for 'parallel' - found /sw/parallel/gnuparallel/20170122/rackham/bin/parallel
[21:38:02] Determined parallel version is 20170122 from 'GNU parallel 20170122'
[21:38:02] Looking for 'prodigal' - found /sw/apps/bioinfo/prodigal/2.6.3/rackham/bin/prodigal
[21:38:02] Determined prodigal version is 002006 from 'Prodigal V2.6.3: February, 2016'
[21:38:02] Looking for 'prokka-genbank_to_fasta_db' - found /sw/bioinfo/prokka/1.45-5b58020/rackham/bin/prokka-genbank_to_fasta_db
[21:38:02] Looking for 'sed' - found /usr/bin/sed
[21:38:02] Looking for 'signalp' - found /sw/bioinfo/SignalP/4.1f/rackham/signalp
[21:38:02] Determined signalp version is 004001 from '4.1 4785068'
[21:38:02] Looking for 'tbl2asn' - found /sw/bioinfo/tbl2asn/25.8/rackham/tbl2asn
[21:38:02] Determined tbl2asn version is 025008 from 'tbl2asn 25.8   arguments:'
[21:38:02] Using genetic code table 11.
[21:38:02] Loading and checking input file: bin.13.fa
[21:38:02] Wrote 614 contigs totalling 4017551 bp.
[21:38:02] Predicting tRNAs and tmRNAs
[21:38:02] Running: aragorn -l -gc11  -w \/home\/vinglis\/genome_analysis\/GenomeAnalysis\/analysis\/04_annotation\/D3_prokka_output\/bin\.13\.fa_prokka_out\/PROKKA_05232021\.fna
[21:38:03] 1 tRNA-Ser c[53955,54045] 35 (gga)
[21:38:03] 1 tRNA-Pro c[224,300] 35 (cgg)
[21:38:03] 2 tRNA-Thr [22048,22123] 34 (cgt)
[21:38:03] 1 tRNA-Gly [2828,2903] 34 (gcc)
[21:38:03] 1 tRNA-Ser [1840,1927] 35 (cga)
[21:38:03] 1 tRNA-Ala [3829,3904] 34 (cgc)
[21:38:03] 1 tRNA-Gln [357,431] 33 (ttg)
[21:38:03] 1 tRNA-Thr c[7566,7641] 34 (tgt)
[21:38:03] 1 tRNA-Met [4928,5004] 35 (cat)
[21:38:03] 1 tRNA-Val [2464,2538] 33 (gac)
[21:38:03] 1 tRNA-Arg [4922,4998] 35 (tcg)
[21:38:03] 1 tRNA-Met c[7685,7761] 35 (cat)
[21:38:03] 1 tRNA-Leu c[16581,16667] 35 (cag)
[21:38:03] 1 tRNA-Gln c[2220,2294] 33 (ttg)
[21:38:03] 1 tRNA-Val [17,92] 34 (tac)
[21:38:03] 2 tRNA-Asp [139,215] 35 (gtc)
[21:38:03] 1 tRNA-Phe [1875,1950] 34 (gaa)
[21:38:03] 1 tRNA-Trp c[2331,2406] 34 (cca)
[21:38:03] 1 tRNA-Pro c[888,964] 35 (cgg)
[21:38:03] 1 tRNA-Thr c[1068,1143] 34 (tgt)
[21:38:03] 2 tRNA-Thr c[2428,2503] 34 (tgt)
[21:38:03] 1 tRNA-Leu [11581,11667] 35 (cag)
[21:38:04] 1 tRNA-Ser [12,102] 35 (gga)
[21:38:04] 1 tRNA-Arg c[2980,3056] 35 (acg)
[21:38:04] 2 tRNA-Ser c[3115,3207] 35 (gct)
[21:38:04] 1 tRNA-Arg [3083,3159] 35 (tct)
[21:38:04] 1 tRNA-Ala c[442,539] 37 (ggc)
[21:38:04] 1 tRNA-Arg c[1710,1786] 35 (acg)
[21:38:04] 2 tRNA-Ser c[1844,1936] 35 (gct)
[21:38:04] 1 tRNA-Leu c[6853,6937] 35 (tag)
[21:38:04] 2 tRNA-Lys c[6996,7071] 34 (ctt)
[21:38:04] 3 tRNA-His c[7107,7182] 34 (gtg)
[21:38:04] 4 tRNA-Arg c[7280,7356] 35 (tct)
[21:38:04] 5 tRNA-Pro c[7378,7454] 35 (tgg)
[21:38:04] 1 tRNA-Gly [5769,5844] 34 (gcc)
[21:38:04] 2 tRNA-Cys [6984,7057] 33 (gca)
[21:38:04] 1 tRNA-Val c[2149,2223] 33 (cac)
[21:38:04] 2 tRNA-Ala [3773,3848] 34 (ggc)
[21:38:04] 1 tRNA-Leu c[11595,11681] 35 (caa)
[21:38:04] 1 tRNA-Leu c[32541,32625] 35 (gag)
[21:38:04] 1 tRNA-Asn c[1758,1833] 34 (gtt)
[21:38:04] 1 tRNA-Phe [13134,13209] 34 (gaa)
[21:38:04] 1 tRNA-Pro c[12224,12300] 35 (ggg)
[21:38:04] 2 tRNA-Val c[20730,20804] 33 (gac)
[21:38:04] 3 tRNA-Asn [28320,28395] 34 (gtt)
[21:38:04] 1 tRNA-Lys [17272,17347] 34 (ttt)
[21:38:04] 1 tRNA-Trp [204,279] 34 (cca)
[21:38:04] 1 tRNA-Ser [4646,4733] 35 (cga)
[21:38:04] 2 tRNA-Ser [9703,9790] 35 (gga)
[21:38:05] 1 tRNA-Pro c[1121,1197] 35 (ggg)
[21:38:05] 1 tRNA-Leu c[6807,6893] 35 (taa)
[21:38:05] 1 tRNA-Gln [3583,3656] 33 (ctg)
[21:38:05] 1 tRNA-Arg c[1292,1383] 31 (gcg)
[21:38:05] 1 tRNA-Met [25,101] 35 (cat)
[21:38:05] Found 54 tRNAs
[21:38:05] Predicting Ribosomal RNAs
[21:38:05] Running Barrnap with 2 threads
[21:38:09] 1 k105_88418 12957 5S ribosomal RNA
[21:38:09] Found 1 rRNAs
[21:38:09] Skipping ncRNA search, enable with --rfam if desired.
[21:38:09] Total of 55 tRNA + rRNA features
[21:38:09] Searching for CRISPR repeats
[21:38:10] Found 0 CRISPRs
[21:38:10] Predicting coding sequences
[21:38:10] Contigs total 4017551 bp, so using meta mode
[21:38:10] Running: prodigal -i \/home\/vinglis\/genome_analysis\/GenomeAnalysis\/analysis\/04_annotation\/D3_prokka_output\/bin\.13\.fa_prokka_out\/PROKKA_05232021\.fna -c -m -g 11 -p meta -f sco -q
[21:38:13] Excluding CDS which overlaps existing RNA (tRNA) at k105_54674:21913..23124 on + strand
[21:38:16] Excluding CDS which overlaps existing RNA (tRNA) at k105_88362:19..366 on + strand
[21:38:42] Excluding CDS which overlaps existing RNA (tRNA) at k105_106417:4514..4777 on - strand
[21:38:47] Excluding CDS which overlaps existing RNA (tRNA) at k105_85398:1097..1342 on + strand
[21:38:49] Found 4001 CDS
[21:38:49] Connecting features back to sequences
[21:38:49] Not using genus-specific database. Try --usegenus to enable it.
[21:38:49] Annotating CDS, please be patient.
[21:38:49] Will use 2 CPUs for similarity searching.
[21:38:51] There are still 4001 unannotated CDS left (started with 4001)
[21:38:51] Will use blast to search against /sw/bioinfo/prokka/1.45-5b58020/rackham/db/kingdom/Bacteria/IS with 2 CPUs
[21:38:51] Running: cat \/home\/vinglis\/genome_analysis\/GenomeAnalysis\/analysis\/04_annotation\/D3_prokka_output\/bin\.13\.fa_prokka_out\/PROKKA_05232021\.IS\.tmp\.10142\.faa | parallel --gnu --plain -j 2 --block 290573 --recstart '>' --pipe blastp -query - -db /sw/bioinfo/prokka/1.45-5b58020/rackham/db/kingdom/Bacteria/IS -evalue 1e-30 -qcov_hsp_perc 90 -num_threads 1 -num_descriptions 1 -num_alignments 1 -seg no > \/home\/vinglis\/genome_analysis\/GenomeAnalysis\/analysis\/04_annotation\/D3_prokka_output\/bin\.13\.fa_prokka_out\/PROKKA_05232021\.IS\.tmp\.10142\.blast 2> /dev/null
[21:40:23] Deleting unwanted file: /home/vinglis/genome_analysis/GenomeAnalysis/analysis/04_annotation/D3_prokka_output/bin.13.fa_prokka_out/PROKKA_05232021.IS.tmp.10142.faa
[21:40:23] Deleting unwanted file: /home/vinglis/genome_analysis/GenomeAnalysis/analysis/04_annotation/D3_prokka_output/bin.13.fa_prokka_out/PROKKA_05232021.IS.tmp.10142.blast
[21:40:25] There are still 3995 unannotated CDS left (started with 4001)
[21:40:25] Will use blast to search against /sw/bioinfo/prokka/1.45-5b58020/rackham/db/kingdom/Bacteria/AMR with 2 CPUs
[21:40:25] Running: cat \/home\/vinglis\/genome_analysis\/GenomeAnalysis\/analysis\/04_annotation\/D3_prokka_output\/bin\.13\.fa_prokka_out\/PROKKA_05232021\.AMR\.tmp\.10142\.faa | parallel --gnu --plain -j 2 --block 290186 --recstart '>' --pipe blastp -query - -db /sw/bioinfo/prokka/1.45-5b58020/rackham/db/kingdom/Bacteria/AMR -evalue 9.99999999999999e-301 -qcov_hsp_perc 90 -num_threads 1 -num_descriptions 1 -num_alignments 1 -seg no > \/home\/vinglis\/genome_analysis\/GenomeAnalysis\/analysis\/04_annotation\/D3_prokka_output\/bin\.13\.fa_prokka_out\/PROKKA_05232021\.AMR\.tmp\.10142\.blast 2> /dev/null
[21:41:41] Deleting unwanted file: /home/vinglis/genome_analysis/GenomeAnalysis/analysis/04_annotation/D3_prokka_output/bin.13.fa_prokka_out/PROKKA_05232021.AMR.tmp.10142.faa
[21:41:41] Deleting unwanted file: /home/vinglis/genome_analysis/GenomeAnalysis/analysis/04_annotation/D3_prokka_output/bin.13.fa_prokka_out/PROKKA_05232021.AMR.tmp.10142.blast
[21:41:42] There are still 3995 unannotated CDS left (started with 4001)
[21:41:42] Will use blast to search against /sw/bioinfo/prokka/1.45-5b58020/rackham/db/kingdom/Bacteria/sprot with 2 CPUs
[21:41:42] Running: cat \/home\/vinglis\/genome_analysis\/GenomeAnalysis\/analysis\/04_annotation\/D3_prokka_output\/bin\.13\.fa_prokka_out\/PROKKA_05232021\.sprot\.tmp\.10142\.faa | parallel --gnu --plain -j 2 --block 290186 --recstart '>' --pipe blastp -query - -db /sw/bioinfo/prokka/1.45-5b58020/rackham/db/kingdom/Bacteria/sprot -evalue 1e-09 -qcov_hsp_perc 80 -num_threads 1 -num_descriptions 1 -num_alignments 1 -seg no > \/home\/vinglis\/genome_analysis\/GenomeAnalysis\/analysis\/04_annotation\/D3_prokka_output\/bin\.13\.fa_prokka_out\/PROKKA_05232021\.sprot\.tmp\.10142\.blast 2> /dev/null
[21:48:37] Modify product: Uncharacterized protein HI_1163 => putative protein
[21:48:37] Modify product: Monocarboxylate 2-oxoacid-binding periplasmic protein all3028 => Monocarboxylate 2-oxoacid-binding periplasmic protein
[21:48:37] Modify product: Probable D,D-dipeptide transport system permease protein DdpC => putative D,D-dipeptide transport system permease protein DdpC
[21:48:37] Modify product: Probable chaperone CsaA => putative chaperone CsaA
[21:48:37] Modify product: Uncharacterized NTE family protein Rv2565 => putative NTE family protein
[21:48:37] Modify product: Probable GTPase Rv1496 => putative GTPase
[21:48:38] Modify product: Uncharacterized protein YfgD => putative protein YfgD
[21:48:38] Modify product: Probable GTP-binding protein EngB => putative GTP-binding protein EngB
[21:48:38] Modify product: Probable CtpA-like serine protease => putative CtpA-like serine protease
[21:48:38] Modify product: Putative cystathionine beta-synthase Rv1077 => Putative cystathionine beta-synthase
[21:48:38] Modify product: Uncharacterized acyl-CoA thioester hydrolase HI_0827 => putative acyl-CoA thioester hydrolase
[21:48:38] Modify product: UPF0070 protein HI_0370 => hypothetical protein
[21:48:38] Modify product: Probable intracellular septation protein A => putative intracellular septation protein A
[21:48:38] Modify product: Uncharacterized protein HI_1163 => putative protein
[21:48:38] Modify product: Probable amino-acid metabolite efflux pump => putative amino-acid metabolite efflux pump
[21:48:38] Modify product: Probable galactarate transporter => putative galactarate transporter
[21:48:38] Modify product: Uncharacterized protein HI_0131 => putative protein
[21:48:38] Modify product: Nudix hydrolase DR_0079 => Nudix hydrolase
[21:48:38] Modify product: Probable enoyl-CoA hydratase echA8 => putative enoyl-CoA hydratase echA8
[21:48:38] Modify product: Probable 3-phenylpropionic acid transporter => putative 3-phenylpropionic acid transporter
[21:48:38] Modify product: Probable enoyl-CoA hydratase echA8 => putative enoyl-CoA hydratase echA8
[21:48:38] Modify product: UPF0125 protein HI_0395 => hypothetical protein
[21:48:38] Modify product: Probable dipeptidase PepE => putative dipeptidase PepE
[21:48:38] Modify product: Uncharacterized protein YibN => putative protein YibN
[21:48:38] Modify product: Probable cyclic di-GMP phosphodiesterase VC_1348 => putative cyclic di-GMP phosphodiesterase
[21:48:38] Modify product: Probable cyclic di-GMP phosphodiesterase VC_1348 => putative cyclic di-GMP phosphodiesterase
[21:48:38] Modify product: Acetyltransferase SACOL1063 => Acetyltransferase
[21:48:38] Modify product: Probable 3-hydroxyisobutyrate dehydrogenase => putative 3-hydroxyisobutyrate dehydrogenase
[21:48:38] Modify product: Probable sulfoacetate--CoA ligase => putative sulfoacetate--CoA ligase
[21:48:38] Modify product: Peroxiredoxin sll1621 => Peroxiredoxin
[21:48:38] Modify product: Putative aminotransferase MSMEG_6286/MSMEI_6121 => Putative aminotransferase/MSMEI_6121
[21:48:38] Modify product: UPF0701 protein YicC => hypothetical protein
[21:48:38] Modify product: Bifunctional protein FolD => Bifunctional protein FolD protein
[21:48:38] Modify product: Uncharacterized GST-like protein YibF => putative GST-like protein YibF
[21:48:39] Modify product: Probable lipid II flippase MurJ => putative lipid II flippase MurJ
[21:48:39] Modify product: UPF0234 protein XC_3703 => hypothetical protein
[21:48:39] Modify product: Probable protease SohB => putative protease SohB
[21:48:39] Modify product: Probable nicotinate-nucleotide adenylyltransferase => putative nicotinate-nucleotide adenylyltransferase
[21:48:39] Modify product: UPF0047 protein Rv2556c => hypothetical protein
[21:48:39] Modify product: Uncharacterized isomerase YddE => putative isomerase YddE
[21:48:39] Modify product: Probable Fe(2+)-trafficking protein => putative Fe(2+)-trafficking protein
[21:48:39] Modify product: Probable amino-acid metabolite efflux pump => putative amino-acid metabolite efflux pump
[21:48:39] Modify product: UPF0056 inner membrane protein MarC => hypothetical protein
[21:48:39] Modify product: Nudix hydrolase DR_0079 => Nudix hydrolase
[21:48:39] Modify product: UPF0761 membrane protein YihY => hypothetical protein
[21:48:39] Modify product: Probable M18 family aminopeptidase 2 => putative M18 family aminopeptidase 2
[21:48:39] Modify product: Stringent starvation protein A homolog => Stringent starvation protein A 
[21:48:39] Modify product: Probable M18 family aminopeptidase 2 => putative M18 family aminopeptidase 2
[21:48:39] Modify product: Uncharacterized ABC transporter ATP-binding protein YxlF => putative ABC transporter ATP-binding protein YxlF
[21:48:39] Modify product: Bifunctional protein FolD => Bifunctional protein FolD protein
[21:48:39] Modify product: Probable N-methylproline demethylase => putative N-methylproline demethylase
[21:48:39] Modify product: Probable efflux pump membrane transporter TtgB => putative efflux pump membrane transporter TtgB
[21:48:39] Modify product: Probable D,D-dipeptide transport system permease protein DdpC => putative D,D-dipeptide transport system permease protein DdpC
[21:48:39] Modify product: Probable chromosome-partitioning protein ParB => putative chromosome-partitioning protein ParB
[21:48:39] Modify product: Probable chromosome-partitioning protein ParB => putative chromosome-partitioning protein ParB
[21:48:39] Modify product: UPF0761 membrane protein YihY => hypothetical protein
[21:48:39] Modify product: Uncharacterized ABC transporter ATP-binding protein YadG => putative ABC transporter ATP-binding protein YadG
[21:48:39] Modify product: Probable DNA endonuclease SmrA => putative DNA endonuclease SmrA
[21:48:39] Modify product: Uncharacterized acyl-CoA thioester hydrolase HI_0827 => putative acyl-CoA thioester hydrolase
[21:48:39] Modify product: Probable D,D-dipeptide transport ATP-binding protein DdpF => putative D,D-dipeptide transport ATP-binding protein DdpF
[21:48:39] Modify product: Uncharacterized protein Rv0906 => putative protein
[21:48:39] Modify product: Probable enoyl-CoA hydratase echA8 => putative enoyl-CoA hydratase echA8
[21:48:39] Modify product: Probable DNA endonuclease SmrA => putative DNA endonuclease SmrA
[21:48:39] Modify product: Probable undecaprenyl-phosphate N-acetylglucosaminyl 1-phosphate transferase => putative undecaprenyl-phosphate N-acetylglucosaminyl 1-phosphate transferase
[21:48:39] Modify product: Uncharacterized ABC transporter ATP-binding protein YxlF => putative ABC transporter ATP-binding protein YxlF
[21:48:40] Modify product: UPF0053 inner membrane protein YoaE => hypothetical protein
[21:48:40] Modify product: Probable acrylyl-CoA reductase AcuI => putative acrylyl-CoA reductase AcuI
[21:48:40] Modify product: Stringent starvation protein A homolog => Stringent starvation protein A 
[21:48:40] Modify product: Uncharacterized FAD-linked oxidoreductase Rv2280 => putative FAD-linked oxidoreductase
[21:48:40] Modify product: UPF0413 protein GK0824 => hypothetical protein
[21:48:40] Modify product: Probable N-methylproline demethylase => putative N-methylproline demethylase
[21:48:40] Modify product: UPF0056 inner membrane protein MarC => hypothetical protein
[21:48:40] Modify product: Probable hydrolase YcaC => putative hydrolase YcaC
[21:48:40] Modify product: Probable aminotransferase Rv3329 => putative aminotransferase
[21:48:40] Modify product: UPF0111 protein HI_1603 => hypothetical protein
[21:48:40] Modify product: Uncharacterized FAD-linked oxidoreductase Rv2280 => putative FAD-linked oxidoreductase
[21:48:40] Modify product: Putative cystathionine beta-synthase Rv1077 => Putative cystathionine beta-synthase
[21:48:40] Modify product: Probable acrylyl-CoA reductase AcuI => putative acrylyl-CoA reductase AcuI
[21:48:40] Modify product: Solute-binding protein Rfer_1840 => Solute-binding protein
[21:48:40] Modify product: Probable intracellular septation protein A => putative intracellular septation protein A
[21:48:40] Modify product: Probable glutamine ABC transporter permease protein GlnM => putative glutamine ABC transporter permease protein GlnM
[21:48:40] Modify product: RNA-binding protein HI_1333 => RNA-binding protein
[21:48:40] Modify product: Uncharacterized oxidoreductase SA2266 => putative oxidoreductase
[21:48:40] Modify product: Acetyltransferase SACOL1063 => Acetyltransferase
[21:48:40] Modify product: Probable D,D-dipeptide transport system permease protein DdpC => putative D,D-dipeptide transport system permease protein DdpC
[21:48:40] Modify product: UPF0125 protein HI_0395 => hypothetical protein
[21:48:40] Modify product: Probable nicotinate-nucleotide adenylyltransferase => putative nicotinate-nucleotide adenylyltransferase
[21:48:40] Modify product: Uncharacterized MFS-type transporter YcaD => putative MFS-type transporter YcaD
[21:48:41] Modify product: Uncharacterized oxidoreductase SA2266 => putative oxidoreductase
[21:48:41] Modify product: Probable enoyl-CoA hydratase echA12 => putative enoyl-CoA hydratase echA12
[21:48:41] Modify product: Probable iron export permease protein FetB => putative iron export permease protein FetB
[21:48:41] Modify product: Probable Fe(2+)-trafficking protein => putative Fe(2+)-trafficking protein
[21:48:41] Modify product: Uncharacterized FAD-linked oxidoreductase Rv2280 => putative FAD-linked oxidoreductase
[21:48:41] Modify product: Uncharacterized RNA pseudouridine synthase Rv1711 => putative RNA pseudouridine synthase
[21:48:41] Modify product: UPF0413 protein YjbH => hypothetical protein
[21:48:41] Modify product: Probable chromosome-partitioning protein ParB => putative chromosome-partitioning protein ParB
[21:48:41] Modify product: UPF0053 protein HI_0107 => hypothetical protein
[21:48:41] Modify product: Probable Fe(2+)-trafficking protein => putative Fe(2+)-trafficking protein
[21:48:41] Modify product: Bifunctional protein FolD => Bifunctional protein FolD protein
[21:48:41] Modify product: Probable siderophore transport system ATP-binding protein YusV => putative siderophore transport system ATP-binding protein YusV
[21:48:41] Modify product: UPF0053 protein HI_0107 => hypothetical protein
[21:48:41] Modify product: Probable peptidoglycan glycosyltransferase FtsW => putative peptidoglycan glycosyltransferase FtsW
[21:48:41] Modify product: UPF0394 inner membrane protein YeeE => hypothetical protein
[21:48:41] Modify product: Probable dipeptidase PepE => putative dipeptidase PepE
[21:48:41] Modify product: Uncharacterized isomerase YddE => putative isomerase YddE
[21:48:41] Modify product: Uncharacterized FAD-linked oxidoreductase Rv2280 => putative FAD-linked oxidoreductase
[21:48:41] Modify product: Uncharacterized metal-dependent hydrolase YcfH => putative metal-dependent hydrolase YcfH
[21:48:41] Modify product: Probable ATP-dependent transporter SufC => putative ATP-dependent transporter SufC
[21:48:41] Modify product: Probable protein kinase UbiB => putative protein kinase UbiB
[21:48:41] Modify product: Putative aminotransferase MSMEG_6286/MSMEI_6121 => Putative aminotransferase/MSMEI_6121
[21:48:41] Modify product: Uncharacterized protein Rv1367c => putative protein
[21:48:41] Modify product: Probable GTPase Rv1496 => putative GTPase
[21:48:41] Modify product: Probable enoyl-CoA hydratase echA8 => putative enoyl-CoA hydratase echA8
[21:48:41] Modify product: Uncharacterized protein YqeY => putative protein YqeY
[21:48:41] Modify product: Probable glycerol-3-phosphate acyltransferase => putative glycerol-3-phosphate acyltransferase
[21:48:41] Modify product: Uncharacterized metal-dependent hydrolase YcfH => putative metal-dependent hydrolase YcfH
[21:48:41] Modify product: Probable galactarate transporter => putative galactarate transporter
[21:48:41] Modify product: Probable Fe(2+)-trafficking protein => putative Fe(2+)-trafficking protein
[21:48:41] Modify product: D-galactonate dehydratase family member SBI_01856 => D-galactonate dehydratase family member
[21:48:41] Modify product: Uncharacterized oxidoreductase Rv1144 => putative oxidoreductase
[21:48:41] Modify product: Probable ATP-dependent transporter SufC => putative ATP-dependent transporter SufC
[21:48:41] Modify product: Probable protein kinase UbiB => putative protein kinase UbiB
[21:48:42] Modify product: Nitrilase blr3397 => Nitrilase
[21:48:42] Modify product: Uncharacterized protein PA3922 => putative protein
[21:48:42] Modify product: Probable iron export permease protein FetB => putative iron export permease protein FetB
[21:48:42] Modify product: UPF0053 protein HI_0107 => hypothetical protein
[21:48:42] Modify product: UPF0053 inner membrane protein YfjD => hypothetical protein
[21:48:42] Modify product: Probable N-methylproline demethylase => putative N-methylproline demethylase
[21:48:42] Modify product: RNA-binding protein HI_1333 => RNA-binding protein
[21:48:42] Modify product: UPF0070 protein HI_0370 => hypothetical protein
[21:48:42] Cleaned 130 /product names
[21:48:42] Deleting unwanted file: /home/vinglis/genome_analysis/GenomeAnalysis/analysis/04_annotation/D3_prokka_output/bin.13.fa_prokka_out/PROKKA_05232021.sprot.tmp.10142.faa
[21:48:42] Deleting unwanted file: /home/vinglis/genome_analysis/GenomeAnalysis/analysis/04_annotation/D3_prokka_output/bin.13.fa_prokka_out/PROKKA_05232021.sprot.tmp.10142.blast
[21:48:43] There are still 1820 unannotated CDS left (started with 4001)
[21:48:43] Will use hmmer3 to search against /sw/bioinfo/prokka/1.45-5b58020/rackham/db/hmm/HAMAP.hmm with 2 CPUs
[21:48:43] Running: cat \/home\/vinglis\/genome_analysis\/GenomeAnalysis\/analysis\/04_annotation\/D3_prokka_output\/bin\.13\.fa_prokka_out\/PROKKA_05232021\.HAMAP\.hmm\.tmp\.10142\.faa | parallel --gnu --plain -j 2 --block 108765 --recstart '>' --pipe hmmscan --noali --notextw --acc -E 1e-09 --cpu 1 /sw/bioinfo/prokka/1.45-5b58020/rackham/db/hmm/HAMAP.hmm /dev/stdin > \/home\/vinglis\/genome_analysis\/GenomeAnalysis\/analysis\/04_annotation\/D3_prokka_output\/bin\.13\.fa_prokka_out\/PROKKA_05232021\.HAMAP\.hmm\.tmp\.10142\.hmmer3 2> /dev/null
[21:51:27] Modify product: Uncharacterized Nudix hydrolase NudL => putative Nudix hydrolase NudL
[21:51:27] Modify product: Uncharacterized MFS-type transporter YcaD => putative MFS-type transporter YcaD
[21:51:27] Modify product: Uncharacterized Nudix hydrolase NudL => putative Nudix hydrolase NudL
[21:51:27] Modify product: Uncharacterized MFS-type transporter YcaD => putative MFS-type transporter YcaD
[21:51:27] Modify product: Uncharacterized MFS-type transporter YcaD => putative MFS-type transporter YcaD
[21:51:27] Modify product: Uncharacterized Nudix hydrolase NudL => putative Nudix hydrolase NudL
[21:51:27] Modify product: Uncharacterized Nudix hydrolase NudL => putative Nudix hydrolase NudL
[21:51:27] Cleaned 7 /product names
[21:51:27] Deleting unwanted file: /home/vinglis/genome_analysis/GenomeAnalysis/analysis/04_annotation/D3_prokka_output/bin.13.fa_prokka_out/PROKKA_05232021.HAMAP.hmm.tmp.10142.faa
[21:51:27] Deleting unwanted file: /home/vinglis/genome_analysis/GenomeAnalysis/analysis/04_annotation/D3_prokka_output/bin.13.fa_prokka_out/PROKKA_05232021.HAMAP.hmm.tmp.10142.hmmer3
[21:51:27] Labelling remaining 1594 proteins as 'hypothetical protein'
[21:51:27] Possible /pseudo 'HTH-type transcriptional activator CmpR' at k105_46653 position 3936
[21:51:27] Possible /pseudo 'Fimbrial protein' at k105_15093 position 14651
[21:51:27] Possible /pseudo 'Fimbrial protein' at k105_15093 position 15230
[21:51:27] Possible /pseudo 'D-inositol-3-phosphate glycosyltransferase' at k105_15099 position 32262
[21:51:27] Possible /pseudo 'IS3 family transposase IS401' at k105_26230 position 5262
[21:51:27] Possible /pseudo 'Adenylate kinase' at k105_94057 position 14931
[21:51:27] Possible /pseudo 'HTH-type transcriptional activator CmpR' at k105_140628 position 1658
[21:51:27] Found 1235 unique /gene codes.
[21:51:27] Fixed 4 duplicate /gene - tadA_1 tadA_2 tadA_3 tadA_4
[21:51:27] Fixed 2 duplicate /gene - pmpR_1 pmpR_2
[21:51:27] Fixed 2 duplicate /gene - fpr_1 fpr_2
[21:51:27] Fixed 2 duplicate /gene - secE_1 secE_2
[21:51:27] Fixed 3 duplicate /gene - rplL_1 rplL_2 rplL_3
[21:51:27] Fixed 2 duplicate /gene - rpmI_1 rpmI_2
[21:51:27] Fixed 2 duplicate /gene - nylB_1 nylB_2
[21:51:27] Fixed 2 duplicate /gene - cdhR_1 cdhR_2
[21:51:27] Fixed 2 duplicate /gene - glnB_1 glnB_2
[21:51:27] Fixed 3 duplicate /gene - cmk_1 cmk_2 cmk_3
[21:51:27] Fixed 3 duplicate /gene - rpsS_1 rpsS_2 rpsS_3
[21:51:27] Fixed 2 duplicate /gene - asd2_1 asd2_2
[21:51:27] Fixed 3 duplicate /gene - lpxH_1 lpxH_2 lpxH_3
[21:51:27] Fixed 2 duplicate /gene - rsmE_1 rsmE_2
[21:51:27] Fixed 2 duplicate /gene - regX3_1 regX3_2
[21:51:27] Fixed 3 duplicate /gene - moeB_1 moeB_2 moeB_3
[21:51:27] Fixed 2 duplicate /gene - fadD3_1 fadD3_2
[21:51:27] Fixed 8 duplicate /gene - gsiD_1 gsiD_2 gsiD_3 gsiD_4 gsiD_5 gsiD_6 gsiD_7 gsiD_8
[21:51:27] Fixed 2 duplicate /gene - scpB_1 scpB_2
[21:51:27] Fixed 3 duplicate /gene - mltF_1 mltF_2 mltF_3
[21:51:27] Fixed 2 duplicate /gene - alkJ_1 alkJ_2
[21:51:27] Fixed 2 duplicate /gene - hprA_1 hprA_2
[21:51:27] Fixed 4 duplicate /gene - ycaD_1 ycaD_2 ycaD_3 ycaD_4
[21:51:27] Fixed 2 duplicate /gene - groL_1 groL_2
[21:51:27] Fixed 2 duplicate /gene - lpxB_1 lpxB_2
[21:51:27] Fixed 2 duplicate /gene - leuE_1 leuE_2
[21:51:27] Fixed 2 duplicate /gene - moaA_1 moaA_2
[21:51:27] Fixed 2 duplicate /gene - pheT_1 pheT_2
[21:51:27] Fixed 3 duplicate /gene - folD_1 folD_2 folD_3
[21:51:27] Fixed 2 duplicate /gene - frr_1 frr_2
[21:51:27] Fixed 2 duplicate /gene - cobO_1 cobO_2
[21:51:27] Fixed 2 duplicate /gene - modB_1 modB_2
[21:51:27] Fixed 2 duplicate /gene - prmB_1 prmB_2
[21:51:27] Fixed 2 duplicate /gene - bamB_1 bamB_2
[21:51:27] Fixed 2 duplicate /gene - ppm1_1 ppm1_2
[21:51:27] Fixed 2 duplicate /gene - hemA_1 hemA_2
[21:51:27] Fixed 3 duplicate /gene - rimM_1 rimM_2 rimM_3
[21:51:27] Fixed 3 duplicate /gene - rpsA_1 rpsA_2 rpsA_3
[21:51:27] Fixed 2 duplicate /gene - ada_1 ada_2
[21:51:27] Fixed 2 duplicate /gene - prs_1 prs_2
[21:51:27] Fixed 2 duplicate /gene - rplN_1 rplN_2
[21:51:27] Fixed 2 duplicate /gene - glnS_1 glnS_2
[21:51:27] Fixed 5 duplicate /gene - sucD_1 sucD_2 sucD_3 sucD_4 sucD_5
[21:51:27] Fixed 3 duplicate /gene - rodZ_1 rodZ_2 rodZ_3
[21:51:27] Fixed 3 duplicate /gene - atpB_1 atpB_2 atpB_3
[21:51:27] Fixed 2 duplicate /gene - dxs_1 dxs_2
[21:51:27] Fixed 2 duplicate /gene - blc_1 blc_2
[21:51:27] Fixed 3 duplicate /gene - tolB_1 tolB_2 tolB_3
[21:51:27] Fixed 2 duplicate /gene - thlA_1 thlA_2
[21:51:27] Fixed 3 duplicate /gene - cysS_1 cysS_2 cysS_3
[21:51:27] Fixed 2 duplicate /gene - sspB_1 sspB_2
[21:51:27] Fixed 2 duplicate /gene - nuoE_1 nuoE_2
[21:51:27] Fixed 2 duplicate /gene - lon2_1 lon2_2
[21:51:27] Fixed 2 duplicate /gene - pheC_1 pheC_2
[21:51:27] Fixed 2 duplicate /gene - eno_1 eno_2
[21:51:27] Fixed 2 duplicate /gene - nuoF_1 nuoF_2
[21:51:27] Fixed 4 duplicate /gene - hdfR_1 hdfR_2 hdfR_3 hdfR_4
[21:51:27] Fixed 2 duplicate /gene - truA_1 truA_2
[21:51:27] Fixed 3 duplicate /gene - parB_1 parB_2 parB_3
[21:51:27] Fixed 2 duplicate /gene - cmpD_1 cmpD_2
[21:51:27] Fixed 3 duplicate /gene - mdtA_1 mdtA_2 mdtA_3
[21:51:27] Fixed 3 duplicate /gene - doeA_1 doeA_2 doeA_3
[21:51:27] Fixed 2 duplicate /gene - lysX_1 lysX_2
[21:51:27] Fixed 8 duplicate /gene - livH_1 livH_2 livH_3 livH_4 livH_5 livH_6 livH_7 livH_8
[21:51:27] Fixed 2 duplicate /gene - ltxB_1 ltxB_2
[21:51:27] Fixed 2 duplicate /gene - mcl1_1 mcl1_2
[21:51:27] Fixed 2 duplicate /gene - cusR_1 cusR_2
[21:51:27] Fixed 2 duplicate /gene - era_1 era_2
[21:51:27] Fixed 2 duplicate /gene - apaH_1 apaH_2
[21:51:27] Fixed 4 duplicate /gene - nirQ_1 nirQ_2 nirQ_3 nirQ_4
[21:51:27] Fixed 4 duplicate /gene - hcaB_1 hcaB_2 hcaB_3 hcaB_4
[21:51:27] Fixed 2 duplicate /gene - rpsJ_1 rpsJ_2
[21:51:27] Fixed 2 duplicate /gene - sat_1 sat_2
[21:51:27] Fixed 2 duplicate /gene - rubA_1 rubA_2
[21:51:27] Fixed 6 duplicate /gene - aam_1 aam_2 aam_3 aam_4 aam_5 aam_6
[21:51:27] Fixed 2 duplicate /gene - rpmD_1 rpmD_2
[21:51:27] Fixed 2 duplicate /gene - xseB_1 xseB_2
[21:51:27] Fixed 2 duplicate /gene - dut_1 dut_2
[21:51:27] Fixed 2 duplicate /gene - secA_1 secA_2
[21:51:27] Fixed 2 duplicate /gene - aroG_1 aroG_2
[21:51:27] Fixed 3 duplicate /gene - tam_1 tam_2 tam_3
[21:51:27] Fixed 2 duplicate /gene - mscS_1 mscS_2
[21:51:27] Fixed 3 duplicate /gene - ftsL_1 ftsL_2 ftsL_3
[21:51:27] Fixed 2 duplicate /gene - ypeA_1 ypeA_2
[21:51:27] Fixed 2 duplicate /gene - lexA_1 lexA_2
[21:51:27] Fixed 2 duplicate /gene - nadC_1 nadC_2
[21:51:27] Fixed 3 duplicate /gene - mnmG_1 mnmG_2 mnmG_3
[21:51:27] Fixed 2 duplicate /gene - folC_1 folC_2
[21:51:27] Fixed 2 duplicate /gene - yxlF_1 yxlF_2
[21:51:27] Fixed 2 duplicate /gene - nusA_1 nusA_2
[21:51:27] Fixed 2 duplicate /gene - thrC_1 thrC_2
[21:51:27] Fixed 2 duplicate /gene - pepE_1 pepE_2
[21:51:27] Fixed 2 duplicate /gene - lutB_1 lutB_2
[21:51:27] Fixed 2 duplicate /gene - rpsN_1 rpsN_2
[21:51:27] Fixed 3 duplicate /gene - nit1_1 nit1_2 nit1_3
[21:51:27] Fixed 2 duplicate /gene - rho_1 rho_2
[21:51:27] Fixed 2 duplicate /gene - gcvH_1 gcvH_2
[21:51:27] Fixed 2 duplicate /gene - mltG_1 mltG_2
[21:51:27] Fixed 2 duplicate /gene - proC_1 proC_2
[21:51:27] Fixed 2 duplicate /gene - rpsE_1 rpsE_2
[21:51:27] Fixed 2 duplicate /gene - carB_1 carB_2
[21:51:27] Fixed 2 duplicate /gene - yhhT_1 yhhT_2
[21:51:27] Fixed 3 duplicate /gene - paaG_1 paaG_2 paaG_3
[21:51:27] Fixed 2 duplicate /gene - sfp_1 sfp_2
[21:51:27] Fixed 2 duplicate /gene - prfA_1 prfA_2
[21:51:27] Fixed 2 duplicate /gene - rsmJ_1 rsmJ_2
[21:51:27] Fixed 4 duplicate /gene - glpQ_1 glpQ_2 glpQ_3 glpQ_4
[21:51:27] Fixed 2 duplicate /gene - comM_1 comM_2
[21:51:27] Fixed 2 duplicate /gene - ctaG_1 ctaG_2
[21:51:27] Fixed 3 duplicate /gene - rsmH_1 rsmH_2 rsmH_3
[21:51:27] Fixed 3 duplicate /gene - parA_1 parA_2 parA_3
[21:51:27] Fixed 2 duplicate /gene - rpsK_1 rpsK_2
[21:51:27] Fixed 2 duplicate /gene - sufD_1 sufD_2
[21:51:27] Fixed 7 duplicate /gene - cmpR_1 cmpR_2 cmpR_3 cmpR_4 cmpR_5 cmpR_6 cmpR_7
[21:51:27] Fixed 2 duplicate /gene - parE_1 parE_2
[21:51:27] Fixed 2 duplicate /gene - dsvA_1 dsvA_2
[21:51:27] Fixed 2 duplicate /gene - betA_1 betA_2
[21:51:27] Fixed 2 duplicate /gene - yajC_1 yajC_2
[21:51:27] Fixed 2 duplicate /gene - ubiE_1 ubiE_2
[21:51:27] Fixed 2 duplicate /gene - acdA_1 acdA_2
[21:51:27] Fixed 3 duplicate /gene - rplJ_1 rplJ_2 rplJ_3
[21:51:27] Fixed 2 duplicate /gene - rlmN_1 rlmN_2
[21:51:27] Fixed 2 duplicate /gene - FCS1_1 FCS1_2
[21:51:27] Fixed 2 duplicate /gene - rpoN_1 rpoN_2
[21:51:27] Fixed 2 duplicate /gene - dpaL_1 dpaL_2
[21:51:27] Fixed 2 duplicate /gene - kdsA_1 kdsA_2
[21:51:27] Fixed 4 duplicate /gene - trpB_1 trpB_2 trpB_3 trpB_4
[21:51:27] Fixed 2 duplicate /gene - ctaDII_1 ctaDII_2
[21:51:27] Fixed 2 duplicate /gene - ispA_1 ispA_2
[21:51:27] Fixed 2 duplicate /gene - trkA_1 trkA_2
[21:51:27] Fixed 2 duplicate /gene - ntrC_1 ntrC_2
[21:51:27] Fixed 2 duplicate /gene - hslV_1 hslV_2
[21:51:27] Fixed 2 duplicate /gene - bnzC_1 bnzC_2
[21:51:27] Fixed 2 duplicate /gene - murC_1 murC_2
[21:51:27] Fixed 2 duplicate /gene - mak_1 mak_2
[21:51:27] Fixed 2 duplicate /gene - rph_1 rph_2
[21:51:27] Fixed 2 duplicate /gene - icmF_1 icmF_2
[21:51:27] Fixed 3 duplicate /gene - rpsP_1 rpsP_2 rpsP_3
[21:51:27] Fixed 2 duplicate /gene - fdhB1_1 fdhB1_2
[21:51:27] Fixed 2 duplicate /gene - rplR_1 rplR_2
[21:51:27] Fixed 4 duplicate /gene - gatA_1 gatA_2 gatA_3 gatA_4
[21:51:27] Fixed 2 duplicate /gene - iolX_1 iolX_2
[21:51:27] Fixed 2 duplicate /gene - lon_1 lon_2
[21:51:27] Fixed 2 duplicate /gene - yddE_1 yddE_2
[21:51:27] Fixed 2 duplicate /gene - nuoN_1 nuoN_2
[21:51:27] Fixed 2 duplicate /gene - glnL_1 glnL_2
[21:51:27] Fixed 2 duplicate /gene - vldW_1 vldW_2
[21:51:27] Fixed 2 duplicate /gene - metG_1 metG_2
[21:51:27] Fixed 3 duplicate /gene - glmS_1 glmS_2 glmS_3
[21:51:27] Fixed 5 duplicate /gene - dapA_1 dapA_2 dapA_3 dapA_4 dapA_5
[21:51:27] Fixed 2 duplicate /gene - clpS_1 clpS_2
[21:51:27] Fixed 2 duplicate /gene - nudB_1 nudB_2
[21:51:27] Fixed 4 duplicate /gene - gpmA_1 gpmA_2 gpmA_3 gpmA_4
[21:51:27] Fixed 2 duplicate /gene - cysA_1 cysA_2
[21:51:27] Fixed 2 duplicate /gene - ybgC_1 ybgC_2
[21:51:27] Fixed 3 duplicate /gene - ddpC_1 ddpC_2 ddpC_3
[21:51:27] Fixed 5 duplicate /gene - dctM_1 dctM_2 dctM_3 dctM_4 dctM_5
[21:51:27] Fixed 5 duplicate /gene - oppD_1 oppD_2 oppD_3 oppD_4 oppD_5
[21:51:27] Fixed 3 duplicate /gene - hflX_1 hflX_2 hflX_3
[21:51:27] Fixed 3 duplicate /gene - rplD_1 rplD_2 rplD_3
[21:51:27] Fixed 2 duplicate /gene - ispG_1 ispG_2
[21:51:27] Fixed 5 duplicate /gene - yitJ_1 yitJ_2 yitJ_3 yitJ_4 yitJ_5
[21:51:27] Fixed 2 duplicate /gene - ndk_1 ndk_2
[21:51:27] Fixed 2 duplicate /gene - rpoH_1 rpoH_2
[21:51:27] Fixed 2 duplicate /gene - tauD_1 tauD_2
[21:51:27] Fixed 2 duplicate /gene - hpsN_1 hpsN_2
[21:51:27] Fixed 4 duplicate /gene - gpuA_1 gpuA_2 gpuA_3 gpuA_4
[21:51:27] Fixed 2 duplicate /gene - dsrF_1 dsrF_2
[21:51:27] Fixed 2 duplicate /gene - rpsL_1 rpsL_2
[21:51:27] Fixed 2 duplicate /gene - murB_1 murB_2
[21:51:27] Fixed 6 duplicate /gene - sucC_1 sucC_2 sucC_3 sucC_4 sucC_5 sucC_6
[21:51:27] Fixed 3 duplicate /gene - ihfB_1 ihfB_2 ihfB_3
[21:51:27] Fixed 4 duplicate /gene - ctaE_1 ctaE_2 ctaE_3 ctaE_4
[21:51:27] Fixed 2 duplicate /gene - rpsO_1 rpsO_2
[21:51:27] Fixed 2 duplicate /gene - eamA_1 eamA_2
[21:51:27] Fixed 2 duplicate /gene - hslR_1 hslR_2
[21:51:27] Fixed 2 duplicate /gene - uup_1 uup_2
[21:51:27] Fixed 2 duplicate /gene - hutU_1 hutU_2
[21:51:27] Fixed 2 duplicate /gene - tpa_1 tpa_2
[21:51:27] Fixed 2 duplicate /gene - gatC_1 gatC_2
[21:51:27] Fixed 3 duplicate /gene - napG_1 napG_2 napG_3
[21:51:27] Fixed 2 duplicate /gene - rimI_1 rimI_2
[21:51:27] Fixed 2 duplicate /gene - dusA_1 dusA_2
[21:51:27] Fixed 2 duplicate /gene - rpoC_1 rpoC_2
[21:51:27] Fixed 3 duplicate /gene - mshA_1 mshA_2 mshA_3
[21:51:27] Fixed 2 duplicate /gene - ubiB_1 ubiB_2
[21:51:27] Fixed 2 duplicate /gene - lolB_1 lolB_2
[21:51:27] Fixed 5 duplicate /gene - dppA_1 dppA_2 dppA_3 dppA_4 dppA_5
[21:51:27] Fixed 2 duplicate /gene - nuoI_1 nuoI_2
[21:51:27] Fixed 2 duplicate /gene - ybeY_1 ybeY_2
[21:51:27] Fixed 2 duplicate /gene - phaA_1 phaA_2
[21:51:27] Fixed 3 duplicate /gene - etfA_1 etfA_2 etfA_3
[21:51:27] Fixed 2 duplicate /gene - mtnA_1 mtnA_2
[21:51:27] Fixed 2 duplicate /gene - mreB_1 mreB_2
[21:51:27] Fixed 2 duplicate /gene - fieF_1 fieF_2
[21:51:27] Fixed 2 duplicate /gene - aaeA_1 aaeA_2
[21:51:27] Fixed 2 duplicate /gene - livK_1 livK_2
[21:51:27] Fixed 2 duplicate /gene - aroF_1 aroF_2
[21:51:27] Fixed 3 duplicate /gene - rplC_1 rplC_2 rplC_3
[21:51:27] Fixed 6 duplicate /gene - hisC_1 hisC_2 hisC_3 hisC_4 hisC_5 hisC_6
[21:51:27] Fixed 2 duplicate /gene - sdhA_1 sdhA_2
[21:51:27] Fixed 3 duplicate /gene - arnC_1 arnC_2 arnC_3
[21:51:27] Fixed 2 duplicate /gene - tig_1 tig_2
[21:51:27] Fixed 2 duplicate /gene - argF_1 argF_2
[21:51:27] Fixed 3 duplicate /gene - aroC_1 aroC_2 aroC_3
[21:51:27] Fixed 2 duplicate /gene - egtE_1 egtE_2
[21:51:27] Fixed 3 duplicate /gene - lcdH_1 lcdH_2 lcdH_3
[21:51:27] Fixed 2 duplicate /gene - rpsM_1 rpsM_2
[21:51:27] Fixed 4 duplicate /gene - rsxB_1 rsxB_2 rsxB_3 rsxB_4
[21:51:27] Fixed 3 duplicate /gene - COQ5_1 COQ5_2 COQ5_3
[21:51:27] Fixed 3 duplicate /gene - atpE_1 atpE_2 atpE_3
[21:51:27] Fixed 2 duplicate /gene - fabZ_1 fabZ_2
[21:51:27] Fixed 7 duplicate /gene - sasA_1 sasA_2 sasA_3 sasA_4 sasA_5 sasA_6 sasA_7
[21:51:27] Fixed 2 duplicate /gene - rsfS_1 rsfS_2
[21:51:27] Fixed 2 duplicate /gene - surA_1 surA_2
[21:51:27] Fixed 2 duplicate /gene - fetB_1 fetB_2
[21:51:27] Fixed 2 duplicate /gene - nudG_1 nudG_2
[21:51:27] Fixed 2 duplicate /gene - bacC_1 bacC_2
[21:51:27] Fixed 2 duplicate /gene - tpm_1 tpm_2
[21:51:27] Fixed 2 duplicate /gene - rdgB_1 rdgB_2
[21:51:27] Fixed 2 duplicate /gene - preA_1 preA_2
[21:51:27] Fixed 2 duplicate /gene - pdxH_1 pdxH_2
[21:51:27] Fixed 5 duplicate /gene - gsiA_1 gsiA_2 gsiA_3 gsiA_4 gsiA_5
[21:51:27] Fixed 2 duplicate /gene - yciB_1 yciB_2
[21:51:27] Fixed 3 duplicate /gene - yidC_1 yidC_2 yidC_3
[21:51:27] Fixed 2 duplicate /gene - nrtB_1 nrtB_2
[21:51:27] Fixed 2 duplicate /gene - gstB_1 gstB_2
[21:51:27] Fixed 2 duplicate /gene - cfxP_1 cfxP_2
[21:51:27] Fixed 2 duplicate /gene - atpH_1 atpH_2
[21:51:27] Fixed 2 duplicate /gene - guaB_1 guaB_2
[21:51:27] Fixed 2 duplicate /gene - occM_1 occM_2
[21:51:27] Fixed 2 duplicate /gene - trpF_1 trpF_2
[21:51:27] Fixed 2 duplicate /gene - htpG_1 htpG_2
[21:51:27] Fixed 2 duplicate /gene - corC_1 corC_2
[21:51:27] Fixed 2 duplicate /gene - iscA_1 iscA_2
[21:51:27] Fixed 2 duplicate /gene - parC_1 parC_2
[21:51:27] Fixed 2 duplicate /gene - dnaE2_1 dnaE2_2
[21:51:27] Fixed 2 duplicate /gene - nusG_1 nusG_2
[21:51:27] Fixed 2 duplicate /gene - nth_1 nth_2
[21:51:27] Fixed 3 duplicate /gene - dksA_1 dksA_2 dksA_3
[21:51:27] Fixed 2 duplicate /gene - dxr_1 dxr_2
[21:51:27] Fixed 2 duplicate /gene - rng_1 rng_2
[21:51:27] Fixed 3 duplicate /gene - hcaE_1 hcaE_2 hcaE_3
[21:51:27] Fixed 2 duplicate /gene - purL_1 purL_2
[21:51:27] Fixed 2 duplicate /gene - mcm_1 mcm_2
[21:51:27] Fixed 2 duplicate /gene - rpsG_1 rpsG_2
[21:51:27] Fixed 2 duplicate /gene - dppB_1 dppB_2
[21:51:27] Fixed 2 duplicate /gene - algC_1 algC_2
[21:51:27] Fixed 2 duplicate /gene - holC_1 holC_2
[21:51:27] Fixed 2 duplicate /gene - ypjD_1 ypjD_2
[21:51:27] Fixed 2 duplicate /gene - yfcG_1 yfcG_2
[21:51:27] Fixed 2 duplicate /gene - leuD_1 leuD_2
[21:51:27] Fixed 2 duplicate /gene - coaBC_1 coaBC_2
[21:51:27] Fixed 2 duplicate /gene - entS_1 entS_2
[21:51:27] Fixed 3 duplicate /gene - cpdA_1 cpdA_2 cpdA_3
[21:51:27] Fixed 2 duplicate /gene - uppP_1 uppP_2
[21:51:27] Fixed 2 duplicate /gene - fabB_1 fabB_2
[21:51:27] Fixed 2 duplicate /gene - bamE_1 bamE_2
[21:51:27] Fixed 2 duplicate /gene - fabA_1 fabA_2
[21:51:27] Fixed 2 duplicate /gene - moaB_1 moaB_2
[21:51:27] Fixed 2 duplicate /gene - pyrD_1 pyrD_2
[21:51:27] Fixed 2 duplicate /gene - prmC_1 prmC_2
[21:51:27] Fixed 2 duplicate /gene - rimP_1 rimP_2
[21:51:27] Fixed 3 duplicate /gene - dmdC_1 dmdC_2 dmdC_3
[21:51:27] Fixed 2 duplicate /gene - surE_1 surE_2
[21:51:27] Fixed 2 duplicate /gene - htpX_1 htpX_2
[21:51:27] Fixed 2 duplicate /gene - lptA_1 lptA_2
[21:51:27] Fixed 2 duplicate /gene - uvrA_1 uvrA_2
[21:51:27] Fixed 2 duplicate /gene - plsX_1 plsX_2
[21:51:27] Fixed 2 duplicate /gene - truB_1 truB_2
[21:51:27] Fixed 2 duplicate /gene - fadA_1 fadA_2
[21:51:27] Fixed 2 duplicate /gene - secY_1 secY_2
[21:51:27] Fixed 2 duplicate /gene - dcd_1 dcd_2
[21:51:27] Fixed 2 duplicate /gene - cbs_1 cbs_2
[21:51:27] Fixed 2 duplicate /gene - rutR_1 rutR_2
[21:51:27] Fixed 2 duplicate /gene - csrA_1 csrA_2
[21:51:27] Fixed 2 duplicate /gene - argB_1 argB_2
[21:51:27] Fixed 3 duplicate /gene - hflK_1 hflK_2 hflK_3
[21:51:27] Fixed 2 duplicate /gene - aroE_1 aroE_2
[21:51:27] Fixed 2 duplicate /gene - udgb_1 udgb_2
[21:51:27] Fixed 2 duplicate /gene - moaD_1 moaD_2
[21:51:27] Fixed 2 duplicate /gene - aruC_1 aruC_2
[21:51:27] Fixed 4 duplicate /gene - tusA_1 tusA_2 tusA_3 tusA_4
[21:51:27] Fixed 2 duplicate /gene - map_1 map_2
[21:51:27] Fixed 3 duplicate /gene - dddP_1 dddP_2 dddP_3
[21:51:27] Fixed 2 duplicate /gene - phnA_1 phnA_2
[21:51:27] Fixed 2 duplicate /gene - rpmE_1 rpmE_2
[21:51:27] Fixed 2 duplicate /gene - potH_1 potH_2
[21:51:27] Fixed 2 duplicate /gene - clpA_1 clpA_2
[21:51:27] Fixed 5 duplicate /gene - purF_1 purF_2 purF_3 purF_4 purF_5
[21:51:27] Fixed 2 duplicate /gene - ftsH_1 ftsH_2
[21:51:27] Fixed 2 duplicate /gene - dsvB_1 dsvB_2
[21:51:27] Fixed 4 duplicate /gene - braC_1 braC_2 braC_3 braC_4
[21:51:27] Fixed 2 duplicate /gene - rluB_1 rluB_2
[21:51:27] Fixed 7 duplicate /gene - btuD_1 btuD_2 btuD_3 btuD_4 btuD_5 btuD_6 btuD_7
[21:51:27] Fixed 3 duplicate /gene - pgsA_1 pgsA_2 pgsA_3
[21:51:27] Fixed 3 duplicate /gene - rplP_1 rplP_2 rplP_3
[21:51:27] Fixed 2 duplicate /gene - phzF_1 phzF_2
[21:51:27] Fixed 2 duplicate /gene - thiK_1 thiK_2
[21:51:27] Fixed 2 duplicate /gene - sufS_1 sufS_2
[21:51:27] Fixed 2 duplicate /gene - lysC_1 lysC_2
[21:51:27] Fixed 2 duplicate /gene - accD_1 accD_2
[21:51:27] Fixed 2 duplicate /gene - kce_1 kce_2
[21:51:27] Fixed 2 duplicate /gene - ychF_1 ychF_2
[21:51:27] Fixed 2 duplicate /gene - xerC_1 xerC_2
[21:51:27] Fixed 3 duplicate /gene - rhlB_1 rhlB_2 rhlB_3
[21:51:27] Fixed 2 duplicate /gene - rpmB_1 rpmB_2
[21:51:27] Fixed 4 duplicate /gene - miaB_1 miaB_2 miaB_3 miaB_4
[21:51:27] Fixed 2 duplicate /gene - proA_1 proA_2
[21:51:27] Fixed 2 duplicate /gene - argS_1 argS_2
[21:51:27] Fixed 3 duplicate /gene - mraZ_1 mraZ_2 mraZ_3
[21:51:27] Fixed 3 duplicate /gene - rplW_1 rplW_2 rplW_3
[21:51:27] Fixed 2 duplicate /gene - glnD_1 glnD_2
[21:51:27] Fixed 2 duplicate /gene - rluC_1 rluC_2
[21:51:27] Fixed 2 duplicate /gene - nuoJ_1 nuoJ_2
[21:51:27] Fixed 2 duplicate /gene - ptsH_1 ptsH_2
[21:51:27] Fixed 3 duplicate /gene - serC_1 serC_2 serC_3
[21:51:27] Fixed 2 duplicate /gene - cugP_1 cugP_2
[21:51:27] Fixed 3 duplicate /gene - iscR_1 iscR_2 iscR_3
[21:51:27] Fixed 4 duplicate /gene - echA8_1 echA8_2 echA8_3 echA8_4
[21:51:27] Fixed 2 duplicate /gene - dapD_1 dapD_2
[21:51:27] Fixed 2 duplicate /gene - ihfA_1 ihfA_2
[21:51:27] Fixed 2 duplicate /gene - hisJ_1 hisJ_2
[21:51:27] Fixed 2 duplicate /gene - apaG_1 apaG_2
[21:51:27] Fixed 2 duplicate /gene - hcnC_1 hcnC_2
[21:51:27] Fixed 2 duplicate /gene - pheA_1 pheA_2
[21:51:27] Fixed 2 duplicate /gene - glnQ_1 glnQ_2
[21:51:27] Fixed 2 duplicate /gene - rplE_1 rplE_2
[21:51:27] Fixed 2 duplicate /gene - rnhA_1 rnhA_2
[21:51:27] Fixed 2 duplicate /gene - ispB_1 ispB_2
[21:51:27] Fixed 2 duplicate /gene - sseB_1 sseB_2
[21:51:27] Fixed 2 duplicate /gene - nlpD_1 nlpD_2
[21:51:27] Fixed 2 duplicate /gene - pobA_1 pobA_2
[21:51:27] Fixed 4 duplicate /gene - pcm_1 pcm_2 pcm_3 pcm_4
[21:51:27] Fixed 4 duplicate /gene - rfaF_1 rfaF_2 rfaF_3 rfaF_4
[21:51:27] Fixed 2 duplicate /gene - infC_1 infC_2
[21:51:27] Fixed 2 duplicate /gene - greA_1 greA_2
[21:51:27] Fixed 2 duplicate /gene - moeA_1 moeA_2
[21:51:27] Fixed 2 duplicate /gene - fusA_1 fusA_2
[21:51:27] Fixed 2 duplicate /gene - hisS_1 hisS_2
[21:51:27] Fixed 2 duplicate /gene - tupA_1 tupA_2
[21:51:27] Fixed 2 duplicate /gene - rsmI_1 rsmI_2
[21:51:27] Fixed 3 duplicate /gene - aguA_1 aguA_2 aguA_3
[21:51:27] Fixed 2 duplicate /gene - uvrB_1 uvrB_2
[21:51:27] Fixed 2 duplicate /gene - rhdA_1 rhdA_2
[21:51:27] Fixed 11 duplicate /gene - fabG_1 fabG_2 fabG_3 fabG_4 fabG_5 fabG_6 fabG_7 fabG_8 fabG_9 fabG_10 fabG_11
[21:51:27] Fixed 2 duplicate /gene - cc4_1 cc4_2
[21:51:27] Fixed 2 duplicate /gene - gloA_1 gloA_2
[21:51:27] Fixed 2 duplicate /gene - lpxL_1 lpxL_2
[21:51:27] Fixed 2 duplicate /gene - ccoP2_1 ccoP2_2
[21:51:27] Fixed 3 duplicate /gene - ftsA_1 ftsA_2 ftsA_3
[21:51:27] Fixed 2 duplicate /gene - rnc_1 rnc_2
[21:51:27] Fixed 3 duplicate /gene - ltaE_1 ltaE_2 ltaE_3
[21:51:27] Fixed 2 duplicate /gene - dsbC_1 dsbC_2
[21:51:27] Fixed 2 duplicate /gene - ilvG_1 ilvG_2
[21:51:27] Fixed 13 duplicate /gene - mtgB_1 mtgB_2 mtgB_3 mtgB_4 mtgB_5 mtgB_6 mtgB_7 mtgB_8 mtgB_9 mtgB_10 mtgB_11 mtgB_12 mtgB_13
[21:51:27] Fixed 2 duplicate /gene - crp_1 crp_2
[21:51:27] Fixed 3 duplicate /gene - atpF_1 atpF_2 atpF_3
[21:51:27] Fixed 2 duplicate /gene - pccB_1 pccB_2
[21:51:27] Fixed 2 duplicate /gene - ruvA_1 ruvA_2
[21:51:27] Fixed 2 duplicate /gene - glcB_1 glcB_2
[21:51:27] Fixed 2 duplicate /gene - ilvH_1 ilvH_2
[21:51:27] Fixed 2 duplicate /gene - purC_1 purC_2
[21:51:27] Fixed 2 duplicate /gene - occP_1 occP_2
[21:51:27] Fixed 2 duplicate /gene - ruvC_1 ruvC_2
[21:51:27] Fixed 2 duplicate /gene - smc_1 smc_2
[21:51:27] Fixed 2 duplicate /gene - infB_1 infB_2
[21:51:27] Fixed 8 duplicate /gene - ydcV_1 ydcV_2 ydcV_3 ydcV_4 ydcV_5 ydcV_6 ydcV_7 ydcV_8
[21:51:27] Fixed 3 duplicate /gene - tsaC1_1 tsaC1_2 tsaC1_3
[21:51:27] Fixed 3 duplicate /gene - hflC_1 hflC_2 hflC_3
[21:51:27] Fixed 2 duplicate /gene - apeB_1 apeB_2
[21:51:27] Fixed 2 duplicate /gene - COQ3_1 COQ3_2
[21:51:27] Fixed 2 duplicate /gene - rbfA_1 rbfA_2
[21:51:27] Fixed 3 duplicate /gene - pilE_1 pilE_2 pilE_3
[21:51:27] Fixed 2 duplicate /gene - hpbD_1 hpbD_2
[21:51:27] Fixed 3 duplicate /gene - miaA_1 miaA_2 miaA_3
[21:51:27] Fixed 2 duplicate /gene - cbbL1_1 cbbL1_2
[21:51:27] Fixed 4 duplicate /gene - adk_1 adk_2 adk_3 adk_4
[21:51:27] Fixed 2 duplicate /gene - pdxJ_1 pdxJ_2
[21:51:27] Fixed 2 duplicate /gene - argJ_1 argJ_2
[21:51:27] Fixed 2 duplicate /gene - recC_1 recC_2
[21:51:27] Fixed 2 duplicate /gene - lpoA_1 lpoA_2
[21:51:27] Fixed 2 duplicate /gene - hslU_1 hslU_2
[21:51:27] Fixed 2 duplicate /gene - acs_1 acs_2
[21:51:27] Fixed 2 duplicate /gene - rplA_1 rplA_2
[21:51:27] Fixed 3 duplicate /gene - cysK_1 cysK_2 cysK_3
[21:51:27] Fixed 3 duplicate /gene - trmD_1 trmD_2 trmD_3
[21:51:27] Fixed 2 duplicate /gene - ptsI_1 ptsI_2
[21:51:27] Fixed 2 duplicate /gene - thiQ_1 thiQ_2
[21:51:27] Fixed 2 duplicate /gene - narL_1 narL_2
[21:51:27] Fixed 4 duplicate /gene - leuB_1 leuB_2 leuB_3 leuB_4
[21:51:27] Fixed 2 duplicate /gene - ispH_1 ispH_2
[21:51:27] Fixed 2 duplicate /gene - argC_1 argC_2
[21:51:27] Fixed 2 duplicate /gene - msrB_1 msrB_2
[21:51:27] Fixed 2 duplicate /gene - acpP_1 acpP_2
[21:51:27] Fixed 3 duplicate /gene - hdl IVa_1 hdl IVa_2 hdl IVa_3
[21:51:27] Fixed 2 duplicate /gene - yhdE_1 yhdE_2
[21:51:27] Fixed 2 duplicate /gene - mutY_1 mutY_2
[21:51:27] Fixed 3 duplicate /gene - tusE_1 tusE_2 tusE_3
[21:51:27] Fixed 2 duplicate /gene - ctaA_1 ctaA_2
[21:51:27] Fixed 2 duplicate /gene - hemN_1 hemN_2
[21:51:27] Fixed 2 duplicate /gene - dapF_1 dapF_2
[21:51:27] Fixed 2 duplicate /gene - ilvD_1 ilvD_2
[21:51:27] Fixed 2 duplicate /gene - nadE_1 nadE_2
[21:51:27] Fixed 2 duplicate /gene - folP_1 folP_2
[21:51:27] Fixed 3 duplicate /gene - hfq_1 hfq_2 hfq_3
[21:51:27] Fixed 2 duplicate /gene - fabF_1 fabF_2
[21:51:27] Fixed 2 duplicate /gene - mupP_1 mupP_2
[21:51:27] Fixed 2 duplicate /gene - rplY_1 rplY_2
[21:51:27] Fixed 4 duplicate /gene - napA_1 napA_2 napA_3 napA_4
[21:51:27] Fixed 3 duplicate /gene - rplK_1 rplK_2 rplK_3
[21:51:27] Fixed 6 duplicate /gene - abo_1 abo_2 abo_3 abo_4 abo_5 abo_6
[21:51:27] Fixed 3 duplicate /gene - tyrC_1 tyrC_2 tyrC_3
[21:51:27] Fixed 3 duplicate /gene - queG_1 queG_2 queG_3
[21:51:27] Fixed 3 duplicate /gene - etfB_1 etfB_2 etfB_3
[21:51:27] Fixed 2 duplicate /gene - tusB_1 tusB_2
[21:51:27] Fixed 2 duplicate /gene - hemH_1 hemH_2
[21:51:27] Fixed 2 duplicate /gene - ubiK_1 ubiK_2
[21:51:27] Fixed 2 duplicate /gene - ligA_1 ligA_2
[21:51:27] Fixed 2 duplicate /gene - mdeA_1 mdeA_2
[21:51:27] Fixed 2 duplicate /gene - recB_1 recB_2
[21:51:27] Fixed 2 duplicate /gene - kdsD_1 kdsD_2
[21:51:27] Fixed 2 duplicate /gene - esiB_1 esiB_2
[21:51:27] Fixed 2 duplicate /gene - trpA_1 trpA_2
[21:51:27] Fixed 3 duplicate /gene - stcD_1 stcD_2 stcD_3
[21:51:27] Fixed 2 duplicate /gene - tilS_1 tilS_2
[21:51:27] Fixed 2 duplicate /gene - acuI_1 acuI_2
[21:51:27] Fixed 2 duplicate /gene - pheS_1 pheS_2
[21:51:27] Fixed 2 duplicate /gene - lnrL_1 lnrL_2
[21:51:27] Fixed 2 duplicate /gene - mlaC_1 mlaC_2
[21:51:27] Fixed 3 duplicate /gene - oppF_1 oppF_2 oppF_3
[21:51:27] Fixed 3 duplicate /gene - leuC_1 leuC_2 leuC_3
[21:51:27] Fixed 2 duplicate /gene - glbN_1 glbN_2
[21:51:27] Fixed 4 duplicate /gene - folK_1 folK_2 folK_3 folK_4
[21:51:27] Fixed 2 duplicate /gene - cspV_1 cspV_2
[21:51:27] Fixed 2 duplicate /gene - nuoD_1 nuoD_2
[21:51:27] Fixed 2 duplicate /gene - prfC_1 prfC_2
[21:51:27] Fixed 2 duplicate /gene - ilvK_1 ilvK_2
[21:51:27] Fixed 3 duplicate /gene - nnr_1 nnr_2 nnr_3
[21:51:27] Fixed 2 duplicate /gene - aphA_1 aphA_2
[21:51:27] Fixed 2 duplicate /gene - trpD_1 trpD_2
[21:51:27] Fixed 2 duplicate /gene - rplO_1 rplO_2
[21:51:27] Fixed 2 duplicate /gene - rbsA_1 rbsA_2
[21:51:27] Fixed 3 duplicate /gene - yfdE_1 yfdE_2 yfdE_3
[21:51:27] Fixed 2 duplicate /gene - exbD_1 exbD_2
[21:51:27] Fixed 2 duplicate /gene - lptE_1 lptE_2
[21:51:27] Fixed 2 duplicate /gene - der_1 der_2
[21:51:27] Fixed 2 duplicate /gene - alaS_1 alaS_2
[21:51:27] Fixed 2 duplicate /gene - sufC_1 sufC_2
[21:51:27] Fixed 2 duplicate /gene - menE_1 menE_2
[21:51:27] Fixed 2 duplicate /gene - nadR_1 nadR_2
[21:51:27] Fixed 2 duplicate /gene - ptsN_1 ptsN_2
[21:51:27] Fixed 2 duplicate /gene - tgnD_1 tgnD_2
[21:51:27] Fixed 2 duplicate /gene - ilvI_1 ilvI_2
[21:51:27] Fixed 2 duplicate /gene - accA_1 accA_2
[21:51:27] Fixed 2 duplicate /gene - tatB_1 tatB_2
[21:51:27] Fixed 2 duplicate /gene - rnr_1 rnr_2
[21:51:27] Fixed 6 duplicate /gene - soxA_1 soxA_2 soxA_3 soxA_4 soxA_5 soxA_6
[21:51:27] Fixed 3 duplicate /gene - xerD_1 xerD_2 xerD_3
[21:51:27] Fixed 3 duplicate /gene - gbuA_1 gbuA_2 gbuA_3
[21:51:27] Fixed 4 duplicate /gene - gltA_1 gltA_2 gltA_3 gltA_4
[21:51:27] Fixed 2 duplicate /gene - garB_1 garB_2
[21:51:27] Fixed 2 duplicate /gene - dsrE2_1 dsrE2_2
[21:51:27] Fixed 2 duplicate /gene - gshA_1 gshA_2
[21:51:27] Fixed 3 duplicate /gene - aroA_1 aroA_2 aroA_3
[21:51:27] Fixed 2 duplicate /gene - Hgd_1 Hgd_2
[21:51:27] Fixed 2 duplicate /gene - cntI_1 cntI_2
[21:51:27] Fixed 2 duplicate /gene - puuA_1 puuA_2
[21:51:27] Fixed 4 duplicate /gene - argE_1 argE_2 argE_3 argE_4
[21:51:27] Fixed 2 duplicate /gene - tsaC_1 tsaC_2
[21:51:27] Fixed 2 duplicate /gene - djlA_1 djlA_2
[21:51:27] Fixed 3 duplicate /gene - gyrA_1 gyrA_2 gyrA_3
[21:51:27] Fixed 4 duplicate /gene - dadA1_1 dadA1_2 dadA1_3 dadA1_4
[21:51:27] Fixed 8 duplicate /gene - potA_1 potA_2 potA_3 potA_4 potA_5 potA_6 potA_7 potA_8
[21:51:27] Fixed 3 duplicate /gene - rplV_1 rplV_2 rplV_3
[21:51:27] Fixed 2 duplicate /gene - yfiH_1 yfiH_2
[21:51:27] Fixed 4 duplicate /gene - ilvE_1 ilvE_2 ilvE_3 ilvE_4
[21:51:27] Fixed 2 duplicate /gene - sucA_1 sucA_2
[21:51:27] Fixed 2 duplicate /gene - glyA_1 glyA_2
[21:51:27] Fixed 2 duplicate /gene - cdsA_1 cdsA_2
[21:51:27] Fixed 2 duplicate /gene - nadB_1 nadB_2
[21:51:27] Fixed 6 duplicate /gene - erpA_1 erpA_2 erpA_3 erpA_4 erpA_5 erpA_6
[21:51:27] Fixed 3 duplicate /gene - rpsC_1 rpsC_2 rpsC_3
[21:51:27] Fixed 2 duplicate /gene - clpX_1 clpX_2
[21:51:27] Fixed 2 duplicate /gene - recO_1 recO_2
[21:51:27] Fixed 2 duplicate /gene - rplX_1 rplX_2
[21:51:27] Fixed 2 duplicate /gene - garP_1 garP_2
[21:51:27] Fixed 2 duplicate /gene - hutI_1 hutI_2
[21:51:27] Fixed 3 duplicate /gene - bcp_1 bcp_2 bcp_3
[21:51:27] Fixed 3 duplicate /gene - cfa_1 cfa_2 cfa_3
[21:51:27] Fixed 2 duplicate /gene - ftsB_1 ftsB_2
[21:51:27] Fixed 2 duplicate /gene - dapE_1 dapE_2
[21:51:27] Fixed 3 duplicate /gene - gatB_1 gatB_2 gatB_3
[21:51:27] Fixed 2 duplicate /gene - rseP_1 rseP_2
[21:51:27] Fixed 2 duplicate /gene - ctaB_1 ctaB_2
[21:51:27] Fixed 3 duplicate /gene - aceA_1 aceA_2 aceA_3
[21:51:27] Fixed 2 duplicate /gene - ftsZ_1 ftsZ_2
[21:51:27] Fixed 2 duplicate /gene - yhdY_1 yhdY_2
[21:51:27] Fixed 2 duplicate /gene - magA_1 magA_2
[21:51:27] Fixed 4 duplicate /gene - yabJ_1 yabJ_2 yabJ_3 yabJ_4
[21:51:27] Fixed 2 duplicate /gene - rlmB_1 rlmB_2
[21:51:27] Fixed 2 duplicate /gene - dsrE_1 dsrE_2
[21:51:27] Fixed 4 duplicate /gene - purD_1 purD_2 purD_3 purD_4
[21:51:27] Fixed 2 duplicate /gene - efe_1 efe_2
[21:51:27] Fixed 2 duplicate /gene - lepB_1 lepB_2
[21:51:27] Fixed 2 duplicate /gene - rluD_1 rluD_2
[21:51:27] Fixed 2 duplicate /gene - soxG_1 soxG_2
[21:51:27] Fixed 2 duplicate /gene - cnoX_1 cnoX_2
[21:51:27] Fixed 2 duplicate /gene - betC_1 betC_2
[21:51:27] Fixed 3 duplicate /gene - rsmG_1 rsmG_2 rsmG_3
[21:51:27] Fixed 3 duplicate /gene - dnaA_1 dnaA_2 dnaA_3
[21:51:27] Fixed 2 duplicate /gene - birA_1 birA_2
[21:51:27] Fixed 3 duplicate /gene - ffh_1 ffh_2 ffh_3
[21:51:27] Fixed 2 duplicate /gene - phaC_1 phaC_2
[21:51:27] Fixed 3 duplicate /gene - leuA_1 leuA_2 leuA_3
[21:51:27] Fixed 2 duplicate /gene - nadK_1 nadK_2
[21:51:27] Fixed 5 duplicate /gene - yeaW_1 yeaW_2 yeaW_3 yeaW_4 yeaW_5
[21:51:27] Fixed 2 duplicate /gene - cooF_1 cooF_2
[21:51:27] Fixed 2 duplicate /gene - pepA_1 pepA_2
[21:51:27] Fixed 2 duplicate /gene - garR_1 garR_2
[21:51:27] Fixed 2 duplicate /gene - ribH_1 ribH_2
[21:51:27] Fixed 2 duplicate /gene - gci_1 gci_2
[21:51:27] Fixed 2 duplicate /gene - lepA_1 lepA_2
[21:51:27] Fixed 2 duplicate /gene - avtA_1 avtA_2
[21:51:27] Fixed 2 duplicate /gene - dnaE_1 dnaE_2
[21:51:27] Fixed 2 duplicate /gene - phnY_1 phnY_2
[21:51:27] Fixed 3 duplicate /gene - mnmE_1 mnmE_2 mnmE_3
[21:51:27] Fixed 2 duplicate /gene - rfnT_1 rfnT_2
[21:51:27] Fixed 2 duplicate /gene - scpA_1 scpA_2
[21:51:27] Fixed 4 duplicate /gene - puuB_1 puuB_2 puuB_3 puuB_4
[21:51:27] Fixed 2 duplicate /gene - ilvC_1 ilvC_2
[21:51:27] Fixed 2 duplicate /gene - purN_1 purN_2
[21:51:27] Fixed 2 duplicate /gene - dnaN_1 dnaN_2
[21:51:27] Fixed 2 duplicate /gene - folE2_1 folE2_2
[21:51:27] Fixed 2 duplicate /gene - groS_1 groS_2
[21:51:27] Fixed 2 duplicate /gene - apt_1 apt_2
[21:51:27] Fixed 4 duplicate /gene - dmdA_1 dmdA_2 dmdA_3 dmdA_4
[21:51:27] Fixed 2 duplicate /gene - rpmA_1 rpmA_2
[21:51:27] Fixed 2 duplicate /gene - ybaB_1 ybaB_2
[21:51:27] Fixed 2 duplicate /gene - gluQ_1 gluQ_2
[21:51:27] Fixed 2 duplicate /gene - rplT_1 rplT_2
[21:51:27] Fixed 2 duplicate /gene - ygdG_1 ygdG_2
[21:51:27] Fixed 2 duplicate /gene - panB_1 panB_2
[21:51:27] Fixed 2 duplicate /gene - rlmE_1 rlmE_2
[21:51:27] Fixed 2 duplicate /gene - murG_1 murG_2
[21:51:27] Fixed 2 duplicate /gene - ppc_1 ppc_2
[21:51:27] Fixed 2 duplicate /gene - hldE_1 hldE_2
[21:51:27] Fixed 3 duplicate /gene - resA_1 resA_2 resA_3
[21:51:27] Fixed 2 duplicate /gene - amtB_1 amtB_2
[21:51:27] Fixed 2 duplicate /gene - ttcA_1 ttcA_2
[21:51:27] Fixed 2 duplicate /gene - bamA_1 bamA_2
[21:51:27] Fixed 2 duplicate /gene - sulA_1 sulA_2
[21:51:27] Fixed 3 duplicate /gene - hutH_1 hutH_2 hutH_3
[21:51:27] Fixed 4 duplicate /gene - nudL_1 nudL_2 nudL_3 nudL_4
[21:51:27] Fixed 3 duplicate /gene - tolQ_1 tolQ_2 tolQ_3
[21:51:27] Fixed 2 duplicate /gene - ycgL_1 ycgL_2
[21:51:27] Fixed 8 duplicate /gene - gsiC_1 gsiC_2 gsiC_3 gsiC_4 gsiC_5 gsiC_6 gsiC_7 gsiC_8
[21:51:27] Fixed 3 duplicate /gene - aspS_1 aspS_2 aspS_3
[21:51:27] Fixed 2 duplicate /gene - lpxA_1 lpxA_2
[21:51:27] Fixed 2 duplicate /gene - glnE_1 glnE_2
[21:51:27] Fixed 2 duplicate /gene - rplF_1 rplF_2
[21:51:27] Fixed 4 duplicate /gene - glnA_1 glnA_2 glnA_3 glnA_4
[21:51:27] Fixed 10 duplicate /gene - livF_1 livF_2 livF_3 livF_4 livF_5 livF_6 livF_7 livF_8 livF_9 livF_10
[21:51:27] Fixed 2 duplicate /gene - dsbA_1 dsbA_2
[21:51:27] Fixed 2 duplicate /gene - ybeZ_1 ybeZ_2
[21:51:27] Fixed 2 duplicate /gene - aroK_1 aroK_2
[21:51:27] Fixed 2 duplicate /gene - fabI_1 fabI_2
[21:51:27] Fixed 2 duplicate /gene - petC_1 petC_2
[21:51:27] Fixed 2 duplicate /gene - epi_1 epi_2
[21:51:27] Fixed 4 duplicate /gene - acsA_1 acsA_2 acsA_3 acsA_4
[21:51:27] Fixed 2 duplicate /gene - purB_1 purB_2
[21:51:27] Fixed 2 duplicate /gene - cuyA_1 cuyA_2
[21:51:27] Fixed 2 duplicate /gene - nadD_1 nadD_2
[21:51:27] Fixed 2 duplicate /gene - sspA_1 sspA_2
[21:51:27] Fixed 2 duplicate /gene - norM_1 norM_2
[21:51:27] Fixed 2 duplicate /gene - lptC_1 lptC_2
[21:51:27] Fixed 2 duplicate /gene - gloB_1 gloB_2
[21:51:27] Fixed 3 duplicate /gene - tsaE_1 tsaE_2 tsaE_3
[21:51:27] Fixed 3 duplicate /gene - lutA_1 lutA_2 lutA_3
[21:51:27] Fixed 2 duplicate /gene - tesA_1 tesA_2
[21:51:27] Fixed 2 duplicate /gene - hom_1 hom_2
[21:51:27] Fixed 5 duplicate /gene - bepA_1 bepA_2 bepA_3 bepA_4 bepA_5
[21:51:27] Fixed 2 duplicate /gene - lcfB_1 lcfB_2
[21:51:27] Fixed 2 duplicate /gene - hemL_1 hemL_2
[21:51:27] Fixed 2 duplicate /gene - ccmE_1 ccmE_2
[21:51:27] Fixed 2 duplicate /gene - argA_1 argA_2
[21:51:27] Fixed 2 duplicate /gene - novR_1 novR_2
[21:51:27] Fixed 2 duplicate /gene - nsaD_1 nsaD_2
[21:51:27] Fixed 2 duplicate /gene - ssb_1 ssb_2
[21:51:27] Fixed 2 duplicate /gene - rplU_1 rplU_2
[21:51:27] Fixed 2 duplicate /gene - frc_1 frc_2
[21:51:27] Fixed 9 duplicate /gene - spuC_1 spuC_2 spuC_3 spuC_4 spuC_5 spuC_6 spuC_7 spuC_8 spuC_9
[21:51:27] Fixed 2 duplicate /gene - sufB_1 sufB_2
[21:51:27] Fixed 2 duplicate /gene - rapZ_1 rapZ_2
[21:51:27] Fixed 2 duplicate /gene - lutC_1 lutC_2
[21:51:27] Fixed 2 duplicate /gene - clpP_1 clpP_2
[21:51:27] Fixed 2 duplicate /gene - tmk_1 tmk_2
[21:51:27] Fixed 2 duplicate /gene - anmK_1 anmK_2
[21:51:27] Fixed 2 duplicate /gene - rpsH_1 rpsH_2
[21:51:27] Fixed 2 duplicate /gene - pdhR_1 pdhR_2
[21:51:27] Fixed 2 duplicate /gene - ubiJ_1 ubiJ_2
[21:51:27] Fixed 2 duplicate /gene - ubiG_1 ubiG_2
[21:51:27] Fixed 2 duplicate /gene - tatC_1 tatC_2
[21:51:27] Fixed 2 duplicate /gene - lysA_1 lysA_2
[21:51:27] Fixed 2 duplicate /gene - pyrC_1 pyrC_2
[21:51:27] Fixed 4 duplicate /gene - ribN_1 ribN_2 ribN_3 ribN_4
[21:51:27] Fixed 2 duplicate /gene - pyrG_1 pyrG_2
[21:51:27] Fixed 2 duplicate /gene - coaX_1 coaX_2
[21:51:27] Fixed 2 duplicate /gene - hemF_1 hemF_2
[21:51:27] Fixed 2 duplicate /gene - glnK_1 glnK_2
[21:51:27] Fixed 3 duplicate /gene - amiC_1 amiC_2 amiC_3
[21:51:27] Fixed 2 duplicate /gene - holA_1 holA_2
[21:51:27] Fixed 2 duplicate /gene - nuoH_1 nuoH_2
[21:51:27] Fixed 2 duplicate /gene - gyrB_1 gyrB_2
[21:51:27] Fixed 2 duplicate /gene - smpB_1 smpB_2
[21:51:27] Fixed 2 duplicate /gene - uvrC_1 uvrC_2
[21:51:27] Fixed 2 duplicate /gene - tpiA_1 tpiA_2
[21:51:27] Fixed 2 duplicate /gene - tgt_1 tgt_2
[21:51:27] Fixed 2 duplicate /gene - ispU_1 ispU_2
[21:51:27] Fixed 3 duplicate /gene - rplS_1 rplS_2 rplS_3
[21:51:27] Fixed 3 duplicate /gene - pcnB_1 pcnB_2 pcnB_3
[21:51:27] Fixed 2 duplicate /gene - rlmH_1 rlmH_2
[21:51:27] Fixed 2 duplicate /gene - mpl_1 mpl_2
[21:51:27] Fixed 2 duplicate /gene - liuE_1 liuE_2
[21:51:27] Fixed 2 duplicate /gene - zraR_1 zraR_2
[21:51:27] Fixed 6 duplicate /gene - potB_1 potB_2 potB_3 potB_4 potB_5 potB_6
[21:51:27] Fixed 2 duplicate /gene - metZ_1 metZ_2
[21:51:27] Fixed 2 duplicate /gene - hutZ_1 hutZ_2
[21:51:27] Fixed 2 duplicate /gene - gph_1 gph_2
[21:51:27] Fixed 6 duplicate /gene - soxB_1 soxB_2 soxB_3 soxB_4 soxB_5 soxB_6
[21:51:27] Fixed 2 duplicate /gene - pyrH_1 pyrH_2
[21:51:27] Fixed 2 duplicate /gene - psd_1 psd_2
[21:51:27] Fixed 3 duplicate /gene - lolD_1 lolD_2 lolD_3
[21:51:27] Fixed 4 duplicate /gene - def_1 def_2 def_3 def_4
[21:51:27] Fixed 4 duplicate /gene - dadA_1 dadA_2 dadA_3 dadA_4
[21:51:27] Fixed 2 duplicate /gene - sdhB_1 sdhB_2
[21:51:27] Fixed 2 duplicate /gene - hisQ_1 hisQ_2
[21:51:27] Fixed 2 duplicate /gene - rspR_1 rspR_2
[21:51:27] Fixed 2 duplicate /gene - anr_1 anr_2
[21:51:27] Fixed 3 duplicate /gene - ruvB_1 ruvB_2 ruvB_3
[21:51:27] Fixed 2 duplicate /gene - ccmB_1 ccmB_2
[21:51:27] Fixed 2 duplicate /gene - ndhJ_1 ndhJ_2
[21:51:27] Fixed 2 duplicate /gene - cynR_1 cynR_2
[21:51:27] Fixed 2 duplicate /gene - hppA_1 hppA_2
[21:51:27] Fixed 3 duplicate /gene - soxD_1 soxD_2 soxD_3
[21:51:27] Fixed 2 duplicate /gene - ycfH_1 ycfH_2
[21:51:27] Fixed 2 duplicate /gene - thiB_1 thiB_2
[21:51:27] Fixed 2 duplicate /gene - grpE_1 grpE_2
[21:51:27] Fixed 2 duplicate /gene - sgrR_1 sgrR_2
[21:51:27] Fixed 2 duplicate /gene - cysQ_1 cysQ_2
[21:51:27] Fixed 2 duplicate /gene - torD_1 torD_2
[21:51:27] Fixed 10 duplicate /gene - lptB_1 lptB_2 lptB_3 lptB_4 lptB_5 lptB_6 lptB_7 lptB_8 lptB_9 lptB_10
[21:51:27] Fixed 2 duplicate /gene - infA_1 infA_2
[21:51:27] Fixed 2 duplicate /gene - secD_1 secD_2
[21:51:27] Fixed 2 duplicate /gene - lysY_1 lysY_2
[21:51:27] Fixed 2 duplicate /gene - lpdG_1 lpdG_2
[21:51:27] Fixed 3 duplicate /gene - cysG_1 cysG_2 cysG_3
[21:51:27] Fixed 2 duplicate /gene - recR_1 recR_2
[21:51:27] Fixed 2 duplicate /gene - pfp_1 pfp_2
[21:51:27] Fixed 3 duplicate /gene - nudC_1 nudC_2 nudC_3
[21:51:27] Fixed 3 duplicate /gene - mdtC_1 mdtC_2 mdtC_3
[21:51:27] Fixed 2 duplicate /gene - cbbS1_1 cbbS1_2
[21:51:27] Fixed 2 duplicate /gene - hbd_1 hbd_2
[21:51:27] Fixed 2 duplicate /gene - fabH1_1 fabH1_2
[21:51:27] Fixed 2 duplicate /gene - smrA_1 smrA_2
[21:51:27] Fixed 8 duplicate /gene - gcvT_1 gcvT_2 gcvT_3 gcvT_4 gcvT_5 gcvT_6 gcvT_7 gcvT_8
[21:51:27] Fixed 2 duplicate /gene - aceK_1 aceK_2
[21:51:27] Fixed 2 duplicate /gene - hemB_1 hemB_2
[21:51:27] Fixed 2 duplicate /gene - argG_1 argG_2
[21:51:27] Fixed 2 duplicate /gene - tupB_1 tupB_2
[21:51:27] Fixed 3 duplicate /gene - purA_1 purA_2 purA_3
[21:51:27] Fixed 2 duplicate /gene - rpoB_1 rpoB_2
[21:51:27] Fixed 2 duplicate /gene - nuoK_1 nuoK_2
[21:51:27] Fixed 3 duplicate /gene - metC_1 metC_2 metC_3
[21:51:27] Fixed 3 duplicate /gene - orn_1 orn_2 orn_3
[21:51:27] Fixed 2 duplicate /gene - codA_1 codA_2
[21:51:27] Fixed 2 duplicate /gene - xseA_1 xseA_2
[21:51:27] Fixed 2 duplicate /gene - clpB_1 clpB_2
[21:51:27] Fixed 4 duplicate /gene - fmt_1 fmt_2 fmt_3 fmt_4
[21:51:27] Fixed 2 duplicate /gene - trmJ_1 trmJ_2
[21:51:27] Fixed 2 duplicate /gene - phnW_1 phnW_2
[21:51:27] Fixed 2 duplicate /gene - hflD_1 hflD_2
[21:51:27] Fixed 3 duplicate /gene - rplB_1 rplB_2 rplB_3
[21:51:27] Fixed 2 duplicate /gene - pnp_1 pnp_2
[21:51:27] Fixed 2 duplicate /gene - tas_1 tas_2
[21:51:27] Fixed 685 colliding /gene names.
[21:51:27] Adding /locus_tag identifiers
[21:51:27] Assigned 4056 locus_tags to CDS and RNA features.
[21:51:27] Writing outputs to /home/vinglis/genome_analysis/GenomeAnalysis/analysis/04_annotation/D3_prokka_output/bin.13.fa_prokka_out/
[21:51:30] Generating annotation statistics file
[21:51:30] Generating Genbank and Sequin files
[21:51:30] Running: tbl2asn -V b -a r10k -l paired-ends -M n -N 1 -y 'Annotated using prokka 1.14.6 from https://github.com/tseemann/prokka' -Z \/home\/vinglis\/genome_analysis\/GenomeAnalysis\/analysis\/04_annotation\/D3_prokka_output\/bin\.13\.fa_prokka_out\/PROKKA_05232021\.err -i \/home\/vinglis\/genome_analysis\/GenomeAnalysis\/analysis\/04_annotation\/D3_prokka_output\/bin\.13\.fa_prokka_out\/PROKKA_05232021\.fsa 2> /dev/null
[21:51:39] Deleting unwanted file: /home/vinglis/genome_analysis/GenomeAnalysis/analysis/04_annotation/D3_prokka_output/bin.13.fa_prokka_out/errorsummary.val
[21:51:39] Deleting unwanted file: /home/vinglis/genome_analysis/GenomeAnalysis/analysis/04_annotation/D3_prokka_output/bin.13.fa_prokka_out/PROKKA_05232021.dr
[21:51:39] Deleting unwanted file: /home/vinglis/genome_analysis/GenomeAnalysis/analysis/04_annotation/D3_prokka_output/bin.13.fa_prokka_out/PROKKA_05232021.fixedproducts
[21:51:39] Deleting unwanted file: /home/vinglis/genome_analysis/GenomeAnalysis/analysis/04_annotation/D3_prokka_output/bin.13.fa_prokka_out/PROKKA_05232021.ecn
[21:51:39] Deleting unwanted file: /home/vinglis/genome_analysis/GenomeAnalysis/analysis/04_annotation/D3_prokka_output/bin.13.fa_prokka_out/PROKKA_05232021.val
[21:51:39] Repairing broken .GBK output that tbl2asn produces...
[21:51:39] Running: sed 's/COORDINATES: profile/COORDINATES:profile/' < \/home\/vinglis\/genome_analysis\/GenomeAnalysis\/analysis\/04_annotation\/D3_prokka_output\/bin\.13\.fa_prokka_out\/PROKKA_05232021\.gbf > \/home\/vinglis\/genome_analysis\/GenomeAnalysis\/analysis\/04_annotation\/D3_prokka_output\/bin\.13\.fa_prokka_out\/PROKKA_05232021\.gbk
[21:51:40] Deleting unwanted file: /home/vinglis/genome_analysis/GenomeAnalysis/analysis/04_annotation/D3_prokka_output/bin.13.fa_prokka_out/PROKKA_05232021.gbf
[21:51:40] Output files:
[21:51:40] /home/vinglis/genome_analysis/GenomeAnalysis/analysis/04_annotation/D3_prokka_output/bin.13.fa_prokka_out/PROKKA_05232021.log
[21:51:40] /home/vinglis/genome_analysis/GenomeAnalysis/analysis/04_annotation/D3_prokka_output/bin.13.fa_prokka_out/PROKKA_05232021.fna
[21:51:40] /home/vinglis/genome_analysis/GenomeAnalysis/analysis/04_annotation/D3_prokka_output/bin.13.fa_prokka_out/PROKKA_05232021.gff
[21:51:40] /home/vinglis/genome_analysis/GenomeAnalysis/analysis/04_annotation/D3_prokka_output/bin.13.fa_prokka_out/PROKKA_05232021.faa
[21:51:40] /home/vinglis/genome_analysis/GenomeAnalysis/analysis/04_annotation/D3_prokka_output/bin.13.fa_prokka_out/PROKKA_05232021.ffn
[21:51:40] /home/vinglis/genome_analysis/GenomeAnalysis/analysis/04_annotation/D3_prokka_output/bin.13.fa_prokka_out/PROKKA_05232021.tbl
[21:51:40] /home/vinglis/genome_analysis/GenomeAnalysis/analysis/04_annotation/D3_prokka_output/bin.13.fa_prokka_out/PROKKA_05232021.fsa
[21:51:40] /home/vinglis/genome_analysis/GenomeAnalysis/analysis/04_annotation/D3_prokka_output/bin.13.fa_prokka_out/PROKKA_05232021.tsv
[21:51:40] /home/vinglis/genome_analysis/GenomeAnalysis/analysis/04_annotation/D3_prokka_output/bin.13.fa_prokka_out/PROKKA_05232021.txt
[21:51:40] /home/vinglis/genome_analysis/GenomeAnalysis/analysis/04_annotation/D3_prokka_output/bin.13.fa_prokka_out/PROKKA_05232021.gbk
[21:51:40] /home/vinglis/genome_analysis/GenomeAnalysis/analysis/04_annotation/D3_prokka_output/bin.13.fa_prokka_out/PROKKA_05232021.sqn
[21:51:40] /home/vinglis/genome_analysis/GenomeAnalysis/analysis/04_annotation/D3_prokka_output/bin.13.fa_prokka_out/PROKKA_05232021.err
[21:51:40] Annotation finished successfully.
[21:51:40] Walltime used: 13.67 minutes
[21:51:40] If you use this result please cite the Prokka paper:
[21:51:40] Seemann T (2014) Prokka: rapid prokaryotic genome annotation. Bioinformatics. 30(14):2068-9.
[21:51:40] Type 'prokka --citation' for more details.
[21:51:40] Thank you, come again.
