[20:40:56] This is prokka 1.14.6
[20:40:56] Written by Torsten Seemann <torsten.seemann@gmail.com>
[20:40:56] Homepage is https://github.com/tseemann/prokka
[20:40:56] Local time is Sun May 23 20:40:56 2021
[20:40:56] You are vinglis
[20:40:56] Operating system is linux
[20:40:56] You have BioPerl 1.007001
[20:40:56] System has 16 cores.
[20:40:56] Will use maximum of 2 cores.
[20:40:56] Annotating as >>> Bacteria <<<
[20:40:56] Generating locus_tag from 'bin.7.fa' contents.
[20:40:56] Setting --locustag LJNCAEDH from MD5 537caed139eecf345d228103def2ce17
[20:40:56] Creating new output folder: /home/vinglis/genome_analysis/GenomeAnalysis/analysis/04_annotation/D1_prokka_output/bin.7.fa_prokka_out
[20:40:56] Running: mkdir -p \/home\/vinglis\/genome_analysis\/GenomeAnalysis\/analysis\/04_annotation\/D1_prokka_output\/bin\.7\.fa_prokka_out
[20:40:56] Using filename prefix: PROKKA_05232021.XXX
[20:40:56] Setting HMMER_NCPU=1
[20:40:56] Writing log to: /home/vinglis/genome_analysis/GenomeAnalysis/analysis/04_annotation/D1_prokka_output/bin.7.fa_prokka_out/PROKKA_05232021.log
[20:40:56] Command: /sw/bioinfo/prokka/1.45-5b58020/rackham/bin/prokka --outdir /home/vinglis/genome_analysis/GenomeAnalysis/analysis/04_annotation/D1_prokka_output/bin.7.fa_prokka_out --metagenome --cpus 2 bin.7.fa
[20:40:56] Appending to PATH: /sw/bioinfo/prokka/1.45-5b58020/rackham/bin/../binaries/linux
[20:40:56] Appending to PATH: /sw/bioinfo/prokka/1.45-5b58020/rackham/bin/../binaries/linux/../common
[20:40:56] Appending to PATH: /sw/bioinfo/prokka/1.45-5b58020/rackham/bin
[20:40:56] Looking for 'aragorn' - found /sw/bioinfo/prokka/1.45-5b58020/rackham/bin/../binaries/linux/aragorn
[20:40:56] Determined aragorn version is 001002 from 'ARAGORN v1.2.38 Dean Laslett'
[20:40:56] Looking for 'barrnap' - found /sw/bioinfo/barrnap/0.8/rackham/bin/barrnap
[20:40:56] Determined barrnap version is 000008 from 'barrnap 0.8'
[20:40:56] Looking for 'blastp' - found /sw/bioinfo/blast/2.11.0+/rackham/bin/blastp
[20:40:57] Determined blastp version is 002011 from 'blastp: 2.11.0+'
[20:40:57] Looking for 'cmpress' - found /sw/bioinfo/prokka/1.45-5b58020/rackham/bin/../binaries/linux/cmpress
[20:40:57] Determined cmpress version is 001001 from '# INFERNAL 1.1.2 (July 2016)'
[20:40:57] Looking for 'cmscan' - found /sw/bioinfo/prokka/1.45-5b58020/rackham/bin/../binaries/linux/cmscan
[20:40:57] Determined cmscan version is 001001 from '# INFERNAL 1.1.2 (July 2016)'
[20:40:57] Looking for 'egrep' - found /usr/bin/egrep
[20:40:57] Looking for 'find' - found /usr/bin/find
[20:40:57] Looking for 'grep' - found /usr/bin/grep
[20:40:57] Looking for 'hmmpress' - found /sw/apps/bioinfo/hmmer/3.1b2/rackham/bin/hmmpress
[20:40:57] Determined hmmpress version is 003001 from '# HMMER 3.1b2 (February 2015); http://hmmer.org/'
[20:40:57] Looking for 'hmmscan' - found /sw/apps/bioinfo/hmmer/3.1b2/rackham/bin/hmmscan
[20:40:57] Determined hmmscan version is 003001 from '# HMMER 3.1b2 (February 2015); http://hmmer.org/'
[20:40:57] Looking for 'java' - found /usr/bin/java
[20:40:57] Looking for 'makeblastdb' - found /sw/bioinfo/blast/2.11.0+/rackham/bin/makeblastdb
[20:40:57] Determined makeblastdb version is 002011 from 'makeblastdb: 2.11.0+'
[20:40:57] Looking for 'minced' - found /sw/apps/bioinfo/minced/0.2.0/rackham/minced
[20:40:58] Determined minced version is 002000 from 'minced 0.2.0'
[20:40:58] Looking for 'parallel' - found /sw/parallel/gnuparallel/20170122/rackham/bin/parallel
[20:40:58] Determined parallel version is 20170122 from 'GNU parallel 20170122'
[20:40:58] Looking for 'prodigal' - found /sw/apps/bioinfo/prodigal/2.6.3/rackham/bin/prodigal
[20:40:58] Determined prodigal version is 002006 from 'Prodigal V2.6.3: February, 2016'
[20:40:58] Looking for 'prokka-genbank_to_fasta_db' - found /sw/bioinfo/prokka/1.45-5b58020/rackham/bin/prokka-genbank_to_fasta_db
[20:40:58] Looking for 'sed' - found /usr/bin/sed
[20:40:58] Looking for 'signalp' - found /sw/bioinfo/SignalP/4.1f/rackham/signalp
[20:40:58] Determined signalp version is 004001 from '4.1 4785068'
[20:40:58] Looking for 'tbl2asn' - found /sw/bioinfo/tbl2asn/25.8/rackham/tbl2asn
[20:40:58] Determined tbl2asn version is 025008 from 'tbl2asn 25.8   arguments:'
[20:40:58] Using genetic code table 11.
[20:40:58] Loading and checking input file: bin.7.fa
[20:40:58] Wrote 395 contigs totalling 2087726 bp.
[20:40:58] Predicting tRNAs and tmRNAs
[20:40:58] Running: aragorn -l -gc11  -w \/home\/vinglis\/genome_analysis\/GenomeAnalysis\/analysis\/04_annotation\/D1_prokka_output\/bin\.7\.fa_prokka_out\/PROKKA_05232021\.fna
[20:40:58] 1 tRNA-Pro [1248,1325] 37 (ggg)
[20:40:58] 1 tRNA-Val [3157,3232] 34 (gac)
[20:40:58] 1 tRNA-Ser [7242,7327] 35 (cga)
[20:40:58] 1 tRNA-Pro [4964,5041] 37 (ggg)
[20:40:58] 1 tRNA-Lys [26,101] 35 (ttt)
[20:40:58] 1 tRNA-Gly [6510,6583] 33 (tcc)
[20:40:58] 1 tRNA-Pro c[20577,20654] 37 (tgg)
[20:40:58] 1 tRNA-His [8108,8182] 34 (gtg)
[20:40:58] 1 tRNA-Leu [59,143] 35 (caa)
[20:40:58] 1 tRNA-Arg [6814,6891] 36 (cct)
[20:40:58] 2 tRNA-Asp [9138,9213] 35 (gtc)
[20:40:58] 1 tRNA-Gly c[2111,2185] 34 (gcc)
[20:40:58] 1 tRNA-Asn [3136,3211] 34 (gtt)
[20:40:58] 1 tRNA-Thr c[1947,2021] 34 (tgt)
[20:40:58] 1 tRNA-Met [7081,7157] 35 (cat)
[20:40:58] 1 tRNA-Ser c[3292,3377] 35 (tga)
[20:40:59] 1 tRNA-Pro [291,366] 37 (ggg)
[20:40:59] 1 tRNA-Phe [1247,1327] 33 (aaa)
[20:40:59] 1 tRNA-Ser [2642,2728] 36 (gct)
[20:40:59] 1 tRNA-Gln [3137,3212] 35 (ttg)
[20:40:59] 1 tRNA-Ala c[8672,8748] 35 (ggc)
[20:40:59] 2 tRNA-Arg [10219,10295] 36 (tct)
[20:40:59] 1 tRNA-Val [3941,4016] 34 (tac)
[20:40:59] 1 tRNA-Phe [5921,5996] 34 (gaa)
[20:40:59] 1 tRNA-Leu [264,348] 35 (gag)
[20:40:59] 1 tRNA-Thr c[2389,2463] 33 (ggt)
[20:40:59] 2 tRNA-Ser [2590,2675] 35 (gga)
[20:40:59] 1 tRNA-Thr c[1297,1373] 35 (tgt)
[20:40:59] 1 tRNA-Gly c[5153,5227] 34 (gcc)
[20:40:59] 1 tRNA-Ser [1744,1829] 35 (tga)
[20:40:59] 1 tRNA-Lys [26,101] 35 (ttt)
[20:40:59] 1 tRNA-Ala [2952,3028] 35 (tgc)
[20:40:59] 1 tRNA-Leu c[2006,2091] 36 (taa)
[20:40:59] 1 tRNA-Gly c[1440,1513] 33 (tcc)
[20:40:59] 1 tRNA-Phe [600,675] 34 (gaa)
[20:40:59] 1 tRNA-Glu c[3126,3203] 37 (ttc)
[20:40:59] 1 tRNA-Glu c[2949,3026] 37 (ttc)
[20:40:59] 2 tRNA-Glu [3155,3232] 37 (ttc)
[20:40:59] 1 tRNA-Ile c[2619,2696] 36 (gat)
[20:40:59] 1 tRNA-Gln [2242,2317] 35 (ttg)
[20:40:59] 1 tRNA-Val c[4515,4590] 34 (tac)
[20:40:59] 1 tRNA-Met [3281,3357] 35 (cat)
[20:40:59] 1 tRNA-Ser c[2470,2555] 35 (cga)
[20:40:59] 1 tRNA-Arg c[1252,1328] 36 (gcg)
[20:40:59] 1 tRNA-Trp [5398,5473] 35 (cca)
[20:40:59] 1 tRNA-Glu [3454,3531] 37 (ctc)
[20:40:59] Found 46 tRNAs
[20:40:59] Predicting Ribosomal RNAs
[20:40:59] Running Barrnap with 2 threads
[20:41:01] 1 k105_31502 7 5S ribosomal RNA
[20:41:01] Found 1 rRNAs
[20:41:01] Skipping ncRNA search, enable with --rfam if desired.
[20:41:01] Total of 47 tRNA + rRNA features
[20:41:01] Searching for CRISPR repeats
[20:41:02] Found 0 CRISPRs
[20:41:02] Predicting coding sequences
[20:41:02] Contigs total 2087726 bp, so using meta mode
[20:41:02] Running: prodigal -i \/home\/vinglis\/genome_analysis\/GenomeAnalysis\/analysis\/04_annotation\/D1_prokka_output\/bin\.7\.fa_prokka_out\/PROKKA_05232021\.fna -c -m -g 11 -p meta -f sco -q
[20:41:05] Excluding CDS which overlaps existing RNA (tRNA) at k105_94973:1984..2220 on - strand
[20:41:06] Excluding CDS which overlaps existing RNA (tRNA) at k105_126089:414..1316 on - strand
[20:41:06] Excluding CDS which overlaps existing RNA (tRNA) at k105_13696:10136..10258 on + strand
[20:41:06] Excluding CDS which overlaps existing RNA (tRNA) at k105_157243:182..352 on - strand
[20:41:09] Excluding CDS which overlaps existing RNA (tRNA) at k105_151117:2682..2780 on - strand
[20:41:11] Excluding CDS which overlaps existing RNA (tRNA) at k105_122095:5346..5651 on - strand
[20:41:11] Found 1863 CDS
[20:41:11] Connecting features back to sequences
[20:41:11] Not using genus-specific database. Try --usegenus to enable it.
[20:41:11] Annotating CDS, please be patient.
[20:41:11] Will use 2 CPUs for similarity searching.
[20:41:12] There are still 1863 unannotated CDS left (started with 1863)
[20:41:12] Will use blast to search against /sw/bioinfo/prokka/1.45-5b58020/rackham/db/kingdom/Bacteria/IS with 2 CPUs
[20:41:12] Running: cat \/home\/vinglis\/genome_analysis\/GenomeAnalysis\/analysis\/04_annotation\/D1_prokka_output\/bin\.7\.fa_prokka_out\/PROKKA_05232021\.IS\.tmp\.50707\.faa | parallel --gnu --plain -j 2 --block 142611 --recstart '>' --pipe blastp -query - -db /sw/bioinfo/prokka/1.45-5b58020/rackham/db/kingdom/Bacteria/IS -evalue 1e-30 -qcov_hsp_perc 90 -num_threads 1 -num_descriptions 1 -num_alignments 1 -seg no > \/home\/vinglis\/genome_analysis\/GenomeAnalysis\/analysis\/04_annotation\/D1_prokka_output\/bin\.7\.fa_prokka_out\/PROKKA_05232021\.IS\.tmp\.50707\.blast 2> /dev/null
[20:41:59] Deleting unwanted file: /home/vinglis/genome_analysis/GenomeAnalysis/analysis/04_annotation/D1_prokka_output/bin.7.fa_prokka_out/PROKKA_05232021.IS.tmp.50707.faa
[20:41:59] Deleting unwanted file: /home/vinglis/genome_analysis/GenomeAnalysis/analysis/04_annotation/D1_prokka_output/bin.7.fa_prokka_out/PROKKA_05232021.IS.tmp.50707.blast
[20:42:00] There are still 1863 unannotated CDS left (started with 1863)
[20:42:00] Will use blast to search against /sw/bioinfo/prokka/1.45-5b58020/rackham/db/kingdom/Bacteria/AMR with 2 CPUs
[20:42:00] Running: cat \/home\/vinglis\/genome_analysis\/GenomeAnalysis\/analysis\/04_annotation\/D1_prokka_output\/bin\.7\.fa_prokka_out\/PROKKA_05232021\.AMR\.tmp\.50707\.faa | parallel --gnu --plain -j 2 --block 142611 --recstart '>' --pipe blastp -query - -db /sw/bioinfo/prokka/1.45-5b58020/rackham/db/kingdom/Bacteria/AMR -evalue 9.99999999999999e-301 -qcov_hsp_perc 90 -num_threads 1 -num_descriptions 1 -num_alignments 1 -seg no > \/home\/vinglis\/genome_analysis\/GenomeAnalysis\/analysis\/04_annotation\/D1_prokka_output\/bin\.7\.fa_prokka_out\/PROKKA_05232021\.AMR\.tmp\.50707\.blast 2> /dev/null
[20:42:39] Deleting unwanted file: /home/vinglis/genome_analysis/GenomeAnalysis/analysis/04_annotation/D1_prokka_output/bin.7.fa_prokka_out/PROKKA_05232021.AMR.tmp.50707.faa
[20:42:39] Deleting unwanted file: /home/vinglis/genome_analysis/GenomeAnalysis/analysis/04_annotation/D1_prokka_output/bin.7.fa_prokka_out/PROKKA_05232021.AMR.tmp.50707.blast
[20:42:39] There are still 1863 unannotated CDS left (started with 1863)
[20:42:39] Will use blast to search against /sw/bioinfo/prokka/1.45-5b58020/rackham/db/kingdom/Bacteria/sprot with 2 CPUs
[20:42:39] Running: cat \/home\/vinglis\/genome_analysis\/GenomeAnalysis\/analysis\/04_annotation\/D1_prokka_output\/bin\.7\.fa_prokka_out\/PROKKA_05232021\.sprot\.tmp\.50707\.faa | parallel --gnu --plain -j 2 --block 142611 --recstart '>' --pipe blastp -query - -db /sw/bioinfo/prokka/1.45-5b58020/rackham/db/kingdom/Bacteria/sprot -evalue 1e-09 -qcov_hsp_perc 80 -num_threads 1 -num_descriptions 1 -num_alignments 1 -seg no > \/home\/vinglis\/genome_analysis\/GenomeAnalysis\/analysis\/04_annotation\/D1_prokka_output\/bin\.7\.fa_prokka_out\/PROKKA_05232021\.sprot\.tmp\.50707\.blast 2> /dev/null
[20:46:00] Modify product: Uncharacterized MscS family protein YkuT => putative MscS family protein YkuT
[20:46:00] Modify product: Uncharacterized oxidoreductase Rv2900c => putative oxidoreductase
[20:46:00] Modify product: Uncharacterized oxidoreductase Rv2900c => putative oxidoreductase
[20:46:00] Modify product: Uncharacterized acyl-CoA thioester hydrolase HI_0827 => putative acyl-CoA thioester hydrolase
[20:46:00] Modify product: Uncharacterized epimerase/dehydratase SA0511 => putative epimerase/dehydratase
[20:46:00] Modify product: Probable 3-hydroxyacyl-CoA dehydrogenase => putative 3-hydroxyacyl-CoA dehydrogenase
[20:46:00] Modify product: Probable iron-sulfur-binding oxidoreductase FadF => putative iron-sulfur-binding oxidoreductase FadF
[20:46:00] Modify product: Uncharacterized RNA pseudouridine synthase Rv1540 => putative RNA pseudouridine synthase
[20:46:00] Modify product: Uncharacterized protein slr1565 => putative protein
[20:46:00] Modify product: Uncharacterized oxidoreductase Rv2900c => putative oxidoreductase
[20:46:00] Modify product: Uncharacterized ABC transporter ATP-binding protein Rv0986 => putative ABC transporter ATP-binding protein
[20:46:00] Modify product: Putative peroxiredoxin Rv2521 => Putative peroxiredoxin
[20:46:00] Modify product: Uncharacterized RNA pseudouridine synthase Rv1540 => putative RNA pseudouridine synthase
[20:46:00] Modify product: Probable RNA 2'-phosphotransferase => putative RNA 2'-phosphotransferase
[20:46:00] Modify product: Probable glycine dehydrogenase (decarboxylating) subunit 2 => putative glycine dehydrogenase (decarboxylating) subunit 2
[20:46:00] Modify product: Probable membrane transporter protein YfcA => putative membrane transporter protein YfcA
[20:46:00] Modify product: Probable adenylyltransferase/sulfurtransferase MoeZ => putative adenylyltransferase/sulfurtransferase MoeZ
[20:46:00] Modify product: Uncharacterized glycosyltransferase Rv0539 => putative glycosyltransferase
[20:46:00] Modify product: UPF0051 protein Rv1462 => hypothetical protein
[20:46:00] Modify product: UPF0051 protein SA0778 => hypothetical protein
[20:46:00] Modify product: Bifunctional protein FolD => Bifunctional protein FolD protein
[20:46:01] Modify product: Probable protein kinase UbiB => putative protein kinase UbiB
[20:46:01] Modify product: Uncharacterized ABC transporter ATP-binding protein Rv0986 => putative ABC transporter ATP-binding protein
[20:46:01] Modify product: Uncharacterized ABC transporter ATP-binding protein YknY => putative ABC transporter ATP-binding protein YknY
[20:46:01] Modify product: Probable glycine dehydrogenase (decarboxylating) subunit 1 => putative glycine dehydrogenase (decarboxylating) subunit 1
[20:46:01] Modify product: Probable glycine dehydrogenase (decarboxylating) subunit 2 => putative glycine dehydrogenase (decarboxylating) subunit 2
[20:46:01] Modify product: Uncharacterized protein Rv2715 => putative protein
[20:46:01] Modify product: Uncharacterized epimerase/dehydratase SA0511 => putative epimerase/dehydratase
[20:46:01] Modify product: Uncharacterized protein YcgM => putative protein YcgM
[20:46:01] Modify product: Uncharacterized protein M6_Spy0233 => putative protein
[20:46:01] Modify product: Uncharacterized ABC transporter ATP-binding protein TM_0288 => putative ABC transporter ATP-binding protein
[20:46:01] Modify product: Uncharacterized protein YcgM => putative protein YcgM
[20:46:01] Modify product: Probable enoyl-CoA hydratase => putative enoyl-CoA hydratase
[20:46:01] Modify product: Putative peroxiredoxin Rv2521 => Putative peroxiredoxin
[20:46:01] Modify product: UPF0176 protein lpg2838 => hypothetical protein
[20:46:01] Modify product: Probable D-amino-acid oxidase => putative D-amino-acid oxidase
[20:46:01] Modify product: Putative glutamine amidotransferase Rv2859c => Putative glutamine amidotransferase
[20:46:01] Modify product: Probable copper-transporting ATPase PacS => putative copper-transporting ATPase PacS
[20:46:01] Modify product: UPF0176 protein lpg2838 => hypothetical protein
[20:46:01] Modify product: Uncharacterized ABC transporter ATP-binding protein Rv0986 => putative ABC transporter ATP-binding protein
[20:46:01] Modify product: Probable aspartate aminotransferase => putative aspartate aminotransferase
[20:46:01] Modify product: Probable nicotinate-nucleotide pyrophosphorylase [carboxylating] => putative nicotinate-nucleotide pyrophosphorylase [carboxylating]
[20:46:01] Modify product: Probable glycine dehydrogenase (decarboxylating) subunit 1 => putative glycine dehydrogenase (decarboxylating) subunit 1
[20:46:01] Modify product: Uncharacterized ABC transporter ATP-binding protein Rv0986 => putative ABC transporter ATP-binding protein
[20:46:01] Modify product: UPF0051 protein Rv1462 => hypothetical protein
[20:46:01] Modify product: UPF0051 protein SA0778 => hypothetical protein
[20:46:01] Cleaned 46 /product names
[20:46:01] Deleting unwanted file: /home/vinglis/genome_analysis/GenomeAnalysis/analysis/04_annotation/D1_prokka_output/bin.7.fa_prokka_out/PROKKA_05232021.sprot.tmp.50707.faa
[20:46:01] Deleting unwanted file: /home/vinglis/genome_analysis/GenomeAnalysis/analysis/04_annotation/D1_prokka_output/bin.7.fa_prokka_out/PROKKA_05232021.sprot.tmp.50707.blast
[20:46:02] There are still 1390 unannotated CDS left (started with 1863)
[20:46:02] Will use hmmer3 to search against /sw/bioinfo/prokka/1.45-5b58020/rackham/db/hmm/HAMAP.hmm with 2 CPUs
[20:46:02] Running: cat \/home\/vinglis\/genome_analysis\/GenomeAnalysis\/analysis\/04_annotation\/D1_prokka_output\/bin\.7\.fa_prokka_out\/PROKKA_05232021\.HAMAP\.hmm\.tmp\.50707\.faa | parallel --gnu --plain -j 2 --block 102760 --recstart '>' --pipe hmmscan --noali --notextw --acc -E 1e-09 --cpu 1 /sw/bioinfo/prokka/1.45-5b58020/rackham/db/hmm/HAMAP.hmm /dev/stdin > \/home\/vinglis\/genome_analysis\/GenomeAnalysis\/analysis\/04_annotation\/D1_prokka_output\/bin\.7\.fa_prokka_out\/PROKKA_05232021\.HAMAP\.hmm\.tmp\.50707\.hmmer3 2> /dev/null
[20:48:11] Deleting unwanted file: /home/vinglis/genome_analysis/GenomeAnalysis/analysis/04_annotation/D1_prokka_output/bin.7.fa_prokka_out/PROKKA_05232021.HAMAP.hmm.tmp.50707.faa
[20:48:11] Deleting unwanted file: /home/vinglis/genome_analysis/GenomeAnalysis/analysis/04_annotation/D1_prokka_output/bin.7.fa_prokka_out/PROKKA_05232021.HAMAP.hmm.tmp.50707.hmmer3
[20:48:11] Labelling remaining 1194 proteins as 'hypothetical protein'
[20:48:11] Possible /pseudo 'DNA-directed RNA polymerase subunit beta'' at k105_134394 position 2469
[20:48:11] Possible /pseudo 'Fused isobutyryl-CoA mutase' at k105_73323 position 1152
[20:48:11] Possible /pseudo 'Vitamin B12 import ATP-binding protein BtuD' at k105_13696 position 1538
[20:48:11] Possible /pseudo 'Vitamin B12 import ATP-binding protein BtuD' at k105_67058 position 1840
[20:48:11] Found 377 unique /gene codes.
[20:48:11] Fixed 2 duplicate /gene - cntI_1 cntI_2
[20:48:11] Fixed 2 duplicate /gene - asnB_1 asnB_2
[20:48:11] Fixed 2 duplicate /gene - truA_1 truA_2
[20:48:11] Fixed 2 duplicate /gene - truB_1 truB_2
[20:48:11] Fixed 2 duplicate /gene - mutM_1 mutM_2
[20:48:11] Fixed 2 duplicate /gene - truD_1 truD_2
[20:48:11] Fixed 2 duplicate /gene - TOP6A_1 TOP6A_2
[20:48:11] Fixed 2 duplicate /gene - lon_1 lon_2
[20:48:11] Fixed 2 duplicate /gene - nfuA_1 nfuA_2
[20:48:11] Fixed 2 duplicate /gene - mutS_1 mutS_2
[20:48:11] Fixed 2 duplicate /gene - griI_1 griI_2
[20:48:11] Fixed 2 duplicate /gene - lrp_1 lrp_2
[20:48:11] Fixed 2 duplicate /gene - rlmE_1 rlmE_2
[20:48:11] Fixed 2 duplicate /gene - glnQ_1 glnQ_2
[20:48:11] Fixed 2 duplicate /gene - rpsH_1 rpsH_2
[20:48:11] Fixed 3 duplicate /gene - crtB_1 crtB_2 crtB_3
[20:48:11] Fixed 2 duplicate /gene - grpE_1 grpE_2
[20:48:11] Fixed 2 duplicate /gene - dapH_1 dapH_2
[20:48:11] Fixed 2 duplicate /gene - crtN_1 crtN_2
[20:48:11] Fixed 3 duplicate /gene - accC_1 accC_2 accC_3
[20:48:11] Fixed 2 duplicate /gene - uvrB_1 uvrB_2
[20:48:11] Fixed 2 duplicate /gene - sucD_1 sucD_2
[20:48:11] Fixed 2 duplicate /gene - icd_1 icd_2
[20:48:11] Fixed 2 duplicate /gene - pntB_1 pntB_2
[20:48:11] Fixed 2 duplicate /gene - gcvT_1 gcvT_2
[20:48:11] Fixed 2 duplicate /gene - gcvPB_1 gcvPB_2
[20:48:11] Fixed 2 duplicate /gene - dnaK_1 dnaK_2
[20:48:11] Fixed 4 duplicate /gene - pyrE_1 pyrE_2 pyrE_3 pyrE_4
[20:48:11] Fixed 2 duplicate /gene - argO_1 argO_2
[20:48:11] Fixed 2 duplicate /gene - ettA_1 ettA_2
[20:48:11] Fixed 3 duplicate /gene - mntR_1 mntR_2 mntR_3
[20:48:11] Fixed 2 duplicate /gene - yvqK_1 yvqK_2
[20:48:11] Fixed 2 duplicate /gene - menA_1 menA_2
[20:48:11] Fixed 2 duplicate /gene - hldE_1 hldE_2
[20:48:11] Fixed 2 duplicate /gene - pyrF_1 pyrF_2
[20:48:11] Fixed 2 duplicate /gene - ndhD1_1 ndhD1_2
[20:48:11] Fixed 2 duplicate /gene - ndhB_1 ndhB_2
[20:48:11] Fixed 2 duplicate /gene - cysS_1 cysS_2
[20:48:11] Fixed 2 duplicate /gene - fadA_1 fadA_2
[20:48:11] Fixed 2 duplicate /gene - hcrA_1 hcrA_2
[20:48:11] Fixed 3 duplicate /gene - obg_1 obg_2 obg_3
[20:48:11] Fixed 2 duplicate /gene - pccB_1 pccB_2
[20:48:11] Fixed 2 duplicate /gene - rutC_1 rutC_2
[20:48:11] Fixed 2 duplicate /gene - pepE_1 pepE_2
[20:48:11] Fixed 2 duplicate /gene - gcvH_1 gcvH_2
[20:48:11] Fixed 3 duplicate /gene - frdA_1 frdA_2 frdA_3
[20:48:11] Fixed 2 duplicate /gene - rplF_1 rplF_2
[20:48:11] Fixed 2 duplicate /gene - argF_1 argF_2
[20:48:11] Fixed 2 duplicate /gene - valS_1 valS_2
[20:48:11] Fixed 2 duplicate /gene - mmpL3_1 mmpL3_2
[20:48:11] Fixed 2 duplicate /gene - nuoK_1 nuoK_2
[20:48:11] Fixed 5 duplicate /gene - rsxB_1 rsxB_2 rsxB_3 rsxB_4 rsxB_5
[20:48:11] Fixed 2 duplicate /gene - rpsK_1 rpsK_2
[20:48:11] Fixed 2 duplicate /gene - ndhH_1 ndhH_2
[20:48:11] Fixed 3 duplicate /gene - ribA_1 ribA_2 ribA_3
[20:48:11] Fixed 4 duplicate /gene - acdA_1 acdA_2 acdA_3 acdA_4
[20:48:11] Fixed 2 duplicate /gene - moaC2_1 moaC2_2
[20:48:11] Fixed 2 duplicate /gene - fhs_1 fhs_2
[20:48:11] Fixed 2 duplicate /gene - argS_1 argS_2
[20:48:11] Fixed 2 duplicate /gene - sufE_1 sufE_2
[20:48:11] Fixed 9 duplicate /gene - btuD_1 btuD_2 btuD_3 btuD_4 btuD_5 btuD_6 btuD_7 btuD_8 btuD_9
[20:48:11] Fixed 2 duplicate /gene - uvrC_1 uvrC_2
[20:48:11] Fixed 2 duplicate /gene - cmk_1 cmk_2
[20:48:11] Fixed 3 duplicate /gene - ftsH_1 ftsH_2 ftsH_3
[20:48:11] Fixed 2 duplicate /gene - aroA_1 aroA_2
[20:48:11] Fixed 3 duplicate /gene - pfdA_1 pfdA_2 pfdA_3
[20:48:11] Fixed 2 duplicate /gene - dagK_1 dagK_2
[20:48:11] Fixed 2 duplicate /gene - fda_1 fda_2
[20:48:11] Fixed 3 duplicate /gene - ndhA_1 ndhA_2 ndhA_3
[20:48:11] Fixed 2 duplicate /gene - pntAA_1 pntAA_2
[20:48:11] Fixed 3 duplicate /gene - mmgC_1 mmgC_2 mmgC_3
[20:48:11] Fixed 2 duplicate /gene - adk_1 adk_2
[20:48:11] Fixed 2 duplicate /gene - griH_1 griH_2
[20:48:11] Fixed 2 duplicate /gene - queE_1 queE_2
[20:48:11] Fixed 2 duplicate /gene - ycgM_1 ycgM_2
[20:48:11] Fixed 2 duplicate /gene - fadB_1 fadB_2
[20:48:11] Fixed 2 duplicate /gene - gcvPA_1 gcvPA_2
[20:48:11] Fixed 4 duplicate /gene - thlA_1 thlA_2 thlA_3 thlA_4
[20:48:11] Fixed 2 duplicate /gene - kynA_1 kynA_2
[20:48:11] Fixed 2 duplicate /gene - purR_1 purR_2
[20:48:11] Fixed 2 duplicate /gene - idi_1 idi_2
[20:48:11] Fixed 2 duplicate /gene - cinA_1 cinA_2
[20:48:11] Fixed 2 duplicate /gene - aroD_1 aroD_2
[20:48:11] Fixed 3 duplicate /gene - pepX_1 pepX_2 pepX_3
[20:48:11] Fixed 2 duplicate /gene - RBKS_1 RBKS_2
[20:48:11] Fixed 2 duplicate /gene - rplA_1 rplA_2
[20:48:11] Fixed 4 duplicate /gene - fabG_1 fabG_2 fabG_3 fabG_4
[20:48:11] Fixed 2 duplicate /gene - rsmA_1 rsmA_2
[20:48:11] Fixed 6 duplicate /gene - bcp_1 bcp_2 bcp_3 bcp_4 bcp_5 bcp_6
[20:48:11] Fixed 3 duplicate /gene - ndhJ_1 ndhJ_2 ndhJ_3
[20:48:11] Fixed 3 duplicate /gene - fdhD_1 fdhD_2 fdhD_3
[20:48:11] Fixed 2 duplicate /gene - rplN_1 rplN_2
[20:48:11] Fixed 4 duplicate /gene - tuf_1 tuf_2 tuf_3 tuf_4
[20:48:11] Fixed 2 duplicate /gene - serS_1 serS_2
[20:48:11] Fixed 2 duplicate /gene - hutI_1 hutI_2
[20:48:11] Fixed 2 duplicate /gene - fusA_1 fusA_2
[20:48:11] Fixed 2 duplicate /gene - dut_1 dut_2
[20:48:11] Fixed 2 duplicate /gene - ahcY_1 ahcY_2
[20:48:11] Fixed 2 duplicate /gene - rplE_1 rplE_2
[20:48:11] Fixed 2 duplicate /gene - ctaE_1 ctaE_2
[20:48:11] Fixed 2 duplicate /gene - gltA_1 gltA_2
[20:48:11] Fixed 2 duplicate /gene - addA_1 addA_2
[20:48:11] Fixed 2 duplicate /gene - epi_1 epi_2
[20:48:11] Fixed 2 duplicate /gene - ogt_1 ogt_2
[20:48:11] Fixed 2 duplicate /gene - qacA_1 qacA_2
[20:48:11] Fixed 2 duplicate /gene - auaH_1 auaH_2
[20:48:11] Fixed 2 duplicate /gene - malT_1 malT_2
[20:48:11] Fixed 2 duplicate /gene - mutL_1 mutL_2
[20:48:11] Fixed 2 duplicate /gene - coaBC_1 coaBC_2
[20:48:11] Fixed 2 duplicate /gene - pcm_1 pcm_2
[20:48:11] Fixed 2 duplicate /gene - pntA_1 pntA_2
[20:48:11] Fixed 2 duplicate /gene - orn_1 orn_2
[20:48:11] Fixed 2 duplicate /gene - dadD_1 dadD_2
[20:48:11] Fixed 2 duplicate /gene - purE_1 purE_2
[20:48:11] Fixed 2 duplicate /gene - mshA_1 mshA_2
[20:48:11] Fixed 3 duplicate /gene - rpoC_1 rpoC_2 rpoC_3
[20:48:11] Fixed 2 duplicate /gene - pckA_1 pckA_2
[20:48:11] Fixed 2 duplicate /gene - crt_1 crt_2
[20:48:11] Fixed 3 duplicate /gene - ndhI_1 ndhI_2 ndhI_3
[20:48:11] Fixed 2 duplicate /gene - sucC_1 sucC_2
[20:48:11] Fixed 3 duplicate /gene - dnaJ_1 dnaJ_2 dnaJ_3
[20:48:11] Fixed 2 duplicate /gene - kdkA_1 kdkA_2
[20:48:11] Fixed 3 duplicate /gene - ftsY_1 ftsY_2 ftsY_3
[20:48:11] Fixed 2 duplicate /gene - mog_1 mog_2
[20:48:11] Fixed 3 duplicate /gene - guaA_1 guaA_2 guaA_3
[20:48:11] Fixed 2 duplicate /gene - ltaA_1 ltaA_2
[20:48:11] Fixed 2 duplicate /gene - ychF_1 ychF_2
[20:48:11] Fixed 2 duplicate /gene - purC_1 purC_2
[20:48:11] Fixed 2 duplicate /gene - purL_1 purL_2
[20:48:11] Fixed 2 duplicate /gene - yrbG_1 yrbG_2
[20:48:11] Fixed 2 duplicate /gene - pyrH_1 pyrH_2
[20:48:11] Fixed 2 duplicate /gene - alaS_1 alaS_2
[20:48:11] Fixed 2 duplicate /gene - ftsZ-like_1 ftsZ-like_2
[20:48:11] Fixed 3 duplicate /gene - thrB_1 thrB_2 thrB_3
[20:48:11] Fixed 2 duplicate /gene - bcrA_1 bcrA_2
[20:48:11] Fixed 3 duplicate /gene - ftsZ_1 ftsZ_2 ftsZ_3
[20:48:11] Fixed 2 duplicate /gene - ndhC_1 ndhC_2
[20:48:11] Fixed 2 duplicate /gene - folE_1 folE_2
[20:48:11] Fixed 4 duplicate /gene - dinG_1 dinG_2 dinG_3 dinG_4
[20:48:11] Fixed 3 duplicate /gene - icmF_1 icmF_2 icmF_3
[20:48:11] Fixed 5 duplicate /gene - groL_1 groL_2 groL_3 groL_4 groL_5
[20:48:11] Fixed 4 duplicate /gene - sufS_1 sufS_2 sufS_3 sufS_4
[20:48:11] Fixed 2 duplicate /gene - ccsA_1 ccsA_2
[20:48:11] Fixed 2 duplicate /gene - lnrL_1 lnrL_2
[20:48:11] Fixed 2 duplicate /gene - hldD_1 hldD_2
[20:48:11] Fixed 2 duplicate /gene - citB_1 citB_2
[20:48:11] Fixed 2 duplicate /gene - putB_1 putB_2
[20:48:11] Fixed 2 duplicate /gene - ndx1_1 ndx1_2
[20:48:11] Fixed 2 duplicate /gene - boxB_1 boxB_2
[20:48:11] Fixed 3 duplicate /gene - ligA_1 ligA_2 ligA_3
[20:48:11] Fixed 3 duplicate /gene - rph_1 rph_2 rph_3
[20:48:11] Fixed 3 duplicate /gene - ndhK_1 ndhK_2 ndhK_3
[20:48:11] Fixed 2 duplicate /gene - rlmH_1 rlmH_2
[20:48:11] Fixed 2 duplicate /gene - arsC_1 arsC_2
[20:48:11] Fixed 2 duplicate /gene - rnhA_1 rnhA_2
[20:48:11] Fixed 2 duplicate /gene - purD_1 purD_2
[20:48:11] Fixed 2 duplicate /gene - pepA_1 pepA_2
[20:48:11] Fixed 2 duplicate /gene - trkH_1 trkH_2
[20:48:11] Fixed 158 colliding /gene names.
[20:48:11] Adding /locus_tag identifiers
[20:48:11] Assigned 1910 locus_tags to CDS and RNA features.
[20:48:11] Writing outputs to /home/vinglis/genome_analysis/GenomeAnalysis/analysis/04_annotation/D1_prokka_output/bin.7.fa_prokka_out/
[20:48:13] Generating annotation statistics file
[20:48:13] Generating Genbank and Sequin files
[20:48:13] Running: tbl2asn -V b -a r10k -l paired-ends -M n -N 1 -y 'Annotated using prokka 1.14.6 from https://github.com/tseemann/prokka' -Z \/home\/vinglis\/genome_analysis\/GenomeAnalysis\/analysis\/04_annotation\/D1_prokka_output\/bin\.7\.fa_prokka_out\/PROKKA_05232021\.err -i \/home\/vinglis\/genome_analysis\/GenomeAnalysis\/analysis\/04_annotation\/D1_prokka_output\/bin\.7\.fa_prokka_out\/PROKKA_05232021\.fsa 2> /dev/null
[20:48:17] Deleting unwanted file: /home/vinglis/genome_analysis/GenomeAnalysis/analysis/04_annotation/D1_prokka_output/bin.7.fa_prokka_out/errorsummary.val
[20:48:17] Deleting unwanted file: /home/vinglis/genome_analysis/GenomeAnalysis/analysis/04_annotation/D1_prokka_output/bin.7.fa_prokka_out/PROKKA_05232021.dr
[20:48:17] Deleting unwanted file: /home/vinglis/genome_analysis/GenomeAnalysis/analysis/04_annotation/D1_prokka_output/bin.7.fa_prokka_out/PROKKA_05232021.fixedproducts
[20:48:17] Deleting unwanted file: /home/vinglis/genome_analysis/GenomeAnalysis/analysis/04_annotation/D1_prokka_output/bin.7.fa_prokka_out/PROKKA_05232021.ecn
[20:48:17] Deleting unwanted file: /home/vinglis/genome_analysis/GenomeAnalysis/analysis/04_annotation/D1_prokka_output/bin.7.fa_prokka_out/PROKKA_05232021.val
[20:48:17] Repairing broken .GBK output that tbl2asn produces...
[20:48:17] Running: sed 's/COORDINATES: profile/COORDINATES:profile/' < \/home\/vinglis\/genome_analysis\/GenomeAnalysis\/analysis\/04_annotation\/D1_prokka_output\/bin\.7\.fa_prokka_out\/PROKKA_05232021\.gbf > \/home\/vinglis\/genome_analysis\/GenomeAnalysis\/analysis\/04_annotation\/D1_prokka_output\/bin\.7\.fa_prokka_out\/PROKKA_05232021\.gbk
[20:48:17] Deleting unwanted file: /home/vinglis/genome_analysis/GenomeAnalysis/analysis/04_annotation/D1_prokka_output/bin.7.fa_prokka_out/PROKKA_05232021.gbf
[20:48:17] Output files:
[20:48:17] /home/vinglis/genome_analysis/GenomeAnalysis/analysis/04_annotation/D1_prokka_output/bin.7.fa_prokka_out/PROKKA_05232021.log
[20:48:17] /home/vinglis/genome_analysis/GenomeAnalysis/analysis/04_annotation/D1_prokka_output/bin.7.fa_prokka_out/PROKKA_05232021.fna
[20:48:17] /home/vinglis/genome_analysis/GenomeAnalysis/analysis/04_annotation/D1_prokka_output/bin.7.fa_prokka_out/PROKKA_05232021.gff
[20:48:17] /home/vinglis/genome_analysis/GenomeAnalysis/analysis/04_annotation/D1_prokka_output/bin.7.fa_prokka_out/PROKKA_05232021.faa
[20:48:17] /home/vinglis/genome_analysis/GenomeAnalysis/analysis/04_annotation/D1_prokka_output/bin.7.fa_prokka_out/PROKKA_05232021.ffn
[20:48:17] /home/vinglis/genome_analysis/GenomeAnalysis/analysis/04_annotation/D1_prokka_output/bin.7.fa_prokka_out/PROKKA_05232021.tbl
[20:48:17] /home/vinglis/genome_analysis/GenomeAnalysis/analysis/04_annotation/D1_prokka_output/bin.7.fa_prokka_out/PROKKA_05232021.fsa
[20:48:17] /home/vinglis/genome_analysis/GenomeAnalysis/analysis/04_annotation/D1_prokka_output/bin.7.fa_prokka_out/PROKKA_05232021.tsv
[20:48:17] /home/vinglis/genome_analysis/GenomeAnalysis/analysis/04_annotation/D1_prokka_output/bin.7.fa_prokka_out/PROKKA_05232021.txt
[20:48:17] /home/vinglis/genome_analysis/GenomeAnalysis/analysis/04_annotation/D1_prokka_output/bin.7.fa_prokka_out/PROKKA_05232021.gbk
[20:48:17] /home/vinglis/genome_analysis/GenomeAnalysis/analysis/04_annotation/D1_prokka_output/bin.7.fa_prokka_out/PROKKA_05232021.sqn
[20:48:17] /home/vinglis/genome_analysis/GenomeAnalysis/analysis/04_annotation/D1_prokka_output/bin.7.fa_prokka_out/PROKKA_05232021.err
[20:48:17] Annotation finished successfully.
[20:48:17] Walltime used: 7.35 minutes
[20:48:17] If you use this result please cite the Prokka paper:
[20:48:17] Seemann T (2014) Prokka: rapid prokaryotic genome annotation. Bioinformatics. 30(14):2068-9.
[20:48:17] Type 'prokka --citation' for more details.
[20:48:17] Share and enjoy!
