[21:08:08] This is prokka 1.14.6
[21:08:08] Written by Torsten Seemann <torsten.seemann@gmail.com>
[21:08:08] Homepage is https://github.com/tseemann/prokka
[21:08:08] Local time is Sun May 23 21:08:08 2021
[21:08:08] You are vinglis
[21:08:08] Operating system is linux
[21:08:08] You have BioPerl 1.007001
[21:08:08] System has 16 cores.
[21:08:08] Will use maximum of 2 cores.
[21:08:08] Annotating as >>> Bacteria <<<
[21:08:08] Generating locus_tag from 'bin.11.fa' contents.
[21:08:08] Setting --locustag EGLDHNFD from MD5 e05d17fdd4add800042ace2599b543a8
[21:08:08] Creating new output folder: /home/vinglis/genome_analysis/GenomeAnalysis/analysis/04_annotation/D3_prokka_output/bin.11.fa_prokka_out
[21:08:08] Running: mkdir -p \/home\/vinglis\/genome_analysis\/GenomeAnalysis\/analysis\/04_annotation\/D3_prokka_output\/bin\.11\.fa_prokka_out
[21:08:08] Using filename prefix: PROKKA_05232021.XXX
[21:08:08] Setting HMMER_NCPU=1
[21:08:08] Writing log to: /home/vinglis/genome_analysis/GenomeAnalysis/analysis/04_annotation/D3_prokka_output/bin.11.fa_prokka_out/PROKKA_05232021.log
[21:08:08] Command: /sw/bioinfo/prokka/1.45-5b58020/rackham/bin/prokka --outdir /home/vinglis/genome_analysis/GenomeAnalysis/analysis/04_annotation/D3_prokka_output/bin.11.fa_prokka_out --metagenome --cpus 2 bin.11.fa
[21:08:08] Appending to PATH: /sw/bioinfo/prokka/1.45-5b58020/rackham/bin/../binaries/linux
[21:08:08] Appending to PATH: /sw/bioinfo/prokka/1.45-5b58020/rackham/bin/../binaries/linux/../common
[21:08:08] Appending to PATH: /sw/bioinfo/prokka/1.45-5b58020/rackham/bin
[21:08:08] Looking for 'aragorn' - found /sw/bioinfo/prokka/1.45-5b58020/rackham/bin/../binaries/linux/aragorn
[21:08:08] Determined aragorn version is 001002 from 'ARAGORN v1.2.38 Dean Laslett'
[21:08:08] Looking for 'barrnap' - found /sw/bioinfo/barrnap/0.8/rackham/bin/barrnap
[21:08:08] Determined barrnap version is 000008 from 'barrnap 0.8'
[21:08:08] Looking for 'blastp' - found /sw/bioinfo/blast/2.11.0+/rackham/bin/blastp
[21:08:09] Determined blastp version is 002011 from 'blastp: 2.11.0+'
[21:08:09] Looking for 'cmpress' - found /sw/bioinfo/prokka/1.45-5b58020/rackham/bin/../binaries/linux/cmpress
[21:08:09] Determined cmpress version is 001001 from '# INFERNAL 1.1.2 (July 2016)'
[21:08:09] Looking for 'cmscan' - found /sw/bioinfo/prokka/1.45-5b58020/rackham/bin/../binaries/linux/cmscan
[21:08:09] Determined cmscan version is 001001 from '# INFERNAL 1.1.2 (July 2016)'
[21:08:09] Looking for 'egrep' - found /usr/bin/egrep
[21:08:09] Looking for 'find' - found /usr/bin/find
[21:08:09] Looking for 'grep' - found /usr/bin/grep
[21:08:09] Looking for 'hmmpress' - found /sw/apps/bioinfo/hmmer/3.1b2/rackham/bin/hmmpress
[21:08:09] Determined hmmpress version is 003001 from '# HMMER 3.1b2 (February 2015); http://hmmer.org/'
[21:08:09] Looking for 'hmmscan' - found /sw/apps/bioinfo/hmmer/3.1b2/rackham/bin/hmmscan
[21:08:09] Determined hmmscan version is 003001 from '# HMMER 3.1b2 (February 2015); http://hmmer.org/'
[21:08:09] Looking for 'java' - found /usr/bin/java
[21:08:09] Looking for 'makeblastdb' - found /sw/bioinfo/blast/2.11.0+/rackham/bin/makeblastdb
[21:08:09] Determined makeblastdb version is 002011 from 'makeblastdb: 2.11.0+'
[21:08:09] Looking for 'minced' - found /sw/apps/bioinfo/minced/0.2.0/rackham/minced
[21:08:09] Determined minced version is 002000 from 'minced 0.2.0'
[21:08:09] Looking for 'parallel' - found /sw/parallel/gnuparallel/20170122/rackham/bin/parallel
[21:08:10] Determined parallel version is 20170122 from 'GNU parallel 20170122'
[21:08:10] Looking for 'prodigal' - found /sw/apps/bioinfo/prodigal/2.6.3/rackham/bin/prodigal
[21:08:10] Determined prodigal version is 002006 from 'Prodigal V2.6.3: February, 2016'
[21:08:10] Looking for 'prokka-genbank_to_fasta_db' - found /sw/bioinfo/prokka/1.45-5b58020/rackham/bin/prokka-genbank_to_fasta_db
[21:08:10] Looking for 'sed' - found /usr/bin/sed
[21:08:10] Looking for 'signalp' - found /sw/bioinfo/SignalP/4.1f/rackham/signalp
[21:08:10] Determined signalp version is 004001 from '4.1 4785068'
[21:08:10] Looking for 'tbl2asn' - found /sw/bioinfo/tbl2asn/25.8/rackham/tbl2asn
[21:08:10] Determined tbl2asn version is 025008 from 'tbl2asn 25.8   arguments:'
[21:08:10] Using genetic code table 11.
[21:08:10] Loading and checking input file: bin.11.fa
[21:08:10] Wrote 537 contigs totalling 2362056 bp.
[21:08:10] Predicting tRNAs and tmRNAs
[21:08:10] Running: aragorn -l -gc11  -w \/home\/vinglis\/genome_analysis\/GenomeAnalysis\/analysis\/04_annotation\/D3_prokka_output\/bin\.11\.fa_prokka_out\/PROKKA_05232021\.fna
[21:08:11] 1 tRNA-Ser [4677,4762] 35 (tga)
[21:08:11] 1 tRNA-Met [3569,3643] 35 (cat)
[21:08:11] 1 tRNA-Trp c[3193,3267] 35 (cca)
[21:08:11] 1 tRNA-Arg [1171,1244] 34 (ccg)
[21:08:11] 1 tRNA-Phe [100,173] 34 (gaa)
[21:08:11] 1 tRNA-Asn [4183,4258] 34 (gtt)
[21:08:11] 2 tRNA-Met [4301,4375] 35 (cat)
[21:08:11] 1 tRNA-His c[1842,1917] 34 (gtg)
[21:08:11] 1 tRNA-Leu [6359,6433] 35 (caa)
[21:08:11] 1 tRNA-Gln c[25,97] 34 (ctg)
[21:08:11] 1 tRNA-Pro [1895,1970] 36 (ggg)
[21:08:11] 1 tRNA-Gln c[916,987] 33 (ttg)
[21:08:11] 1 tRNA-Leu c[1824,1900] 35 (tag)
[21:08:11] 1 tRNA-Pro c[2729,2804] 36 (cgg)
[21:08:12] 1 tRNA-Leu [4490,4574] 35 (cag)
[21:08:12] tRNA c[4129,4205] is a pseudo/wacky gene - skipping.
[21:08:12] 1 tRNA-Ala [31,107] 35 (tgc)
[21:08:12] 1 tRNA-Lys [1361,1435] 33 (ttt)
[21:08:12] 1 tRNA-Thr c[650,718] 29 (cgt)
[21:08:12] 2 tRNA-Thr c[3902,3977] 34 (cgt)
[21:08:12] 1 tRNA-Val [4578,4652] 35 (cac)
[21:08:12] 1 tRNA-Leu c[2242,2329] 35 (taa)
[21:08:12] 1 tRNA-Ala [1934,2009] 36 (ggc)
[21:08:12] 1 tRNA-Val [1364,1438] 35 (tac)
[21:08:12] 1 tRNA-Pro c[1781,1855] 35 (cgg)
[21:08:12] 1 tRNA-Ala c[1603,1676] 34 (cgc)
[21:08:12] 1 tRNA-Glu c[299,372] 35 (ctc)
[21:08:12] 2 tRNA-Gln c[452,526] 34 (ctg)
[21:08:12] 1 tRNA-Met c[146,220] 35 (cat)
[21:08:12] 2 tRNA-Thr c[274,347] 34 (ggt)
[21:08:12] 3 tRNA-Tyr c[2522,2607] 35 (gta)
[21:08:12] 1 tRNA-SeC [2414,2507] 36 (tca)
[21:08:12] 1 tRNA-Gly [327,402] 34 (gcc)
[21:08:12] 1 tRNA-Arg [1268,1342] 35 (cct)
[21:08:12] 1 tRNA-Ile c[1100,1176] 35 (gat)
[21:08:12] 1 tRNA-Arg [3666,3740] 34 (ccg)
[21:08:12] 1 tRNA-Leu [3489,3563] 35 (caa)
[21:08:12] Found 36 tRNAs
[21:08:12] Predicting Ribosomal RNAs
[21:08:12] Running Barrnap with 2 threads
[21:08:15] 1 k105_56585 2958 16S ribosomal RNA (partial)
[21:08:15] Found 1 rRNAs
[21:08:15] Skipping ncRNA search, enable with --rfam if desired.
[21:08:15] Total of 37 tRNA + rRNA features
[21:08:15] Searching for CRISPR repeats
[21:08:16] Found 0 CRISPRs
[21:08:16] Predicting coding sequences
[21:08:16] Contigs total 2362056 bp, so using meta mode
[21:08:16] Running: prodigal -i \/home\/vinglis\/genome_analysis\/GenomeAnalysis\/analysis\/04_annotation\/D3_prokka_output\/bin\.11\.fa_prokka_out\/PROKKA_05232021\.fna -c -m -g 11 -p meta -f sco -q
[21:08:19] Excluding CDS which overlaps existing RNA (tRNA) at k105_153777:170..1246 on - strand
[21:08:23] Excluding CDS which overlaps existing RNA (tRNA) at k105_113606:1737..1982 on - strand
[21:08:23] Excluding CDS which overlaps existing RNA (tRNA) at k105_102582:799..1035 on + strand
[21:08:25] Excluding CDS which overlaps existing RNA (tRNA) at k105_39453:374..709 on + strand
[21:08:26] Excluding CDS which overlaps existing RNA (tRNA) at k105_116289:447..2543 on + strand
[21:08:27] Excluding CDS which overlaps existing RNA (tRNA) at k105_138272:78..569 on - strand
[21:08:28] Excluding CDS which overlaps existing RNA (tRNA) at k105_148751:1262..1495 on - strand
[21:08:30] Found 2452 CDS
[21:08:30] Connecting features back to sequences
[21:08:30] Not using genus-specific database. Try --usegenus to enable it.
[21:08:30] Annotating CDS, please be patient.
[21:08:30] Will use 2 CPUs for similarity searching.
[21:08:31] There are still 2452 unannotated CDS left (started with 2452)
[21:08:31] Will use blast to search against /sw/bioinfo/prokka/1.45-5b58020/rackham/db/kingdom/Bacteria/IS with 2 CPUs
[21:08:31] Running: cat \/home\/vinglis\/genome_analysis\/GenomeAnalysis\/analysis\/04_annotation\/D3_prokka_output\/bin\.11\.fa_prokka_out\/PROKKA_05232021\.IS\.tmp\.63393\.faa | parallel --gnu --plain -j 2 --block 168542 --recstart '>' --pipe blastp -query - -db /sw/bioinfo/prokka/1.45-5b58020/rackham/db/kingdom/Bacteria/IS -evalue 1e-30 -qcov_hsp_perc 90 -num_threads 1 -num_descriptions 1 -num_alignments 1 -seg no > \/home\/vinglis\/genome_analysis\/GenomeAnalysis\/analysis\/04_annotation\/D3_prokka_output\/bin\.11\.fa_prokka_out\/PROKKA_05232021\.IS\.tmp\.63393\.blast 2> /dev/null
[21:09:27] Deleting unwanted file: /home/vinglis/genome_analysis/GenomeAnalysis/analysis/04_annotation/D3_prokka_output/bin.11.fa_prokka_out/PROKKA_05232021.IS.tmp.63393.faa
[21:09:27] Deleting unwanted file: /home/vinglis/genome_analysis/GenomeAnalysis/analysis/04_annotation/D3_prokka_output/bin.11.fa_prokka_out/PROKKA_05232021.IS.tmp.63393.blast
[21:09:28] There are still 2452 unannotated CDS left (started with 2452)
[21:09:28] Will use blast to search against /sw/bioinfo/prokka/1.45-5b58020/rackham/db/kingdom/Bacteria/AMR with 2 CPUs
[21:09:28] Running: cat \/home\/vinglis\/genome_analysis\/GenomeAnalysis\/analysis\/04_annotation\/D3_prokka_output\/bin\.11\.fa_prokka_out\/PROKKA_05232021\.AMR\.tmp\.63393\.faa | parallel --gnu --plain -j 2 --block 168542 --recstart '>' --pipe blastp -query - -db /sw/bioinfo/prokka/1.45-5b58020/rackham/db/kingdom/Bacteria/AMR -evalue 9.99999999999999e-301 -qcov_hsp_perc 90 -num_threads 1 -num_descriptions 1 -num_alignments 1 -seg no > \/home\/vinglis\/genome_analysis\/GenomeAnalysis\/analysis\/04_annotation\/D3_prokka_output\/bin\.11\.fa_prokka_out\/PROKKA_05232021\.AMR\.tmp\.63393\.blast 2> /dev/null
[21:10:14] Deleting unwanted file: /home/vinglis/genome_analysis/GenomeAnalysis/analysis/04_annotation/D3_prokka_output/bin.11.fa_prokka_out/PROKKA_05232021.AMR.tmp.63393.faa
[21:10:14] Deleting unwanted file: /home/vinglis/genome_analysis/GenomeAnalysis/analysis/04_annotation/D3_prokka_output/bin.11.fa_prokka_out/PROKKA_05232021.AMR.tmp.63393.blast
[21:10:15] There are still 2452 unannotated CDS left (started with 2452)
[21:10:15] Will use blast to search against /sw/bioinfo/prokka/1.45-5b58020/rackham/db/kingdom/Bacteria/sprot with 2 CPUs
[21:10:15] Running: cat \/home\/vinglis\/genome_analysis\/GenomeAnalysis\/analysis\/04_annotation\/D3_prokka_output\/bin\.11\.fa_prokka_out\/PROKKA_05232021\.sprot\.tmp\.63393\.faa | parallel --gnu --plain -j 2 --block 168542 --recstart '>' --pipe blastp -query - -db /sw/bioinfo/prokka/1.45-5b58020/rackham/db/kingdom/Bacteria/sprot -evalue 1e-09 -qcov_hsp_perc 80 -num_threads 1 -num_descriptions 1 -num_alignments 1 -seg no > \/home\/vinglis\/genome_analysis\/GenomeAnalysis\/analysis\/04_annotation\/D3_prokka_output\/bin\.11\.fa_prokka_out\/PROKKA_05232021\.sprot\.tmp\.63393\.blast 2> /dev/null
[21:14:26] Modify product: Uncharacterized HTH-type transcriptional regulator Rv0474 => putative HTH-type transcriptional regulator
[21:14:26] Modify product: Uncharacterized inner membrane transporter YedA => putative inner membrane transporter YedA
[21:14:26] Modify product: Uncharacterized oxidoreductase Rv2073c => putative oxidoreductase
[21:14:26] Modify product: Uncharacterized peptidase SA1530 => putative peptidase
[21:14:26] Modify product: Putative diacyglycerol O-acyltransferase Rv2484c => Putative diacyglycerol O-acyltransferase
[21:14:26] Modify product: Probable transcriptional regulatory protein MSMEG_2940/MSMEI_2866 => putative transcriptional regulatory protein/MSMEI_2866
[21:14:26] Modify product: Uncharacterized RNA pseudouridine synthase Rv1540 => putative RNA pseudouridine synthase
[21:14:26] Modify product: Probable enoyl-CoA hydratase echA8 => putative enoyl-CoA hydratase echA8
[21:14:26] Modify product: Uncharacterized protein YlbL => putative protein YlbL
[21:14:26] Modify product: Probable N-succinyldiaminopimelate aminotransferase DapC => putative N-succinyldiaminopimelate aminotransferase DapC
[21:14:26] Modify product: Uncharacterized protein Rv3400 => putative protein
[21:14:26] Modify product: Putative short-chain type dehydrogenase/reductase Rv0148 => Putative short-chain type dehydrogenase/reductase
[21:14:26] Modify product: Probable enoyl-CoA hydratase echA8 => putative enoyl-CoA hydratase echA8
[21:14:26] Modify product: Probable 8-oxo-dGTP diphosphatase 1 => putative 8-oxo-dGTP diphosphatase 1
[21:14:26] Modify product: Probable enoyl-CoA hydratase echA14 => putative enoyl-CoA hydratase echA14
[21:14:26] Modify product: Probable acetyl-CoA acetyltransferase => putative acetyl-CoA acetyltransferase
[21:14:26] Modify product: Phosphorylated carbohydrates phosphatase TM_1254 => Phosphorylated carbohydrates phosphatase
[21:14:26] Modify product: Uncharacterized protein Rv2286c => putative protein
[21:14:26] Modify product: Probable helicase HelY => putative helicase HelY
[21:14:26] Modify product: UPF0053 protein Rv1842c => hypothetical protein
[21:14:26] Modify product: UPF0053 protein Rv1842c => hypothetical protein
[21:14:26] Modify product: Putative heme-dependent peroxidase SA0544 => Putative heme-dependent peroxidase
[21:14:26] Modify product: Probable S-adenosylmethionine-dependent methyltransferase MSMEG_2350/MSMEI_2290 => putative S-adenosylmethionine-dependent methyltransferase/MSMEI_2290
[21:14:26] Modify product: Probable 1,4-alpha-glucan branching enzyme Rv3031 => putative 1,4-alpha-glucan branching enzyme
[21:14:26] Modify product: Uncharacterized protein Rv0106 => putative protein
[21:14:26] Modify product: Probable sensor histidine kinase pdtaS => putative sensor histidine kinase pdtaS
[21:14:26] Modify product: Probable aminotransferase Rv3329 => putative aminotransferase
[21:14:26] Modify product: Probable fatty acid methyltransferase Rv3720 => putative fatty acid methyltransferase
[21:14:26] Modify product: Probable 2,4-dienoyl-CoA reductase => putative 2,4-dienoyl-CoA reductase
[21:14:26] Modify product: Uncharacterized ABC transporter ATP-binding protein YbiT => putative ABC transporter ATP-binding protein YbiT
[21:14:26] Modify product: Uncharacterized protein Rv0495c => putative protein
[21:14:26] Modify product: Uncharacterized protein Rv1480 => putative protein
[21:14:26] Modify product: NADH dehydrogenase-like protein SAOUHSC_00878 => NADH dehydrogenase-like protein
[21:14:26] Modify product: Putative glutaredoxin Rv3198.1 => Putative glutaredoxin.1
[21:14:26] Modify product: Probable fatty acyl-CoA transferase Rv3272 => putative fatty acyl-CoA transferase
[21:14:26] Modify product: Uncharacterized protein Rv0501 => putative protein
[21:14:26] Modify product: Uncharacterized protein Rv0498 => putative protein
[21:14:27] Modify product: Probable transcriptional regulatory protein Rv2603c => putative transcriptional regulatory protein
[21:14:27] Modify product: Uncharacterized oxidoreductase Rv1144 => putative oxidoreductase
[21:14:27] Modify product: Probable xanthine dehydrogenase subunit D => putative xanthine dehydrogenase subunit D
[21:14:27] Modify product: Uncharacterized HTH-type transcriptional regulator Rv3095 => putative HTH-type transcriptional regulator
[21:14:27] Modify product: Uncharacterized protein Rv1324 => putative protein
[21:14:27] Modify product: Probable N-succinyldiaminopimelate aminotransferase DapC => putative N-succinyldiaminopimelate aminotransferase DapC
[21:14:27] Modify product: Thioredoxin-like reductase Rv2466c => Thioredoxin-like reductase
[21:14:27] Modify product: Putative conjugal transfer protein Rv3659c => Putative conjugal transfer protein
[21:14:27] Modify product: Uncharacterized protein Rv0877 => putative protein
[21:14:27] Modify product: Probable transcriptional regulatory protein pdtaR => putative transcriptional regulatory protein pdtaR
[21:14:27] Modify product: Putative Rieske 2Fe-2S iron-sulfur protein MSMEG_6410/MSMEI_6242 => Putative Rieske 2Fe-2S iron-sulfur protein/MSMEI_6242
[21:14:27] Modify product: Uncharacterized protein YisK => putative protein YisK
[21:14:27] Modify product: Probable cardiolipin synthase YwiE => putative cardiolipin synthase YwiE
[21:14:27] Modify product: Uncharacterized protein SAV1875 => putative protein
[21:14:27] Modify product: Putative multidrug export ATP-binding/permease protein SAV1866 => Putative multidrug export ATP-binding/permease protein
[21:14:27] Modify product: Putative multidrug export ATP-binding/permease protein SAV1866 => Putative multidrug export ATP-binding/permease protein
[21:14:27] Modify product: Uncharacterized protein YfgD => putative protein YfgD
[21:14:27] Modify product: Uncharacterized protein Rv2581c => putative protein
[21:14:27] Modify product: Probable cystine transporter YijE => putative cystine transporter YijE
[21:14:27] Modify product: Uncharacterized protein Rv0495c => putative protein
[21:14:27] Modify product: Uncharacterized transporter Rv1999c => putative transporter
[21:14:27] Modify product: Probable chromosome-partitioning protein ParB => putative chromosome-partitioning protein ParB
[21:14:27] Modify product: UPF0301 protein Rv0038 => hypothetical protein
[21:14:27] Modify product: F420H(2)-dependent quinone reductase Rv1558 => F420H(2)-dependent quinone reductase
[21:14:27] Modify product: Prophage bactoprenol glucosyl transferase homolog => Prophage bactoprenol glucosyl transferase 
[21:14:27] Modify product: Putative coenzyme F420-dependent oxidoreductase Rv3520c => Putative coenzyme F420-dependent oxidoreductase
[21:14:27] Modify product: Probable peptidoglycan glycosyltransferase FtsW => putative peptidoglycan glycosyltransferase FtsW
[21:14:27] Modify product: Uncharacterized protein Rv2913c => putative protein
[21:14:27] Modify product: Probable iron export permease protein FetB => putative iron export permease protein FetB
[21:14:27] Modify product: Uncharacterized protein YisK => putative protein YisK
[21:14:27] Modify product: Putative acyltransferase Rv0859 => Putative acyltransferase
[21:14:27] Modify product: Phosphate-specific transport system accessory protein PhoU homolog 2 => Phosphate-specific transport system accessory protein PhoU 
[21:14:27] Modify product: Putative HTH-type transcriptional regulator Rv1287 => Putative HTH-type transcriptional regulator
[21:14:27] Modify product: Uncharacterized FAD-linked oxidoreductase Rv2280 => putative FAD-linked oxidoreductase
[21:14:27] Modify product: Uncharacterized FtsW-like protein => putative FtsW-like protein
[21:14:27] Modify product: Putative multidrug export ATP-binding/permease protein SAV1866 => Putative multidrug export ATP-binding/permease protein
[21:14:27] Modify product: Bifunctional protein FolD => Bifunctional protein FolD protein
[21:14:27] Modify product: Probable butyrate:acetyl-CoA coenzyme A-transferase => putative butyrate:acetyl-CoA coenzyme A-transferase
[21:14:27] Modify product: Probable propionyl-CoA carboxylase beta chain 5 => putative propionyl-CoA carboxylase beta chain 5
[21:14:27] Modify product: Segregation and condensation protein B homolog => Segregation and condensation protein B 
[21:14:27] Modify product: Uncharacterized protein Rv1708 => putative protein
[21:14:27] Modify product: Uncharacterized protein MRA_2757 => putative protein
[21:14:27] Modify product: Probable glycerol-3-phosphate dehydrogenase 2 [NAD(P)+] => putative glycerol-3-phosphate dehydrogenase 2 [NAD(P)+]
[21:14:27] Modify product: Probable nicotinate-nucleotide adenylyltransferase => putative nicotinate-nucleotide adenylyltransferase
[21:14:27] Modify product: Putative transport protein Rv0205 => Putative transport protein
[21:14:27] Modify product: Probable propionyl-CoA carboxylase beta chain 5 => putative propionyl-CoA carboxylase beta chain 5
[21:14:27] Modify product: Bifunctional protein FolD => Bifunctional protein FolD protein
[21:14:27] Modify product: Uncharacterized AAA domain-containing protein Rv2559c => putative AAA domain-containing protein
[21:14:27] Modify product: Uncharacterized protein Rv2926c => putative protein
[21:14:27] Modify product: Probable ATP-dependent helicase DinG homolog => putative ATP-dependent helicase DinG 
[21:14:27] Modify product: Probable ketoamine kinase HMPREF0351_12196 => putative ketoamine kinase
[21:14:27] Modify product: Putative cystathionine beta-synthase Rv1077 => Putative cystathionine beta-synthase
[21:14:27] Modify product: Uncharacterized protein YxeI => putative protein YxeI
[21:14:27] Modify product: Uncharacterized HTH-type transcriptional regulator Rv1828 => putative HTH-type transcriptional regulator
[21:14:27] Modify product: Uncharacterized protein Rv1829 => putative protein
[21:14:27] Modify product: Probable iron-sulfur-binding oxidoreductase FadF => putative iron-sulfur-binding oxidoreductase FadF
[21:14:27] Modify product: Putative transport protein Rv0205 => Putative transport protein
[21:14:28] Modify product: Probable cell division protein WhiA => putative cell division protein WhiA
[21:14:28] Modify product: Nucleotide-binding protein Rv1421 => Nucleotide-binding protein
[21:14:28] Modify product: Uncharacterized oxidoreductase MSMEG_2408/MSMEI_2347 => putative oxidoreductase/MSMEI_2347
[21:14:28] Modify product: Uncharacterized protein Rv0959 => putative protein
[21:14:28] Modify product: Probable M18 family aminopeptidase 2 => putative M18 family aminopeptidase 2
[21:14:28] Modify product: Putative coenzyme F420-dependent oxidoreductase Rv3520c => Putative coenzyme F420-dependent oxidoreductase
[21:14:28] Modify product: Probable D,D-dipeptide-binding periplasmic protein DdpA => putative D,D-dipeptide-binding periplasmic protein DdpA
[21:14:28] Modify product: Uncharacterized oxidoreductase MSMEG_1603/MSMEI_1564 => putative oxidoreductase/MSMEI_1564
[21:14:28] Modify product: Multidrug efflux system ATP-binding protein Rv1218c => Multidrug efflux system ATP-binding protein
[21:14:28] Modify product: Putative methyltransferase Rv1407 => Putative methyltransferase
[21:14:28] Modify product: Probable primosomal protein N' => putative primosomal protein N'
[21:14:28] Modify product: UPF0234 protein MSMEG_1165/MSMEI_1134 => hypothetical protein
[21:14:28] Modify product: UPF0324 inner membrane protein YeiH => hypothetical protein
[21:14:28] Modify product: Protease HtpX homolog => Protease HtpX 
[21:14:28] Modify product: Uncharacterized FAD-linked oxidoreductase Rv2280 => putative FAD-linked oxidoreductase
[21:14:28] Modify product: Uncharacterized protein Rv0441c => putative protein
[21:14:28] Modify product: UPF0126 inner membrane protein YadS => hypothetical protein
[21:14:28] Modify product: Uncharacterized protein Rv1342c => putative protein
[21:14:28] Modify product: Nucleotide-binding protein Rv1421 => Nucleotide-binding protein
[21:14:28] Modify product: Probable copper-exporting P-type ATPase V => putative copper-exporting P-type ATPase V
[21:14:28] Modify product: Probable enoyl-CoA hydratase echA6 => putative enoyl-CoA hydratase echA6
[21:14:28] Modify product: Uncharacterized ABC transporter ATP-binding protein YknY => putative ABC transporter ATP-binding protein YknY
[21:14:28] Modify product: Probable transcriptional regulatory protein TcrX => putative transcriptional regulatory protein TcrX
[21:14:28] Modify product: Uncharacterized protein Rv0501 => putative protein
[21:14:28] Modify product: Uncharacterized protein Rv0495c => putative protein
[21:14:28] Modify product: Putative monooxygenase Rv1533 => Putative monooxygenase
[21:14:28] Modify product: Uncharacterized protein Rv1360 => putative protein
[21:14:28] Modify product: Uncharacterized ABC transporter ATP-binding protein TM_0288 => putative ABC transporter ATP-binding protein
[21:14:28] Modify product: Uncharacterized HTH-type transcriptional regulator Rv3095 => putative HTH-type transcriptional regulator
[21:14:28] Modify product: Probable transcriptional regulatory protein pdtaR => putative transcriptional regulatory protein pdtaR
[21:14:28] Modify product: Putative coenzyme F420-dependent oxidoreductase Rv3520c => Putative coenzyme F420-dependent oxidoreductase
[21:14:28] Modify product: UPF0678 fatty acid-binding protein-like protein Rv2717c => hypothetical protein
[21:14:28] Modify product: Putative 2-hydroxyacid dehydrogenase SA2098 => Putative 2-hydroxyacid dehydrogenase
[21:14:28] Modify product: Putative coenzyme F420-dependent oxidoreductase Rv3520c => Putative coenzyme F420-dependent oxidoreductase
[21:14:28] Cleaned 128 /product names
[21:14:28] Deleting unwanted file: /home/vinglis/genome_analysis/GenomeAnalysis/analysis/04_annotation/D3_prokka_output/bin.11.fa_prokka_out/PROKKA_05232021.sprot.tmp.63393.faa
[21:14:28] Deleting unwanted file: /home/vinglis/genome_analysis/GenomeAnalysis/analysis/04_annotation/D3_prokka_output/bin.11.fa_prokka_out/PROKKA_05232021.sprot.tmp.63393.blast
[21:14:29] There are still 1416 unannotated CDS left (started with 2452)
[21:14:29] Will use hmmer3 to search against /sw/bioinfo/prokka/1.45-5b58020/rackham/db/hmm/HAMAP.hmm with 2 CPUs
[21:14:29] Running: cat \/home\/vinglis\/genome_analysis\/GenomeAnalysis\/analysis\/04_annotation\/D3_prokka_output\/bin\.11\.fa_prokka_out\/PROKKA_05232021\.HAMAP\.hmm\.tmp\.63393\.faa | parallel --gnu --plain -j 2 --block 83178 --recstart '>' --pipe hmmscan --noali --notextw --acc -E 1e-09 --cpu 1 /sw/bioinfo/prokka/1.45-5b58020/rackham/db/hmm/HAMAP.hmm /dev/stdin > \/home\/vinglis\/genome_analysis\/GenomeAnalysis\/analysis\/04_annotation\/D3_prokka_output\/bin\.11\.fa_prokka_out\/PROKKA_05232021\.HAMAP\.hmm\.tmp\.63393\.hmmer3 2> /dev/null
[21:16:34] Modify product: Uncharacterized Nudix hydrolase NudL => putative Nudix hydrolase NudL
[21:16:34] Modify product: Uncharacterized Nudix hydrolase NudL => putative Nudix hydrolase NudL
[21:16:34] Cleaned 2 /product names
[21:16:34] Deleting unwanted file: /home/vinglis/genome_analysis/GenomeAnalysis/analysis/04_annotation/D3_prokka_output/bin.11.fa_prokka_out/PROKKA_05232021.HAMAP.hmm.tmp.63393.faa
[21:16:34] Deleting unwanted file: /home/vinglis/genome_analysis/GenomeAnalysis/analysis/04_annotation/D3_prokka_output/bin.11.fa_prokka_out/PROKKA_05232021.HAMAP.hmm.tmp.63393.hmmer3
[21:16:34] Labelling remaining 1227 proteins as 'hypothetical protein'
[21:16:34] Possible /pseudo 'Putative multidrug export ATP-binding/permease protein' at k105_101976 position 3165
[21:16:34] Possible /pseudo 'Trk system potassium uptake protein TrkA' at k105_148105 position 784
[21:16:34] Possible /pseudo 'ATP synthase subunit b' at k105_128088 position 1890
[21:16:34] Possible /pseudo 'Glutamine synthetase' at k105_118396 position 5932
[21:16:34] Found 846 unique /gene codes.
[21:16:34] Fixed 2 duplicate /gene - leuC_1 leuC_2
[21:16:34] Fixed 2 duplicate /gene - glyA_1 glyA_2
[21:16:34] Fixed 2 duplicate /gene - hisD_1 hisD_2
[21:16:34] Fixed 2 duplicate /gene - nucS_1 nucS_2
[21:16:34] Fixed 3 duplicate /gene - atpF_1 atpF_2 atpF_3
[21:16:34] Fixed 2 duplicate /gene - dnaE1_1 dnaE1_2
[21:16:34] Fixed 2 duplicate /gene - crt_1 crt_2
[21:16:34] Fixed 2 duplicate /gene - crtB_1 crtB_2
[21:16:34] Fixed 2 duplicate /gene - serC_1 serC_2
[21:16:34] Fixed 2 duplicate /gene - gsiD_1 gsiD_2
[21:16:34] Fixed 2 duplicate /gene - tagU_1 tagU_2
[21:16:34] Fixed 3 duplicate /gene - ald_1 ald_2 ald_3
[21:16:34] Fixed 2 duplicate /gene - purN_1 purN_2
[21:16:34] Fixed 7 duplicate /gene - iolG_1 iolG_2 iolG_3 iolG_4 iolG_5 iolG_6 iolG_7
[21:16:34] Fixed 2 duplicate /gene - hrdB_1 hrdB_2
[21:16:34] Fixed 3 duplicate /gene - lcfB_1 lcfB_2 lcfB_3
[21:16:34] Fixed 2 duplicate /gene - gap2_1 gap2_2
[21:16:34] Fixed 2 duplicate /gene - mraY_1 mraY_2
[21:16:34] Fixed 2 duplicate /gene - leuD_1 leuD_2
[21:16:34] Fixed 2 duplicate /gene - iolB_1 iolB_2
[21:16:34] Fixed 2 duplicate /gene - ndhI_1 ndhI_2
[21:16:34] Fixed 2 duplicate /gene - nrdR_1 nrdR_2
[21:16:34] Fixed 2 duplicate /gene - pdhC_1 pdhC_2
[21:16:34] Fixed 2 duplicate /gene - carC_1 carC_2
[21:16:34] Fixed 2 duplicate /gene - pbpB_1 pbpB_2
[21:16:34] Fixed 2 duplicate /gene - cytR_1 cytR_2
[21:16:34] Fixed 2 duplicate /gene - cysQ_1 cysQ_2
[21:16:34] Fixed 2 duplicate /gene - frr_1 frr_2
[21:16:34] Fixed 2 duplicate /gene - bauC_1 bauC_2
[21:16:34] Fixed 8 duplicate /gene - menH_1 menH_2 menH_3 menH_4 menH_5 menH_6 menH_7 menH_8
[21:16:34] Fixed 2 duplicate /gene - mfd_1 mfd_2
[21:16:34] Fixed 2 duplicate /gene - pheS_1 pheS_2
[21:16:34] Fixed 2 duplicate /gene - lon_1 lon_2
[21:16:34] Fixed 2 duplicate /gene - groS_1 groS_2
[21:16:34] Fixed 2 duplicate /gene - nadE_1 nadE_2
[21:16:34] Fixed 2 duplicate /gene - dagK_1 dagK_2
[21:16:34] Fixed 2 duplicate /gene - lgt_1 lgt_2
[21:16:34] Fixed 2 duplicate /gene - nudL_1 nudL_2
[21:16:34] Fixed 2 duplicate /gene - argH_1 argH_2
[21:16:34] Fixed 2 duplicate /gene - mreB_1 mreB_2
[21:16:34] Fixed 2 duplicate /gene - fusA_1 fusA_2
[21:16:34] Fixed 2 duplicate /gene - rplM_1 rplM_2
[21:16:34] Fixed 2 duplicate /gene - radA_1 radA_2
[21:16:34] Fixed 3 duplicate /gene - pspA_1 pspA_2 pspA_3
[21:16:34] Fixed 3 duplicate /gene - modC_1 modC_2 modC_3
[21:16:34] Fixed 4 duplicate /gene - cutL_1 cutL_2 cutL_3 cutL_4
[21:16:34] Fixed 2 duplicate /gene - mcbR_1 mcbR_2
[21:16:34] Fixed 8 duplicate /gene - fgd_1 fgd_2 fgd_3 fgd_4 fgd_5 fgd_6 fgd_7 fgd_8
[21:16:34] Fixed 2 duplicate /gene - dtd_1 dtd_2
[21:16:34] Fixed 2 duplicate /gene - gcvT_1 gcvT_2
[21:16:34] Fixed 2 duplicate /gene - plsY_1 plsY_2
[21:16:34] Fixed 2 duplicate /gene - smpB_1 smpB_2
[21:16:34] Fixed 2 duplicate /gene - cutS_1 cutS_2
[21:16:34] Fixed 2 duplicate /gene - ecm_1 ecm_2
[21:16:34] Fixed 3 duplicate /gene - ideR_1 ideR_2 ideR_3
[21:16:34] Fixed 2 duplicate /gene - atpC_1 atpC_2
[21:16:34] Fixed 2 duplicate /gene - prfA_1 prfA_2
[21:16:34] Fixed 2 duplicate /gene - mftE_1 mftE_2
[21:16:34] Fixed 2 duplicate /gene - dnaJ_1 dnaJ_2
[21:16:34] Fixed 2 duplicate /gene - mutM_1 mutM_2
[21:16:34] Fixed 2 duplicate /gene - atpG_1 atpG_2
[21:16:34] Fixed 2 duplicate /gene - tsaD_1 tsaD_2
[21:16:34] Fixed 2 duplicate /gene - murE_1 murE_2
[21:16:34] Fixed 3 duplicate /gene - atpB_1 atpB_2 atpB_3
[21:16:34] Fixed 2 duplicate /gene - asd_1 asd_2
[21:16:34] Fixed 2 duplicate /gene - rho_1 rho_2
[21:16:34] Fixed 2 duplicate /gene - yisK_1 yisK_2
[21:16:34] Fixed 2 duplicate /gene - frcA_1 frcA_2
[21:16:34] Fixed 2 duplicate /gene - def_1 def_2
[21:16:34] Fixed 2 duplicate /gene - orn_1 orn_2
[21:16:34] Fixed 2 duplicate /gene - pyrG_1 pyrG_2
[21:16:34] Fixed 3 duplicate /gene - atpD_1 atpD_2 atpD_3
[21:16:34] Fixed 2 duplicate /gene - ribBA_1 ribBA_2
[21:16:34] Fixed 2 duplicate /gene - htpX_1 htpX_2
[21:16:34] Fixed 3 duplicate /gene - mntB_1 mntB_2 mntB_3
[21:16:34] Fixed 3 duplicate /gene - atpA_1 atpA_2 atpA_3
[21:16:34] Fixed 2 duplicate /gene - gpx1_1 gpx1_2
[21:16:34] Fixed 2 duplicate /gene - accD5_1 accD5_2
[21:16:34] Fixed 2 duplicate /gene - ftsH_1 ftsH_2
[21:16:34] Fixed 2 duplicate /gene - fmt_1 fmt_2
[21:16:34] Fixed 2 duplicate /gene - acpP_1 acpP_2
[21:16:34] Fixed 2 duplicate /gene - trpA_1 trpA_2
[21:16:34] Fixed 2 duplicate /gene - secA_1 secA_2
[21:16:34] Fixed 2 duplicate /gene - clpB_1 clpB_2
[21:16:34] Fixed 2 duplicate /gene - bacC_1 bacC_2
[21:16:34] Fixed 2 duplicate /gene - recF_1 recF_2
[21:16:34] Fixed 2 duplicate /gene - hisI_1 hisI_2
[21:16:34] Fixed 3 duplicate /gene - rcsC_1 rcsC_2 rcsC_3
[21:16:34] Fixed 3 duplicate /gene - scpA_1 scpA_2 scpA_3
[21:16:34] Fixed 2 duplicate /gene - etfA_1 etfA_2
[21:16:34] Fixed 2 duplicate /gene - fcl_1 fcl_2
[21:16:34] Fixed 3 duplicate /gene - atpH_1 atpH_2 atpH_3
[21:16:34] Fixed 2 duplicate /gene - livH_1 livH_2
[21:16:34] Fixed 2 duplicate /gene - pafC_1 pafC_2
[21:16:34] Fixed 2 duplicate /gene - ileS_1 ileS_2
[21:16:34] Fixed 2 duplicate /gene - modA_1 modA_2
[21:16:34] Fixed 2 duplicate /gene - cetB_1 cetB_2
[21:16:34] Fixed 2 duplicate /gene - metB_1 metB_2
[21:16:34] Fixed 3 duplicate /gene - trpB_1 trpB_2 trpB_3
[21:16:34] Fixed 2 duplicate /gene - lemA_1 lemA_2
[21:16:34] Fixed 2 duplicate /gene - cimA_1 cimA_2
[21:16:34] Fixed 2 duplicate /gene - ndhB_1 ndhB_2
[21:16:34] Fixed 2 duplicate /gene - yajO_1 yajO_2
[21:16:34] Fixed 2 duplicate /gene - ybaK_1 ybaK_2
[21:16:34] Fixed 2 duplicate /gene - pdtaR_1 pdtaR_2
[21:16:34] Fixed 2 duplicate /gene - dxr_1 dxr_2
[21:16:34] Fixed 2 duplicate /gene - ywlC_1 ywlC_2
[21:16:34] Fixed 2 duplicate /gene - btuF_1 btuF_2
[21:16:34] Fixed 2 duplicate /gene - mutY_1 mutY_2
[21:16:34] Fixed 2 duplicate /gene - sigR_1 sigR_2
[21:16:34] Fixed 3 duplicate /gene - sasA_1 sasA_2 sasA_3
[21:16:34] Fixed 2 duplicate /gene - ung_1 ung_2
[21:16:34] Fixed 2 duplicate /gene - ribH_1 ribH_2
[21:16:34] Fixed 2 duplicate /gene - rarD_1 rarD_2
[21:16:34] Fixed 2 duplicate /gene - hpcH_1 hpcH_2
[21:16:34] Fixed 2 duplicate /gene - nnr_1 nnr_2
[21:16:34] Fixed 2 duplicate /gene - iscS_1 iscS_2
[21:16:34] Fixed 7 duplicate /gene - btuD_1 btuD_2 btuD_3 btuD_4 btuD_5 btuD_6 btuD_7
[21:16:34] Fixed 2 duplicate /gene - rpsI_1 rpsI_2
[21:16:34] Fixed 2 duplicate /gene - COQ3_1 COQ3_2
[21:16:34] Fixed 2 duplicate /gene - smc_1 smc_2
[21:16:34] Fixed 2 duplicate /gene - scpB_1 scpB_2
[21:16:34] Fixed 3 duplicate /gene - fadD3_1 fadD3_2 fadD3_3
[21:16:34] Fixed 2 duplicate /gene - prmC_1 prmC_2
[21:16:34] Fixed 2 duplicate /gene - purF_1 purF_2
[21:16:34] Fixed 2 duplicate /gene - etfB_1 etfB_2
[21:16:34] Fixed 2 duplicate /gene - rpsL_1 rpsL_2
[21:16:34] Fixed 2 duplicate /gene - rnd_1 rnd_2
[21:16:34] Fixed 2 duplicate /gene - COQ5_1 COQ5_2
[21:16:34] Fixed 2 duplicate /gene - echA8_1 echA8_2
[21:16:34] Fixed 2 duplicate /gene - dapC_1 dapC_2
[21:16:34] Fixed 2 duplicate /gene - oleA_1 oleA_2
[21:16:34] Fixed 3 duplicate /gene - RBKS_1 RBKS_2 RBKS_3
[21:16:34] Fixed 2 duplicate /gene - rpoA_1 rpoA_2
[21:16:34] Fixed 2 duplicate /gene - crtA_1 crtA_2
[21:16:34] Fixed 2 duplicate /gene - rpsK_1 rpsK_2
[21:16:34] Fixed 2 duplicate /gene - rpmF_1 rpmF_2
[21:16:34] Fixed 2 duplicate /gene - dut_1 dut_2
[21:16:34] Fixed 2 duplicate /gene - araQ_1 araQ_2
[21:16:34] Fixed 3 duplicate /gene - trkA_1 trkA_2 trkA_3
[21:16:34] Fixed 2 duplicate /gene - menJ_1 menJ_2
[21:16:34] Fixed 2 duplicate /gene - glpE_1 glpE_2
[21:16:34] Fixed 2 duplicate /gene - ubiB_1 ubiB_2
[21:16:34] Fixed 2 duplicate /gene - ruvC_1 ruvC_2
[21:16:34] Fixed 4 duplicate /gene - gsiC_1 gsiC_2 gsiC_3 gsiC_4
[21:16:34] Fixed 2 duplicate /gene - zur_1 zur_2
[21:16:34] Fixed 2 duplicate /gene - fbiD_1 fbiD_2
[21:16:34] Fixed 2 duplicate /gene - tuf_1 tuf_2
[21:16:34] Fixed 3 duplicate /gene - tesB_1 tesB_2 tesB_3
[21:16:34] Fixed 2 duplicate /gene - tatA_1 tatA_2
[21:16:34] Fixed 3 duplicate /gene - mshA_1 mshA_2 mshA_3
[21:16:34] Fixed 2 duplicate /gene - ndk_1 ndk_2
[21:16:34] Fixed 3 duplicate /gene - cutM_1 cutM_2 cutM_3
[21:16:34] Fixed 2 duplicate /gene - linC_1 linC_2
[21:16:34] Fixed 2 duplicate /gene - sepF_1 sepF_2
[21:16:34] Fixed 2 duplicate /gene - folD_1 folD_2
[21:16:34] Fixed 2 duplicate /gene - ribD_1 ribD_2
[21:16:34] Fixed 2 duplicate /gene - lsrF_1 lsrF_2
[21:16:34] Fixed 2 duplicate /gene - recN_1 recN_2
[21:16:34] Fixed 2 duplicate /gene - lexA_1 lexA_2
[21:16:34] Fixed 2 duplicate /gene - xylB_1 xylB_2
[21:16:34] Fixed 3 duplicate /gene - priA_1 priA_2 priA_3
[21:16:34] Fixed 2 duplicate /gene - galE_1 galE_2
[21:16:34] Fixed 2 duplicate /gene - gltX_1 gltX_2
[21:16:34] Fixed 2 duplicate /gene - rsgA_1 rsgA_2
[21:16:34] Fixed 5 duplicate /gene - fabG_1 fabG_2 fabG_3 fabG_4 fabG_5
[21:16:34] Fixed 2 duplicate /gene - gpr_1 gpr_2
[21:16:34] Fixed 2 duplicate /gene - pgi_1 pgi_2
[21:16:34] Fixed 2 duplicate /gene - gatA_1 gatA_2
[21:16:34] Fixed 2 duplicate /gene - tatC_1 tatC_2
[21:16:34] Fixed 2 duplicate /gene - regX3_1 regX3_2
[21:16:34] Fixed 3 duplicate /gene - dinB_1 dinB_2 dinB_3
[21:16:34] Fixed 2 duplicate /gene - carB_1 carB_2
[21:16:34] Fixed 2 duplicate /gene - livF_1 livF_2
[21:16:34] Fixed 2 duplicate /gene - ccr_1 ccr_2
[21:16:34] Fixed 2 duplicate /gene - slmA_1 slmA_2
[21:16:34] Fixed 2 duplicate /gene - xylA_1 xylA_2
[21:16:34] Fixed 2 duplicate /gene - rpsT_1 rpsT_2
[21:16:34] Fixed 2 duplicate /gene - gmk_1 gmk_2
[21:16:34] Fixed 2 duplicate /gene - glmM_1 glmM_2
[21:16:34] Fixed 3 duplicate /gene - whiB_1 whiB_2 whiB_3
[21:16:34] Fixed 181 colliding /gene names.
[21:16:34] Adding /locus_tag identifiers
[21:16:34] Assigned 2489 locus_tags to CDS and RNA features.
[21:16:34] Writing outputs to /home/vinglis/genome_analysis/GenomeAnalysis/analysis/04_annotation/D3_prokka_output/bin.11.fa_prokka_out/
[21:16:36] Generating annotation statistics file
[21:16:36] Generating Genbank and Sequin files
[21:16:36] Running: tbl2asn -V b -a r10k -l paired-ends -M n -N 1 -y 'Annotated using prokka 1.14.6 from https://github.com/tseemann/prokka' -Z \/home\/vinglis\/genome_analysis\/GenomeAnalysis\/analysis\/04_annotation\/D3_prokka_output\/bin\.11\.fa_prokka_out\/PROKKA_05232021\.err -i \/home\/vinglis\/genome_analysis\/GenomeAnalysis\/analysis\/04_annotation\/D3_prokka_output\/bin\.11\.fa_prokka_out\/PROKKA_05232021\.fsa 2> /dev/null
[21:16:42] Deleting unwanted file: /home/vinglis/genome_analysis/GenomeAnalysis/analysis/04_annotation/D3_prokka_output/bin.11.fa_prokka_out/errorsummary.val
[21:16:42] Deleting unwanted file: /home/vinglis/genome_analysis/GenomeAnalysis/analysis/04_annotation/D3_prokka_output/bin.11.fa_prokka_out/PROKKA_05232021.dr
[21:16:42] Deleting unwanted file: /home/vinglis/genome_analysis/GenomeAnalysis/analysis/04_annotation/D3_prokka_output/bin.11.fa_prokka_out/PROKKA_05232021.fixedproducts
[21:16:42] Deleting unwanted file: /home/vinglis/genome_analysis/GenomeAnalysis/analysis/04_annotation/D3_prokka_output/bin.11.fa_prokka_out/PROKKA_05232021.ecn
[21:16:42] Deleting unwanted file: /home/vinglis/genome_analysis/GenomeAnalysis/analysis/04_annotation/D3_prokka_output/bin.11.fa_prokka_out/PROKKA_05232021.val
[21:16:42] Repairing broken .GBK output that tbl2asn produces...
[21:16:42] Running: sed 's/COORDINATES: profile/COORDINATES:profile/' < \/home\/vinglis\/genome_analysis\/GenomeAnalysis\/analysis\/04_annotation\/D3_prokka_output\/bin\.11\.fa_prokka_out\/PROKKA_05232021\.gbf > \/home\/vinglis\/genome_analysis\/GenomeAnalysis\/analysis\/04_annotation\/D3_prokka_output\/bin\.11\.fa_prokka_out\/PROKKA_05232021\.gbk
[21:16:42] Deleting unwanted file: /home/vinglis/genome_analysis/GenomeAnalysis/analysis/04_annotation/D3_prokka_output/bin.11.fa_prokka_out/PROKKA_05232021.gbf
[21:16:42] Output files:
[21:16:42] /home/vinglis/genome_analysis/GenomeAnalysis/analysis/04_annotation/D3_prokka_output/bin.11.fa_prokka_out/PROKKA_05232021.log
[21:16:42] /home/vinglis/genome_analysis/GenomeAnalysis/analysis/04_annotation/D3_prokka_output/bin.11.fa_prokka_out/PROKKA_05232021.fna
[21:16:42] /home/vinglis/genome_analysis/GenomeAnalysis/analysis/04_annotation/D3_prokka_output/bin.11.fa_prokka_out/PROKKA_05232021.gff
[21:16:42] /home/vinglis/genome_analysis/GenomeAnalysis/analysis/04_annotation/D3_prokka_output/bin.11.fa_prokka_out/PROKKA_05232021.faa
[21:16:42] /home/vinglis/genome_analysis/GenomeAnalysis/analysis/04_annotation/D3_prokka_output/bin.11.fa_prokka_out/PROKKA_05232021.ffn
[21:16:42] /home/vinglis/genome_analysis/GenomeAnalysis/analysis/04_annotation/D3_prokka_output/bin.11.fa_prokka_out/PROKKA_05232021.tbl
[21:16:42] /home/vinglis/genome_analysis/GenomeAnalysis/analysis/04_annotation/D3_prokka_output/bin.11.fa_prokka_out/PROKKA_05232021.fsa
[21:16:42] /home/vinglis/genome_analysis/GenomeAnalysis/analysis/04_annotation/D3_prokka_output/bin.11.fa_prokka_out/PROKKA_05232021.tsv
[21:16:42] /home/vinglis/genome_analysis/GenomeAnalysis/analysis/04_annotation/D3_prokka_output/bin.11.fa_prokka_out/PROKKA_05232021.txt
[21:16:42] /home/vinglis/genome_analysis/GenomeAnalysis/analysis/04_annotation/D3_prokka_output/bin.11.fa_prokka_out/PROKKA_05232021.gbk
[21:16:42] /home/vinglis/genome_analysis/GenomeAnalysis/analysis/04_annotation/D3_prokka_output/bin.11.fa_prokka_out/PROKKA_05232021.sqn
[21:16:42] /home/vinglis/genome_analysis/GenomeAnalysis/analysis/04_annotation/D3_prokka_output/bin.11.fa_prokka_out/PROKKA_05232021.err
[21:16:42] Annotation finished successfully.
[21:16:42] Walltime used: 8.57 minutes
[21:16:42] If you use this result please cite the Prokka paper:
[21:16:42] Seemann T (2014) Prokka: rapid prokaryotic genome annotation. Bioinformatics. 30(14):2068-9.
[21:16:42] Type 'prokka --citation' for more details.
[21:16:42] Thank you, come again.
