[20:50:45] This is prokka 1.14.6
[20:50:45] Written by Torsten Seemann <torsten.seemann@gmail.com>
[20:50:45] Homepage is https://github.com/tseemann/prokka
[20:50:45] Local time is Sun May 23 20:50:45 2021
[20:50:45] You are vinglis
[20:50:45] Operating system is linux
[20:50:45] You have BioPerl 1.007001
[20:50:45] System has 16 cores.
[20:50:45] Will use maximum of 2 cores.
[20:50:45] Annotating as >>> Bacteria <<<
[20:50:45] Generating locus_tag from 'bin.9.fa' contents.
[20:50:45] Setting --locustag OFNEJNIJ from MD5 8f7e372398b9eb1158cd270cede3359b
[20:50:45] Creating new output folder: /home/vinglis/genome_analysis/GenomeAnalysis/analysis/04_annotation/D1_prokka_output/bin.9.fa_prokka_out
[20:50:45] Running: mkdir -p \/home\/vinglis\/genome_analysis\/GenomeAnalysis\/analysis\/04_annotation\/D1_prokka_output\/bin\.9\.fa_prokka_out
[20:50:45] Using filename prefix: PROKKA_05232021.XXX
[20:50:45] Setting HMMER_NCPU=1
[20:50:45] Writing log to: /home/vinglis/genome_analysis/GenomeAnalysis/analysis/04_annotation/D1_prokka_output/bin.9.fa_prokka_out/PROKKA_05232021.log
[20:50:45] Command: /sw/bioinfo/prokka/1.45-5b58020/rackham/bin/prokka --outdir /home/vinglis/genome_analysis/GenomeAnalysis/analysis/04_annotation/D1_prokka_output/bin.9.fa_prokka_out --metagenome --cpus 2 bin.9.fa
[20:50:45] Appending to PATH: /sw/bioinfo/prokka/1.45-5b58020/rackham/bin/../binaries/linux
[20:50:45] Appending to PATH: /sw/bioinfo/prokka/1.45-5b58020/rackham/bin/../binaries/linux/../common
[20:50:45] Appending to PATH: /sw/bioinfo/prokka/1.45-5b58020/rackham/bin
[20:50:45] Looking for 'aragorn' - found /sw/bioinfo/prokka/1.45-5b58020/rackham/bin/../binaries/linux/aragorn
[20:50:45] Determined aragorn version is 001002 from 'ARAGORN v1.2.38 Dean Laslett'
[20:50:45] Looking for 'barrnap' - found /sw/bioinfo/barrnap/0.8/rackham/bin/barrnap
[20:50:45] Determined barrnap version is 000008 from 'barrnap 0.8'
[20:50:45] Looking for 'blastp' - found /sw/bioinfo/blast/2.11.0+/rackham/bin/blastp
[20:50:46] Determined blastp version is 002011 from 'blastp: 2.11.0+'
[20:50:46] Looking for 'cmpress' - found /sw/bioinfo/prokka/1.45-5b58020/rackham/bin/../binaries/linux/cmpress
[20:50:46] Determined cmpress version is 001001 from '# INFERNAL 1.1.2 (July 2016)'
[20:50:46] Looking for 'cmscan' - found /sw/bioinfo/prokka/1.45-5b58020/rackham/bin/../binaries/linux/cmscan
[20:50:46] Determined cmscan version is 001001 from '# INFERNAL 1.1.2 (July 2016)'
[20:50:46] Looking for 'egrep' - found /usr/bin/egrep
[20:50:46] Looking for 'find' - found /usr/bin/find
[20:50:46] Looking for 'grep' - found /usr/bin/grep
[20:50:46] Looking for 'hmmpress' - found /sw/apps/bioinfo/hmmer/3.1b2/rackham/bin/hmmpress
[20:50:46] Determined hmmpress version is 003001 from '# HMMER 3.1b2 (February 2015); http://hmmer.org/'
[20:50:46] Looking for 'hmmscan' - found /sw/apps/bioinfo/hmmer/3.1b2/rackham/bin/hmmscan
[20:50:46] Determined hmmscan version is 003001 from '# HMMER 3.1b2 (February 2015); http://hmmer.org/'
[20:50:46] Looking for 'java' - found /usr/bin/java
[20:50:46] Looking for 'makeblastdb' - found /sw/bioinfo/blast/2.11.0+/rackham/bin/makeblastdb
[20:50:46] Determined makeblastdb version is 002011 from 'makeblastdb: 2.11.0+'
[20:50:46] Looking for 'minced' - found /sw/apps/bioinfo/minced/0.2.0/rackham/minced
[20:50:46] Determined minced version is 002000 from 'minced 0.2.0'
[20:50:46] Looking for 'parallel' - found /sw/parallel/gnuparallel/20170122/rackham/bin/parallel
[20:50:47] Determined parallel version is 20170122 from 'GNU parallel 20170122'
[20:50:47] Looking for 'prodigal' - found /sw/apps/bioinfo/prodigal/2.6.3/rackham/bin/prodigal
[20:50:47] Determined prodigal version is 002006 from 'Prodigal V2.6.3: February, 2016'
[20:50:47] Looking for 'prokka-genbank_to_fasta_db' - found /sw/bioinfo/prokka/1.45-5b58020/rackham/bin/prokka-genbank_to_fasta_db
[20:50:47] Looking for 'sed' - found /usr/bin/sed
[20:50:47] Looking for 'signalp' - found /sw/bioinfo/SignalP/4.1f/rackham/signalp
[20:50:47] Determined signalp version is 004001 from '4.1 4785068'
[20:50:47] Looking for 'tbl2asn' - found /sw/bioinfo/tbl2asn/25.8/rackham/tbl2asn
[20:50:47] Determined tbl2asn version is 025008 from 'tbl2asn 25.8   arguments:'
[20:50:47] Using genetic code table 11.
[20:50:47] Loading and checking input file: bin.9.fa
[20:50:47] Wrote 221 contigs totalling 912610 bp.
[20:50:47] Predicting tRNAs and tmRNAs
[20:50:47] Running: aragorn -l -gc11  -w \/home\/vinglis\/genome_analysis\/GenomeAnalysis\/analysis\/04_annotation\/D1_prokka_output\/bin\.9\.fa_prokka_out\/PROKKA_05232021\.fna
[20:50:47] 1 tRNA-His [824,899] 34 (gtg)
[20:50:47] 1 tRNA-Leu c[2443,2529] 35 (gag)
[20:50:47] 1 tRNA-Leu [1760,1834] 35 (caa)
[20:50:47] 1 tRNA-Val c[578,653] 35 (tac)
[20:50:47] 1 tmRNA [3280,3643] 95,133 AKQNKGTVALAA*
[20:50:47] 1 tRNA-Thr c[3374,3455] 40 (cgt)
[20:50:48] 1 tRNA-Tyr [4247,4331] 35 (gta)
[20:50:48] 2 tRNA-Thr [4403,4478] 34 (ggt)
[20:50:48] 3 tRNA-Met [4569,4644] 35 (cat)
[20:50:48] 1 tRNA-Arg c[983,1057] 35 (cct)
[20:50:48] 1 tRNA-Leu c[3032,3114] 35 (tag)
[20:50:48] 1 tRNA-Arg [1847,1920] 34 (acg)
[20:50:48] Found 12 tRNAs
[20:50:48] Predicting Ribosomal RNAs
[20:50:48] Running Barrnap with 2 threads
[20:50:49] 1 k105_33076 5552 16S ribosomal RNA (partial)
[20:50:49] Found 1 rRNAs
[20:50:49] Skipping ncRNA search, enable with --rfam if desired.
[20:50:49] Total of 12 tRNA + rRNA features
[20:50:49] Searching for CRISPR repeats
[20:50:49] Found 0 CRISPRs
[20:50:49] Predicting coding sequences
[20:50:49] Contigs total 912610 bp, so using meta mode
[20:50:49] Running: prodigal -i \/home\/vinglis\/genome_analysis\/GenomeAnalysis\/analysis\/04_annotation\/D1_prokka_output\/bin\.9\.fa_prokka_out\/PROKKA_05232021\.fna -c -m -g 11 -p meta -f sco -q
[20:50:51] Excluding CDS which overlaps existing RNA (tRNA) at k105_114240:2274..2462 on + strand
[20:50:51] Excluding CDS which overlaps existing RNA (tRNA) at k105_125185:1711..1848 on - strand
[20:50:53] Excluding CDS which overlaps existing RNA (tRNA) at k105_148104:2153..3571 on - strand
[20:50:55] Found 937 CDS
[20:50:55] Connecting features back to sequences
[20:50:55] Not using genus-specific database. Try --usegenus to enable it.
[20:50:55] Annotating CDS, please be patient.
[20:50:55] Will use 2 CPUs for similarity searching.
[20:50:56] There are still 937 unannotated CDS left (started with 937)
[20:50:56] Will use blast to search against /sw/bioinfo/prokka/1.45-5b58020/rackham/db/kingdom/Bacteria/IS with 2 CPUs
[20:50:56] Running: cat \/home\/vinglis\/genome_analysis\/GenomeAnalysis\/analysis\/04_annotation\/D1_prokka_output\/bin\.9\.fa_prokka_out\/PROKKA_05232021\.IS\.tmp\.55182\.faa | parallel --gnu --plain -j 2 --block 62660 --recstart '>' --pipe blastp -query - -db /sw/bioinfo/prokka/1.45-5b58020/rackham/db/kingdom/Bacteria/IS -evalue 1e-30 -qcov_hsp_perc 90 -num_threads 1 -num_descriptions 1 -num_alignments 1 -seg no > \/home\/vinglis\/genome_analysis\/GenomeAnalysis\/analysis\/04_annotation\/D1_prokka_output\/bin\.9\.fa_prokka_out\/PROKKA_05232021\.IS\.tmp\.55182\.blast 2> /dev/null
[20:51:18] Deleting unwanted file: /home/vinglis/genome_analysis/GenomeAnalysis/analysis/04_annotation/D1_prokka_output/bin.9.fa_prokka_out/PROKKA_05232021.IS.tmp.55182.faa
[20:51:18] Deleting unwanted file: /home/vinglis/genome_analysis/GenomeAnalysis/analysis/04_annotation/D1_prokka_output/bin.9.fa_prokka_out/PROKKA_05232021.IS.tmp.55182.blast
[20:51:18] There are still 937 unannotated CDS left (started with 937)
[20:51:18] Will use blast to search against /sw/bioinfo/prokka/1.45-5b58020/rackham/db/kingdom/Bacteria/AMR with 2 CPUs
[20:51:18] Running: cat \/home\/vinglis\/genome_analysis\/GenomeAnalysis\/analysis\/04_annotation\/D1_prokka_output\/bin\.9\.fa_prokka_out\/PROKKA_05232021\.AMR\.tmp\.55182\.faa | parallel --gnu --plain -j 2 --block 62660 --recstart '>' --pipe blastp -query - -db /sw/bioinfo/prokka/1.45-5b58020/rackham/db/kingdom/Bacteria/AMR -evalue 9.99999999999999e-301 -qcov_hsp_perc 90 -num_threads 1 -num_descriptions 1 -num_alignments 1 -seg no > \/home\/vinglis\/genome_analysis\/GenomeAnalysis\/analysis\/04_annotation\/D1_prokka_output\/bin\.9\.fa_prokka_out\/PROKKA_05232021\.AMR\.tmp\.55182\.blast 2> /dev/null
[20:51:37] Deleting unwanted file: /home/vinglis/genome_analysis/GenomeAnalysis/analysis/04_annotation/D1_prokka_output/bin.9.fa_prokka_out/PROKKA_05232021.AMR.tmp.55182.faa
[20:51:37] Deleting unwanted file: /home/vinglis/genome_analysis/GenomeAnalysis/analysis/04_annotation/D1_prokka_output/bin.9.fa_prokka_out/PROKKA_05232021.AMR.tmp.55182.blast
[20:51:37] There are still 937 unannotated CDS left (started with 937)
[20:51:37] Will use blast to search against /sw/bioinfo/prokka/1.45-5b58020/rackham/db/kingdom/Bacteria/sprot with 2 CPUs
[20:51:37] Running: cat \/home\/vinglis\/genome_analysis\/GenomeAnalysis\/analysis\/04_annotation\/D1_prokka_output\/bin\.9\.fa_prokka_out\/PROKKA_05232021\.sprot\.tmp\.55182\.faa | parallel --gnu --plain -j 2 --block 62660 --recstart '>' --pipe blastp -query - -db /sw/bioinfo/prokka/1.45-5b58020/rackham/db/kingdom/Bacteria/sprot -evalue 1e-09 -qcov_hsp_perc 80 -num_threads 1 -num_descriptions 1 -num_alignments 1 -seg no > \/home\/vinglis\/genome_analysis\/GenomeAnalysis\/analysis\/04_annotation\/D1_prokka_output\/bin\.9\.fa_prokka_out\/PROKKA_05232021\.sprot\.tmp\.55182\.blast 2> /dev/null
[20:53:10] Modify product: Uncharacterized protein Rv2219 => putative protein
[20:53:11] Modify product: Probable cytosol aminopeptidase => putative cytosol aminopeptidase
[20:53:11] Modify product: Putative peroxiredoxin Rv2521 => Putative peroxiredoxin
[20:53:11] Modify product: Probable 2,4-dienoyl-CoA reductase => putative 2,4-dienoyl-CoA reductase
[20:53:11] Modify product: Putative diacyglycerol O-acyltransferase Rv2484c => Putative diacyglycerol O-acyltransferase
[20:53:11] Modify product: Uncharacterized amino acid permease YhdG => putative amino acid permease YhdG
[20:53:11] Modify product: Probable fatty acid methyltransferase Rv3720 => putative fatty acid methyltransferase
[20:53:11] Modify product: Uncharacterized metal-dependent hydrolase TatD => putative metal-dependent hydrolase TatD
[20:53:11] Modify product: Probable transcriptional regulatory protein pdtaR => putative transcriptional regulatory protein pdtaR
[20:53:11] Modify product: Uncharacterized peptidase SA1530 => putative peptidase
[20:53:11] Modify product: Probable sulfate transporter Rv1739c => putative sulfate transporter
[20:53:11] Modify product: Probable dipeptidase PepE => putative dipeptidase PepE
[20:53:11] Modify product: Uncharacterized protein Rv2239c => putative protein
[20:53:11] Modify product: NADH dehydrogenase-like protein SAOUHSC_00878 => NADH dehydrogenase-like protein
[20:53:11] Modify product: Probable peptidoglycan biosynthesis protein MviN => putative peptidoglycan biosynthesis protein MviN
[20:53:11] Modify product: Carboxypeptidase Rv3627c => Carboxypeptidase
[20:53:11] Modify product: UPF0301 protein Rv0038 => hypothetical protein
[20:53:11] Modify product: Putative methyltransferase Rv1407 => Putative methyltransferase
[20:53:11] Modify product: Probable ketoamine kinase HMPREF0351_12196 => putative ketoamine kinase
[20:53:11] Modify product: Putative low molecular weight protein-tyrosine-phosphatase slr0328 => Putative low molecular weight protein-tyrosine-phosphatase
[20:53:11] Modify product: Uncharacterized protein Rv0495c => putative protein
[20:53:11] Modify product: Uncharacterized protein Rv0498 => putative protein
[20:53:11] Modify product: Putative trans-acting enoyl reductase Rv2449c => Putative trans-acting enoyl reductase
[20:53:11] Modify product: Uncharacterized protein MRA_2757 => putative protein
[20:53:11] Modify product: Uncharacterized protein Rv2581c => putative protein
[20:53:11] Modify product: Nucleotide-binding protein Rv1421 => Nucleotide-binding protein
[20:53:11] Modify product: UPF0039 protein Rv2851c => hypothetical protein
[20:53:11] Modify product: Uncharacterized PIN and TRAM-domain containing protein YacL => putative PIN and TRAM-domain containing protein YacL
[20:53:11] Modify product: Phosphate-specific transport system accessory protein PhoU homolog 2 => Phosphate-specific transport system accessory protein PhoU 
[20:53:11] Modify product: Uncharacterized protein Rv2927c => putative protein
[20:53:11] Modify product: Uncharacterized protein Rv2926c => putative protein
[20:53:11] Modify product: UPF0056 inner membrane protein MarC => hypothetical protein
[20:53:11] Modify product: Putative ATPase Rv3679 => Putative ATPase
[20:53:11] Modify product: Probable copper-exporting P-type ATPase V => putative copper-exporting P-type ATPase V
[20:53:11] Modify product: Probable 8-oxo-dGTP diphosphatase 1 => putative 8-oxo-dGTP diphosphatase 1
[20:53:11] Modify product: Uncharacterized protein Rv2226 => putative protein
[20:53:11] Modify product: UPF0678 fatty acid-binding protein-like protein Rv2717c => hypothetical protein
[20:53:11] Modify product: Uncharacterized protein Rv2569c => putative protein
[20:53:11] Modify product: Probable adenylyltransferase/sulfurtransferase MoeZ => putative adenylyltransferase/sulfurtransferase MoeZ
[20:53:11] Modify product: Uncharacterized N-acetyltransferase Rv2669 => putative N-acetyltransferase
[20:53:11] Modify product: UPF0234 protein MSMEG_1165/MSMEI_1134 => hypothetical protein
[20:53:11] Modify product: UPF0336 protein Rv0635 => hypothetical protein
[20:53:11] Modify product: Protein Mb2227c => Protein
[20:53:11] Modify product: UPF0098 protein Rv2140c => hypothetical protein
[20:53:11] Modify product: Uncharacterized FtsW-like protein => putative FtsW-like protein
[20:53:11] Modify product: Probable protein-export membrane protein SecG => putative protein-export membrane protein SecG
[20:53:11] Modify product: Putative Rieske 2Fe-2S iron-sulfur protein MSMEG_6410/MSMEI_6242 => Putative Rieske 2Fe-2S iron-sulfur protein/MSMEI_6242
[20:53:11] Modify product: Uncharacterized ABC transporter ATP-binding protein YbiT => putative ABC transporter ATP-binding protein YbiT
[20:53:11] Modify product: Multidrug efflux system ATP-binding protein Rv1218c => Multidrug efflux system ATP-binding protein
[20:53:11] Modify product: Uncharacterized protein Rv0049 => putative protein
[20:53:11] Modify product: Probable diacyglycerol O-acyltransferase tgs1 => putative diacyglycerol O-acyltransferase tgs1
[20:53:11] Modify product: Butyryl-CoA dehydrogenase Swol_1933 => Butyryl-CoA dehydrogenase
[20:53:11] Modify product: Probable flavin reductase => putative flavin reductase
[20:53:11] Modify product: Probable acyl-CoA dehydrogenase fadE25 => putative acyl-CoA dehydrogenase fadE25
[20:53:11] Modify product: Probable diacyglycerol O-acyltransferase tgs1 => putative diacyglycerol O-acyltransferase tgs1
[20:53:11] Modify product: Probable cytochrome c oxidase subunit 3 => putative cytochrome c oxidase subunit 3
[20:53:11] Modify product: Uncharacterized response regulatory protein Rv3143 => putative response regulatory protein
[20:53:11] Modify product: Putative bifunctional exonuclease/endonuclease protein Rv2191 => Putative bifunctional exonuclease/endonuclease protein
[20:53:11] Modify product: Uncharacterized protein Rv0501 => putative protein
[20:53:11] Modify product: Uncharacterized protein Rv1708 => putative protein
[20:53:11] Modify product: Probable N-succinyldiaminopimelate aminotransferase DapC => putative N-succinyldiaminopimelate aminotransferase DapC
[20:53:11] Modify product: GTP cyclohydrolase 1 type 2 homolog => GTP cyclohydrolase 1 type 2 
[20:53:11] Modify product: Uncharacterized protein Rv2229c => putative protein
[20:53:11] Modify product: Probable nicotinate-nucleotide adenylyltransferase => putative nicotinate-nucleotide adenylyltransferase
[20:53:11] Modify product: Uncharacterized oxidoreductase MSMEG_1603/MSMEI_1564 => putative oxidoreductase/MSMEI_1564
[20:53:11] Modify product: UPF0047 protein Rv2556c => hypothetical protein
[20:53:11] Modify product: Probable iron-sulfur-binding oxidoreductase FadF => putative iron-sulfur-binding oxidoreductase FadF
[20:53:11] Cleaned 67 /product names
[20:53:11] Deleting unwanted file: /home/vinglis/genome_analysis/GenomeAnalysis/analysis/04_annotation/D1_prokka_output/bin.9.fa_prokka_out/PROKKA_05232021.sprot.tmp.55182.faa
[20:53:11] Deleting unwanted file: /home/vinglis/genome_analysis/GenomeAnalysis/analysis/04_annotation/D1_prokka_output/bin.9.fa_prokka_out/PROKKA_05232021.sprot.tmp.55182.blast
[20:53:12] There are still 498 unannotated CDS left (started with 937)
[20:53:12] Will use hmmer3 to search against /sw/bioinfo/prokka/1.45-5b58020/rackham/db/hmm/HAMAP.hmm with 2 CPUs
[20:53:12] Running: cat \/home\/vinglis\/genome_analysis\/GenomeAnalysis\/analysis\/04_annotation\/D1_prokka_output\/bin\.9\.fa_prokka_out\/PROKKA_05232021\.HAMAP\.hmm\.tmp\.55182\.faa | parallel --gnu --plain -j 2 --block 26577 --recstart '>' --pipe hmmscan --noali --notextw --acc -E 1e-09 --cpu 1 /sw/bioinfo/prokka/1.45-5b58020/rackham/db/hmm/HAMAP.hmm /dev/stdin > \/home\/vinglis\/genome_analysis\/GenomeAnalysis\/analysis\/04_annotation\/D1_prokka_output\/bin\.9\.fa_prokka_out\/PROKKA_05232021\.HAMAP\.hmm\.tmp\.55182\.hmmer3 2> /dev/null
[20:53:55] Modify product: Uncharacterized Nudix hydrolase NudL => putative Nudix hydrolase NudL
[20:53:55] Cleaned 1 /product names
[20:53:55] Deleting unwanted file: /home/vinglis/genome_analysis/GenomeAnalysis/analysis/04_annotation/D1_prokka_output/bin.9.fa_prokka_out/PROKKA_05232021.HAMAP.hmm.tmp.55182.faa
[20:53:55] Deleting unwanted file: /home/vinglis/genome_analysis/GenomeAnalysis/analysis/04_annotation/D1_prokka_output/bin.9.fa_prokka_out/PROKKA_05232021.HAMAP.hmm.tmp.55182.hmmer3
[20:53:55] Labelling remaining 452 proteins as 'hypothetical protein'
[20:53:55] Possible /pseudo 'GlcNAc-binding protein A' at k105_667 position 4106
[20:53:55] Possible /pseudo 'Trk system potassium uptake protein TrkA' at k105_13040 position 666
[20:53:55] Possible /pseudo 'Putative fluoride ion transporter CrcB' at k105_85866 position 2104
[20:53:55] Possible /pseudo 'putative protein' at k105_65899 position 2779
[20:53:55] Possible /pseudo 'subtilase-type protease inhibitor' at k105_100447 position 661
[20:53:55] Possible /pseudo 'Tyrosine recombinase XerC' at k105_19811 position 1622
[20:53:55] Found 406 unique /gene codes.
[20:53:55] Fixed 2 duplicate /gene - tgs1_1 tgs1_2
[20:53:55] Fixed 2 duplicate /gene - tap_1 tap_2
[20:53:55] Fixed 2 duplicate /gene - trkA_1 trkA_2
[20:53:55] Fixed 2 duplicate /gene - bpoC_1 bpoC_2
[20:53:55] Fixed 2 duplicate /gene - glnA_1 glnA_2
[20:53:55] Fixed 2 duplicate /gene - oatA_1 oatA_2
[20:53:55] Fixed 2 duplicate /gene - priA_1 priA_2
[20:53:55] Fixed 2 duplicate /gene - crcB_1 crcB_2
[20:53:55] Fixed 2 duplicate /gene - sti_1 sti_2
[20:53:55] Fixed 2 duplicate /gene - cysO_1 cysO_2
[20:53:55] Fixed 2 duplicate /gene - fabG_1 fabG_2
[20:53:55] Fixed 2 duplicate /gene - whiB_1 whiB_2
[20:53:55] Fixed 2 duplicate /gene - ettA_1 ettA_2
[20:53:55] Fixed 2 duplicate /gene - mmgC_1 mmgC_2
[20:53:55] Fixed 2 duplicate /gene - gbpA_1 gbpA_2
[20:53:55] Fixed 3 duplicate /gene - xerC_1 xerC_2 xerC_3
[20:53:55] Fixed 2 duplicate /gene - btuD_1 btuD_2
[20:53:55] Fixed 2 duplicate /gene - ftsH_1 ftsH_2
[20:53:55] Fixed 2 duplicate /gene - liaR_1 liaR_2
[20:53:55] Fixed 19 colliding /gene names.
[20:53:55] Adding /locus_tag identifiers
[20:53:55] Assigned 950 locus_tags to CDS and RNA features.
[20:53:55] Writing outputs to /home/vinglis/genome_analysis/GenomeAnalysis/analysis/04_annotation/D1_prokka_output/bin.9.fa_prokka_out/
[20:53:56] Generating annotation statistics file
[20:53:56] Generating Genbank and Sequin files
[20:53:56] Running: tbl2asn -V b -a r10k -l paired-ends -M n -N 1 -y 'Annotated using prokka 1.14.6 from https://github.com/tseemann/prokka' -Z \/home\/vinglis\/genome_analysis\/GenomeAnalysis\/analysis\/04_annotation\/D1_prokka_output\/bin\.9\.fa_prokka_out\/PROKKA_05232021\.err -i \/home\/vinglis\/genome_analysis\/GenomeAnalysis\/analysis\/04_annotation\/D1_prokka_output\/bin\.9\.fa_prokka_out\/PROKKA_05232021\.fsa 2> /dev/null
[20:53:58] Deleting unwanted file: /home/vinglis/genome_analysis/GenomeAnalysis/analysis/04_annotation/D1_prokka_output/bin.9.fa_prokka_out/errorsummary.val
[20:53:58] Deleting unwanted file: /home/vinglis/genome_analysis/GenomeAnalysis/analysis/04_annotation/D1_prokka_output/bin.9.fa_prokka_out/PROKKA_05232021.dr
[20:53:58] Deleting unwanted file: /home/vinglis/genome_analysis/GenomeAnalysis/analysis/04_annotation/D1_prokka_output/bin.9.fa_prokka_out/PROKKA_05232021.fixedproducts
[20:53:58] Deleting unwanted file: /home/vinglis/genome_analysis/GenomeAnalysis/analysis/04_annotation/D1_prokka_output/bin.9.fa_prokka_out/PROKKA_05232021.ecn
[20:53:58] Deleting unwanted file: /home/vinglis/genome_analysis/GenomeAnalysis/analysis/04_annotation/D1_prokka_output/bin.9.fa_prokka_out/PROKKA_05232021.val
[20:53:58] Repairing broken .GBK output that tbl2asn produces...
[20:53:58] Running: sed 's/COORDINATES: profile/COORDINATES:profile/' < \/home\/vinglis\/genome_analysis\/GenomeAnalysis\/analysis\/04_annotation\/D1_prokka_output\/bin\.9\.fa_prokka_out\/PROKKA_05232021\.gbf > \/home\/vinglis\/genome_analysis\/GenomeAnalysis\/analysis\/04_annotation\/D1_prokka_output\/bin\.9\.fa_prokka_out\/PROKKA_05232021\.gbk
[20:53:58] Deleting unwanted file: /home/vinglis/genome_analysis/GenomeAnalysis/analysis/04_annotation/D1_prokka_output/bin.9.fa_prokka_out/PROKKA_05232021.gbf
[20:53:58] Output files:
[20:53:58] /home/vinglis/genome_analysis/GenomeAnalysis/analysis/04_annotation/D1_prokka_output/bin.9.fa_prokka_out/PROKKA_05232021.log
[20:53:58] /home/vinglis/genome_analysis/GenomeAnalysis/analysis/04_annotation/D1_prokka_output/bin.9.fa_prokka_out/PROKKA_05232021.fna
[20:53:58] /home/vinglis/genome_analysis/GenomeAnalysis/analysis/04_annotation/D1_prokka_output/bin.9.fa_prokka_out/PROKKA_05232021.gff
[20:53:58] /home/vinglis/genome_analysis/GenomeAnalysis/analysis/04_annotation/D1_prokka_output/bin.9.fa_prokka_out/PROKKA_05232021.faa
[20:53:58] /home/vinglis/genome_analysis/GenomeAnalysis/analysis/04_annotation/D1_prokka_output/bin.9.fa_prokka_out/PROKKA_05232021.ffn
[20:53:58] /home/vinglis/genome_analysis/GenomeAnalysis/analysis/04_annotation/D1_prokka_output/bin.9.fa_prokka_out/PROKKA_05232021.tbl
[20:53:58] /home/vinglis/genome_analysis/GenomeAnalysis/analysis/04_annotation/D1_prokka_output/bin.9.fa_prokka_out/PROKKA_05232021.fsa
[20:53:58] /home/vinglis/genome_analysis/GenomeAnalysis/analysis/04_annotation/D1_prokka_output/bin.9.fa_prokka_out/PROKKA_05232021.tsv
[20:53:58] /home/vinglis/genome_analysis/GenomeAnalysis/analysis/04_annotation/D1_prokka_output/bin.9.fa_prokka_out/PROKKA_05232021.txt
[20:53:58] /home/vinglis/genome_analysis/GenomeAnalysis/analysis/04_annotation/D1_prokka_output/bin.9.fa_prokka_out/PROKKA_05232021.gbk
[20:53:58] /home/vinglis/genome_analysis/GenomeAnalysis/analysis/04_annotation/D1_prokka_output/bin.9.fa_prokka_out/PROKKA_05232021.sqn
[20:53:58] /home/vinglis/genome_analysis/GenomeAnalysis/analysis/04_annotation/D1_prokka_output/bin.9.fa_prokka_out/PROKKA_05232021.err
[20:53:58] Annotation finished successfully.
[20:53:58] Walltime used: 3.22 minutes
[20:53:58] If you use this result please cite the Prokka paper:
[20:53:58] Seemann T (2014) Prokka: rapid prokaryotic genome annotation. Bioinformatics. 30(14):2068-9.
[20:53:58] Type 'prokka --citation' for more details.
[20:53:58] Share and enjoy!
