2021-04-21 16:15:59 - MEGAHIT v1.2.9
2021-04-21 16:16:00 - Using megahit_core with POPCNT support
2021-04-21 16:16:00 - Convert reads to binary library
2021-04-21 16:18:22 - INFO  sequence/io/sequence_lib.cpp  :   75 - Lib 0 (/home/vinglis/genome_analysis/GenomeAnalysis/data/trimmed_data/DNA_trimmed/SRR4342129_1.paired.trimmed.fastq.gz,/home/vinglis/genome_analysis/GenomeAnalysis/data/trimmed_data/DNA_trimmed/SRR4342129_2.paired.trimmed.fastq.gz): pe, 48110692 reads, 101 max length
2021-04-21 16:18:25 - INFO  utils/utils.h                 :  152 - Real: 145.2346	user: 50.9960	sys: 6.4168	maxrss: 273348
2021-04-21 16:18:25 - Start assembly. Number of CPU threads 16 
2021-04-21 16:18:25 - k list: 65,75,85,95,105 
2021-04-21 16:18:25 - Memory used: 121485632716
2021-04-21 16:18:25 - Extracting solid (k+1)-mers and building sdbg for k = 65
2021-04-21 16:43:31 - Assemble contigs from SdBG for k = 65
2021-04-21 16:58:53 - Local assembly for k = 65
2021-04-21 17:13:30 - Extract iterative edges from k = 65 to 75 
2021-04-21 17:15:15 - Build graph for k = 75 
2021-04-21 17:16:34 - Assemble contigs from SdBG for k = 75
2021-04-21 17:23:01 - Local assembly for k = 75
2021-04-21 17:33:18 - Extract iterative edges from k = 75 to 85 
2021-04-21 17:34:31 - Build graph for k = 85 
2021-04-21 17:35:35 - Assemble contigs from SdBG for k = 85
2021-04-21 17:41:35 - Local assembly for k = 85
2021-04-21 17:49:41 - Extract iterative edges from k = 85 to 95 
2021-04-21 17:50:27 - Build graph for k = 95 
2021-04-21 17:51:20 - Assemble contigs from SdBG for k = 95
2021-04-21 17:57:01 - Local assembly for k = 95
2021-04-21 18:03:22 - Extract iterative edges from k = 95 to 105 
2021-04-21 18:03:26 - Build graph for k = 105 
2021-04-21 18:04:11 - Assemble contigs from SdBG for k = 105
2021-04-21 18:09:02 - Merging to output final contigs 
2021-04-21 18:09:04 - 161952 contigs, total 123859441 bp, min 200 bp, max 131335 bp, avg 764 bp, N50 824 bp
2021-04-21 18:09:04 - ALL DONE. Time elapsed: 6784.946126 seconds 
