/sw/bioinfo/quast/4.5.4/rackham/bin/metaquast.py -o D3_metaquast_out ../D3_megahit_output/final.contigs.fa

Version: 4.5.4

System information:
  OS: Linux-3.10.0-1160.21.1.el7.x86_64-x86_64-with-centos-7.9.2009-Core (linux_64)
  Python version: 2.7.6
  CPUs number: 16

Started: 2021-04-22 00:05:22

Logging to /domus/h1/vinglis/genome_analysis/GenomeAnalysis/analysis/02_assembly/assembly_QC/D3_metaquast_out/metaquast.log
NOTICE: Maximum number of threads is set to 4 (use --threads option to set it manually)

Contigs:
  Pre-processing...
  ../D3_megahit_output/final.contigs.fa ==> final.contigs

No references are provided, starting to search for reference genomes in SILVA 16S rRNA database and to download them from NCBI...

2021-04-22 00:05:24


Running BlastN..
  processing final.contigs
/home/vinglis/.quast/blast/blastn -query ../D3_megahit_output/final.contigs.fa -db \
/home/vinglis/.quast/silva/silva.123.db -outfmt 7 -num_threads 4 > D3_metaquast_out/quast_downloaded_references/blast.res_final-contigs \
2>> D3_metaquast_out/quast_downloaded_references/blast.err
  BLAST results for final.contigs are saved to /domus/h1/vinglis/genome_analysis/GenomeAnalysis/analysis/02_assembly/assembly_QC/D3_metaquast_out/quast_downloaded_references/blast.res_final-contigs...


2021-04-22 00:21:27
Trying to download found references from NCBI. Totally 50 organisms to try.
  Synechococcus_sp._KORDI-49                  | successfully downloaded (total 1, 49 more to go)
marine metagenome has too fragmented reference genome! It will not be downloaded.
  marine_metagenome                           | not found in the NCBI database
  unidentified_marine_bacterioplankton        | not found in the NCBI database
  Thiohalobacter_thiocyanaticus               | successfully downloaded (total 2, 46 more to go)
  marine_gamma_proteobacterium_HTCC2080       | successfully downloaded (total 3, 45 more to go)
  Aquimarina_sp._22II-S11-z7                  | successfully downloaded (total 4, 44 more to go)
  Lutibacter_aestuarii                        | not found in the NCBI database
  Devosia_sp._DDB001                          | not found in the NCBI database
  Thioalkalivibrio_sulfidiphilus_HL-EbGr7     | successfully downloaded (total 5, 41 more to go)
  Porticoccus_hydrocarbonoclasticus_MCTG13d   | successfully downloaded (total 6, 40 more to go)
  magnetic_coccus_MP17                        | not found in the NCBI database
  Formosa_algae                               | successfully downloaded (total 7, 38 more to go)
  Ilumatobacter_nonamiensis_YM16-303          | successfully downloaded (total 8, 37 more to go)
  Magnetococcus_marinus_MC-1                  | successfully downloaded (total 9, 36 more to go)
  Acidithiomicrobium_sp._P1                   | not found in the NCBI database
  Methylobacter_sp._XLMV4                     | successfully downloaded (total 10, 34 more to go)
  Aestuariivita_boseongensis                  | successfully downloaded (total 11, 33 more to go)
  Nitrospina_sp._SCGC_AAA288-L16              | successfully downloaded (total 12, 32 more to go)
  Geobacter_pickeringii                       | successfully downloaded (total 13, 31 more to go)
  benzene_mineralizing_consortium_clone_SB-5  | not found in the NCBI database
  gamma_proteobacterium_SCGC_AB-629-P17       | successfully downloaded (total 14, 29 more to go)
  Nitrospina_gracilis_3                       | not found in the NCBI database
  Ilumatobacter_fluminis                      | successfully downloaded (total 15, 27 more to go)
  Cryomorphaceae_bacterium_JNU-L074           | not found in the NCBI database
  bacterium_rJ7                               | not found in the NCBI database
  Pseudoruegeria_aquimaris                    | successfully downloaded (total 16, 24 more to go)
  Thioalkalivibrio_sp._ALJ17                  | successfully downloaded (total 17, 23 more to go)
  Ilumatobacter_coccineus_YM16-304            | successfully downloaded (total 18, 22 more to go)
  Syntrophus_aciditrophicus                   | successfully downloaded (total 19, 21 more to go)
  Oceanicola_granulosus_HTCC2516              | successfully downloaded (total 20, 20 more to go)
  Shewanella_amazonensis_SB2B                 | successfully downloaded (total 21, 19 more to go)
  alpha_proteobacterium_BAL199                | successfully downloaded (total 22, 18 more to go)
  Geobacter_sulfurreducens_KN400              | successfully downloaded (total 23, 17 more to go)
  Roseobacter_sp._SK209-2-6                   | successfully downloaded (total 24, 16 more to go)
  bacterium_enrichment_culture_clone_69(2013) | not found in the NCBI database
  unidentified_eubacterium_LD29               | not found in the NCBI database
  bacterium_WH3-1                             | not found in the NCBI database
  Fluviicola_taffensis_DSM_16823              | successfully downloaded (total 25, 12 more to go)
  Sphingomonas_sp._JEM-1                      | not found in the NCBI database
  Frankia_sp._Iso899                          | successfully downloaded (total 26, 10 more to go)
  Coraliomargarita_sp._IMCC15062              | not found in the NCBI database
  Coraliomargarita_akajimensis_DSM_45221      | successfully downloaded (total 27, 8 more to go)
  Ulvibacter_litoralis                        | successfully downloaded (total 28, 7 more to go)
  Tenacibaculum_sp._KYW_576                   | not found in the NCBI database
  Pelobacter_sp._AOP6                         | not found in the NCBI database
  Aciditerrimonas_sp._CH22-21                 | not found in the NCBI database
  Lishizhenia_tianjinensis                    | successfully downloaded (total 29, 3 more to go)
  Adhaeribacter_aquaticus_DSM_16391           | successfully downloaded (total 30, 2 more to go)
  Iamia_majanohamensis                        | not found in the NCBI database
  Leisingera_caerulea_DSM_24564               | successfully downloaded (total 31, 0 more to go)

Downloaded reference(s):
  /domus/h1/vinglis/genome_analysis/GenomeAnalysis/analysis/02_assembly/assembly_QC/D3_metaquast_out/quast_downloaded_references/Adhaeribacter_aquaticus_DSM_16391.fasta ==> Adhaeribacter_aquaticus_DSM_16391
  /domus/h1/vinglis/genome_analysis/GenomeAnalysis/analysis/02_assembly/assembly_QC/D3_metaquast_out/quast_downloaded_references/Aestuariivita_boseongensis.fasta ==> Aestuariivita_boseongensis
  /domus/h1/vinglis/genome_analysis/GenomeAnalysis/analysis/02_assembly/assembly_QC/D3_metaquast_out/quast_downloaded_references/Aquimarina_sp._22II-S11-z7.fasta ==> Aquimarina_sp._22II-S11-z7
  /domus/h1/vinglis/genome_analysis/GenomeAnalysis/analysis/02_assembly/assembly_QC/D3_metaquast_out/quast_downloaded_references/Coraliomargarita_akajimensis_DSM_45221.fasta ==> Coraliomargarita_akajimensis_DSM_45221
  /domus/h1/vinglis/genome_analysis/GenomeAnalysis/analysis/02_assembly/assembly_QC/D3_metaquast_out/quast_downloaded_references/Fluviicola_taffensis_DSM_16823.fasta ==> Fluviicola_taffensis_DSM_16823
  /domus/h1/vinglis/genome_analysis/GenomeAnalysis/analysis/02_assembly/assembly_QC/D3_metaquast_out/quast_downloaded_references/Formosa_algae.fasta ==> Formosa_algae
  /domus/h1/vinglis/genome_analysis/GenomeAnalysis/analysis/02_assembly/assembly_QC/D3_metaquast_out/quast_downloaded_references/Frankia_sp._Iso899.fasta ==> Frankia_sp._Iso899
  /domus/h1/vinglis/genome_analysis/GenomeAnalysis/analysis/02_assembly/assembly_QC/D3_metaquast_out/quast_downloaded_references/Geobacter_pickeringii.fasta ==> Geobacter_pickeringii
  /domus/h1/vinglis/genome_analysis/GenomeAnalysis/analysis/02_assembly/assembly_QC/D3_metaquast_out/quast_downloaded_references/Geobacter_sulfurreducens_KN400.fasta ==> Geobacter_sulfurreducens_KN400
  /domus/h1/vinglis/genome_analysis/GenomeAnalysis/analysis/02_assembly/assembly_QC/D3_metaquast_out/quast_downloaded_references/Ilumatobacter_coccineus_YM16-304.fasta ==> Ilumatobacter_coccineus_YM16-304
  /domus/h1/vinglis/genome_analysis/GenomeAnalysis/analysis/02_assembly/assembly_QC/D3_metaquast_out/quast_downloaded_references/Ilumatobacter_fluminis.fasta ==> Ilumatobacter_fluminis
  /domus/h1/vinglis/genome_analysis/GenomeAnalysis/analysis/02_assembly/assembly_QC/D3_metaquast_out/quast_downloaded_references/Ilumatobacter_nonamiensis_YM16-303.fasta ==> Ilumatobacter_nonamiensis_YM16-303
  /domus/h1/vinglis/genome_analysis/GenomeAnalysis/analysis/02_assembly/assembly_QC/D3_metaquast_out/quast_downloaded_references/Leisingera_caerulea_DSM_24564.fasta ==> Leisingera_caerulea_DSM_24564
  /domus/h1/vinglis/genome_analysis/GenomeAnalysis/analysis/02_assembly/assembly_QC/D3_metaquast_out/quast_downloaded_references/Lishizhenia_tianjinensis.fasta ==> Lishizhenia_tianjinensis
  /domus/h1/vinglis/genome_analysis/GenomeAnalysis/analysis/02_assembly/assembly_QC/D3_metaquast_out/quast_downloaded_references/Magnetococcus_marinus_MC-1.fasta ==> Magnetococcus_marinus_MC-1
  /domus/h1/vinglis/genome_analysis/GenomeAnalysis/analysis/02_assembly/assembly_QC/D3_metaquast_out/quast_downloaded_references/Methylobacter_sp._XLMV4.fasta ==> Methylobacter_sp._XLMV4
  /domus/h1/vinglis/genome_analysis/GenomeAnalysis/analysis/02_assembly/assembly_QC/D3_metaquast_out/quast_downloaded_references/Nitrospina_sp._SCGC_AAA288-L16.fasta ==> Nitrospina_sp._SCGC_AAA288-L16
  /domus/h1/vinglis/genome_analysis/GenomeAnalysis/analysis/02_assembly/assembly_QC/D3_metaquast_out/quast_downloaded_references/Oceanicola_granulosus_HTCC2516.fasta ==> Oceanicola_granulosus_HTCC2516
  /domus/h1/vinglis/genome_analysis/GenomeAnalysis/analysis/02_assembly/assembly_QC/D3_metaquast_out/quast_downloaded_references/Porticoccus_hydrocarbonoclasticus_MCTG13d.fasta ==> Porticoccus_hydrocarbonoclasticus_MCTG13d
  /domus/h1/vinglis/genome_analysis/GenomeAnalysis/analysis/02_assembly/assembly_QC/D3_metaquast_out/quast_downloaded_references/Pseudoruegeria_aquimaris.fasta ==> Pseudoruegeria_aquimaris
  /domus/h1/vinglis/genome_analysis/GenomeAnalysis/analysis/02_assembly/assembly_QC/D3_metaquast_out/quast_downloaded_references/Roseobacter_sp._SK209-2-6.fasta ==> Roseobacter_sp._SK209-2-6
  /domus/h1/vinglis/genome_analysis/GenomeAnalysis/analysis/02_assembly/assembly_QC/D3_metaquast_out/quast_downloaded_references/Shewanella_amazonensis_SB2B.fasta ==> Shewanella_amazonensis_SB2B
  /domus/h1/vinglis/genome_analysis/GenomeAnalysis/analysis/02_assembly/assembly_QC/D3_metaquast_out/quast_downloaded_references/Synechococcus_sp._KORDI-49.fasta ==> Synechococcus_sp._KORDI-49
  /domus/h1/vinglis/genome_analysis/GenomeAnalysis/analysis/02_assembly/assembly_QC/D3_metaquast_out/quast_downloaded_references/Syntrophus_aciditrophicus.fasta ==> Syntrophus_aciditrophicus
  /domus/h1/vinglis/genome_analysis/GenomeAnalysis/analysis/02_assembly/assembly_QC/D3_metaquast_out/quast_downloaded_references/Thioalkalivibrio_sp._ALJ17.fasta ==> Thioalkalivibrio_sp._ALJ17
  /domus/h1/vinglis/genome_analysis/GenomeAnalysis/analysis/02_assembly/assembly_QC/D3_metaquast_out/quast_downloaded_references/Thioalkalivibrio_sulfidiphilus_HL-EbGr7.fasta ==> Thioalkalivibrio_sulfidiphilus_HL-EbGr7
  /domus/h1/vinglis/genome_analysis/GenomeAnalysis/analysis/02_assembly/assembly_QC/D3_metaquast_out/quast_downloaded_references/Thiohalobacter_thiocyanaticus.fasta ==> Thiohalobacter_thiocyanaticus
  /domus/h1/vinglis/genome_analysis/GenomeAnalysis/analysis/02_assembly/assembly_QC/D3_metaquast_out/quast_downloaded_references/Ulvibacter_litoralis.fasta ==> Ulvibacter_litoralis
  /domus/h1/vinglis/genome_analysis/GenomeAnalysis/analysis/02_assembly/assembly_QC/D3_metaquast_out/quast_downloaded_references/alpha_proteobacterium_BAL199.fasta ==> alpha_proteobacterium_BAL199
  /domus/h1/vinglis/genome_analysis/GenomeAnalysis/analysis/02_assembly/assembly_QC/D3_metaquast_out/quast_downloaded_references/gamma_proteobacterium_SCGC_AB-629-P17.fasta ==> gamma_proteobacterium_SCGC_AB-629-P17
  /domus/h1/vinglis/genome_analysis/GenomeAnalysis/analysis/02_assembly/assembly_QC/D3_metaquast_out/quast_downloaded_references/marine_gamma_proteobacterium_HTCC2080.fasta ==> marine_gamma_proteobacterium_HTCC2080
  All references were combined in combined_reference.fasta

Starting quast.py for the combined reference...
(logging to /domus/h1/vinglis/genome_analysis/GenomeAnalysis/analysis/02_assembly/assembly_QC/D3_metaquast_out/combined_reference/quast.log)

Excluding downloaded references with low genome fraction from further analysis..
All downloaded references have low genome fraction. Nothing was excluded for now.

Partitioning contigs into bins aligned to each reference..
  processing final.contigs

Run QUAST on different references in parallel..

No contigs were aligned to the reference Adhaeribacter_aquaticus_DSM_16391, skipping..

Starting quast.py for the contigs aligned to Aestuariivita_boseongensis... (logging to /domus/h1/vinglis/genome_analysis/GenomeAnalysis/analysis/02_assembly/assembly_QC/D3_metaquast_out/runs_per_reference/Aestuariivita_boseongensis/quast.log)

Starting quast.py for the contigs aligned to Aquimarina_sp._22II-S11-z7... (logging to /domus/h1/vinglis/genome_analysis/GenomeAnalysis/analysis/02_assembly/assembly_QC/D3_metaquast_out/runs_per_reference/Aquimarina_sp._22II-S11-z7/quast.log)

Starting quast.py for the contigs aligned to Coraliomargarita_akajimensis_DSM_45221... (logging to /domus/h1/vinglis/genome_analysis/GenomeAnalysis/analysis/02_assembly/assembly_QC/D3_metaquast_out/runs_per_reference/Coraliomargarita_akajimensis_DSM_45221/quast.log)

Starting quast.py for the contigs aligned to Fluviicola_taffensis_DSM_16823... (logging to /domus/h1/vinglis/genome_analysis/GenomeAnalysis/analysis/02_assembly/assembly_QC/D3_metaquast_out/runs_per_reference/Fluviicola_taffensis_DSM_16823/quast.log)

Starting quast.py for the contigs aligned to Formosa_algae... (logging to /domus/h1/vinglis/genome_analysis/GenomeAnalysis/analysis/02_assembly/assembly_QC/D3_metaquast_out/runs_per_reference/Formosa_algae/quast.log)

Starting quast.py for the contigs aligned to Frankia_sp._Iso899... (logging to /domus/h1/vinglis/genome_analysis/GenomeAnalysis/analysis/02_assembly/assembly_QC/D3_metaquast_out/runs_per_reference/Frankia_sp._Iso899/quast.log)

No contigs were aligned to the reference Geobacter_pickeringii, skipping..

Starting quast.py for the contigs aligned to Geobacter_sulfurreducens_KN400... (logging to /domus/h1/vinglis/genome_analysis/GenomeAnalysis/analysis/02_assembly/assembly_QC/D3_metaquast_out/runs_per_reference/Geobacter_sulfurreducens_KN400/quast.log)

Starting quast.py for the contigs aligned to Ilumatobacter_coccineus_YM16-304... (logging to /domus/h1/vinglis/genome_analysis/GenomeAnalysis/analysis/02_assembly/assembly_QC/D3_metaquast_out/runs_per_reference/Ilumatobacter_coccineus_YM16-304/quast.log)

Starting quast.py for the contigs aligned to Ilumatobacter_fluminis... (logging to /domus/h1/vinglis/genome_analysis/GenomeAnalysis/analysis/02_assembly/assembly_QC/D3_metaquast_out/runs_per_reference/Ilumatobacter_fluminis/quast.log)

Starting quast.py for the contigs aligned to Ilumatobacter_nonamiensis_YM16-303... (logging to /domus/h1/vinglis/genome_analysis/GenomeAnalysis/analysis/02_assembly/assembly_QC/D3_metaquast_out/runs_per_reference/Ilumatobacter_nonamiensis_YM16-303/quast.log)

Starting quast.py for the contigs aligned to Leisingera_caerulea_DSM_24564... (logging to /domus/h1/vinglis/genome_analysis/GenomeAnalysis/analysis/02_assembly/assembly_QC/D3_metaquast_out/runs_per_reference/Leisingera_caerulea_DSM_24564/quast.log)

Starting quast.py for the contigs aligned to Lishizhenia_tianjinensis... (logging to /domus/h1/vinglis/genome_analysis/GenomeAnalysis/analysis/02_assembly/assembly_QC/D3_metaquast_out/runs_per_reference/Lishizhenia_tianjinensis/quast.log)

Starting quast.py for the contigs aligned to Magnetococcus_marinus_MC-1... (logging to /domus/h1/vinglis/genome_analysis/GenomeAnalysis/analysis/02_assembly/assembly_QC/D3_metaquast_out/runs_per_reference/Magnetococcus_marinus_MC-1/quast.log)

Starting quast.py for the contigs aligned to Methylobacter_sp._XLMV4... (logging to /domus/h1/vinglis/genome_analysis/GenomeAnalysis/analysis/02_assembly/assembly_QC/D3_metaquast_out/runs_per_reference/Methylobacter_sp._XLMV4/quast.log)

Starting quast.py for the contigs aligned to Nitrospina_sp._SCGC_AAA288-L16... (logging to /domus/h1/vinglis/genome_analysis/GenomeAnalysis/analysis/02_assembly/assembly_QC/D3_metaquast_out/runs_per_reference/Nitrospina_sp._SCGC_AAA288-L16/quast.log)

Starting quast.py for the contigs aligned to Oceanicola_granulosus_HTCC2516... (logging to /domus/h1/vinglis/genome_analysis/GenomeAnalysis/analysis/02_assembly/assembly_QC/D3_metaquast_out/runs_per_reference/Oceanicola_granulosus_HTCC2516/quast.log)

Starting quast.py for the contigs aligned to Porticoccus_hydrocarbonoclasticus_MCTG13d... (logging to /domus/h1/vinglis/genome_analysis/GenomeAnalysis/analysis/02_assembly/assembly_QC/D3_metaquast_out/runs_per_reference/Porticoccus_hydrocarbonoclasticus_MCTG13d/quast.log)

Starting quast.py for the contigs aligned to Pseudoruegeria_aquimaris... (logging to /domus/h1/vinglis/genome_analysis/GenomeAnalysis/analysis/02_assembly/assembly_QC/D3_metaquast_out/runs_per_reference/Pseudoruegeria_aquimaris/quast.log)

Starting quast.py for the contigs aligned to Roseobacter_sp._SK209-2-6... (logging to /domus/h1/vinglis/genome_analysis/GenomeAnalysis/analysis/02_assembly/assembly_QC/D3_metaquast_out/runs_per_reference/Roseobacter_sp._SK209-2-6/quast.log)

Starting quast.py for the contigs aligned to Shewanella_amazonensis_SB2B... (logging to /domus/h1/vinglis/genome_analysis/GenomeAnalysis/analysis/02_assembly/assembly_QC/D3_metaquast_out/runs_per_reference/Shewanella_amazonensis_SB2B/quast.log)

Starting quast.py for the contigs aligned to Synechococcus_sp._KORDI-49... (logging to /domus/h1/vinglis/genome_analysis/GenomeAnalysis/analysis/02_assembly/assembly_QC/D3_metaquast_out/runs_per_reference/Synechococcus_sp._KORDI-49/quast.log)

Starting quast.py for the contigs aligned to Syntrophus_aciditrophicus... (logging to /domus/h1/vinglis/genome_analysis/GenomeAnalysis/analysis/02_assembly/assembly_QC/D3_metaquast_out/runs_per_reference/Syntrophus_aciditrophicus/quast.log)

Starting quast.py for the contigs aligned to Thioalkalivibrio_sp._ALJ17... (logging to /domus/h1/vinglis/genome_analysis/GenomeAnalysis/analysis/02_assembly/assembly_QC/D3_metaquast_out/runs_per_reference/Thioalkalivibrio_sp._ALJ17/quast.log)

Starting quast.py for the contigs aligned to Thioalkalivibrio_sulfidiphilus_HL-EbGr7... (logging to /domus/h1/vinglis/genome_analysis/GenomeAnalysis/analysis/02_assembly/assembly_QC/D3_metaquast_out/runs_per_reference/Thioalkalivibrio_sulfidiphilus_HL-EbGr7/quast.log)

Starting quast.py for the contigs aligned to Thiohalobacter_thiocyanaticus... (logging to /domus/h1/vinglis/genome_analysis/GenomeAnalysis/analysis/02_assembly/assembly_QC/D3_metaquast_out/runs_per_reference/Thiohalobacter_thiocyanaticus/quast.log)

Starting quast.py for the contigs aligned to Ulvibacter_litoralis... (logging to /domus/h1/vinglis/genome_analysis/GenomeAnalysis/analysis/02_assembly/assembly_QC/D3_metaquast_out/runs_per_reference/Ulvibacter_litoralis/quast.log)

Starting quast.py for the contigs aligned to alpha_proteobacterium_BAL199... (logging to /domus/h1/vinglis/genome_analysis/GenomeAnalysis/analysis/02_assembly/assembly_QC/D3_metaquast_out/runs_per_reference/alpha_proteobacterium_BAL199/quast.log)

Starting quast.py for the contigs aligned to gamma_proteobacterium_SCGC_AB-629-P17... (logging to /domus/h1/vinglis/genome_analysis/GenomeAnalysis/analysis/02_assembly/assembly_QC/D3_metaquast_out/runs_per_reference/gamma_proteobacterium_SCGC_AB-629-P17/quast.log)

Starting quast.py for the contigs aligned to marine_gamma_proteobacterium_HTCC2080... (logging to /domus/h1/vinglis/genome_analysis/GenomeAnalysis/analysis/02_assembly/assembly_QC/D3_metaquast_out/runs_per_reference/marine_gamma_proteobacterium_HTCC2080/quast.log)

Starting quast.py for the contigs not aligned anywhere... (logging to /domus/h1/vinglis/genome_analysis/GenomeAnalysis/analysis/02_assembly/assembly_QC/D3_metaquast_out/not_aligned/quast.log)

2021-04-22 00:53:11
Summarizing results...
  Drawing # contigs metaQUAST summary plot...
    saved to /domus/h1/vinglis/genome_analysis/GenomeAnalysis/analysis/02_assembly/assembly_QC/D3_metaquast_out/summary/PDF/#_contigs.pdf
  Drawing Largest contig metaQUAST summary plot...
    saved to /domus/h1/vinglis/genome_analysis/GenomeAnalysis/analysis/02_assembly/assembly_QC/D3_metaquast_out/summary/PDF/Largest_contig.pdf
  Drawing Total length metaQUAST summary plot...
    saved to /domus/h1/vinglis/genome_analysis/GenomeAnalysis/analysis/02_assembly/assembly_QC/D3_metaquast_out/summary/PDF/Total_length.pdf
  Drawing Largest alignment metaQUAST summary plot...
    saved to /domus/h1/vinglis/genome_analysis/GenomeAnalysis/analysis/02_assembly/assembly_QC/D3_metaquast_out/summary/PDF/Largest_alignment.pdf
  Drawing Total aligned length metaQUAST summary plot...
    saved to /domus/h1/vinglis/genome_analysis/GenomeAnalysis/analysis/02_assembly/assembly_QC/D3_metaquast_out/summary/PDF/Total_aligned_length.pdf
  Drawing Total length (>= 1000 bp) metaQUAST summary plot...
    saved to /domus/h1/vinglis/genome_analysis/GenomeAnalysis/analysis/02_assembly/assembly_QC/D3_metaquast_out/summary/PDF/Total_length_(>=_1000_bp).pdf
  Drawing Total length (>= 10000 bp) metaQUAST summary plot...
    saved to /domus/h1/vinglis/genome_analysis/GenomeAnalysis/analysis/02_assembly/assembly_QC/D3_metaquast_out/summary/PDF/Total_length_(>=_10000_bp).pdf
  Drawing Total length (>= 50000 bp) metaQUAST summary plot...
    saved to /domus/h1/vinglis/genome_analysis/GenomeAnalysis/analysis/02_assembly/assembly_QC/D3_metaquast_out/summary/PDF/Total_length_(>=_50000_bp).pdf
  Drawing # misassemblies metaQUAST summary plot...
    saved to /domus/h1/vinglis/genome_analysis/GenomeAnalysis/analysis/02_assembly/assembly_QC/D3_metaquast_out/summary/PDF/#_misassemblies.pdf
  Drawing metaQUAST summary misassemblies plot for final.contigs...
    saved to /domus/h1/vinglis/genome_analysis/GenomeAnalysis/analysis/02_assembly/assembly_QC/D3_metaquast_out/summary/PDF/final-contigs_misassemblies.pdf
  Drawing Misassembled contigs length metaQUAST summary plot...
    saved to /domus/h1/vinglis/genome_analysis/GenomeAnalysis/analysis/02_assembly/assembly_QC/D3_metaquast_out/summary/PDF/Misassembled_contigs_length.pdf
  Drawing # mismatches per 100 kbp metaQUAST summary plot...
    saved to /domus/h1/vinglis/genome_analysis/GenomeAnalysis/analysis/02_assembly/assembly_QC/D3_metaquast_out/summary/PDF/#_mismatches_per_100_kbp.pdf
  Drawing # indels per 100 kbp metaQUAST summary plot...
    saved to /domus/h1/vinglis/genome_analysis/GenomeAnalysis/analysis/02_assembly/assembly_QC/D3_metaquast_out/summary/PDF/#_indels_per_100_kbp.pdf
  Drawing # N's per 100 kbp metaQUAST summary plot...
    saved to /domus/h1/vinglis/genome_analysis/GenomeAnalysis/analysis/02_assembly/assembly_QC/D3_metaquast_out/summary/PDF/#_N's_per_100_kbp.pdf
  Drawing Genome fraction (%) metaQUAST summary plot...
    saved to /domus/h1/vinglis/genome_analysis/GenomeAnalysis/analysis/02_assembly/assembly_QC/D3_metaquast_out/summary/PDF/Genome_fraction_(%).pdf
  Drawing Duplication ratio metaQUAST summary plot...
    saved to /domus/h1/vinglis/genome_analysis/GenomeAnalysis/analysis/02_assembly/assembly_QC/D3_metaquast_out/summary/PDF/Duplication_ratio.pdf
  Drawing Avg contig read support metaQUAST summary plot...
    saved to /domus/h1/vinglis/genome_analysis/GenomeAnalysis/analysis/02_assembly/assembly_QC/D3_metaquast_out/summary/PDF/Avg_contig_read_support.pdf
  Drawing # genes metaQUAST summary plot...
    saved to /domus/h1/vinglis/genome_analysis/GenomeAnalysis/analysis/02_assembly/assembly_QC/D3_metaquast_out/summary/PDF/#_genes.pdf
  Drawing # operons metaQUAST summary plot...
    saved to /domus/h1/vinglis/genome_analysis/GenomeAnalysis/analysis/02_assembly/assembly_QC/D3_metaquast_out/summary/PDF/#_operons.pdf
  Drawing NGA50 metaQUAST summary plot...
    saved to /domus/h1/vinglis/genome_analysis/GenomeAnalysis/analysis/02_assembly/assembly_QC/D3_metaquast_out/summary/PDF/NGA50.pdf
  Drawing LGA50 metaQUAST summary plot...
    saved to /domus/h1/vinglis/genome_analysis/GenomeAnalysis/analysis/02_assembly/assembly_QC/D3_metaquast_out/summary/PDF/LGA50.pdf
  Drawing # predicted genes (unique) metaQUAST summary plot...
    saved to /domus/h1/vinglis/genome_analysis/GenomeAnalysis/analysis/02_assembly/assembly_QC/D3_metaquast_out/summary/PDF/#_predicted_genes_(unique).pdf

  Text versions of reports and plots for each metric (for all references and assemblies) are saved to /domus/h1/vinglis/genome_analysis/GenomeAnalysis/analysis/02_assembly/assembly_QC/D3_metaquast_out/summary/
  Icarus (contig browser) is saved to /domus/h1/vinglis/genome_analysis/GenomeAnalysis/analysis/02_assembly/assembly_QC/D3_metaquast_out/icarus.html
  Drawing interactive Krona plots...
  Krona chart for final.contigs is saved to /domus/h1/vinglis/genome_analysis/GenomeAnalysis/analysis/02_assembly/assembly_QC/D3_metaquast_out/krona_charts/final.contigs_taxonomy_chart.html
  Extended version of HTML-report (for all references and assemblies) is saved to /domus/h1/vinglis/genome_analysis/GenomeAnalysis/analysis/02_assembly/assembly_QC/D3_metaquast_out/report.html

MetaQUAST finished.
  Log saved to /domus/h1/vinglis/genome_analysis/GenomeAnalysis/analysis/02_assembly/assembly_QC/D3_metaquast_out/metaquast.log

Finished: 2021-04-22 00:53:27
Elapsed time: 0:48:04.642410
Total NOTICEs: 35; WARNINGs: 1; non-fatal ERRORs: 0

Thank you for using QUAST!
