[20:12:47] This is prokka 1.14.6
[20:12:47] Written by Torsten Seemann <torsten.seemann@gmail.com>
[20:12:47] Homepage is https://github.com/tseemann/prokka
[20:12:47] Local time is Sun May 23 20:12:47 2021
[20:12:47] You are vinglis
[20:12:47] Operating system is linux
[20:12:47] You have BioPerl 1.007001
[20:12:47] System has 16 cores.
[20:12:47] Will use maximum of 2 cores.
[20:12:47] Annotating as >>> Bacteria <<<
[20:12:47] Generating locus_tag from 'bin.1.fa' contents.
[20:12:47] Setting --locustag LNJFIEHF from MD5 573f2e1f51b1d975e6d08efb737a7570
[20:12:47] Creating new output folder: /home/vinglis/genome_analysis/GenomeAnalysis/analysis/04_annotation/D1_prokka_output/bin.1.fa_prokka_out
[20:12:47] Running: mkdir -p \/home\/vinglis\/genome_analysis\/GenomeAnalysis\/analysis\/04_annotation\/D1_prokka_output\/bin\.1\.fa_prokka_out
[20:12:47] Using filename prefix: PROKKA_05232021.XXX
[20:12:47] Setting HMMER_NCPU=1
[20:12:47] Writing log to: /home/vinglis/genome_analysis/GenomeAnalysis/analysis/04_annotation/D1_prokka_output/bin.1.fa_prokka_out/PROKKA_05232021.log
[20:12:47] Command: /sw/bioinfo/prokka/1.45-5b58020/rackham/bin/prokka --outdir /home/vinglis/genome_analysis/GenomeAnalysis/analysis/04_annotation/D1_prokka_output/bin.1.fa_prokka_out --metagenome --cpus 2 bin.1.fa
[20:12:47] Appending to PATH: /sw/bioinfo/prokka/1.45-5b58020/rackham/bin/../binaries/linux
[20:12:47] Appending to PATH: /sw/bioinfo/prokka/1.45-5b58020/rackham/bin/../binaries/linux/../common
[20:12:47] Appending to PATH: /sw/bioinfo/prokka/1.45-5b58020/rackham/bin
[20:12:47] Looking for 'aragorn' - found /sw/bioinfo/prokka/1.45-5b58020/rackham/bin/../binaries/linux/aragorn
[20:12:47] Determined aragorn version is 001002 from 'ARAGORN v1.2.38 Dean Laslett'
[20:12:47] Looking for 'barrnap' - found /sw/bioinfo/barrnap/0.8/rackham/bin/barrnap
[20:12:47] Determined barrnap version is 000008 from 'barrnap 0.8'
[20:12:47] Looking for 'blastp' - found /sw/bioinfo/blast/2.11.0+/rackham/bin/blastp
[20:12:48] Determined blastp version is 002011 from 'blastp: 2.11.0+'
[20:12:48] Looking for 'cmpress' - found /sw/bioinfo/prokka/1.45-5b58020/rackham/bin/../binaries/linux/cmpress
[20:12:48] Determined cmpress version is 001001 from '# INFERNAL 1.1.2 (July 2016)'
[20:12:48] Looking for 'cmscan' - found /sw/bioinfo/prokka/1.45-5b58020/rackham/bin/../binaries/linux/cmscan
[20:12:48] Determined cmscan version is 001001 from '# INFERNAL 1.1.2 (July 2016)'
[20:12:48] Looking for 'egrep' - found /usr/bin/egrep
[20:12:48] Looking for 'find' - found /usr/bin/find
[20:12:48] Looking for 'grep' - found /usr/bin/grep
[20:12:48] Looking for 'hmmpress' - found /sw/apps/bioinfo/hmmer/3.1b2/rackham/bin/hmmpress
[20:12:48] Determined hmmpress version is 003001 from '# HMMER 3.1b2 (February 2015); http://hmmer.org/'
[20:12:48] Looking for 'hmmscan' - found /sw/apps/bioinfo/hmmer/3.1b2/rackham/bin/hmmscan
[20:12:48] Determined hmmscan version is 003001 from '# HMMER 3.1b2 (February 2015); http://hmmer.org/'
[20:12:48] Looking for 'java' - found /usr/bin/java
[20:12:48] Looking for 'makeblastdb' - found /sw/bioinfo/blast/2.11.0+/rackham/bin/makeblastdb
[20:12:48] Determined makeblastdb version is 002011 from 'makeblastdb: 2.11.0+'
[20:12:48] Looking for 'minced' - found /sw/apps/bioinfo/minced/0.2.0/rackham/minced
[20:12:48] Determined minced version is 002000 from 'minced 0.2.0'
[20:12:48] Looking for 'parallel' - found /sw/parallel/gnuparallel/20170122/rackham/bin/parallel
[20:12:49] Determined parallel version is 20170122 from 'GNU parallel 20170122'
[20:12:49] Looking for 'prodigal' - found /sw/apps/bioinfo/prodigal/2.6.3/rackham/bin/prodigal
[20:12:49] Determined prodigal version is 002006 from 'Prodigal V2.6.3: February, 2016'
[20:12:49] Looking for 'prokka-genbank_to_fasta_db' - found /sw/bioinfo/prokka/1.45-5b58020/rackham/bin/prokka-genbank_to_fasta_db
[20:12:49] Looking for 'sed' - found /usr/bin/sed
[20:12:49] Looking for 'signalp' - found /sw/bioinfo/SignalP/4.1f/rackham/signalp
[20:12:49] Determined signalp version is 004001 from '4.1 4785068'
[20:12:49] Looking for 'tbl2asn' - found /sw/bioinfo/tbl2asn/25.8/rackham/tbl2asn
[20:12:49] Determined tbl2asn version is 025008 from 'tbl2asn 25.8   arguments:'
[20:12:49] Using genetic code table 11.
[20:12:49] Loading and checking input file: bin.1.fa
[20:12:49] Wrote 516 contigs totalling 2557524 bp.
[20:12:49] Predicting tRNAs and tmRNAs
[20:12:49] Running: aragorn -l -gc11  -w \/home\/vinglis\/genome_analysis\/GenomeAnalysis\/analysis\/04_annotation\/D1_prokka_output\/bin\.1\.fa_prokka_out\/PROKKA_05232021\.fna
[20:12:50] 1 tRNA-Arg [3318,3416] 38 (ccg)
[20:12:50] 2 tRNA-Ala c[3947,4020] 34 (tgc)
[20:12:50] 1 tRNA-Ala [488,561] 34 (ggc)
[20:12:50] 1 tRNA-Trp [331,404] 34 (cca)
[20:12:50] 1 tRNA-Leu [2702,2787] 35 (taa)
[20:12:50] 1 tRNA-Asn c[2843,2915] 33 (gtt)
[20:12:50] 1 tRNA-Leu [1113,1195] 35 (tag)
[20:12:50] 1 tRNA-Trp [2809,2882] 34 (cca)
[20:12:50] 1 tRNA-Gly c[2472,2545] 34 (gcc)
[20:12:50] 1 tRNA-Cys c[679,751] 34 (gca)
[20:12:50] 1 tRNA-Leu [115,197] 34 (caa)
[20:12:50] 1 tRNA-Met c[1503,1578] 36 (cat)
[20:12:50] 1 tRNA-Asp c[3111,3185] 35 (gtc)
[20:12:50] 1 tRNA-Thr [7099,7172] 34 (tgt)
[20:12:50] 2 tRNA-Tyr [7477,7559] 35 (gta)
[20:12:50] 3 tRNA-Gly [7655,7725] 33 (tcc)
[20:12:50] 1 tRNA-His c[1742,1816] 35 (gtg)
[20:12:51] 1 tRNA-Ser [4432,4522] 35 (gct)
[20:12:51] 1 tmRNA c[551,906] 96,125 AEAQFSLAA*
[20:12:51] 1 tRNA-Glu [97,171] 36 (ttc)
[20:12:51] 1 tRNA-Gln c[10574,10645] 33 (ttg)
[20:12:51] 1 tRNA-Val c[434,507] 35 (cac)
[20:12:51] 1 tRNA-Arg c[21428,21502] 35 (acg)
[20:12:51] 1 tRNA-Arg [6973,7047] 35 (tct)
[20:12:51] 1 tRNA-Lys c[1594,1668] 35 (ctt)
[20:12:51] 1 tRNA-Lys c[15835,15909] 35 (ttt)
[20:12:51] 2 tRNA-Leu c[16105,16189] 35 (cag)
[20:12:51] 1 tRNA-Ala [10487,10554] 31 (ggc)
[20:12:51] 1 tRNA-Pro c[508,583] 36 (cgg)
[20:12:51] 1 tRNA-Gln [1312,1383] 33 (ctg)
[20:12:51] 1 tRNA-Met [1372,1445] 34 (cat)
[20:12:51] 1 tRNA-Gly [295,368] 34 (ccc)
[20:12:51] Found 32 tRNAs
[20:12:51] Predicting Ribosomal RNAs
[20:12:51] Running Barrnap with 2 threads
[20:12:54] Found 0 rRNAs
[20:12:54] Skipping ncRNA search, enable with --rfam if desired.
[20:12:54] Total of 31 tRNA + rRNA features
[20:12:54] Searching for CRISPR repeats
[20:12:55] Found 0 CRISPRs
[20:12:55] Predicting coding sequences
[20:12:55] Contigs total 2557524 bp, so using meta mode
[20:12:55] Running: prodigal -i \/home\/vinglis\/genome_analysis\/GenomeAnalysis\/analysis\/04_annotation\/D1_prokka_output\/bin\.1\.fa_prokka_out\/PROKKA_05232021\.fna -c -m -g 11 -p meta -f sco -q
[20:12:57] Excluding CDS which overlaps existing RNA (tRNA) at k105_113401:1555..3414 on - strand
[20:13:01] Excluding CDS which overlaps existing RNA (tRNA) at k105_13812:908..1375 on - strand
[20:13:09] Excluding CDS which overlaps existing RNA (tRNA) at k105_110745:15108..15890 on + strand
[20:13:09] Excluding CDS which overlaps existing RNA (tRNA) at k105_120968:10026..11171 on + strand
[20:13:12] Found 2240 CDS
[20:13:12] Connecting features back to sequences
[20:13:12] Not using genus-specific database. Try --usegenus to enable it.
[20:13:12] Annotating CDS, please be patient.
[20:13:12] Will use 2 CPUs for similarity searching.
[20:13:13] There are still 2240 unannotated CDS left (started with 2240)
[20:13:13] Will use blast to search against /sw/bioinfo/prokka/1.45-5b58020/rackham/db/kingdom/Bacteria/IS with 2 CPUs
[20:13:13] Running: cat \/home\/vinglis\/genome_analysis\/GenomeAnalysis\/analysis\/04_annotation\/D1_prokka_output\/bin\.1\.fa_prokka_out\/PROKKA_05232021\.IS\.tmp\.37006\.faa | parallel --gnu --plain -j 2 --block 178061 --recstart '>' --pipe blastp -query - -db /sw/bioinfo/prokka/1.45-5b58020/rackham/db/kingdom/Bacteria/IS -evalue 1e-30 -qcov_hsp_perc 90 -num_threads 1 -num_descriptions 1 -num_alignments 1 -seg no > \/home\/vinglis\/genome_analysis\/GenomeAnalysis\/analysis\/04_annotation\/D1_prokka_output\/bin\.1\.fa_prokka_out\/PROKKA_05232021\.IS\.tmp\.37006\.blast 2> /dev/null
[20:14:13] Deleting unwanted file: /home/vinglis/genome_analysis/GenomeAnalysis/analysis/04_annotation/D1_prokka_output/bin.1.fa_prokka_out/PROKKA_05232021.IS.tmp.37006.faa
[20:14:13] Deleting unwanted file: /home/vinglis/genome_analysis/GenomeAnalysis/analysis/04_annotation/D1_prokka_output/bin.1.fa_prokka_out/PROKKA_05232021.IS.tmp.37006.blast
[20:14:14] There are still 2238 unannotated CDS left (started with 2240)
[20:14:14] Will use blast to search against /sw/bioinfo/prokka/1.45-5b58020/rackham/db/kingdom/Bacteria/AMR with 2 CPUs
[20:14:14] Running: cat \/home\/vinglis\/genome_analysis\/GenomeAnalysis\/analysis\/04_annotation\/D1_prokka_output\/bin\.1\.fa_prokka_out\/PROKKA_05232021\.AMR\.tmp\.37006\.faa | parallel --gnu --plain -j 2 --block 177969 --recstart '>' --pipe blastp -query - -db /sw/bioinfo/prokka/1.45-5b58020/rackham/db/kingdom/Bacteria/AMR -evalue 9.99999999999999e-301 -qcov_hsp_perc 90 -num_threads 1 -num_descriptions 1 -num_alignments 1 -seg no > \/home\/vinglis\/genome_analysis\/GenomeAnalysis\/analysis\/04_annotation\/D1_prokka_output\/bin\.1\.fa_prokka_out\/PROKKA_05232021\.AMR\.tmp\.37006\.blast 2> /dev/null
[20:15:03] Deleting unwanted file: /home/vinglis/genome_analysis/GenomeAnalysis/analysis/04_annotation/D1_prokka_output/bin.1.fa_prokka_out/PROKKA_05232021.AMR.tmp.37006.faa
[20:15:03] Deleting unwanted file: /home/vinglis/genome_analysis/GenomeAnalysis/analysis/04_annotation/D1_prokka_output/bin.1.fa_prokka_out/PROKKA_05232021.AMR.tmp.37006.blast
[20:15:04] There are still 2238 unannotated CDS left (started with 2240)
[20:15:04] Will use blast to search against /sw/bioinfo/prokka/1.45-5b58020/rackham/db/kingdom/Bacteria/sprot with 2 CPUs
[20:15:04] Running: cat \/home\/vinglis\/genome_analysis\/GenomeAnalysis\/analysis\/04_annotation\/D1_prokka_output\/bin\.1\.fa_prokka_out\/PROKKA_05232021\.sprot\.tmp\.37006\.faa | parallel --gnu --plain -j 2 --block 177969 --recstart '>' --pipe blastp -query - -db /sw/bioinfo/prokka/1.45-5b58020/rackham/db/kingdom/Bacteria/sprot -evalue 1e-09 -qcov_hsp_perc 80 -num_threads 1 -num_descriptions 1 -num_alignments 1 -seg no > \/home\/vinglis\/genome_analysis\/GenomeAnalysis\/analysis\/04_annotation\/D1_prokka_output\/bin\.1\.fa_prokka_out\/PROKKA_05232021\.sprot\.tmp\.37006\.blast 2> /dev/null
[20:19:16] Modify product: Probable adenylyl-sulfate kinase => putative adenylyl-sulfate kinase
[20:19:16] Modify product: Sulfurtransferase Alvin_2599 => Sulfurtransferase
[20:19:16] Modify product: Putative phosphoribosyl transferase Rv0571c => Putative phosphoribosyl transferase
[20:19:16] Modify product: Putative phosphoribosyl transferase Rv0571c => Putative phosphoribosyl transferase
[20:19:16] Modify product: Uncharacterized protein Rv2004c => putative protein
[20:19:16] Modify product: UPF0173 metal-dependent hydrolase SA1529 => hypothetical protein
[20:19:16] Modify product: Epimerase family protein Rv2216 => Epimerase family protein
[20:19:16] Modify product: Monocarboxylate 2-oxoacid-binding periplasmic protein all3028 => Monocarboxylate 2-oxoacid-binding periplasmic protein
[20:19:16] Modify product: Probable sulfate transporter Rv1739c => putative sulfate transporter
[20:19:16] Modify product: Putative multidrug export ATP-binding/permease protein SAV1866 => Putative multidrug export ATP-binding/permease protein
[20:19:16] Modify product: Putative universal stress protein SA1532 => Putative universal stress protein
[20:19:16] Modify product: Uncharacterized RNA pseudouridine synthase Rv1540 => putative RNA pseudouridine synthase
[20:19:16] Modify product: Uncharacterized oxidoreductase YjmC => putative oxidoreductase YjmC
[20:19:16] Modify product: UPF0053 inner membrane protein YtfL => hypothetical protein
[20:19:16] Modify product: Carbon dioxide-concentrating mechanism protein CcmK homolog 2 => Carbon dioxide-concentrating mechanism protein CcmK 
[20:19:16] Modify product: Probable biofilm formation methyltransferase WspC => putative biofilm formation methyltransferase WspC
[20:19:16] Modify product: Ribonuclease TTHA0252 => Ribonuclease
[20:19:17] Modify product: UPF0102 protein RPA0323 => hypothetical protein
[20:19:17] Modify product: Uncharacterized oxidoreductase UxuB => putative oxidoreductase UxuB
[20:19:17] Modify product: Uncharacterized zinc protease Rv2782c => putative zinc protease
[20:19:17] Modify product: Uncharacterized zinc protease Rv2782c => putative zinc protease
[20:19:17] Modify product: Probable multidrug ABC transporter ATP-binding protein YbhF => putative multidrug ABC transporter ATP-binding protein YbhF
[20:19:17] Modify product: Probable cysteine desulfurase => putative cysteine desulfurase
[20:19:17] Modify product: Uncharacterized ABC transporter ATP-binding protein YxlF => putative ABC transporter ATP-binding protein YxlF
[20:19:17] Modify product: Uncharacterized AAA domain-containing protein Rv2559c => putative AAA domain-containing protein
[20:19:17] Modify product: UPF0365 protein SA1402 => hypothetical protein
[20:19:17] Modify product: Leu/Ile/Val-binding protein homolog 3 => Leu/Ile/Val-binding protein 
[20:19:17] Modify product: Probable D-xylose utilization operon transcriptional repressor => putative D-xylose utilization operon transcriptional repressor
[20:19:17] Modify product: Putative esterase aq_1494 => Putative esterase
[20:19:17] Modify product: Uncharacterized NTE family protein Rv2565 => putative NTE family protein
[20:19:17] Modify product: Uncharacterized glycosyltransferase sll0501 => putative glycosyltransferase
[20:19:17] Modify product: Probable metallo-hydrolase M6_Spy0554 => putative metallo-hydrolase
[20:19:17] Modify product: Probable dual-specificity RNA methyltransferase RlmN => putative dual-specificity RNA methyltransferase RlmN
[20:19:17] Modify product: Bifunctional protein FolD => Bifunctional protein FolD protein
[20:19:17] Modify product: Universal stress protein Rv2026c => Universal stress protein
[20:19:17] Modify product: Glycogen operon protein GlgX homolog => Glycogen operon protein GlgX 
[20:19:17] Modify product: Probable transcriptional regulatory protein aq_1575 => putative transcriptional regulatory protein
[20:19:17] Modify product: Uncharacterized protein Rv0628c => putative protein
[20:19:17] Modify product: Phosphate-specific transport system accessory protein PhoU homolog => Phosphate-specific transport system accessory protein PhoU 
[20:19:17] Modify product: Putative glutamine amidotransferase Rv2859c => Putative glutamine amidotransferase
[20:19:17] Modify product: Putative lipid kinase SP_1045 => Putative lipid kinase
[20:19:17] Modify product: Uncharacterized oxidoreductase Rv0484c => putative oxidoreductase
[20:19:17] Modify product: Uncharacterized protein Rv2411c => putative protein
[20:19:17] Modify product: Uncharacterized protein Rv2567 => putative protein
[20:19:17] Modify product: Uncharacterized protein Rv2569c => putative protein
[20:19:18] Modify product: Probable type II secretion system protein HxcR => putative type II secretion system protein HxcR
[20:19:18] Modify product: UPF0365 protein SA1402 => hypothetical protein
[20:19:18] Modify product: Uncharacterized ABC transporter ATP-binding protein YknY => putative ABC transporter ATP-binding protein YknY
[20:19:18] Modify product: Probable cardiolipin synthase YwiE => putative cardiolipin synthase YwiE
[20:19:18] Modify product: Uncharacterized protein Rv2307c => putative protein
[20:19:18] Modify product: UPF0301 protein SO_3346 => hypothetical protein
[20:19:18] Cleaned 51 /product names
[20:19:18] Deleting unwanted file: /home/vinglis/genome_analysis/GenomeAnalysis/analysis/04_annotation/D1_prokka_output/bin.1.fa_prokka_out/PROKKA_05232021.sprot.tmp.37006.faa
[20:19:18] Deleting unwanted file: /home/vinglis/genome_analysis/GenomeAnalysis/analysis/04_annotation/D1_prokka_output/bin.1.fa_prokka_out/PROKKA_05232021.sprot.tmp.37006.blast
[20:19:18] There are still 1599 unannotated CDS left (started with 2240)
[20:19:18] Will use hmmer3 to search against /sw/bioinfo/prokka/1.45-5b58020/rackham/db/hmm/HAMAP.hmm with 2 CPUs
[20:19:18] Running: cat \/home\/vinglis\/genome_analysis\/GenomeAnalysis\/analysis\/04_annotation\/D1_prokka_output\/bin\.1\.fa_prokka_out\/PROKKA_05232021\.HAMAP\.hmm\.tmp\.37006\.faa | parallel --gnu --plain -j 2 --block 119981 --recstart '>' --pipe hmmscan --noali --notextw --acc -E 1e-09 --cpu 1 /sw/bioinfo/prokka/1.45-5b58020/rackham/db/hmm/HAMAP.hmm /dev/stdin > \/home\/vinglis\/genome_analysis\/GenomeAnalysis\/analysis\/04_annotation\/D1_prokka_output\/bin\.1\.fa_prokka_out\/PROKKA_05232021\.HAMAP\.hmm\.tmp\.37006\.hmmer3 2> /dev/null
[20:21:44] Deleting unwanted file: /home/vinglis/genome_analysis/GenomeAnalysis/analysis/04_annotation/D1_prokka_output/bin.1.fa_prokka_out/PROKKA_05232021.HAMAP.hmm.tmp.37006.faa
[20:21:44] Deleting unwanted file: /home/vinglis/genome_analysis/GenomeAnalysis/analysis/04_annotation/D1_prokka_output/bin.1.fa_prokka_out/PROKKA_05232021.HAMAP.hmm.tmp.37006.hmmer3
[20:21:44] Labelling remaining 1393 proteins as 'hypothetical protein'
[20:21:44] Possible /pseudo 'Outer membrane protein assembly factor BamB' at k105_103088 position 2069
[20:21:44] Possible /pseudo 'Putative phosphoribosyl transferase' at k105_1038 position 3034
[20:21:44] Possible /pseudo 'putative zinc protease' at k105_96369 position 1963
[20:21:44] Possible /pseudo 'N-acetylgalactosamine-6-O-sulfatase' at k105_118093 position 1740
[20:21:44] Possible /pseudo '3-oxoacyl-[acyl-carrier-protein] synthase 2' at k105_130854 position 15129
[20:21:44] Possible /pseudo 'Peptidase T' at k105_80132 position 1186
[20:21:44] Possible /pseudo 'putative protein' at k105_152378 position 3550
[20:21:44] Possible /pseudo 'putative protein' at k105_152378 position 4555
[20:21:44] Found 649 unique /gene codes.
[20:21:44] Fixed 2 duplicate /gene - ndhA_1 ndhA_2
[20:21:44] Fixed 2 duplicate /gene - prs_1 prs_2
[20:21:44] Fixed 2 duplicate /gene - clpP_1 clpP_2
[20:21:44] Fixed 4 duplicate /gene - ndhB_1 ndhB_2 ndhB_3 ndhB_4
[20:21:44] Fixed 2 duplicate /gene - rplA_1 rplA_2
[20:21:44] Fixed 2 duplicate /gene - dksA_1 dksA_2
[20:21:44] Fixed 2 duplicate /gene - lolD_1 lolD_2
[20:21:44] Fixed 2 duplicate /gene - rapA_1 rapA_2
[20:21:44] Fixed 2 duplicate /gene - groS_1 groS_2
[20:21:44] Fixed 2 duplicate /gene - nadE_1 nadE_2
[20:21:44] Fixed 2 duplicate /gene - scpB_1 scpB_2
[20:21:44] Fixed 2 duplicate /gene - iscS_1 iscS_2
[20:21:44] Fixed 2 duplicate /gene - ndhC_1 ndhC_2
[20:21:44] Fixed 2 duplicate /gene - punA_1 punA_2
[20:21:44] Fixed 2 duplicate /gene - tolQ_1 tolQ_2
[20:21:44] Fixed 2 duplicate /gene - crtB_1 crtB_2
[20:21:44] Fixed 2 duplicate /gene - dapA_1 dapA_2
[20:21:44] Fixed 2 duplicate /gene - rcsC_1 rcsC_2
[20:21:44] Fixed 2 duplicate /gene - fusA_1 fusA_2
[20:21:44] Fixed 2 duplicate /gene - mdtC_1 mdtC_2
[20:21:44] Fixed 2 duplicate /gene - xynR_1 xynR_2
[20:21:44] Fixed 2 duplicate /gene - pdxH_1 pdxH_2
[20:21:44] Fixed 2 duplicate /gene - gmd_1 gmd_2
[20:21:44] Fixed 2 duplicate /gene - rpoD_1 rpoD_2
[20:21:44] Fixed 2 duplicate /gene - glcK_1 glcK_2
[20:21:44] Fixed 15 duplicate /gene - iolG_1 iolG_2 iolG_3 iolG_4 iolG_5 iolG_6 iolG_7 iolG_8 iolG_9 iolG_10 iolG_11 iolG_12 iolG_13 iolG_14 iolG_15
[20:21:44] Fixed 11 duplicate /gene - bamB_1 bamB_2 bamB_3 bamB_4 bamB_5 bamB_6 bamB_7 bamB_8 bamB_9 bamB_10 bamB_11
[20:21:44] Fixed 3 duplicate /gene - aroE_1 aroE_2 aroE_3
[20:21:44] Fixed 2 duplicate /gene - aas_1 aas_2
[20:21:44] Fixed 2 duplicate /gene - rlmL_1 rlmL_2
[20:21:44] Fixed 2 duplicate /gene - bcp_1 bcp_2
[20:21:44] Fixed 2 duplicate /gene - gltB_1 gltB_2
[20:21:44] Fixed 2 duplicate /gene - nth_1 nth_2
[20:21:44] Fixed 2 duplicate /gene - pnp_1 pnp_2
[20:21:44] Fixed 3 duplicate /gene - csrA_1 csrA_2 csrA_3
[20:21:44] Fixed 2 duplicate /gene - lpxD_1 lpxD_2
[20:21:44] Fixed 2 duplicate /gene - rho_1 rho_2
[20:21:44] Fixed 2 duplicate /gene - nusG_1 nusG_2
[20:21:44] Fixed 2 duplicate /gene - mnmE_1 mnmE_2
[20:21:44] Fixed 2 duplicate /gene - hemW_1 hemW_2
[20:21:44] Fixed 2 duplicate /gene - apgM_1 apgM_2
[20:21:44] Fixed 2 duplicate /gene - fabG_1 fabG_2
[20:21:44] Fixed 2 duplicate /gene - sucD_1 sucD_2
[20:21:44] Fixed 4 duplicate /gene - atsA_1 atsA_2 atsA_3 atsA_4
[20:21:44] Fixed 2 duplicate /gene - nagB_1 nagB_2
[20:21:44] Fixed 3 duplicate /gene - COQ3_1 COQ3_2 COQ3_3
[20:21:44] Fixed 2 duplicate /gene - oppF_1 oppF_2
[20:21:44] Fixed 5 duplicate /gene - sasA_1 sasA_2 sasA_3 sasA_4 sasA_5
[20:21:44] Fixed 2 duplicate /gene - pepT_1 pepT_2
[20:21:44] Fixed 2 duplicate /gene - ndhJ_1 ndhJ_2
[20:21:44] Fixed 3 duplicate /gene - acpP_1 acpP_2 acpP_3
[20:21:44] Fixed 2 duplicate /gene - xerD_1 xerD_2
[20:21:44] Fixed 2 duplicate /gene - rbn_1 rbn_2
[20:21:44] Fixed 8 duplicate /gene - pknD_1 pknD_2 pknD_3 pknD_4 pknD_5 pknD_6 pknD_7 pknD_8
[20:21:44] Fixed 2 duplicate /gene - copA_1 copA_2
[20:21:44] Fixed 2 duplicate /gene - apbE_1 apbE_2
[20:21:44] Fixed 2 duplicate /gene - dnaA_1 dnaA_2
[20:21:44] Fixed 5 duplicate /gene - fabF_1 fabF_2 fabF_3 fabF_4 fabF_5
[20:21:44] Fixed 2 duplicate /gene - rplK_1 rplK_2
[20:21:44] Fixed 2 duplicate /gene - moaA_1 moaA_2
[20:21:44] Fixed 2 duplicate /gene - zraR_1 zraR_2
[20:21:44] Fixed 3 duplicate /gene - glnB_1 glnB_2 glnB_3
[20:21:44] Fixed 2 duplicate /gene - lemA_1 lemA_2
[20:21:44] Fixed 3 duplicate /gene - mshA_1 mshA_2 mshA_3
[20:21:44] Fixed 2 duplicate /gene - bioF_1 bioF_2
[20:21:44] Fixed 2 duplicate /gene - bepA_1 bepA_2
[20:21:44] Fixed 2 duplicate /gene - ackA_1 ackA_2
[20:21:44] Fixed 2 duplicate /gene - asnB_1 asnB_2
[20:21:44] Fixed 5 duplicate /gene - btuD_1 btuD_2 btuD_3 btuD_4 btuD_5
[20:21:44] Fixed 2 duplicate /gene - rpoA_1 rpoA_2
[20:21:44] Fixed 2 duplicate /gene - oppD_1 oppD_2
[20:21:44] Fixed 3 duplicate /gene - sigA_1 sigA_2 sigA_3
[20:21:44] Fixed 72 colliding /gene names.
[20:21:44] Adding /locus_tag identifiers
[20:21:44] Assigned 2272 locus_tags to CDS and RNA features.
[20:21:44] Writing outputs to /home/vinglis/genome_analysis/GenomeAnalysis/analysis/04_annotation/D1_prokka_output/bin.1.fa_prokka_out/
[20:21:46] Generating annotation statistics file
[20:21:46] Generating Genbank and Sequin files
[20:21:46] Running: tbl2asn -V b -a r10k -l paired-ends -M n -N 1 -y 'Annotated using prokka 1.14.6 from https://github.com/tseemann/prokka' -Z \/home\/vinglis\/genome_analysis\/GenomeAnalysis\/analysis\/04_annotation\/D1_prokka_output\/bin\.1\.fa_prokka_out\/PROKKA_05232021\.err -i \/home\/vinglis\/genome_analysis\/GenomeAnalysis\/analysis\/04_annotation\/D1_prokka_output\/bin\.1\.fa_prokka_out\/PROKKA_05232021\.fsa 2> /dev/null
[20:21:51] Deleting unwanted file: /home/vinglis/genome_analysis/GenomeAnalysis/analysis/04_annotation/D1_prokka_output/bin.1.fa_prokka_out/errorsummary.val
[20:21:51] Deleting unwanted file: /home/vinglis/genome_analysis/GenomeAnalysis/analysis/04_annotation/D1_prokka_output/bin.1.fa_prokka_out/PROKKA_05232021.dr
[20:21:51] Deleting unwanted file: /home/vinglis/genome_analysis/GenomeAnalysis/analysis/04_annotation/D1_prokka_output/bin.1.fa_prokka_out/PROKKA_05232021.fixedproducts
[20:21:51] Deleting unwanted file: /home/vinglis/genome_analysis/GenomeAnalysis/analysis/04_annotation/D1_prokka_output/bin.1.fa_prokka_out/PROKKA_05232021.ecn
[20:21:51] Deleting unwanted file: /home/vinglis/genome_analysis/GenomeAnalysis/analysis/04_annotation/D1_prokka_output/bin.1.fa_prokka_out/PROKKA_05232021.val
[20:21:51] Repairing broken .GBK output that tbl2asn produces...
[20:21:51] Running: sed 's/COORDINATES: profile/COORDINATES:profile/' < \/home\/vinglis\/genome_analysis\/GenomeAnalysis\/analysis\/04_annotation\/D1_prokka_output\/bin\.1\.fa_prokka_out\/PROKKA_05232021\.gbf > \/home\/vinglis\/genome_analysis\/GenomeAnalysis\/analysis\/04_annotation\/D1_prokka_output\/bin\.1\.fa_prokka_out\/PROKKA_05232021\.gbk
[20:21:51] Deleting unwanted file: /home/vinglis/genome_analysis/GenomeAnalysis/analysis/04_annotation/D1_prokka_output/bin.1.fa_prokka_out/PROKKA_05232021.gbf
[20:21:51] Output files:
[20:21:51] /home/vinglis/genome_analysis/GenomeAnalysis/analysis/04_annotation/D1_prokka_output/bin.1.fa_prokka_out/PROKKA_05232021.log
[20:21:51] /home/vinglis/genome_analysis/GenomeAnalysis/analysis/04_annotation/D1_prokka_output/bin.1.fa_prokka_out/PROKKA_05232021.fna
[20:21:51] /home/vinglis/genome_analysis/GenomeAnalysis/analysis/04_annotation/D1_prokka_output/bin.1.fa_prokka_out/PROKKA_05232021.gff
[20:21:51] /home/vinglis/genome_analysis/GenomeAnalysis/analysis/04_annotation/D1_prokka_output/bin.1.fa_prokka_out/PROKKA_05232021.faa
[20:21:51] /home/vinglis/genome_analysis/GenomeAnalysis/analysis/04_annotation/D1_prokka_output/bin.1.fa_prokka_out/PROKKA_05232021.ffn
[20:21:51] /home/vinglis/genome_analysis/GenomeAnalysis/analysis/04_annotation/D1_prokka_output/bin.1.fa_prokka_out/PROKKA_05232021.tbl
[20:21:51] /home/vinglis/genome_analysis/GenomeAnalysis/analysis/04_annotation/D1_prokka_output/bin.1.fa_prokka_out/PROKKA_05232021.fsa
[20:21:51] /home/vinglis/genome_analysis/GenomeAnalysis/analysis/04_annotation/D1_prokka_output/bin.1.fa_prokka_out/PROKKA_05232021.tsv
[20:21:51] /home/vinglis/genome_analysis/GenomeAnalysis/analysis/04_annotation/D1_prokka_output/bin.1.fa_prokka_out/PROKKA_05232021.txt
[20:21:51] /home/vinglis/genome_analysis/GenomeAnalysis/analysis/04_annotation/D1_prokka_output/bin.1.fa_prokka_out/PROKKA_05232021.gbk
[20:21:51] /home/vinglis/genome_analysis/GenomeAnalysis/analysis/04_annotation/D1_prokka_output/bin.1.fa_prokka_out/PROKKA_05232021.sqn
[20:21:51] /home/vinglis/genome_analysis/GenomeAnalysis/analysis/04_annotation/D1_prokka_output/bin.1.fa_prokka_out/PROKKA_05232021.err
[20:21:51] Annotation finished successfully.
[20:21:51] Walltime used: 9.07 minutes
[20:21:51] If you use this result please cite the Prokka paper:
[20:21:51] Seemann T (2014) Prokka: rapid prokaryotic genome annotation. Bioinformatics. 30(14):2068-9.
[20:21:51] Type 'prokka --citation' for more details.
[20:21:51] Thank you, come again.
