[22:08:57] This is prokka 1.14.6
[22:08:57] Written by Torsten Seemann <torsten.seemann@gmail.com>
[22:08:57] Homepage is https://github.com/tseemann/prokka
[22:08:57] Local time is Sun May 23 22:08:57 2021
[22:08:57] You are vinglis
[22:08:57] Operating system is linux
[22:08:57] You have BioPerl 1.007001
[22:08:57] System has 16 cores.
[22:08:57] Will use maximum of 2 cores.
[22:08:57] Annotating as >>> Bacteria <<<
[22:08:57] Generating locus_tag from 'bin.17.fa' contents.
[22:08:57] Setting --locustag LAPJIGIB from MD5 5a93202b302a1fc509b6af960bc4874f
[22:08:57] Creating new output folder: /home/vinglis/genome_analysis/GenomeAnalysis/analysis/04_annotation/D3_prokka_output/bin.17.fa_prokka_out
[22:08:57] Running: mkdir -p \/home\/vinglis\/genome_analysis\/GenomeAnalysis\/analysis\/04_annotation\/D3_prokka_output\/bin\.17\.fa_prokka_out
[22:08:57] Using filename prefix: PROKKA_05232021.XXX
[22:08:57] Setting HMMER_NCPU=1
[22:08:57] Writing log to: /home/vinglis/genome_analysis/GenomeAnalysis/analysis/04_annotation/D3_prokka_output/bin.17.fa_prokka_out/PROKKA_05232021.log
[22:08:57] Command: /sw/bioinfo/prokka/1.45-5b58020/rackham/bin/prokka --outdir /home/vinglis/genome_analysis/GenomeAnalysis/analysis/04_annotation/D3_prokka_output/bin.17.fa_prokka_out --metagenome --cpus 2 bin.17.fa
[22:08:57] Appending to PATH: /sw/bioinfo/prokka/1.45-5b58020/rackham/bin/../binaries/linux
[22:08:57] Appending to PATH: /sw/bioinfo/prokka/1.45-5b58020/rackham/bin/../binaries/linux/../common
[22:08:57] Appending to PATH: /sw/bioinfo/prokka/1.45-5b58020/rackham/bin
[22:08:57] Looking for 'aragorn' - found /sw/bioinfo/prokka/1.45-5b58020/rackham/bin/../binaries/linux/aragorn
[22:08:57] Determined aragorn version is 001002 from 'ARAGORN v1.2.38 Dean Laslett'
[22:08:57] Looking for 'barrnap' - found /sw/bioinfo/barrnap/0.8/rackham/bin/barrnap
[22:08:57] Determined barrnap version is 000008 from 'barrnap 0.8'
[22:08:57] Looking for 'blastp' - found /sw/bioinfo/blast/2.11.0+/rackham/bin/blastp
[22:08:58] Determined blastp version is 002011 from 'blastp: 2.11.0+'
[22:08:58] Looking for 'cmpress' - found /sw/bioinfo/prokka/1.45-5b58020/rackham/bin/../binaries/linux/cmpress
[22:08:58] Determined cmpress version is 001001 from '# INFERNAL 1.1.2 (July 2016)'
[22:08:58] Looking for 'cmscan' - found /sw/bioinfo/prokka/1.45-5b58020/rackham/bin/../binaries/linux/cmscan
[22:08:58] Determined cmscan version is 001001 from '# INFERNAL 1.1.2 (July 2016)'
[22:08:58] Looking for 'egrep' - found /usr/bin/egrep
[22:08:58] Looking for 'find' - found /usr/bin/find
[22:08:58] Looking for 'grep' - found /usr/bin/grep
[22:08:58] Looking for 'hmmpress' - found /sw/apps/bioinfo/hmmer/3.1b2/rackham/bin/hmmpress
[22:08:58] Determined hmmpress version is 003001 from '# HMMER 3.1b2 (February 2015); http://hmmer.org/'
[22:08:58] Looking for 'hmmscan' - found /sw/apps/bioinfo/hmmer/3.1b2/rackham/bin/hmmscan
[22:08:58] Determined hmmscan version is 003001 from '# HMMER 3.1b2 (February 2015); http://hmmer.org/'
[22:08:58] Looking for 'java' - found /usr/bin/java
[22:08:58] Looking for 'makeblastdb' - found /sw/bioinfo/blast/2.11.0+/rackham/bin/makeblastdb
[22:08:59] Determined makeblastdb version is 002011 from 'makeblastdb: 2.11.0+'
[22:08:59] Looking for 'minced' - found /sw/apps/bioinfo/minced/0.2.0/rackham/minced
[22:08:59] Determined minced version is 002000 from 'minced 0.2.0'
[22:08:59] Looking for 'parallel' - found /sw/parallel/gnuparallel/20170122/rackham/bin/parallel
[22:08:59] Determined parallel version is 20170122 from 'GNU parallel 20170122'
[22:08:59] Looking for 'prodigal' - found /sw/apps/bioinfo/prodigal/2.6.3/rackham/bin/prodigal
[22:08:59] Determined prodigal version is 002006 from 'Prodigal V2.6.3: February, 2016'
[22:08:59] Looking for 'prokka-genbank_to_fasta_db' - found /sw/bioinfo/prokka/1.45-5b58020/rackham/bin/prokka-genbank_to_fasta_db
[22:08:59] Looking for 'sed' - found /usr/bin/sed
[22:08:59] Looking for 'signalp' - found /sw/bioinfo/SignalP/4.1f/rackham/signalp
[22:08:59] Determined signalp version is 004001 from '4.1 4785068'
[22:08:59] Looking for 'tbl2asn' - found /sw/bioinfo/tbl2asn/25.8/rackham/tbl2asn
[22:08:59] Determined tbl2asn version is 025008 from 'tbl2asn 25.8   arguments:'
[22:08:59] Using genetic code table 11.
[22:08:59] Loading and checking input file: bin.17.fa
[22:08:59] Wrote 309 contigs totalling 1981638 bp.
[22:08:59] Predicting tRNAs and tmRNAs
[22:08:59] Running: aragorn -l -gc11  -w \/home\/vinglis\/genome_analysis\/GenomeAnalysis\/analysis\/04_annotation\/D3_prokka_output\/bin\.17\.fa_prokka_out\/PROKKA_05232021\.fna
[22:09:00] 1 tRNA-Leu c[3060,3146] 35 (gag)
[22:09:00] 1 tRNA-Leu [1767,1841] 35 (caa)
[22:09:00] 1 tRNA-Lys c[3059,3133] 34 (ttt)
[22:09:00] 1 tRNA-Arg c[1634,1707] 34 (acg)
[22:09:00] 2 tRNA-Ser [4495,4586] 37 (gct)
[22:09:00] 1 tRNA-Asn c[1615,1689] 33 (gtt)
[22:09:00] 1 tRNA-Val [4279,4354] 35 (tac)
[22:09:00] 1 tRNA-Arg c[2328,2402] 35 (cct)
[22:09:00] 1 tRNA-Thr [23369,23444] 34 (tgt)
[22:09:01] 1 tRNA-Val c[10921,10996] 34 (gac)
[22:09:01] 2 tRNA-Cys c[11018,11089] 33 (gca)
[22:09:01] 3 tRNA-Gly c[11126,11199] 34 (gcc)
[22:09:01] 1 tRNA-Thr c[15719,15800] 40 (cgt)
[22:09:01] 1 tRNA-Ala [4689,4764] 34 (cgc)
[22:09:01] 1 tRNA-Glu [938,1011] 35 (ttc)
[22:09:01] 2 tRNA-Asp [1015,1089] 35 (gtc)
[22:09:01] 3 tRNA-Phe [1113,1188] 35 (gaa)
[22:09:01] 1 tRNA-Gly c[3573,3646] 33 (ccc)
[22:09:01] 1 tRNA-Trp c[3677,3750] 34 (cca)
[22:09:01] 2 tRNA-Met c[8287,8362] 35 (cat)
[22:09:01] 3 tRNA-Thr c[8453,8528] 34 (ggt)
[22:09:01] 4 tRNA-Tyr c[8600,8684] 35 (gta)
[22:09:01] 1 tRNA-Asp [11,85] 35 (gtc)
[22:09:01] 2 tRNA-Phe [109,184] 35 (gaa)
[22:09:01] 1 tRNA-Gly c[16390,16461] 33 (tcc)
[22:09:01] 2 tRNA-Pro [16531,16606] 34 (tgg)
[22:09:01] 1 tRNA-Val c[440,514] 33 (cac)
[22:09:01] 1 tRNA-Met [1809,1883] 35 (cat)
[22:09:01] 1 tRNA-Leu [1276,1362] 35 (cag)
[22:09:01] 1 tRNA-Pro c[1570,1644] 35 (ggg)
[22:09:01] 1 tRNA-His [45,120] 34 (gtg)
[22:09:01] 2 tRNA-Lys [2632,2705] 34 (ctt)
[22:09:01] 1 tRNA-Leu [4959,5043] 35 (taa)
[22:09:01] 1 tmRNA [430,793] 95,133 AKQNKGTVALAA*
[22:09:01] 1 tRNA-Ser c[3375,3463] 37 (gga)
[22:09:01] 1 tRNA-Ala [24,97] 34 (tgc)
[22:09:01] 1 tRNA-Ser c[1393,1480] 35 (cga)
[22:09:01] 1 tRNA-Leu c[2285,2367] 35 (tag)
[22:09:01] 1 tRNA-Ser c[5591,5678] 35 (cga)
[22:09:01] 1 tRNA-Val [9,84] 34 (gac)
[22:09:01] 1 tRNA-Ser c[2244,2332] 35 (gga)
[22:09:01] 1 tRNA-Arg [6407,6480] 34 (tct)
[22:09:01] Found 42 tRNAs
[22:09:01] Predicting Ribosomal RNAs
[22:09:01] Running Barrnap with 2 threads
[22:09:03] 1 k105_13346 1 16S ribosomal RNA (partial)
[22:09:03] Found 1 rRNAs
[22:09:03] Skipping ncRNA search, enable with --rfam if desired.
[22:09:03] Total of 42 tRNA + rRNA features
[22:09:03] Searching for CRISPR repeats
[22:09:04] Found 0 CRISPRs
[22:09:04] Predicting coding sequences
[22:09:04] Contigs total 1981638 bp, so using meta mode
[22:09:04] Running: prodigal -i \/home\/vinglis\/genome_analysis\/GenomeAnalysis\/analysis\/04_annotation\/D3_prokka_output\/bin\.17\.fa_prokka_out\/PROKKA_05232021\.fna -c -m -g 11 -p meta -f sco -q
[22:09:06] Excluding CDS which overlaps existing RNA (tRNA) at k105_77524:1153..1704 on - strand
[22:09:13] Excluding CDS which overlaps existing RNA (tRNA) at k105_167784:14498..15916 on - strand
[22:09:15] Excluding CDS which overlaps existing RNA (tRNA) at k105_115254:15911..16447 on - strand
[22:09:17] Excluding CDS which overlaps existing RNA (tRNA) at k105_137945:2530..2721 on + strand
[22:09:18] Excluding CDS which overlaps existing RNA (tRNA) at k105_160710:3331..3579 on - strand
[22:09:20] Found 1964 CDS
[22:09:20] Connecting features back to sequences
[22:09:20] Not using genus-specific database. Try --usegenus to enable it.
[22:09:20] Annotating CDS, please be patient.
[22:09:20] Will use 2 CPUs for similarity searching.
[22:09:20] There are still 1964 unannotated CDS left (started with 1964)
[22:09:20] Will use blast to search against /sw/bioinfo/prokka/1.45-5b58020/rackham/db/kingdom/Bacteria/IS with 2 CPUs
[22:09:20] Running: cat \/home\/vinglis\/genome_analysis\/GenomeAnalysis\/analysis\/04_annotation\/D3_prokka_output\/bin\.17\.fa_prokka_out\/PROKKA_05232021\.IS\.tmp\.22572\.faa | parallel --gnu --plain -j 2 --block 141962 --recstart '>' --pipe blastp -query - -db /sw/bioinfo/prokka/1.45-5b58020/rackham/db/kingdom/Bacteria/IS -evalue 1e-30 -qcov_hsp_perc 90 -num_threads 1 -num_descriptions 1 -num_alignments 1 -seg no > \/home\/vinglis\/genome_analysis\/GenomeAnalysis\/analysis\/04_annotation\/D3_prokka_output\/bin\.17\.fa_prokka_out\/PROKKA_05232021\.IS\.tmp\.22572\.blast 2> /dev/null
[22:10:08] Deleting unwanted file: /home/vinglis/genome_analysis/GenomeAnalysis/analysis/04_annotation/D3_prokka_output/bin.17.fa_prokka_out/PROKKA_05232021.IS.tmp.22572.faa
[22:10:08] Deleting unwanted file: /home/vinglis/genome_analysis/GenomeAnalysis/analysis/04_annotation/D3_prokka_output/bin.17.fa_prokka_out/PROKKA_05232021.IS.tmp.22572.blast
[22:10:08] There are still 1961 unannotated CDS left (started with 1964)
[22:10:08] Will use blast to search against /sw/bioinfo/prokka/1.45-5b58020/rackham/db/kingdom/Bacteria/AMR with 2 CPUs
[22:10:08] Running: cat \/home\/vinglis\/genome_analysis\/GenomeAnalysis\/analysis\/04_annotation\/D3_prokka_output\/bin\.17\.fa_prokka_out\/PROKKA_05232021\.AMR\.tmp\.22572\.faa | parallel --gnu --plain -j 2 --block 141803 --recstart '>' --pipe blastp -query - -db /sw/bioinfo/prokka/1.45-5b58020/rackham/db/kingdom/Bacteria/AMR -evalue 9.99999999999999e-301 -qcov_hsp_perc 90 -num_threads 1 -num_descriptions 1 -num_alignments 1 -seg no > \/home\/vinglis\/genome_analysis\/GenomeAnalysis\/analysis\/04_annotation\/D3_prokka_output\/bin\.17\.fa_prokka_out\/PROKKA_05232021\.AMR\.tmp\.22572\.blast 2> /dev/null
[22:10:48] Deleting unwanted file: /home/vinglis/genome_analysis/GenomeAnalysis/analysis/04_annotation/D3_prokka_output/bin.17.fa_prokka_out/PROKKA_05232021.AMR.tmp.22572.faa
[22:10:48] Deleting unwanted file: /home/vinglis/genome_analysis/GenomeAnalysis/analysis/04_annotation/D3_prokka_output/bin.17.fa_prokka_out/PROKKA_05232021.AMR.tmp.22572.blast
[22:10:49] There are still 1961 unannotated CDS left (started with 1964)
[22:10:49] Will use blast to search against /sw/bioinfo/prokka/1.45-5b58020/rackham/db/kingdom/Bacteria/sprot with 2 CPUs
[22:10:49] Running: cat \/home\/vinglis\/genome_analysis\/GenomeAnalysis\/analysis\/04_annotation\/D3_prokka_output\/bin\.17\.fa_prokka_out\/PROKKA_05232021\.sprot\.tmp\.22572\.faa | parallel --gnu --plain -j 2 --block 141803 --recstart '>' --pipe blastp -query - -db /sw/bioinfo/prokka/1.45-5b58020/rackham/db/kingdom/Bacteria/sprot -evalue 1e-09 -qcov_hsp_perc 80 -num_threads 1 -num_descriptions 1 -num_alignments 1 -seg no > \/home\/vinglis\/genome_analysis\/GenomeAnalysis\/analysis\/04_annotation\/D3_prokka_output\/bin\.17\.fa_prokka_out\/PROKKA_05232021\.sprot\.tmp\.22572\.blast 2> /dev/null
[22:14:21] Modify product: Probable adenylyltransferase/sulfurtransferase MoeZ => putative adenylyltransferase/sulfurtransferase MoeZ
[22:14:21] Modify product: Probable chromosome-partitioning protein ParB => putative chromosome-partitioning protein ParB
[22:14:21] Modify product: UPF0056 inner membrane protein MarC => hypothetical protein
[22:14:21] Modify product: Uncharacterized zinc protease Rv2782c => putative zinc protease
[22:14:21] Modify product: Probable diacyglycerol O-acyltransferase tgs1 => putative diacyglycerol O-acyltransferase tgs1
[22:14:21] Modify product: Probable alcohol dehydrogenase AdhA => putative alcohol dehydrogenase AdhA
[22:14:21] Modify product: Probable transcriptional regulatory protein pdtaR => putative transcriptional regulatory protein pdtaR
[22:14:21] Modify product: Uncharacterized peptidase SA1530 => putative peptidase
[22:14:21] Modify product: Putative trans-acting enoyl reductase Rv2449c => Putative trans-acting enoyl reductase
[22:14:21] Modify product: UPF0126 inner membrane protein YadS => hypothetical protein
[22:14:21] Modify product: Probable fatty acid methyltransferase Rv3720 => putative fatty acid methyltransferase
[22:14:21] Modify product: Uncharacterized amino acid permease YhdG => putative amino acid permease YhdG
[22:14:21] Modify product: Uncharacterized protein Rv2715 => putative protein
[22:14:21] Modify product: Probable GTPase Rv1496 => putative GTPase
[22:14:21] Modify product: Probable methylmalonyl-CoA mutase large subunit => putative methylmalonyl-CoA mutase large subunit
[22:14:21] Modify product: Uncharacterized protein Rv1339 => putative protein
[22:14:21] Modify product: Uncharacterized protein Rv1332 => putative protein
[22:14:21] Modify product: Carboxypeptidase Rv3627c => Carboxypeptidase
[22:14:21] Modify product: UPF0301 protein Rv0038 => hypothetical protein
[22:14:21] Modify product: Uncharacterized protein Rv0525 => putative protein
[22:14:21] Modify product: Uncharacterized protein Rv2239c => putative protein
[22:14:21] Modify product: Probable flavin reductase => putative flavin reductase
[22:14:21] Modify product: Probable type II secretion system protein HxcR => putative type II secretion system protein HxcR
[22:14:21] Modify product: Probable iron-sulfur-binding oxidoreductase FadF => putative iron-sulfur-binding oxidoreductase FadF
[22:14:21] Modify product: Uncharacterized protein Rv2560 => putative protein
[22:14:21] Modify product: Probable cell wall biosynthesis protein LcpB => putative cell wall biosynthesis protein LcpB
[22:14:21] Modify product: UPF0053 protein Rv2366c => hypothetical protein
[22:14:21] Modify product: Putative Rieske 2Fe-2S iron-sulfur protein MSMEG_6410/MSMEI_6242 => Putative Rieske 2Fe-2S iron-sulfur protein/MSMEI_6242
[22:14:21] Modify product: Uncharacterized signaling protein PA1727 => putative signaling protein
[22:14:21] Modify product: Uncharacterized signaling protein CC_0091 => putative signaling protein
[22:14:21] Modify product: Putative coenzyme F420-dependent oxidoreductase Rv3520c => Putative coenzyme F420-dependent oxidoreductase
[22:14:21] Modify product: Uncharacterized MFS-type transporter Rv0037c => putative MFS-type transporter
[22:14:21] Modify product: Uncharacterized protein Rv0049 => putative protein
[22:14:21] Modify product: Probable ketoamine kinase HMPREF0351_12196 => putative ketoamine kinase
[22:14:21] Modify product: Putative low molecular weight protein-tyrosine-phosphatase slr0328 => Putative low molecular weight protein-tyrosine-phosphatase
[22:14:21] Modify product: Probable aminotransferase Rv3329 => putative aminotransferase
[22:14:21] Modify product: Universal stress protein Rv2005c => Universal stress protein
[22:14:21] Modify product: Universal stress protein MSMEG_3950/MSMEI_3859 => Universal stress protein/MSMEI_3859
[22:14:21] Modify product: Uncharacterized protein Rv2411c => putative protein
[22:14:21] Modify product: Uncharacterized protein Rv2569c => putative protein
[22:14:21] Modify product: Probable 2,4-dienoyl-CoA reductase => putative 2,4-dienoyl-CoA reductase
[22:14:21] Modify product: Uncharacterized protein Rv0877 => putative protein
[22:14:21] Modify product: Phosphate-specific transport system accessory protein PhoU homolog 2 => Phosphate-specific transport system accessory protein PhoU 
[22:14:21] Modify product: Uncharacterized PIN and TRAM-domain containing protein YacL => putative PIN and TRAM-domain containing protein YacL
[22:14:21] Modify product: Uncharacterized tRNA/rRNA methyltransferase Rv3579c => putative tRNA/rRNA methyltransferase
[22:14:21] Modify product: Putative transport protein Rv0205 => Putative transport protein
[22:14:21] Modify product: Protein Mb2227c => Protein
[22:14:21] Modify product: Protease HtpX homolog => Protease HtpX 
[22:14:21] Modify product: Putative O-methyltransferase Rv1220c => Putative O-methyltransferase
[22:14:21] Modify product: Putative multidrug export ATP-binding/permease protein SAV1866 => Putative multidrug export ATP-binding/permease protein
[22:14:21] Modify product: Uncharacterized SURF1-like protein Rv2235 => putative SURF1-like protein
[22:14:21] Modify product: Putative HTH-type transcriptional regulator Rv1287 => Putative HTH-type transcriptional regulator
[22:14:22] Modify product: Putative bifunctional exonuclease/endonuclease protein Rv2191 => Putative bifunctional exonuclease/endonuclease protein
[22:14:22] Modify product: Uncharacterized response regulatory protein Rv3143 => putative response regulatory protein
[22:14:22] Modify product: Probable cytochrome c oxidase subunit 3 => putative cytochrome c oxidase subunit 3
[22:14:22] Modify product: Uncharacterized protein Rv2926c => putative protein
[22:14:22] Modify product: Uncharacterized protein Rv2927c => putative protein
[22:14:22] Modify product: Uncharacterized protein SA1069 => putative protein
[22:14:22] Modify product: Probable cytosol aminopeptidase => putative cytosol aminopeptidase
[22:14:22] Modify product: Epimerase family protein Rv2216 => Epimerase family protein
[22:14:22] Modify product: Uncharacterized protein Rv2219 => putative protein
[22:14:22] Modify product: Glycogen operon protein GlgX homolog => Glycogen operon protein GlgX 
[22:14:22] Modify product: Probable sensor histidine kinase pdtaS => putative sensor histidine kinase pdtaS
[22:14:22] Modify product: Uncharacterized protein Rv1488 => putative protein
[22:14:22] Modify product: Uncharacterized ABC transporter ATP-binding protein YlmA => putative ABC transporter ATP-binding protein YlmA
[22:14:22] Modify product: Uncharacterized protein Rv1276c => putative protein
[22:14:22] Modify product: Putative methyltransferase Rv1407 => Putative methyltransferase
[22:14:22] Modify product: NADH dehydrogenase-like protein SAOUHSC_00878 => NADH dehydrogenase-like protein
[22:14:22] Modify product: Putative HTH-type transcriptional regulator Rv1287 => Putative HTH-type transcriptional regulator
[22:14:22] Modify product: Uncharacterized sugar epimerase YhfK => putative sugar epimerase YhfK
[22:14:22] Modify product: UPF0047 protein Rv2556c => hypothetical protein
[22:14:22] Modify product: Uncharacterized oxidoreductase MSMEG_1603/MSMEI_1564 => putative oxidoreductase/MSMEI_1564
[22:14:22] Modify product: Uncharacterized protein Rv3421c => putative protein
[22:14:22] Modify product: Putative diacyglycerol O-acyltransferase Rv1425 => Putative diacyglycerol O-acyltransferase
[22:14:22] Modify product: Probable primosomal protein N' => putative primosomal protein N'
[22:14:22] Modify product: Putative conjugal transfer protein Rv3659c => Putative conjugal transfer protein
[22:14:22] Modify product: GTP cyclohydrolase 1 type 2 homolog => GTP cyclohydrolase 1 type 2 
[22:14:22] Modify product: Uncharacterized protein Rv2229c => putative protein
[22:14:22] Modify product: Probable ATP-dependent helicase DinG homolog => putative ATP-dependent helicase DinG 
[22:14:22] Modify product: Probable N-succinyldiaminopimelate aminotransferase DapC => putative N-succinyldiaminopimelate aminotransferase DapC
[22:14:22] Modify product: Universal stress protein Rv2319c => Universal stress protein
[22:14:22] Modify product: UPF0336 protein Rv0635 => hypothetical protein
[22:14:22] Modify product: UPF0234 protein MSMEG_1165/MSMEI_1134 => hypothetical protein
[22:14:22] Modify product: Probable transcriptional regulatory protein Rv2603c => putative transcriptional regulatory protein
[22:14:22] Modify product: Probable glycerophosphodiester phosphodiesterase 1 => putative glycerophosphodiester phosphodiesterase 1
[22:14:22] Modify product: Sulfurtransferase Alvin_2599 => Sulfurtransferase
[22:14:22] Modify product: Uncharacterized amino acid permease YhdG => putative amino acid permease YhdG
[22:14:22] Modify product: Probable peptidyl-prolyl cis-trans isomerase B => putative peptidyl-prolyl cis-trans isomerase B
[22:14:22] Modify product: Putative ATPase Rv3679 => Putative ATPase
[22:14:22] Modify product: Uncharacterized metal-dependent hydrolase TatD => putative metal-dependent hydrolase TatD
[22:14:22] Modify product: Uncharacterized protein Rv2212 => putative protein
[22:14:22] Modify product: Probable acyl-CoA dehydrogenase fadE25 => putative acyl-CoA dehydrogenase fadE25
[22:14:22] Modify product: UPF0109 protein Rv2908c => hypothetical protein
[22:14:22] Modify product: Putative transport protein Rv0205 => Putative transport protein
[22:14:22] Modify product: Uncharacterized N-acetyltransferase Rv2669 => putative N-acetyltransferase
[22:14:22] Modify product: Uncharacterized protein Rv0498 => putative protein
[22:14:22] Modify product: Uncharacterized HTH-type transcriptional regulator Rv1830 => putative HTH-type transcriptional regulator
[22:14:22] Modify product: Putative diacyglycerol O-acyltransferase Rv2484c => Putative diacyglycerol O-acyltransferase
[22:14:22] Modify product: Bifunctional protein FolD => Bifunctional protein FolD protein
[22:14:22] Modify product: Uncharacterized protein Rv0495c => putative protein
[22:14:22] Modify product: Uncharacterized Na(+)/H(+) exchanger Rv2287 => putative Na(+)/H(+) exchanger
[22:14:22] Modify product: Probable glycine dehydrogenase (decarboxylating) => putative glycine dehydrogenase (decarboxylating)
[22:14:22] Modify product: Uncharacterized protein Rv2581c => putative protein
[22:14:22] Modify product: Uncharacterized protein MRA_2757 => putative protein
[22:14:22] Modify product: Uncharacterized protein Rv2226 => putative protein
[22:14:22] Modify product: Probable 8-oxo-dGTP diphosphatase 1 => putative 8-oxo-dGTP diphosphatase 1
[22:14:22] Modify product: Probable copper-exporting P-type ATPase V => putative copper-exporting P-type ATPase V
[22:14:22] Modify product: UPF0051 protein SA0778 => hypothetical protein
[22:14:22] Modify product: UPF0051 protein Rv1462 => hypothetical protein
[22:14:22] Modify product: Uncharacterized protein Rv0501 => putative protein
[22:14:22] Modify product: Uncharacterized protein Rv1841c => putative protein
[22:14:22] Modify product: UPF0053 protein Rv1842c => hypothetical protein
[22:14:22] Modify product: Uncharacterized AAA domain-containing protein Rv2559c => putative AAA domain-containing protein
[22:14:22] Modify product: UPF0678 fatty acid-binding protein-like protein Rv2717c => hypothetical protein
[22:14:22] Modify product: UPF0039 protein Rv2851c => hypothetical protein
[22:14:22] Modify product: Probable nicotinate-nucleotide adenylyltransferase => putative nicotinate-nucleotide adenylyltransferase
[22:14:22] Modify product: Probable NADH oxidase => putative NADH oxidase
[22:14:23] Modify product: UPF0324 inner membrane protein YeiH => hypothetical protein
[22:14:23] Modify product: UPF0098 protein Rv2140c => hypothetical protein
[22:14:23] Modify product: Uncharacterized FtsW-like protein => putative FtsW-like protein
[22:14:23] Modify product: Uncharacterized ABC transporter ATP-binding protein Rv1273c => putative ABC transporter ATP-binding protein
[22:14:23] Modify product: Probable phosphoadenosine phosphosulfate reductase => putative phosphoadenosine phosphosulfate reductase
[22:14:23] Modify product: Probable dipeptidase PepE => putative dipeptidase PepE
[22:14:23] Modify product: Putative peroxiredoxin Rv2521 => Putative peroxiredoxin
[22:14:23] Modify product: Probable sulfate transporter Rv1739c => putative sulfate transporter
[22:14:23] Modify product: Probable protein-export membrane protein SecG => putative protein-export membrane protein SecG
[22:14:23] Modify product: Uncharacterized RNA pseudouridine synthase Rv1711 => putative RNA pseudouridine synthase
[22:14:23] Modify product: Uncharacterized protein Rv1324 => putative protein
[22:14:23] Modify product: Uncharacterized sugar transferase EpsL => putative sugar transferase EpsL
[22:14:23] Cleaned 129 /product names
[22:14:23] Deleting unwanted file: /home/vinglis/genome_analysis/GenomeAnalysis/analysis/04_annotation/D3_prokka_output/bin.17.fa_prokka_out/PROKKA_05232021.sprot.tmp.22572.faa
[22:14:23] Deleting unwanted file: /home/vinglis/genome_analysis/GenomeAnalysis/analysis/04_annotation/D3_prokka_output/bin.17.fa_prokka_out/PROKKA_05232021.sprot.tmp.22572.blast
[22:14:23] There are still 1112 unannotated CDS left (started with 1964)
[22:14:23] Will use hmmer3 to search against /sw/bioinfo/prokka/1.45-5b58020/rackham/db/hmm/HAMAP.hmm with 2 CPUs
[22:14:23] Running: cat \/home\/vinglis\/genome_analysis\/GenomeAnalysis\/analysis\/04_annotation\/D3_prokka_output\/bin\.17\.fa_prokka_out\/PROKKA_05232021\.HAMAP\.hmm\.tmp\.22572\.faa | parallel --gnu --plain -j 2 --block 68242 --recstart '>' --pipe hmmscan --noali --notextw --acc -E 1e-09 --cpu 1 /sw/bioinfo/prokka/1.45-5b58020/rackham/db/hmm/HAMAP.hmm /dev/stdin > \/home\/vinglis\/genome_analysis\/GenomeAnalysis\/analysis\/04_annotation\/D3_prokka_output\/bin\.17\.fa_prokka_out\/PROKKA_05232021\.HAMAP\.hmm\.tmp\.22572\.hmmer3 2> /dev/null
[22:16:04] Modify product: Uncharacterized Nudix hydrolase NudL => putative Nudix hydrolase NudL
[22:16:04] Cleaned 1 /product names
[22:16:04] Deleting unwanted file: /home/vinglis/genome_analysis/GenomeAnalysis/analysis/04_annotation/D3_prokka_output/bin.17.fa_prokka_out/PROKKA_05232021.HAMAP.hmm.tmp.22572.faa
[22:16:04] Deleting unwanted file: /home/vinglis/genome_analysis/GenomeAnalysis/analysis/04_annotation/D3_prokka_output/bin.17.fa_prokka_out/PROKKA_05232021.HAMAP.hmm.tmp.22572.hmmer3
[22:16:04] Labelling remaining 995 proteins as 'hypothetical protein'
[22:16:04] Possible /pseudo 'Putative fluoride ion transporter CrcB' at k105_132104 position 317
[22:16:04] Possible /pseudo 'Gamma-aminobutyraldehyde dehydrogenase' at k105_46136 position 4283
[22:16:04] Possible /pseudo 'putative protein' at k105_101395 position 5867
[22:16:04] Possible /pseudo 'Tol-Pal system protein TolB' at k105_79511 position 1542
[22:16:04] Possible /pseudo 'Tol-Pal system protein TolB' at k105_79511 position 2910
[22:16:04] Possible /pseudo 'subtilase-type protease inhibitor' at k105_82378 position 633
[22:16:04] Possible /pseudo 'Vitamin B12 import ATP-binding protein BtuD' at k105_40561 position 1069
[22:16:04] Possible /pseudo 'Glycerol-3-phosphate cytidylyltransferase' at k105_149629 position 2181
[22:16:04] Possible /pseudo 'Tyrosine recombinase XerC' at k105_118791 position 875
[22:16:04] Found 766 unique /gene codes.
[22:16:04] Fixed 3 duplicate /gene - ppgK_1 ppgK_2 ppgK_3
[22:16:04] Fixed 2 duplicate /gene - hemL_1 hemL_2
[22:16:04] Fixed 2 duplicate /gene - pepA_1 pepA_2
[22:16:04] Fixed 4 duplicate /gene - rcsC_1 rcsC_2 rcsC_3 rcsC_4
[22:16:04] Fixed 2 duplicate /gene - pyrD_1 pyrD_2
[22:16:04] Fixed 2 duplicate /gene - puuB_1 puuB_2
[22:16:04] Fixed 2 duplicate /gene - mraZ_1 mraZ_2
[22:16:04] Fixed 2 duplicate /gene - kefC_1 kefC_2
[22:16:04] Fixed 2 duplicate /gene - fadJ_1 fadJ_2
[22:16:04] Fixed 2 duplicate /gene - mshD_1 mshD_2
[22:16:04] Fixed 2 duplicate /gene - yhdG_1 yhdG_2
[22:16:04] Fixed 3 duplicate /gene - xerC_1 xerC_2 xerC_3
[22:16:04] Fixed 2 duplicate /gene - pntB_1 pntB_2
[22:16:04] Fixed 4 duplicate /gene - btuD_1 btuD_2 btuD_3 btuD_4
[22:16:04] Fixed 2 duplicate /gene - tagD_1 tagD_2
[22:16:04] Fixed 2 duplicate /gene - sti_1 sti_2
[22:16:04] Fixed 2 duplicate /gene - caeA_1 caeA_2
[22:16:04] Fixed 2 duplicate /gene - ephA_1 ephA_2
[22:16:04] Fixed 2 duplicate /gene - nhaP2_1 nhaP2_2
[22:16:04] Fixed 2 duplicate /gene - priA_1 priA_2
[22:16:04] Fixed 2 duplicate /gene - ahcY_1 ahcY_2
[22:16:04] Fixed 2 duplicate /gene - liaR_1 liaR_2
[22:16:04] Fixed 2 duplicate /gene - acsA_1 acsA_2
[22:16:04] Fixed 2 duplicate /gene - nylA_1 nylA_2
[22:16:04] Fixed 3 duplicate /gene - whiB_1 whiB_2 whiB_3
[22:16:04] Fixed 2 duplicate /gene - pipB2_1 pipB2_2
[22:16:04] Fixed 2 duplicate /gene - fabG_1 fabG_2
[22:16:04] Fixed 2 duplicate /gene - dapE_1 dapE_2
[22:16:04] Fixed 2 duplicate /gene - glnA_1 glnA_2
[22:16:04] Fixed 2 duplicate /gene - hcaB_1 hcaB_2
[22:16:04] Fixed 2 duplicate /gene - prr_1 prr_2
[22:16:04] Fixed 3 duplicate /gene - tolB_1 tolB_2 tolB_3
[22:16:04] Fixed 2 duplicate /gene - ftsH_1 ftsH_2
[22:16:04] Fixed 5 duplicate /gene - mshA_1 mshA_2 mshA_3 mshA_4 mshA_5
[22:16:04] Fixed 3 duplicate /gene - gloB_1 gloB_2 gloB_3
[22:16:04] Fixed 2 duplicate /gene - tadA_1 tadA_2
[22:16:04] Fixed 2 duplicate /gene - arc_1 arc_2
[22:16:04] Fixed 2 duplicate /gene - dhlA_1 dhlA_2
[22:16:04] Fixed 2 duplicate /gene - pgsA2_1 pgsA2_2
[22:16:04] Fixed 2 duplicate /gene - folP1_1 folP1_2
[22:16:04] Fixed 2 duplicate /gene - tagU_1 tagU_2
[22:16:04] Fixed 2 duplicate /gene - cysO_1 cysO_2
[22:16:04] Fixed 2 duplicate /gene - purL_1 purL_2
[22:16:04] Fixed 3 duplicate /gene - qacA_1 qacA_2 qacA_3
[22:16:04] Fixed 2 duplicate /gene - prmC_1 prmC_2
[22:16:04] Fixed 2 duplicate /gene - ettA_1 ettA_2
[22:16:04] Fixed 2 duplicate /gene - msbA_1 msbA_2
[22:16:04] Fixed 2 duplicate /gene - ilvE_1 ilvE_2
[22:16:04] Fixed 2 duplicate /gene - aroH_1 aroH_2
[22:16:04] Fixed 3 duplicate /gene - phoP_1 phoP_2 phoP_3
[22:16:04] Fixed 2 duplicate /gene - atpH_1 atpH_2
[22:16:04] Fixed 2 duplicate /gene - rbpA_1 rbpA_2
[22:16:04] Fixed 2 duplicate /gene - crcB_1 crcB_2
[22:16:04] Fixed 2 duplicate /gene - smtB_1 smtB_2
[22:16:04] Fixed 2 duplicate /gene - qorA_1 qorA_2
[22:16:04] Fixed 55 colliding /gene names.
[22:16:04] Adding /locus_tag identifiers
[22:16:04] Assigned 2007 locus_tags to CDS and RNA features.
[22:16:04] Writing outputs to /home/vinglis/genome_analysis/GenomeAnalysis/analysis/04_annotation/D3_prokka_output/bin.17.fa_prokka_out/
[22:16:05] Generating annotation statistics file
[22:16:05] Generating Genbank and Sequin files
[22:16:05] Running: tbl2asn -V b -a r10k -l paired-ends -M n -N 1 -y 'Annotated using prokka 1.14.6 from https://github.com/tseemann/prokka' -Z \/home\/vinglis\/genome_analysis\/GenomeAnalysis\/analysis\/04_annotation\/D3_prokka_output\/bin\.17\.fa_prokka_out\/PROKKA_05232021\.err -i \/home\/vinglis\/genome_analysis\/GenomeAnalysis\/analysis\/04_annotation\/D3_prokka_output\/bin\.17\.fa_prokka_out\/PROKKA_05232021\.fsa 2> /dev/null
[22:16:10] Deleting unwanted file: /home/vinglis/genome_analysis/GenomeAnalysis/analysis/04_annotation/D3_prokka_output/bin.17.fa_prokka_out/errorsummary.val
[22:16:10] Deleting unwanted file: /home/vinglis/genome_analysis/GenomeAnalysis/analysis/04_annotation/D3_prokka_output/bin.17.fa_prokka_out/PROKKA_05232021.dr
[22:16:10] Deleting unwanted file: /home/vinglis/genome_analysis/GenomeAnalysis/analysis/04_annotation/D3_prokka_output/bin.17.fa_prokka_out/PROKKA_05232021.fixedproducts
[22:16:10] Deleting unwanted file: /home/vinglis/genome_analysis/GenomeAnalysis/analysis/04_annotation/D3_prokka_output/bin.17.fa_prokka_out/PROKKA_05232021.ecn
[22:16:10] Deleting unwanted file: /home/vinglis/genome_analysis/GenomeAnalysis/analysis/04_annotation/D3_prokka_output/bin.17.fa_prokka_out/PROKKA_05232021.val
[22:16:10] Repairing broken .GBK output that tbl2asn produces...
[22:16:10] Running: sed 's/COORDINATES: profile/COORDINATES:profile/' < \/home\/vinglis\/genome_analysis\/GenomeAnalysis\/analysis\/04_annotation\/D3_prokka_output\/bin\.17\.fa_prokka_out\/PROKKA_05232021\.gbf > \/home\/vinglis\/genome_analysis\/GenomeAnalysis\/analysis\/04_annotation\/D3_prokka_output\/bin\.17\.fa_prokka_out\/PROKKA_05232021\.gbk
[22:16:10] Deleting unwanted file: /home/vinglis/genome_analysis/GenomeAnalysis/analysis/04_annotation/D3_prokka_output/bin.17.fa_prokka_out/PROKKA_05232021.gbf
[22:16:10] Output files:
[22:16:10] /home/vinglis/genome_analysis/GenomeAnalysis/analysis/04_annotation/D3_prokka_output/bin.17.fa_prokka_out/PROKKA_05232021.log
[22:16:10] /home/vinglis/genome_analysis/GenomeAnalysis/analysis/04_annotation/D3_prokka_output/bin.17.fa_prokka_out/PROKKA_05232021.fna
[22:16:10] /home/vinglis/genome_analysis/GenomeAnalysis/analysis/04_annotation/D3_prokka_output/bin.17.fa_prokka_out/PROKKA_05232021.gff
[22:16:10] /home/vinglis/genome_analysis/GenomeAnalysis/analysis/04_annotation/D3_prokka_output/bin.17.fa_prokka_out/PROKKA_05232021.faa
[22:16:10] /home/vinglis/genome_analysis/GenomeAnalysis/analysis/04_annotation/D3_prokka_output/bin.17.fa_prokka_out/PROKKA_05232021.ffn
[22:16:10] /home/vinglis/genome_analysis/GenomeAnalysis/analysis/04_annotation/D3_prokka_output/bin.17.fa_prokka_out/PROKKA_05232021.tbl
[22:16:10] /home/vinglis/genome_analysis/GenomeAnalysis/analysis/04_annotation/D3_prokka_output/bin.17.fa_prokka_out/PROKKA_05232021.fsa
[22:16:10] /home/vinglis/genome_analysis/GenomeAnalysis/analysis/04_annotation/D3_prokka_output/bin.17.fa_prokka_out/PROKKA_05232021.tsv
[22:16:10] /home/vinglis/genome_analysis/GenomeAnalysis/analysis/04_annotation/D3_prokka_output/bin.17.fa_prokka_out/PROKKA_05232021.txt
[22:16:10] /home/vinglis/genome_analysis/GenomeAnalysis/analysis/04_annotation/D3_prokka_output/bin.17.fa_prokka_out/PROKKA_05232021.gbk
[22:16:10] /home/vinglis/genome_analysis/GenomeAnalysis/analysis/04_annotation/D3_prokka_output/bin.17.fa_prokka_out/PROKKA_05232021.sqn
[22:16:10] /home/vinglis/genome_analysis/GenomeAnalysis/analysis/04_annotation/D3_prokka_output/bin.17.fa_prokka_out/PROKKA_05232021.err
[22:16:10] Annotation finished successfully.
[22:16:10] Walltime used: 7.22 minutes
[22:16:10] If you use this result please cite the Prokka paper:
[22:16:10] Seemann T (2014) Prokka: rapid prokaryotic genome annotation. Bioinformatics. 30(14):2068-9.
[22:16:10] Type 'prokka --citation' for more details.
[22:16:10] Share and enjoy!
