[20:53:59] This is prokka 1.14.6
[20:53:59] Written by Torsten Seemann <torsten.seemann@gmail.com>
[20:53:59] Homepage is https://github.com/tseemann/prokka
[20:53:59] Local time is Sun May 23 20:53:59 2021
[20:53:59] You are vinglis
[20:53:59] Operating system is linux
[20:53:59] You have BioPerl 1.007001
[20:53:59] System has 16 cores.
[20:53:59] Will use maximum of 2 cores.
[20:53:59] Annotating as >>> Bacteria <<<
[20:53:59] Generating locus_tag from 'bin.10.fa' contents.
[20:53:59] Setting --locustag MLFOAEML from MD5 65f8ae6504ad8d5fd0a91c60e4be879a
[20:53:59] Creating new output folder: /home/vinglis/genome_analysis/GenomeAnalysis/analysis/04_annotation/D3_prokka_output/bin.10.fa_prokka_out
[20:53:59] Running: mkdir -p \/home\/vinglis\/genome_analysis\/GenomeAnalysis\/analysis\/04_annotation\/D3_prokka_output\/bin\.10\.fa_prokka_out
[20:53:59] Using filename prefix: PROKKA_05232021.XXX
[20:53:59] Setting HMMER_NCPU=1
[20:53:59] Writing log to: /home/vinglis/genome_analysis/GenomeAnalysis/analysis/04_annotation/D3_prokka_output/bin.10.fa_prokka_out/PROKKA_05232021.log
[20:53:59] Command: /sw/bioinfo/prokka/1.45-5b58020/rackham/bin/prokka --outdir /home/vinglis/genome_analysis/GenomeAnalysis/analysis/04_annotation/D3_prokka_output/bin.10.fa_prokka_out --metagenome --cpus 2 bin.10.fa
[20:53:59] Appending to PATH: /sw/bioinfo/prokka/1.45-5b58020/rackham/bin/../binaries/linux
[20:53:59] Appending to PATH: /sw/bioinfo/prokka/1.45-5b58020/rackham/bin/../binaries/linux/../common
[20:53:59] Appending to PATH: /sw/bioinfo/prokka/1.45-5b58020/rackham/bin
[20:53:59] Looking for 'aragorn' - found /sw/bioinfo/prokka/1.45-5b58020/rackham/bin/../binaries/linux/aragorn
[20:53:59] Determined aragorn version is 001002 from 'ARAGORN v1.2.38 Dean Laslett'
[20:53:59] Looking for 'barrnap' - found /sw/bioinfo/barrnap/0.8/rackham/bin/barrnap
[20:53:59] Determined barrnap version is 000008 from 'barrnap 0.8'
[20:53:59] Looking for 'blastp' - found /sw/bioinfo/blast/2.11.0+/rackham/bin/blastp
[20:54:00] Determined blastp version is 002011 from 'blastp: 2.11.0+'
[20:54:00] Looking for 'cmpress' - found /sw/bioinfo/prokka/1.45-5b58020/rackham/bin/../binaries/linux/cmpress
[20:54:00] Determined cmpress version is 001001 from '# INFERNAL 1.1.2 (July 2016)'
[20:54:00] Looking for 'cmscan' - found /sw/bioinfo/prokka/1.45-5b58020/rackham/bin/../binaries/linux/cmscan
[20:54:00] Determined cmscan version is 001001 from '# INFERNAL 1.1.2 (July 2016)'
[20:54:00] Looking for 'egrep' - found /usr/bin/egrep
[20:54:00] Looking for 'find' - found /usr/bin/find
[20:54:00] Looking for 'grep' - found /usr/bin/grep
[20:54:00] Looking for 'hmmpress' - found /sw/apps/bioinfo/hmmer/3.1b2/rackham/bin/hmmpress
[20:54:00] Determined hmmpress version is 003001 from '# HMMER 3.1b2 (February 2015); http://hmmer.org/'
[20:54:00] Looking for 'hmmscan' - found /sw/apps/bioinfo/hmmer/3.1b2/rackham/bin/hmmscan
[20:54:00] Determined hmmscan version is 003001 from '# HMMER 3.1b2 (February 2015); http://hmmer.org/'
[20:54:00] Looking for 'java' - found /usr/bin/java
[20:54:00] Looking for 'makeblastdb' - found /sw/bioinfo/blast/2.11.0+/rackham/bin/makeblastdb
[20:54:00] Determined makeblastdb version is 002011 from 'makeblastdb: 2.11.0+'
[20:54:00] Looking for 'minced' - found /sw/apps/bioinfo/minced/0.2.0/rackham/minced
[20:54:01] Determined minced version is 002000 from 'minced 0.2.0'
[20:54:01] Looking for 'parallel' - found /sw/parallel/gnuparallel/20170122/rackham/bin/parallel
[20:54:01] Determined parallel version is 20170122 from 'GNU parallel 20170122'
[20:54:01] Looking for 'prodigal' - found /sw/apps/bioinfo/prodigal/2.6.3/rackham/bin/prodigal
[20:54:01] Determined prodigal version is 002006 from 'Prodigal V2.6.3: February, 2016'
[20:54:01] Looking for 'prokka-genbank_to_fasta_db' - found /sw/bioinfo/prokka/1.45-5b58020/rackham/bin/prokka-genbank_to_fasta_db
[20:54:01] Looking for 'sed' - found /usr/bin/sed
[20:54:01] Looking for 'signalp' - found /sw/bioinfo/SignalP/4.1f/rackham/signalp
[20:54:01] Determined signalp version is 004001 from '4.1 4785068'
[20:54:01] Looking for 'tbl2asn' - found /sw/bioinfo/tbl2asn/25.8/rackham/tbl2asn
[20:54:01] Determined tbl2asn version is 025008 from 'tbl2asn 25.8   arguments:'
[20:54:01] Using genetic code table 11.
[20:54:01] Loading and checking input file: bin.10.fa
[20:54:01] Wrote 738 contigs totalling 3795487 bp.
[20:54:01] Predicting tRNAs and tmRNAs
[20:54:01] Running: aragorn -l -gc11  -w \/home\/vinglis\/genome_analysis\/GenomeAnalysis\/analysis\/04_annotation\/D3_prokka_output\/bin\.10\.fa_prokka_out\/PROKKA_05232021\.fna
[20:54:01] 1 tRNA-Met [673,746] 35 (cat)
[20:54:02] 1 tRNA-Phe c[35668,35743] 36 (gaa)
[20:54:02] 1 tRNA-Thr c[3582,3656] 36 (tgt)
[20:54:02] 1 tRNA-Cys c[3392,3463] 33 (gca)
[20:54:02] 1 tRNA-Arg c[3491,3567] 37 (gcg)
[20:54:02] 1 tRNA-Lys c[2979,3053] 35 (ctt)
[20:54:02] 1 tRNA-Ser [4377,4460] 34 (cga)
[20:54:02] 1 tRNA-Ala [3096,3172] 35 (ggc)
[20:54:02] 1 tRNA-Thr [2988,3062] 36 (tgt)
[20:54:02] 1 tRNA-Trp c[4561,4637] 35 (cca)
[20:54:02] 1 tRNA-Asp c[4544,4621] 37 (gtc)
[20:54:02] 2 tRNA-Lys [4718,4792] 35 (ttt)
[20:54:02] 1 tRNA-Leu c[10519,10606] 37 (cag)
[20:54:02] 1 tRNA-Gly c[2581,2657] 37 (tcc)
[20:54:02] 1 tRNA-Gly [6,82] 36 (gcc)
[20:54:02] 1 tRNA-Arg [1885,1960] 36 (gcg)
[20:54:02] 1 tRNA-Arg [4,79] 36 (tct)
[20:54:02] 1 tRNA-Thr c[5650,5724] 36 (tgt)
[20:54:02] 2 tRNA-Val c[12244,12339] 36 (cac)
[20:54:02] 1 tRNA-Ser c[95,181] 35 (gct)
[20:54:02] 1 tRNA-Val [3153,3229] 37 (tac)
[20:54:02] 1 tRNA-Asn c[2460,2536] 35 (gtt)
[20:54:02] 1 tRNA-Leu [5585,5672] 37 (gag)
[20:54:02] 1 tRNA-Ser [7334,7420] 35 (gct)
[20:54:02] 1 tRNA-Leu c[8596,8682] 38 (gag)
[20:54:02] 1 tRNA-Phe c[11631,11707] 35 (gaa)
[20:54:02] 1 tRNA-Asp c[7882,7959] 37 (gtc)
[20:54:02] 1 tRNA-Thr c[23,96] 35 (cgt)
[20:54:02] 1 tRNA-Asn [2307,2381] 35 (gtt)
[20:54:02] 1 tRNA-Asn [4421,4495] 35 (gtt)
[20:54:03] 1 tRNA-Glu c[2945,3019] 37 (ttc)
[20:54:03] 2 tRNA-Met [3772,3846] 35 (cat)
[20:54:03] 1 tRNA-Gln c[7853,7925] 34 (ctg)
[20:54:03] 1 tRNA-Arg c[1116,1192] 37 (gcg)
[20:54:03] 1 tRNA-His c[3328,3400] 34 (gtg)
[20:54:03] 1 tRNA-Lys c[4477,4551] 35 (ctt)
[20:54:03] 1 tRNA-Val c[16638,16714] 37 (cac)
[20:54:03] 2 tRNA-Thr [21887,21961] 36 (tgt)
[20:54:03] 1 tRNA-Ala [1706,1782] 35 (ggc)
[20:54:03] 1 tRNA-Ser c[920,1003] 34 (cga)
[20:54:03] 1 tRNA-Val c[1559,1634] 36 (gac)
[20:54:03] 2 tRNA-Arg [2434,2509] 36 (cct)
[20:54:03] 1 tRNA-Pro c[1328,1402] 36 (ggg)
[20:54:03] 1 tRNA-Ala c[750,822] 33 (cgc)
[20:54:03] 2 tRNA-Leu c[5884,5971] 38 (tag)
[20:54:03] 1 tRNA-Val c[939,1015] 37 (tac)
[20:54:03] 2 tRNA-Lys c[8027,8101] 35 (ctt)
[20:54:03] Found 47 tRNAs
[20:54:03] Predicting Ribosomal RNAs
[20:54:03] Running Barrnap with 2 threads
[20:54:07] 1 k105_159237 6480 5S ribosomal RNA
[20:54:07] 2 k105_94435 5534 5S ribosomal RNA
[20:54:07] Found 2 rRNAs
[20:54:07] Skipping ncRNA search, enable with --rfam if desired.
[20:54:07] Total of 49 tRNA + rRNA features
[20:54:07] Searching for CRISPR repeats
[20:54:08] Found 0 CRISPRs
[20:54:08] Predicting coding sequences
[20:54:08] Contigs total 3795487 bp, so using meta mode
[20:54:08] Running: prodigal -i \/home\/vinglis\/genome_analysis\/GenomeAnalysis\/analysis\/04_annotation\/D3_prokka_output\/bin\.10\.fa_prokka_out\/PROKKA_05232021\.fna -c -m -g 11 -p meta -f sco -q
[20:54:09] Excluding CDS which overlaps existing RNA (tRNA) at k105_141761:3098..3523 on + strand
[20:54:18] Found 4478 CDS
[20:54:18] Connecting features back to sequences
[20:54:18] Not using genus-specific database. Try --usegenus to enable it.
[20:54:18] Annotating CDS, please be patient.
[20:54:18] Will use 2 CPUs for similarity searching.
[20:54:19] There are still 4478 unannotated CDS left (started with 4478)
[20:54:19] Will use blast to search against /sw/bioinfo/prokka/1.45-5b58020/rackham/db/kingdom/Bacteria/IS with 2 CPUs
[20:54:19] Running: cat \/home\/vinglis\/genome_analysis\/GenomeAnalysis\/analysis\/04_annotation\/D3_prokka_output\/bin\.10\.fa_prokka_out\/PROKKA_05232021\.IS\.tmp\.56221\.faa | parallel --gnu --plain -j 2 --block 272026 --recstart '>' --pipe blastp -query - -db /sw/bioinfo/prokka/1.45-5b58020/rackham/db/kingdom/Bacteria/IS -evalue 1e-30 -qcov_hsp_perc 90 -num_threads 1 -num_descriptions 1 -num_alignments 1 -seg no > \/home\/vinglis\/genome_analysis\/GenomeAnalysis\/analysis\/04_annotation\/D3_prokka_output\/bin\.10\.fa_prokka_out\/PROKKA_05232021\.IS\.tmp\.56221\.blast 2> /dev/null
[20:55:44] Deleting unwanted file: /home/vinglis/genome_analysis/GenomeAnalysis/analysis/04_annotation/D3_prokka_output/bin.10.fa_prokka_out/PROKKA_05232021.IS.tmp.56221.faa
[20:55:44] Deleting unwanted file: /home/vinglis/genome_analysis/GenomeAnalysis/analysis/04_annotation/D3_prokka_output/bin.10.fa_prokka_out/PROKKA_05232021.IS.tmp.56221.blast
[20:55:45] There are still 4478 unannotated CDS left (started with 4478)
[20:55:45] Will use blast to search against /sw/bioinfo/prokka/1.45-5b58020/rackham/db/kingdom/Bacteria/AMR with 2 CPUs
[20:55:45] Running: cat \/home\/vinglis\/genome_analysis\/GenomeAnalysis\/analysis\/04_annotation\/D3_prokka_output\/bin\.10\.fa_prokka_out\/PROKKA_05232021\.AMR\.tmp\.56221\.faa | parallel --gnu --plain -j 2 --block 272026 --recstart '>' --pipe blastp -query - -db /sw/bioinfo/prokka/1.45-5b58020/rackham/db/kingdom/Bacteria/AMR -evalue 9.99999999999999e-301 -qcov_hsp_perc 90 -num_threads 1 -num_descriptions 1 -num_alignments 1 -seg no > \/home\/vinglis\/genome_analysis\/GenomeAnalysis\/analysis\/04_annotation\/D3_prokka_output\/bin\.10\.fa_prokka_out\/PROKKA_05232021\.AMR\.tmp\.56221\.blast 2> /dev/null
[20:56:54] Deleting unwanted file: /home/vinglis/genome_analysis/GenomeAnalysis/analysis/04_annotation/D3_prokka_output/bin.10.fa_prokka_out/PROKKA_05232021.AMR.tmp.56221.faa
[20:56:54] Deleting unwanted file: /home/vinglis/genome_analysis/GenomeAnalysis/analysis/04_annotation/D3_prokka_output/bin.10.fa_prokka_out/PROKKA_05232021.AMR.tmp.56221.blast
[20:56:56] There are still 4478 unannotated CDS left (started with 4478)
[20:56:56] Will use blast to search against /sw/bioinfo/prokka/1.45-5b58020/rackham/db/kingdom/Bacteria/sprot with 2 CPUs
[20:56:56] Running: cat \/home\/vinglis\/genome_analysis\/GenomeAnalysis\/analysis\/04_annotation\/D3_prokka_output\/bin\.10\.fa_prokka_out\/PROKKA_05232021\.sprot\.tmp\.56221\.faa | parallel --gnu --plain -j 2 --block 272026 --recstart '>' --pipe blastp -query - -db /sw/bioinfo/prokka/1.45-5b58020/rackham/db/kingdom/Bacteria/sprot -evalue 1e-09 -qcov_hsp_perc 80 -num_threads 1 -num_descriptions 1 -num_alignments 1 -seg no > \/home\/vinglis\/genome_analysis\/GenomeAnalysis\/analysis\/04_annotation\/D3_prokka_output\/bin\.10\.fa_prokka_out\/PROKKA_05232021\.sprot\.tmp\.56221\.blast 2> /dev/null
[21:02:50] Modify product: Uncharacterized protein YedJ => putative protein YedJ
[21:02:50] Modify product: Putative universal stress protein SA1532 => Putative universal stress protein
[21:02:50] Modify product: NADH dehydrogenase-like protein SAOUHSC_00878 => NADH dehydrogenase-like protein
[21:02:50] Modify product: Probable endonuclease 4 => putative endonuclease 4
[21:02:50] Modify product: Ribonuclease TTHA0252 => Ribonuclease
[21:02:50] Modify product: Ribonuclease TTHA0252 => Ribonuclease
[21:02:51] Modify product: Uncharacterized protein HI_1163 => putative protein
[21:02:51] Modify product: Uncharacterized protein MSMEG_2782/MSMEI_2713 => putative protein/MSMEI_2713
[21:02:51] Modify product: Probable cysteine desulfurase => putative cysteine desulfurase
[21:02:51] Modify product: Uncharacterized protein Rv2715 => putative protein
[21:02:51] Modify product: Uncharacterized protein Rv2715 => putative protein
[21:02:51] Modify product: Uncharacterized protein HI_1163 => putative protein
[21:02:51] Modify product: Probable polyketide biosynthesis zinc-dependent hydrolase BaeB => putative polyketide biosynthesis zinc-dependent hydrolase BaeB
[21:02:51] Modify product: UPF0353 protein Rv1481 => hypothetical protein
[21:02:51] Modify product: Uncharacterized protein Rv1480 => putative protein
[21:02:51] Modify product: Probable nicotinate-nucleotide pyrophosphorylase [carboxylating] => putative nicotinate-nucleotide pyrophosphorylase [carboxylating]
[21:02:51] Modify product: Probable dual-specificity RNA methyltransferase RlmN => putative dual-specificity RNA methyltransferase RlmN
[21:02:51] Modify product: Dihydroorotate dehydrogenase B (NAD(+)), electron transfer subunit homolog => Dihydroorotate dehydrogenase B (NAD(+)), electron transfer subunit 
[21:02:51] Modify product: Uncharacterized protein YccU => putative protein YccU
[21:02:51] Modify product: Uncharacterized protein YedJ => putative protein YedJ
[21:02:51] Modify product: Putative coenzyme F420-dependent oxidoreductase Rv3520c => Putative coenzyme F420-dependent oxidoreductase
[21:02:51] Modify product: Probable membrane transporter protein YfcA => putative membrane transporter protein YfcA
[21:02:51] Modify product: Probable UbiX-like flavin prenyltransferase => putative UbiX-like flavin prenyltransferase
[21:02:51] Modify product: Probable oxidoreductase CT_610 => putative oxidoreductase CT_610
[21:02:51] Modify product: Probable endonuclease 4 => putative endonuclease 4
[21:02:51] Modify product: Probable adenylyl-sulfate kinase => putative adenylyl-sulfate kinase
[21:02:51] Modify product: Probable protein kinase UbiB => putative protein kinase UbiB
[21:02:51] Modify product: Probable cysteine desulfurase => putative cysteine desulfurase
[21:02:51] Modify product: UPF0051 protein SA0778 => hypothetical protein
[21:02:51] Modify product: UPF0053 protein HI_0107 => hypothetical protein
[21:02:51] Modify product: Putative coenzyme F420-dependent oxidoreductase Rv3520c => Putative coenzyme F420-dependent oxidoreductase
[21:02:51] Modify product: Probable ATP-dependent DNA helicase YoaA => putative ATP-dependent DNA helicase YoaA
[21:02:52] Modify product: Putative universal stress protein SA1532 => Putative universal stress protein
[21:02:52] Modify product: UPF0051 protein SA0778 => hypothetical protein
[21:02:52] Modify product: Probable cysteine desulfurase => putative cysteine desulfurase
[21:02:52] Modify product: Probable membrane transporter protein YfcA => putative membrane transporter protein YfcA
[21:02:52] Modify product: UPF0053 protein HI_0107 => hypothetical protein
[21:02:52] Modify product: Probable UbiX-like flavin prenyltransferase => putative UbiX-like flavin prenyltransferase
[21:02:52] Modify product: NADH dehydrogenase-like protein SAOUHSC_00878 => NADH dehydrogenase-like protein
[21:02:52] Modify product: Probable membrane transporter protein YfcA => putative membrane transporter protein YfcA
[21:02:52] Modify product: Bifunctional protein FolD => Bifunctional protein FolD protein
[21:02:52] Modify product: Uncharacterized protein YqgN => putative protein YqgN
[21:02:52] Modify product: UPF0051 protein SA0778 => hypothetical protein
[21:02:52] Modify product: Probable bacterial non-heme ferritin => putative bacterial non-heme ferritin
[21:02:52] Modify product: Uncharacterized amino acid permease YhdG => putative amino acid permease YhdG
[21:02:52] Modify product: Putative phosphatase M6_Spy0533 => Putative phosphatase
[21:02:52] Modify product: Dihydroorotate dehydrogenase B (NAD(+)), electron transfer subunit homolog => Dihydroorotate dehydrogenase B (NAD(+)), electron transfer subunit 
[21:02:52] Modify product: Uncharacterized acyl-CoA thioester hydrolase HI_0827 => putative acyl-CoA thioester hydrolase
[21:02:52] Modify product: Probable GTPase Rv1496 => putative GTPase
[21:02:52] Modify product: Probable polyketide biosynthesis zinc-dependent hydrolase PksB => putative polyketide biosynthesis zinc-dependent hydrolase PksB
[21:02:52] Modify product: UPF0126 inner membrane protein YicG => hypothetical protein
[21:02:52] Modify product: Probable polyketide biosynthesis zinc-dependent hydrolase PksB => putative polyketide biosynthesis zinc-dependent hydrolase PksB
[21:02:52] Modify product: Probable dual-specificity RNA methyltransferase RlmN => putative dual-specificity RNA methyltransferase RlmN
[21:02:52] Modify product: UPF0126 inner membrane protein YadS => hypothetical protein
[21:02:52] Modify product: Uncharacterized oxidoreductase SA2266 => putative oxidoreductase
[21:02:52] Modify product: Probable cysteine desulfurase => putative cysteine desulfurase
[21:02:52] Modify product: Uncharacterized protein MSMEG_2782/MSMEI_2713 => putative protein/MSMEI_2713
[21:02:52] Modify product: Uncharacterized protein YedJ => putative protein YedJ
[21:02:52] Modify product: Uncharacterized protein YedJ => putative protein YedJ
[21:02:53] Modify product: UPF0353 protein Rv1481 => hypothetical protein
[21:02:53] Modify product: Uncharacterized protein Rv1480 => putative protein
[21:02:53] Modify product: Probable nicotinate-nucleotide pyrophosphorylase [carboxylating] => putative nicotinate-nucleotide pyrophosphorylase [carboxylating]
[21:02:53] Modify product: UPF0126 inner membrane protein YadS => hypothetical protein
[21:02:53] Modify product: NADH dehydrogenase-like protein SAOUHSC_00878 => NADH dehydrogenase-like protein
[21:02:53] Modify product: Probable cysteine desulfurase => putative cysteine desulfurase
[21:02:53] Modify product: UPF0051 protein SA0778 => hypothetical protein
[21:02:53] Modify product: UPF0051 protein SA0778 => hypothetical protein
[21:02:53] Modify product: Putative peroxiredoxin Rv2521 => Putative peroxiredoxin
[21:02:53] Modify product: Probable bacterial non-heme ferritin => putative bacterial non-heme ferritin
[21:02:53] Modify product: Uncharacterized protein YccU => putative protein YccU
[21:02:53] Modify product: UPF0053 protein HI_0107 => hypothetical protein
[21:02:53] Modify product: Uncharacterized protein MSMEG_2782/MSMEI_2713 => putative protein/MSMEI_2713
[21:02:53] Modify product: Uncharacterized protein YccU => putative protein YccU
[21:02:53] Modify product: Probable membrane transporter protein YfcA => putative membrane transporter protein YfcA
[21:02:53] Modify product: Putative 2-hydroxyacid dehydrogenase SA2098 => Putative 2-hydroxyacid dehydrogenase
[21:02:53] Modify product: Probable oxidoreductase CT_610 => putative oxidoreductase CT_610
[21:02:53] Modify product: Putative peroxiredoxin Rv2521 => Putative peroxiredoxin
[21:02:53] Modify product: Uncharacterized protein YccU => putative protein YccU
[21:02:53] Modify product: UPF0126 inner membrane protein YicG => hypothetical protein
[21:02:53] Modify product: Uncharacterized oxidoreductase SA2266 => putative oxidoreductase
[21:02:53] Modify product: Uncharacterized amino acid permease YhdG => putative amino acid permease YhdG
[21:02:53] Modify product: Probable bacterial non-heme ferritin => putative bacterial non-heme ferritin
[21:02:53] Modify product: Probable endonuclease 4 => putative endonuclease 4
[21:02:53] Modify product: Uncharacterized protein YisK => putative protein YisK
[21:02:53] Modify product: Bifunctional protein FolD => Bifunctional protein FolD protein
[21:02:54] Modify product: Uncharacterized acyl-CoA thioester hydrolase HI_0827 => putative acyl-CoA thioester hydrolase
[21:02:54] Modify product: Uncharacterized protein MSMEG_2782/MSMEI_2713 => putative protein/MSMEI_2713
[21:02:54] Modify product: Bifunctional protein FolD => Bifunctional protein FolD protein
[21:02:54] Modify product: Uncharacterized protein YqgN => putative protein YqgN
[21:02:54] Modify product: NAD(P)H-dependent FAD/FMN reductase GTNG_3158 => NAD(P)H-dependent FAD/FMN reductase
[21:02:54] Modify product: Uncharacterized oxidoreductase SA2266 => putative oxidoreductase
[21:02:54] Modify product: Putative universal stress protein SA1532 => Putative universal stress protein
[21:02:54] Modify product: Probable UbiX-like flavin prenyltransferase => putative UbiX-like flavin prenyltransferase
[21:02:54] Modify product: NAD(P)H-dependent FAD/FMN reductase GTNG_3158 => NAD(P)H-dependent FAD/FMN reductase
[21:02:54] Modify product: Probable UbiX-like flavin prenyltransferase => putative UbiX-like flavin prenyltransferase
[21:02:54] Modify product: Probable endonuclease 4 => putative endonuclease 4
[21:02:54] Modify product: Probable membrane transporter protein YfcA => putative membrane transporter protein YfcA
[21:02:54] Modify product: Uncharacterized protein YccU => putative protein YccU
[21:02:54] Cleaned 98 /product names
[21:02:54] Deleting unwanted file: /home/vinglis/genome_analysis/GenomeAnalysis/analysis/04_annotation/D3_prokka_output/bin.10.fa_prokka_out/PROKKA_05232021.sprot.tmp.56221.faa
[21:02:54] Deleting unwanted file: /home/vinglis/genome_analysis/GenomeAnalysis/analysis/04_annotation/D3_prokka_output/bin.10.fa_prokka_out/PROKKA_05232021.sprot.tmp.56221.blast
[21:02:55] There are still 3283 unannotated CDS left (started with 4478)
[21:02:55] Will use hmmer3 to search against /sw/bioinfo/prokka/1.45-5b58020/rackham/db/hmm/HAMAP.hmm with 2 CPUs
[21:02:55] Running: cat \/home\/vinglis\/genome_analysis\/GenomeAnalysis\/analysis\/04_annotation\/D3_prokka_output\/bin\.10\.fa_prokka_out\/PROKKA_05232021\.HAMAP\.hmm\.tmp\.56221\.faa | parallel --gnu --plain -j 2 --block 174932 --recstart '>' --pipe hmmscan --noali --notextw --acc -E 1e-09 --cpu 1 /sw/bioinfo/prokka/1.45-5b58020/rackham/db/hmm/HAMAP.hmm /dev/stdin > \/home\/vinglis\/genome_analysis\/GenomeAnalysis\/analysis\/04_annotation\/D3_prokka_output\/bin\.10\.fa_prokka_out\/PROKKA_05232021\.HAMAP\.hmm\.tmp\.56221\.hmmer3 2> /dev/null
[21:07:53] Modify product: Uncharacterized MFS-type transporter YcaD => putative MFS-type transporter YcaD
[21:07:53] Modify product: Uncharacterized MFS-type transporter YcaD => putative MFS-type transporter YcaD
[21:07:53] Modify product: Uncharacterized Nudix hydrolase NudL => putative Nudix hydrolase NudL
[21:07:54] Modify product: Uncharacterized MFS-type transporter YcaD => putative MFS-type transporter YcaD
[21:07:54] Modify product: Uncharacterized Nudix hydrolase NudL => putative Nudix hydrolase NudL
[21:07:54] Modify product: Uncharacterized Nudix hydrolase NudL => putative Nudix hydrolase NudL
[21:07:54] Cleaned 6 /product names
[21:07:54] Deleting unwanted file: /home/vinglis/genome_analysis/GenomeAnalysis/analysis/04_annotation/D3_prokka_output/bin.10.fa_prokka_out/PROKKA_05232021.HAMAP.hmm.tmp.56221.faa
[21:07:54] Deleting unwanted file: /home/vinglis/genome_analysis/GenomeAnalysis/analysis/04_annotation/D3_prokka_output/bin.10.fa_prokka_out/PROKKA_05232021.HAMAP.hmm.tmp.56221.hmmer3
[21:07:54] Labelling remaining 2873 proteins as 'hypothetical protein'
[21:07:54] Possible /pseudo 'NAD(P)H-quinone oxidoreductase subunit 2, chloroplastic' at k105_163324 position 1841
[21:07:54] Possible /pseudo 'Adaptive-response sensory-kinase SasA' at k105_54691 position 33526
[21:07:54] Possible /pseudo 'TRAP-T-associated universal stress protein TeaD' at k105_109345 position 6470
[21:07:54] Possible /pseudo 'Ribonuclease PH' at k105_56233 position 1263
[21:07:54] Possible /pseudo 'NAD(P)H-quinone oxidoreductase subunit 2, chloroplastic' at k105_16897 position 2663
[21:07:54] Possible /pseudo 'Adaptive-response sensory-kinase SasA' at k105_27816 position 9528
[21:07:54] Possible /pseudo 'Ribonuclease PH' at k105_17288 position 778
[21:07:54] Possible /pseudo 'NAD(P)H-quinone oxidoreductase subunit 2, chloroplastic' at k105_28003 position 1519
[21:07:54] Possible /pseudo 'Methionine synthase' at k105_159818 position 3248
[21:07:54] Possible /pseudo 'FO synthase' at k105_20046 position 5543
[21:07:54] Possible /pseudo 'Ribonuclease PH' at k105_107115 position 3782
[21:07:54] Possible /pseudo 'TRAP-T-associated universal stress protein TeaD' at k105_63853 position 2319
[21:07:54] Found 531 unique /gene codes.
[21:07:54] Fixed 5 duplicate /gene - leuA_1 leuA_2 leuA_3 leuA_4 leuA_5
[21:07:54] Fixed 4 duplicate /gene - leuD1_1 leuD1_2 leuD1_3 leuD1_4
[21:07:54] Fixed 5 duplicate /gene - iolS_1 iolS_2 iolS_3 iolS_4 iolS_5
[21:07:54] Fixed 4 duplicate /gene - hemB_1 hemB_2 hemB_3 hemB_4
[21:07:54] Fixed 3 duplicate /gene - nadX_1 nadX_2 nadX_3
[21:07:54] Fixed 3 duplicate /gene - cysM_1 cysM_2 cysM_3
[21:07:54] Fixed 2 duplicate /gene - znuA_1 znuA_2
[21:07:54] Fixed 4 duplicate /gene - alaS_1 alaS_2 alaS_3 alaS_4
[21:07:54] Fixed 2 duplicate /gene - mscS_1 mscS_2
[21:07:54] Fixed 5 duplicate /gene - carB_1 carB_2 carB_3 carB_4 carB_5
[21:07:54] Fixed 4 duplicate /gene - nadE_1 nadE_2 nadE_3 nadE_4
[21:07:54] Fixed 4 duplicate /gene - deaD_1 deaD_2 deaD_3 deaD_4
[21:07:54] Fixed 2 duplicate /gene - pnpB_1 pnpB_2
[21:07:54] Fixed 6 duplicate /gene - hrp1_1 hrp1_2 hrp1_3 hrp1_4 hrp1_5 hrp1_6
[21:07:54] Fixed 3 duplicate /gene - idi_1 idi_2 idi_3
[21:07:54] Fixed 3 duplicate /gene - dapE_1 dapE_2 dapE_3
[21:07:54] Fixed 3 duplicate /gene - apgM_1 apgM_2 apgM_3
[21:07:54] Fixed 4 duplicate /gene - carA_1 carA_2 carA_3 carA_4
[21:07:54] Fixed 3 duplicate /gene - sufC_1 sufC_2 sufC_3
[21:07:54] Fixed 3 duplicate /gene - pepF1_1 pepF1_2 pepF1_3
[21:07:54] Fixed 15 duplicate /gene - petE_1 petE_2 petE_3 petE_4 petE_5 petE_6 petE_7 petE_8 petE_9 petE_10 petE_11 petE_12 petE_13 petE_14 petE_15
[21:07:54] Fixed 2 duplicate /gene - thiDN_1 thiDN_2
[21:07:54] Fixed 8 duplicate /gene - bcp_1 bcp_2 bcp_3 bcp_4 bcp_5 bcp_6 bcp_7 bcp_8
[21:07:54] Fixed 14 duplicate /gene - IMPDH_1 IMPDH_2 IMPDH_3 IMPDH_4 IMPDH_5 IMPDH_6 IMPDH_7 IMPDH_8 IMPDH_9 IMPDH_10 IMPDH_11 IMPDH_12 IMPDH_13 IMPDH_14
[21:07:54] Fixed 3 duplicate /gene - argB_1 argB_2 argB_3
[21:07:54] Fixed 4 duplicate /gene - aqpZ_1 aqpZ_2 aqpZ_3 aqpZ_4
[21:07:54] Fixed 3 duplicate /gene - pyrG_1 pyrG_2 pyrG_3
[21:07:54] Fixed 4 duplicate /gene - tpiA_1 tpiA_2 tpiA_3 tpiA_4
[21:07:54] Fixed 5 duplicate /gene - nikR_1 nikR_2 nikR_3 nikR_4 nikR_5
[21:07:54] Fixed 3 duplicate /gene - ilvD_1 ilvD_2 ilvD_3
[21:07:54] Fixed 2 duplicate /gene - hisB_1 hisB_2
[21:07:54] Fixed 3 duplicate /gene - lsrF_1 lsrF_2 lsrF_3
[21:07:54] Fixed 4 duplicate /gene - aroC_1 aroC_2 aroC_3 aroC_4
[21:07:54] Fixed 3 duplicate /gene - tag_1 tag_2 tag_3
[21:07:54] Fixed 4 duplicate /gene - phnE_1 phnE_2 phnE_3 phnE_4
[21:07:54] Fixed 4 duplicate /gene - pgk_1 pgk_2 pgk_3 pgk_4
[21:07:54] Fixed 2 duplicate /gene - hisD_1 hisD_2
[21:07:54] Fixed 3 duplicate /gene - hppA_1 hppA_2 hppA_3
[21:07:54] Fixed 5 duplicate /gene - rcsC_1 rcsC_2 rcsC_3 rcsC_4 rcsC_5
[21:07:54] Fixed 4 duplicate /gene - leuC_1 leuC_2 leuC_3 leuC_4
[21:07:54] Fixed 2 duplicate /gene - ccr_1 ccr_2
[21:07:54] Fixed 2 duplicate /gene - adh_1 adh_2
[21:07:54] Fixed 4 duplicate /gene - yedJ_1 yedJ_2 yedJ_3 yedJ_4
[21:07:54] Fixed 2 duplicate /gene - hemL_1 hemL_2
[21:07:54] Fixed 3 duplicate /gene - eryG_1 eryG_2 eryG_3
[21:07:54] Fixed 8 duplicate /gene - metH_1 metH_2 metH_3 metH_4 metH_5 metH_6 metH_7 metH_8
[21:07:54] Fixed 5 duplicate /gene - birA_1 birA_2 birA_3 birA_4 birA_5
[21:07:54] Fixed 2 duplicate /gene - sucD_1 sucD_2
[21:07:54] Fixed 9 duplicate /gene - dnaJ_1 dnaJ_2 dnaJ_3 dnaJ_4 dnaJ_5 dnaJ_6 dnaJ_7 dnaJ_8 dnaJ_9
[21:07:54] Fixed 7 duplicate /gene - thrB_1 thrB_2 thrB_3 thrB_4 thrB_5 thrB_6 thrB_7
[21:07:54] Fixed 3 duplicate /gene - hom_1 hom_2 hom_3
[21:07:54] Fixed 3 duplicate /gene - aqpZ2_1 aqpZ2_2 aqpZ2_3
[21:07:54] Fixed 3 duplicate /gene - lysK_1 lysK_2 lysK_3
[21:07:54] Fixed 2 duplicate /gene - cofG_1 cofG_2
[21:07:54] Fixed 3 duplicate /gene - RBKS_1 RBKS_2 RBKS_3
[21:07:54] Fixed 6 duplicate /gene - thrA_1 thrA_2 thrA_3 thrA_4 thrA_5 thrA_6
[21:07:54] Fixed 6 duplicate /gene - uvrC_1 uvrC_2 uvrC_3 uvrC_4 uvrC_5 uvrC_6
[21:07:54] Fixed 2 duplicate /gene - nudF_1 nudF_2
[21:07:54] Fixed 6 duplicate /gene - nadK_1 nadK_2 nadK_3 nadK_4 nadK_5 nadK_6
[21:07:54] Fixed 5 duplicate /gene - rpiA_1 rpiA_2 rpiA_3 rpiA_4 rpiA_5
[21:07:54] Fixed 2 duplicate /gene - thiI_1 thiI_2
[21:07:54] Fixed 7 duplicate /gene - thrC_1 thrC_2 thrC_3 thrC_4 thrC_5 thrC_6 thrC_7
[21:07:54] Fixed 2 duplicate /gene - zupT_1 zupT_2
[21:07:54] Fixed 10 duplicate /gene - hisI_1 hisI_2 hisI_3 hisI_4 hisI_5 hisI_6 hisI_7 hisI_8 hisI_9 hisI_10
[21:07:54] Fixed 3 duplicate /gene - mntA_1 mntA_2 mntA_3
[21:07:54] Fixed 12 duplicate /gene - sasA_1 sasA_2 sasA_3 sasA_4 sasA_5 sasA_6 sasA_7 sasA_8 sasA_9 sasA_10 sasA_11 sasA_12
[21:07:54] Fixed 2 duplicate /gene - cutA_1 cutA_2
[21:07:54] Fixed 5 duplicate /gene - yfcA_1 yfcA_2 yfcA_3 yfcA_4 yfcA_5
[21:07:54] Fixed 5 duplicate /gene - cpoB_1 cpoB_2 cpoB_3 cpoB_4 cpoB_5
[21:07:54] Fixed 2 duplicate /gene - fpr_1 fpr_2
[21:07:54] Fixed 2 duplicate /gene - frdB_1 frdB_2
[21:07:54] Fixed 2 duplicate /gene - ureF_1 ureF_2
[21:07:54] Fixed 5 duplicate /gene - btuD_1 btuD_2 btuD_3 btuD_4 btuD_5
[21:07:54] Fixed 3 duplicate /gene - ilvB_1 ilvB_2 ilvB_3
[21:07:54] Fixed 2 duplicate /gene - hddC_1 hddC_2
[21:07:54] Fixed 5 duplicate /gene - yccU_1 yccU_2 yccU_3 yccU_4 yccU_5
[21:07:54] Fixed 2 duplicate /gene - frbC_1 frbC_2
[21:07:54] Fixed 4 duplicate /gene - mak_1 mak_2 mak_3 mak_4
[21:07:54] Fixed 6 duplicate /gene - rph_1 rph_2 rph_3 rph_4 rph_5 rph_6
[21:07:54] Fixed 2 duplicate /gene - magA_1 magA_2
[21:07:54] Fixed 2 duplicate /gene - bioD_1 bioD_2
[21:07:54] Fixed 2 duplicate /gene - nuoK_1 nuoK_2
[21:07:54] Fixed 8 duplicate /gene - vgb_1 vgb_2 vgb_3 vgb_4 vgb_5 vgb_6 vgb_7 vgb_8
[21:07:54] Fixed 3 duplicate /gene - frdA_1 frdA_2 frdA_3
[21:07:54] Fixed 2 duplicate /gene - larE_1 larE_2
[21:07:54] Fixed 3 duplicate /gene - fusA_1 fusA_2 fusA_3
[21:07:54] Fixed 2 duplicate /gene - rpsH_1 rpsH_2
[21:07:54] Fixed 4 duplicate /gene - trpC_1 trpC_2 trpC_3 trpC_4
[21:07:54] Fixed 11 duplicate /gene - ftsH_1 ftsH_2 ftsH_3 ftsH_4 ftsH_5 ftsH_6 ftsH_7 ftsH_8 ftsH_9 ftsH_10 ftsH_11
[21:07:54] Fixed 4 duplicate /gene - todB_1 todB_2 todB_3 todB_4
[21:07:54] Fixed 2 duplicate /gene - cobO_1 cobO_2
[21:07:54] Fixed 4 duplicate /gene - FCS1_1 FCS1_2 FCS1_3 FCS1_4
[21:07:54] Fixed 3 duplicate /gene - ctaD_1 ctaD_2 ctaD_3
[21:07:54] Fixed 2 duplicate /gene - mrpA_1 mrpA_2
[21:07:54] Fixed 5 duplicate /gene - rtcB_1 rtcB_2 rtcB_3 rtcB_4 rtcB_5
[21:07:54] Fixed 3 duplicate /gene - ntpD_1 ntpD_2 ntpD_3
[21:07:54] Fixed 4 duplicate /gene - hemA_1 hemA_2 hemA_3 hemA_4
[21:07:54] Fixed 4 duplicate /gene - uvrB_1 uvrB_2 uvrB_3 uvrB_4
[21:07:54] Fixed 3 duplicate /gene - purK_1 purK_2 purK_3
[21:07:54] Fixed 5 duplicate /gene - tuf_1 tuf_2 tuf_3 tuf_4 tuf_5
[21:07:54] Fixed 6 duplicate /gene - hisF_1 hisF_2 hisF_3 hisF_4 hisF_5 hisF_6
[21:07:54] Fixed 5 duplicate /gene - csd_1 csd_2 csd_3 csd_4 csd_5
[21:07:54] Fixed 2 duplicate /gene - ureD_1 ureD_2
[21:07:54] Fixed 3 duplicate /gene - atpH_1 atpH_2 atpH_3
[21:07:54] Fixed 2 duplicate /gene - mtnP_1 mtnP_2
[21:07:54] Fixed 3 duplicate /gene - cmoA_1 cmoA_2 cmoA_3
[21:07:54] Fixed 3 duplicate /gene - garR_1 garR_2 garR_3
[21:07:54] Fixed 2 duplicate /gene - sucC_1 sucC_2
[21:07:54] Fixed 6 duplicate /gene - ilvE_1 ilvE_2 ilvE_3 ilvE_4 ilvE_5 ilvE_6
[21:07:54] Fixed 3 duplicate /gene - purM_1 purM_2 purM_3
[21:07:54] Fixed 2 duplicate /gene - glnS_1 glnS_2
[21:07:54] Fixed 2 duplicate /gene - QTRT1_1 QTRT1_2
[21:07:54] Fixed 3 duplicate /gene - lysZ_1 lysZ_2 lysZ_3
[21:07:54] Fixed 5 duplicate /gene - ctaB_1 ctaB_2 ctaB_3 ctaB_4 ctaB_5
[21:07:54] Fixed 3 duplicate /gene - griI_1 griI_2 griI_3
[21:07:54] Fixed 4 duplicate /gene - pckA_1 pckA_2 pckA_3 pckA_4
[21:07:54] Fixed 5 duplicate /gene - dmdA_1 dmdA_2 dmdA_3 dmdA_4 dmdA_5
[21:07:54] Fixed 3 duplicate /gene - purN_1 purN_2 purN_3
[21:07:54] Fixed 4 duplicate /gene - menG_1 menG_2 menG_3 menG_4
[21:07:54] Fixed 2 duplicate /gene - bioF_1 bioF_2
[21:07:54] Fixed 3 duplicate /gene - pdxT_1 pdxT_2 pdxT_3
[21:07:54] Fixed 3 duplicate /gene - nudL_1 nudL_2 nudL_3
[21:07:54] Fixed 3 duplicate /gene - ureC_1 ureC_2 ureC_3
[21:07:54] Fixed 2 duplicate /gene - iscS_1 iscS_2
[21:07:54] Fixed 2 duplicate /gene - sat_1 sat_2
[21:07:54] Fixed 3 duplicate /gene - udgB_1 udgB_2 udgB_3
[21:07:54] Fixed 5 duplicate /gene - fadB_1 fadB_2 fadB_3 fadB_4 fadB_5
[21:07:54] Fixed 6 duplicate /gene - abfD_1 abfD_2 abfD_3 abfD_4 abfD_5 abfD_6
[21:07:54] Fixed 4 duplicate /gene - trpG_1 trpG_2 trpG_3 trpG_4
[21:07:54] Fixed 4 duplicate /gene - pdaD_1 pdaD_2 pdaD_3 pdaD_4
[21:07:54] Fixed 4 duplicate /gene - serB2_1 serB2_2 serB2_3 serB2_4
[21:07:54] Fixed 7 duplicate /gene - valS_1 valS_2 valS_3 valS_4 valS_5 valS_6 valS_7
[21:07:54] Fixed 4 duplicate /gene - serS_1 serS_2 serS_3 serS_4
[21:07:54] Fixed 2 duplicate /gene - ftsZ_1 ftsZ_2
[21:07:54] Fixed 3 duplicate /gene - argS_1 argS_2 argS_3
[21:07:54] Fixed 10 duplicate /gene - smc_1 smc_2 smc_3 smc_4 smc_5 smc_6 smc_7 smc_8 smc_9 smc_10
[21:07:54] Fixed 2 duplicate /gene - ureE_1 ureE_2
[21:07:54] Fixed 2 duplicate /gene - apbC_1 apbC_2
[21:07:54] Fixed 3 duplicate /gene - lysJ_1 lysJ_2 lysJ_3
[21:07:54] Fixed 5 duplicate /gene - uvrA_1 uvrA_2 uvrA_3 uvrA_4 uvrA_5
[21:07:54] Fixed 3 duplicate /gene - rsmA_1 rsmA_2 rsmA_3
[21:07:54] Fixed 3 duplicate /gene - ubiD_1 ubiD_2 ubiD_3
[21:07:54] Fixed 3 duplicate /gene - glmS_1 glmS_2 glmS_3
[21:07:54] Fixed 4 duplicate /gene - menA_1 menA_2 menA_3 menA_4
[21:07:54] Fixed 2 duplicate /gene - argK_1 argK_2
[21:07:54] Fixed 3 duplicate /gene - aroE_1 aroE_2 aroE_3
[21:07:54] Fixed 4 duplicate /gene - phhB_1 phhB_2 phhB_3 phhB_4
[21:07:54] Fixed 5 duplicate /gene - drgA_1 drgA_2 drgA_3 drgA_4 drgA_5
[21:07:54] Fixed 3 duplicate /gene - trxB_1 trxB_2 trxB_3
[21:07:54] Fixed 4 duplicate /gene - ppdK_1 ppdK_2 ppdK_3 ppdK_4
[21:07:54] Fixed 3 duplicate /gene - purD_1 purD_2 purD_3
[21:07:54] Fixed 2 duplicate /gene - ggt_1 ggt_2
[21:07:54] Fixed 3 duplicate /gene - trmR_1 trmR_2 trmR_3
[21:07:54] Fixed 2 duplicate /gene - thiL_1 thiL_2
[21:07:54] Fixed 3 duplicate /gene - bhbA_1 bhbA_2 bhbA_3
[21:07:54] Fixed 3 duplicate /gene - hit_1 hit_2 hit_3
[21:07:54] Fixed 4 duplicate /gene - lysX_1 lysX_2 lysX_3 lysX_4
[21:07:54] Fixed 4 duplicate /gene - purQ_1 purQ_2 purQ_3 purQ_4
[21:07:54] Fixed 4 duplicate /gene - nrgA_1 nrgA_2 nrgA_3 nrgA_4
[21:07:54] Fixed 2 duplicate /gene - ureG_1 ureG_2
[21:07:54] Fixed 2 duplicate /gene - nth_1 nth_2
[21:07:54] Fixed 6 duplicate /gene - gerN_1 gerN_2 gerN_3 gerN_4 gerN_5 gerN_6
[21:07:54] Fixed 5 duplicate /gene - bzaF_1 bzaF_2 bzaF_3 bzaF_4 bzaF_5
[21:07:54] Fixed 3 duplicate /gene - cysQ_1 cysQ_2 cysQ_3
[21:07:54] Fixed 4 duplicate /gene - lig_1 lig_2 lig_3 lig_4
[21:07:54] Fixed 3 duplicate /gene - ileS_1 ileS_2 ileS_3
[21:07:54] Fixed 5 duplicate /gene - purL_1 purL_2 purL_3 purL_4 purL_5
[21:07:54] Fixed 2 duplicate /gene - bacG_1 bacG_2
[21:07:54] Fixed 3 duplicate /gene - ycaD_1 ycaD_2 ycaD_3
[21:07:54] Fixed 2 duplicate /gene - cbiT_1 cbiT_2
[21:07:54] Fixed 6 duplicate /gene - glnB_1 glnB_2 glnB_3 glnB_4 glnB_5 glnB_6
[21:07:54] Fixed 6 duplicate /gene - prcB_1 prcB_2 prcB_3 prcB_4 prcB_5 prcB_6
[21:07:54] Fixed 2 duplicate /gene - glyA_1 glyA_2
[21:07:54] Fixed 5 duplicate /gene - pepN_1 pepN_2 pepN_3 pepN_4 pepN_5
[21:07:54] Fixed 4 duplicate /gene - mec_1 mec_2 mec_3 mec_4
[21:07:54] Fixed 3 duplicate /gene - tmk_1 tmk_2 tmk_3
[21:07:54] Fixed 3 duplicate /gene - nadA_1 nadA_2 nadA_3
[21:07:54] Fixed 4 duplicate /gene - oppD_1 oppD_2 oppD_3 oppD_4
[21:07:54] Fixed 5 duplicate /gene - epi_1 epi_2 epi_3 epi_4 epi_5
[21:07:54] Fixed 5 duplicate /gene - gpt_1 gpt_2 gpt_3 gpt_4 gpt_5
[21:07:54] Fixed 2 duplicate /gene - lnrL_1 lnrL_2
[21:07:54] Fixed 3 duplicate /gene - metN_1 metN_2 metN_3
[21:07:54] Fixed 2 duplicate /gene - mimB_1 mimB_2
[21:07:54] Fixed 3 duplicate /gene - mqnD_1 mqnD_2 mqnD_3
[21:07:54] Fixed 3 duplicate /gene - fbiD_1 fbiD_2 fbiD_3
[21:07:54] Fixed 2 duplicate /gene - purA_1 purA_2
[21:07:54] Fixed 3 duplicate /gene - mntC_1 mntC_2 mntC_3
[21:07:54] Fixed 2 duplicate /gene - cmk_1 cmk_2
[21:07:54] Fixed 4 duplicate /gene - asnB_1 asnB_2 asnB_3 asnB_4
[21:07:54] Fixed 4 duplicate /gene - lolD_1 lolD_2 lolD_3 lolD_4
[21:07:54] Fixed 2 duplicate /gene - icd_1 icd_2
[21:07:54] Fixed 3 duplicate /gene - griH_1 griH_2 griH_3
[21:07:54] Fixed 3 duplicate /gene - cobT_1 cobT_2 cobT_3
[21:07:54] Fixed 3 duplicate /gene - neoA_1 neoA_2 neoA_3
[21:07:54] Fixed 2 duplicate /gene - cobQ_1 cobQ_2
[21:07:54] Fixed 5 duplicate /gene - cpdA_1 cpdA_2 cpdA_3 cpdA_4 cpdA_5
[21:07:54] Fixed 3 duplicate /gene - thyX_1 thyX_2 thyX_3
[21:07:54] Fixed 7 duplicate /gene - arnC_1 arnC_2 arnC_3 arnC_4 arnC_5 arnC_6 arnC_7
[21:07:54] Fixed 4 duplicate /gene - citZ_1 citZ_2 citZ_3 citZ_4
[21:07:54] Fixed 3 duplicate /gene - aspC_1 aspC_2 aspC_3
[21:07:54] Fixed 3 duplicate /gene - ilvH_1 ilvH_2 ilvH_3
[21:07:54] Fixed 2 duplicate /gene - arsC2_1 arsC2_2
[21:07:54] Fixed 2 duplicate /gene - cheB_1 cheB_2
[21:07:54] Fixed 2 duplicate /gene - amt_1 amt_2
[21:07:54] Fixed 2 duplicate /gene - pat_1 pat_2
[21:07:54] Fixed 8 duplicate /gene - teaD_1 teaD_2 teaD_3 teaD_4 teaD_5 teaD_6 teaD_7 teaD_8
[21:07:54] Fixed 5 duplicate /gene - OLA1_1 OLA1_2 OLA1_3 OLA1_4 OLA1_5
[21:07:54] Fixed 4 duplicate /gene - purS_1 purS_2 purS_3 purS_4
[21:07:54] Fixed 2 duplicate /gene - mpa_1 mpa_2
[21:07:54] Fixed 3 duplicate /gene - ghrB_1 ghrB_2 ghrB_3
[21:07:54] Fixed 3 duplicate /gene - phaC_1 phaC_2 phaC_3
[21:07:54] Fixed 2 duplicate /gene - rpsJ_1 rpsJ_2
[21:07:54] Fixed 3 duplicate /gene - sodA_1 sodA_2 sodA_3
[21:07:54] Fixed 3 duplicate /gene - rpoC_1 rpoC_2 rpoC_3
[21:07:54] Fixed 3 duplicate /gene - tmung_1 tmung_2 tmung_3
[21:07:54] Fixed 2 duplicate /gene - hemL1_1 hemL1_2
[21:07:54] Fixed 4 duplicate /gene - pyrI_1 pyrI_2 pyrI_3 pyrI_4
[21:07:54] Fixed 2 duplicate /gene - ntpB_1 ntpB_2
[21:07:54] Fixed 3 duplicate /gene - tdcB_1 tdcB_2 tdcB_3
[21:07:54] Fixed 2 duplicate /gene - lrpC_1 lrpC_2
[21:07:54] Fixed 4 duplicate /gene - trpD_1 trpD_2 trpD_3 trpD_4
[21:07:54] Fixed 3 duplicate /gene - purE_1 purE_2 purE_3
[21:07:54] Fixed 5 duplicate /gene - hicd_1 hicd_2 hicd_3 hicd_4 hicd_5
[21:07:54] Fixed 3 duplicate /gene - cheY_1 cheY_2 cheY_3
[21:07:54] Fixed 3 duplicate /gene - folD_1 folD_2 folD_3
[21:07:54] Fixed 4 duplicate /gene - cysG_1 cysG_2 cysG_3 cysG_4
[21:07:54] Fixed 4 duplicate /gene - sufU_1 sufU_2 sufU_3 sufU_4
[21:07:54] Fixed 2 duplicate /gene - pyrD_1 pyrD_2
[21:07:54] Fixed 2 duplicate /gene - apt_1 apt_2
[21:07:54] Fixed 2 duplicate /gene - rlmN_1 rlmN_2
[21:07:54] Fixed 7 duplicate /gene - mntB_1 mntB_2 mntB_3 mntB_4 mntB_5 mntB_6 mntB_7
[21:07:54] Fixed 2 duplicate /gene - auaH_1 auaH_2
[21:07:54] Fixed 3 duplicate /gene - rplN_1 rplN_2 rplN_3
[21:07:54] Fixed 4 duplicate /gene - guaA_1 guaA_2 guaA_3 guaA_4
[21:07:54] Fixed 4 duplicate /gene - cfiB_1 cfiB_2 cfiB_3 cfiB_4
[21:07:54] Fixed 2 duplicate /gene - hldE_1 hldE_2
[21:07:54] Fixed 4 duplicate /gene - fieF_1 fieF_2 fieF_3 fieF_4
[21:07:54] Fixed 3 duplicate /gene - ppa_1 ppa_2 ppa_3
[21:07:54] Fixed 8 duplicate /gene - metG_1 metG_2 metG_3 metG_4 metG_5 metG_6 metG_7 metG_8
[21:07:54] Fixed 3 duplicate /gene - znuB_1 znuB_2 znuB_3
[21:07:54] Fixed 2 duplicate /gene - ldh_1 ldh_2
[21:07:54] Fixed 7 duplicate /gene - nfo_1 nfo_2 nfo_3 nfo_4 nfo_5 nfo_6 nfo_7
[21:07:54] Fixed 3 duplicate /gene - dpnA_1 dpnA_2 dpnA_3
[21:07:54] Fixed 4 duplicate /gene - cysS_1 cysS_2 cysS_3 cysS_4
[21:07:54] Fixed 3 duplicate /gene - pccB_1 pccB_2 pccB_3
[21:07:54] Fixed 3 duplicate /gene - mvaS_1 mvaS_2 mvaS_3
[21:07:54] Fixed 2 duplicate /gene - cysH_1 cysH_2
[21:07:54] Fixed 2 duplicate /gene - grpE_1 grpE_2
[21:07:54] Fixed 2 duplicate /gene - aptB_1 aptB_2
[21:07:54] Fixed 4 duplicate /gene - fdtC_1 fdtC_2 fdtC_3 fdtC_4
[21:07:54] Fixed 4 duplicate /gene - aroD_1 aroD_2 aroD_3 aroD_4
[21:07:54] Fixed 2 duplicate /gene - larB_1 larB_2
[21:07:54] Fixed 7 duplicate /gene - glyQS_1 glyQS_2 glyQS_3 glyQS_4 glyQS_5 glyQS_6 glyQS_7
[21:07:54] Fixed 2 duplicate /gene - COQ3_1 COQ3_2
[21:07:54] Fixed 5 duplicate /gene - mcm_1 mcm_2 mcm_3 mcm_4 mcm_5
[21:07:54] Fixed 3 duplicate /gene - hisA_1 hisA_2 hisA_3
[21:07:54] Fixed 3 duplicate /gene - fbp_1 fbp_2 fbp_3
[21:07:54] Fixed 3 duplicate /gene - dipZ_1 dipZ_2 dipZ_3
[21:07:54] Fixed 2 duplicate /gene - bioK_1 bioK_2
[21:07:54] Fixed 2 duplicate /gene - pyrK_1 pyrK_2
[21:07:54] Fixed 2 duplicate /gene - asnC_1 asnC_2
[21:07:54] Fixed 2 duplicate /gene - bioB_1 bioB_2
[21:07:54] Fixed 2 duplicate /gene - nrtD_1 nrtD_2
[21:07:54] Fixed 2 duplicate /gene - yhdG_1 yhdG_2
[21:07:54] Fixed 3 duplicate /gene - dinB_1 dinB_2 dinB_3
[21:07:54] Fixed 4 duplicate /gene - egtB_1 egtB_2 egtB_3 egtB_4
[21:07:54] Fixed 7 duplicate /gene - cugP_1 cugP_2 cugP_3 cugP_4 cugP_5 cugP_6 cugP_7
[21:07:54] Fixed 2 duplicate /gene - tcrA_1 tcrA_2
[21:07:54] Fixed 4 duplicate /gene - ffh_1 ffh_2 ffh_3 ffh_4
[21:07:54] Fixed 2 duplicate /gene - iolX_1 iolX_2
[21:07:54] Fixed 2 duplicate /gene - pksB_1 pksB_2
[21:07:54] Fixed 3 duplicate /gene - glmM_1 glmM_2 glmM_3
[21:07:54] Fixed 4 duplicate /gene - lrp_1 lrp_2 lrp_3 lrp_4
[21:07:54] Fixed 3 duplicate /gene - ogt_1 ogt_2 ogt_3
[21:07:54] Fixed 2 duplicate /gene - yqgN_1 yqgN_2
[21:07:54] Fixed 2 duplicate /gene - cbiL_1 cbiL_2
[21:07:54] Fixed 3 duplicate /gene - hflX_1 hflX_2 hflX_3
[21:07:54] Fixed 5 duplicate /gene - rplA_1 rplA_2 rplA_3 rplA_4 rplA_5
[21:07:54] Fixed 5 duplicate /gene - lhgD_1 lhgD_2 lhgD_3 lhgD_4 lhgD_5
[21:07:54] Fixed 5 duplicate /gene - DmdB_1 DmdB_2 DmdB_3 DmdB_4 DmdB_5
[21:07:54] Fixed 4 duplicate /gene - asd2_1 asd2_2 asd2_3 asd2_4
[21:07:54] Fixed 7 duplicate /gene - acsA_1 acsA_2 acsA_3 acsA_4 acsA_5 acsA_6 acsA_7
[21:07:54] Fixed 3 duplicate /gene - gltP_1 gltP_2 gltP_3
[21:07:54] Fixed 6 duplicate /gene - ino1_1 ino1_2 ino1_3 ino1_4 ino1_5 ino1_6
[21:07:54] Fixed 2 duplicate /gene - sir_1 sir_2
[21:07:54] Fixed 3 duplicate /gene - aroA_1 aroA_2 aroA_3
[21:07:54] Fixed 6 duplicate /gene - pyrB_1 pyrB_2 pyrB_3 pyrB_4 pyrB_5 pyrB_6
[21:07:54] Fixed 2 duplicate /gene - pstB3_1 pstB3_2
[21:07:54] Fixed 2 duplicate /gene - ahcY_1 ahcY_2
[21:07:54] Fixed 2 duplicate /gene - ubiB_1 ubiB_2
[21:07:54] Fixed 3 duplicate /gene - purB_1 purB_2 purB_3
[21:07:54] Fixed 4 duplicate /gene - truD_1 truD_2 truD_3 truD_4
[21:07:54] Fixed 2 duplicate /gene - nadC_1 nadC_2
[21:07:54] Fixed 2 duplicate /gene - glpE_1 glpE_2
[21:07:54] Fixed 2 duplicate /gene - ndhA_1 ndhA_2
[21:07:54] Fixed 2 duplicate /gene - rssB_1 rssB_2
[21:07:54] Fixed 4 duplicate /gene - tatC_1 tatC_2 tatC_3 tatC_4
[21:07:54] Fixed 2 duplicate /gene - ureA_1 ureA_2
[21:07:54] Fixed 2 duplicate /gene - gdhA_1 gdhA_2
[21:07:54] Fixed 2 duplicate /gene - trmI_1 trmI_2
[21:07:54] Fixed 4 duplicate /gene - erpA_1 erpA_2 erpA_3 erpA_4
[21:07:54] Fixed 3 duplicate /gene - gatB_1 gatB_2 gatB_3
[21:07:54] Fixed 3 duplicate /gene - ecdB_1 ecdB_2 ecdB_3
[21:07:54] Fixed 2 duplicate /gene - msrA_1 msrA_2
[21:07:54] Fixed 2 duplicate /gene - sad_1 sad_2
[21:07:54] Fixed 2 duplicate /gene - ddl_1 ddl_2
[21:07:54] Fixed 5 duplicate /gene - hisC_1 hisC_2 hisC_3 hisC_4 hisC_5
[21:07:54] Fixed 2 duplicate /gene - nuoI_1 nuoI_2
[21:07:54] Fixed 3 duplicate /gene - rnj_1 rnj_2 rnj_3
[21:07:54] Fixed 2 duplicate /gene - TOP6B_1 TOP6B_2
[21:07:54] Fixed 7 duplicate /gene - thi4_1 thi4_2 thi4_3 thi4_4 thi4_5 thi4_6 thi4_7
[21:07:54] Fixed 3 duplicate /gene - crt_1 crt_2 crt_3
[21:07:54] Fixed 2 duplicate /gene - purC_1 purC_2
[21:07:54] Fixed 5 duplicate /gene - yrbG_1 yrbG_2 yrbG_3 yrbG_4 yrbG_5
[21:07:54] Fixed 7 duplicate /gene - ndhB_1 ndhB_2 ndhB_3 ndhB_4 ndhB_5 ndhB_6 ndhB_7
[21:07:54] Fixed 2 duplicate /gene - pyrH_1 pyrH_2
[21:07:54] Fixed 2 duplicate /gene - queC_1 queC_2
[21:07:54] Fixed 6 duplicate /gene - btuF_1 btuF_2 btuF_3 btuF_4 btuF_5 btuF_6
[21:07:54] Fixed 4 duplicate /gene - lysS_1 lysS_2 lysS_3 lysS_4
[21:07:54] Fixed 2 duplicate /gene - ilvC_1 ilvC_2
[21:07:54] Fixed 2 duplicate /gene - hisH_1 hisH_2
[21:07:54] Fixed 3 duplicate /gene - catD_1 catD_2 catD_3
[21:07:54] Fixed 5 duplicate /gene - fbiB_1 fbiB_2 fbiB_3 fbiB_4 fbiB_5
[21:07:54] Fixed 3 duplicate /gene - oppF_1 oppF_2 oppF_3
[21:07:54] Fixed 4 duplicate /gene - rplK_1 rplK_2 rplK_3 rplK_4
[21:07:54] Fixed 2 duplicate /gene - noc_1 noc_2
[21:07:54] Fixed 2 duplicate /gene - truB_1 truB_2
[21:07:54] Fixed 4 duplicate /gene - mntR_1 mntR_2 mntR_3 mntR_4
[21:07:54] Fixed 5 duplicate /gene - fbiC_1 fbiC_2 fbiC_3 fbiC_4 fbiC_5
[21:07:54] Fixed 4 duplicate /gene - prcA_1 prcA_2 prcA_3 prcA_4
[21:07:54] Fixed 2 duplicate /gene - fbiA_1 fbiA_2
[21:07:54] Fixed 2 duplicate /gene - cph1_1 cph1_2
[21:07:54] Fixed 6 duplicate /gene - aspS2_1 aspS2_2 aspS2_3 aspS2_4 aspS2_5 aspS2_6
[21:07:54] Fixed 9 duplicate /gene - dbpA_1 dbpA_2 dbpA_3 dbpA_4 dbpA_5 dbpA_6 dbpA_7 dbpA_8 dbpA_9
[21:07:54] Fixed 6 duplicate /gene - trpA_1 trpA_2 trpA_3 trpA_4 trpA_5 trpA_6
[21:07:54] Fixed 4 duplicate /gene - trpB_1 trpB_2 trpB_3 trpB_4
[21:07:54] Fixed 2 duplicate /gene - rtcA_1 rtcA_2
[21:07:54] Fixed 2 duplicate /gene - rpsI_1 rpsI_2
[21:07:54] Fixed 2 duplicate /gene - gutB_1 gutB_2
[21:07:54] Fixed 2 duplicate /gene - ruvB_1 ruvB_2
[21:07:54] Fixed 8 duplicate /gene - tatA_1 tatA_2 tatA_3 tatA_4 tatA_5 tatA_6 tatA_7 tatA_8
[21:07:54] Fixed 2 duplicate /gene - pstA_1 pstA_2
[21:07:54] Fixed 2 duplicate /gene - aspA_1 aspA_2
[21:07:54] Fixed 3 duplicate /gene - recA_1 recA_2 recA_3
[21:07:54] Fixed 2 duplicate /gene - nhaP2_1 nhaP2_2
[21:07:54] Fixed 4 duplicate /gene - pmbA_1 pmbA_2 pmbA_3 pmbA_4
[21:07:54] Fixed 6 duplicate /gene - nnr_1 nnr_2 nnr_3 nnr_4 nnr_5 nnr_6
[21:07:54] Fixed 6 duplicate /gene - scpB_1 scpB_2 scpB_3 scpB_4 scpB_5 scpB_6
[21:07:54] Fixed 2 duplicate /gene - fadA_1 fadA_2
[21:07:54] Fixed 3 duplicate /gene - rutE_1 rutE_2 rutE_3
[21:07:54] Fixed 2 duplicate /gene - ywlC_1 ywlC_2
[21:07:54] Fixed 6 duplicate /gene - glnA_1 glnA_2 glnA_3 glnA_4 glnA_5 glnA_6
[21:07:54] Fixed 4 duplicate /gene - msrB_1 msrB_2 msrB_3 msrB_4
[21:07:54] Fixed 3 duplicate /gene - obg_1 obg_2 obg_3
[21:07:54] Fixed 3 duplicate /gene - speB_1 speB_2 speB_3
[21:07:54] Fixed 2 duplicate /gene - murG_1 murG_2
[21:07:54] Fixed 4 duplicate /gene - ftnA_1 ftnA_2 ftnA_3 ftnA_4
[21:07:54] Fixed 2 duplicate /gene - argF_1 argF_2
[21:07:54] Fixed 2 duplicate /gene - ssuC_1 ssuC_2
[21:07:54] Fixed 3 duplicate /gene - pdxS_1 pdxS_2 pdxS_3
[21:07:54] Fixed 4 duplicate /gene - cobD_1 cobD_2 cobD_3 cobD_4
[21:07:54] Fixed 4 duplicate /gene - pyrE_1 pyrE_2 pyrE_3 pyrE_4
[21:07:54] Fixed 3 duplicate /gene - atpF_1 atpF_2 atpF_3
[21:07:54] Fixed 4 duplicate /gene - gatA_1 gatA_2 gatA_3 gatA_4
[21:07:54] Fixed 2 duplicate /gene - tal_1 tal_2
[21:07:54] Fixed 2 duplicate /gene - mqnE_1 mqnE_2
[21:07:54] Fixed 2 duplicate /gene - dapL_1 dapL_2
[21:07:54] Fixed 3 duplicate /gene - pabB_1 pabB_2 pabB_3
[21:07:54] Fixed 4 duplicate /gene - egtD_1 egtD_2 egtD_3 egtD_4
[21:07:54] Fixed 2 duplicate /gene - queE_1 queE_2
[21:07:54] Fixed 2 duplicate /gene - nirQ_1 nirQ_2
[21:07:54] Fixed 5 duplicate /gene - nhaX_1 nhaX_2 nhaX_3 nhaX_4 nhaX_5
[21:07:54] Fixed 3 duplicate /gene - prsA1_1 prsA1_2 prsA1_3
[21:07:54] Fixed 3 duplicate /gene - mraY_1 mraY_2 mraY_3
[21:07:54] Fixed 3 duplicate /gene - tusA_1 tusA_2 tusA_3
[21:07:54] Fixed 3 duplicate /gene - atpC_1 atpC_2 atpC_3
[21:07:54] Fixed 4 duplicate /gene - purF_1 purF_2 purF_3 purF_4
[21:07:54] Fixed 4 duplicate /gene - proS_1 proS_2 proS_3 proS_4
[21:07:54] Fixed 378 colliding /gene names.
[21:07:54] Adding /locus_tag identifiers
[21:07:54] Assigned 4527 locus_tags to CDS and RNA features.
[21:07:54] Writing outputs to /home/vinglis/genome_analysis/GenomeAnalysis/analysis/04_annotation/D3_prokka_output/bin.10.fa_prokka_out/
[21:07:57] Generating annotation statistics file
[21:07:57] Generating Genbank and Sequin files
[21:07:57] Running: tbl2asn -V b -a r10k -l paired-ends -M n -N 1 -y 'Annotated using prokka 1.14.6 from https://github.com/tseemann/prokka' -Z \/home\/vinglis\/genome_analysis\/GenomeAnalysis\/analysis\/04_annotation\/D3_prokka_output\/bin\.10\.fa_prokka_out\/PROKKA_05232021\.err -i \/home\/vinglis\/genome_analysis\/GenomeAnalysis\/analysis\/04_annotation\/D3_prokka_output\/bin\.10\.fa_prokka_out\/PROKKA_05232021\.fsa 2> /dev/null
[21:08:07] Deleting unwanted file: /home/vinglis/genome_analysis/GenomeAnalysis/analysis/04_annotation/D3_prokka_output/bin.10.fa_prokka_out/errorsummary.val
[21:08:07] Deleting unwanted file: /home/vinglis/genome_analysis/GenomeAnalysis/analysis/04_annotation/D3_prokka_output/bin.10.fa_prokka_out/PROKKA_05232021.dr
[21:08:07] Deleting unwanted file: /home/vinglis/genome_analysis/GenomeAnalysis/analysis/04_annotation/D3_prokka_output/bin.10.fa_prokka_out/PROKKA_05232021.fixedproducts
[21:08:07] Deleting unwanted file: /home/vinglis/genome_analysis/GenomeAnalysis/analysis/04_annotation/D3_prokka_output/bin.10.fa_prokka_out/PROKKA_05232021.ecn
[21:08:07] Deleting unwanted file: /home/vinglis/genome_analysis/GenomeAnalysis/analysis/04_annotation/D3_prokka_output/bin.10.fa_prokka_out/PROKKA_05232021.val
[21:08:07] Repairing broken .GBK output that tbl2asn produces...
[21:08:07] Running: sed 's/COORDINATES: profile/COORDINATES:profile/' < \/home\/vinglis\/genome_analysis\/GenomeAnalysis\/analysis\/04_annotation\/D3_prokka_output\/bin\.10\.fa_prokka_out\/PROKKA_05232021\.gbf > \/home\/vinglis\/genome_analysis\/GenomeAnalysis\/analysis\/04_annotation\/D3_prokka_output\/bin\.10\.fa_prokka_out\/PROKKA_05232021\.gbk
[21:08:07] Deleting unwanted file: /home/vinglis/genome_analysis/GenomeAnalysis/analysis/04_annotation/D3_prokka_output/bin.10.fa_prokka_out/PROKKA_05232021.gbf
[21:08:07] Output files:
[21:08:07] /home/vinglis/genome_analysis/GenomeAnalysis/analysis/04_annotation/D3_prokka_output/bin.10.fa_prokka_out/PROKKA_05232021.log
[21:08:07] /home/vinglis/genome_analysis/GenomeAnalysis/analysis/04_annotation/D3_prokka_output/bin.10.fa_prokka_out/PROKKA_05232021.fna
[21:08:07] /home/vinglis/genome_analysis/GenomeAnalysis/analysis/04_annotation/D3_prokka_output/bin.10.fa_prokka_out/PROKKA_05232021.gff
[21:08:07] /home/vinglis/genome_analysis/GenomeAnalysis/analysis/04_annotation/D3_prokka_output/bin.10.fa_prokka_out/PROKKA_05232021.faa
[21:08:07] /home/vinglis/genome_analysis/GenomeAnalysis/analysis/04_annotation/D3_prokka_output/bin.10.fa_prokka_out/PROKKA_05232021.ffn
[21:08:07] /home/vinglis/genome_analysis/GenomeAnalysis/analysis/04_annotation/D3_prokka_output/bin.10.fa_prokka_out/PROKKA_05232021.tbl
[21:08:07] /home/vinglis/genome_analysis/GenomeAnalysis/analysis/04_annotation/D3_prokka_output/bin.10.fa_prokka_out/PROKKA_05232021.fsa
[21:08:07] /home/vinglis/genome_analysis/GenomeAnalysis/analysis/04_annotation/D3_prokka_output/bin.10.fa_prokka_out/PROKKA_05232021.tsv
[21:08:07] /home/vinglis/genome_analysis/GenomeAnalysis/analysis/04_annotation/D3_prokka_output/bin.10.fa_prokka_out/PROKKA_05232021.txt
[21:08:07] /home/vinglis/genome_analysis/GenomeAnalysis/analysis/04_annotation/D3_prokka_output/bin.10.fa_prokka_out/PROKKA_05232021.gbk
[21:08:07] /home/vinglis/genome_analysis/GenomeAnalysis/analysis/04_annotation/D3_prokka_output/bin.10.fa_prokka_out/PROKKA_05232021.sqn
[21:08:07] /home/vinglis/genome_analysis/GenomeAnalysis/analysis/04_annotation/D3_prokka_output/bin.10.fa_prokka_out/PROKKA_05232021.err
[21:08:07] Annotation finished successfully.
[21:08:07] Walltime used: 14.13 minutes
[21:08:07] If you use this result please cite the Prokka paper:
[21:08:07] Seemann T (2014) Prokka: rapid prokaryotic genome annotation. Bioinformatics. 30(14):2068-9.
[21:08:07] Type 'prokka --citation' for more details.
[21:08:07] Thank you, come again.
